#
# A fatal error has been detected by the Java Runtime Environment:
#
#  SIGSEGV (0xb) at pc=0x00007f3de319890b, pid=2646, tid=2675
#
# JRE version: OpenJDK Runtime Environment (10.0.2+13) (build 10.0.2+13-Ubuntu-1ubuntu0.18.04.4)
# Java VM: OpenJDK 64-Bit Server VM (10.0.2+13-Ubuntu-1ubuntu0.18.04.4, mixed mode, tiered, compressed oops, g1 gc, linux-amd64)
# Problematic frame:
# C  [libusb-1.0.so+0x890b]  libusb_submit_transfer+0x3b
#
# Core dump will be written. Default location: Core dumps may be processed with "/usr/share/apport/apport %p %s %c %d %P" (or dumping to /home/peter/NetBeansProjects/Linux_LibUsb_over_JNA/core.2646)
#
# If you would like to submit a bug report, please visit:
#   http://bugreport.java.com/bugreport/crash.jsp
# The crash happened outside the Java Virtual Machine in native code.
# See problematic frame for where to report the bug.
#

---------------  S U M M A R Y ------------

Command Line: humer.peter.jna_libusb_project.Main

Host: Intel(R) Celeron(R) CPU  N3060  @ 1.60GHz, 2 cores, 3G, Linux Mint 19 Tara
Time: Tue Nov  5 17:57:40 2019 CET elapsed time: 9 seconds (0d 0h 0m 9s)

---------------  T H R E A D  ---------------

Current thread (0x00007f3e40425800):  JavaThread "AWT-EventQueue-0" [_thread_in_native, id=2675, stack(0x00007f3de3dfe000,0x00007f3de3eff000)]

Stack: [0x00007f3de3dfe000,0x00007f3de3eff000],  sp=0x00007f3de3ef8d70,  free space=1003k
Native frames: (J=compiled Java code, A=aot compiled Java code, j=interpreted, Vv=VM code, C=native code)
C  [libusb-1.0.so+0x890b]  libusb_submit_transfer+0x3b

Java frames: (J=compiled Java code, j=interpreted, Vv=VM code)
j  com.sun.jna.Native.invokeInt(Lcom/sun/jna/Function;JI[Ljava/lang/Object;)I+0
j  com.sun.jna.Function.invoke([Ljava/lang/Object;Ljava/lang/Class;ZI)Ljava/lang/Object;+211
j  com.sun.jna.Function.invoke(Ljava/lang/reflect/Method;[Ljava/lang/Class;Ljava/lang/Class;[Ljava/lang/Object;Ljava/util/Map;)Ljava/lang/Object;+271
j  com.sun.jna.Library$Handler.invoke(Ljava/lang/Object;Ljava/lang/reflect/Method;[Ljava/lang/Object;)Ljava/lang/Object;+390
j  com.sun.proxy.$Proxy0.libusb_submit_transfer(Lcom/grack/javausb/jna/libusb_transfer$ByReference;)I+16
j  com.grack.javausb.USBNative.submitTransfer(Lcom/grack/javausb/jna/libusb_transfer$ByReference;)I+4
j  com.grack.javausb.USBOpenDevice.submitTransfer(Lcom/grack/javausb/jna/libusb_transfer$ByReference;)I+1
j  humer.peter.jna_libusb_project.Main.startIsoTransferActionPerformed(Ljava/awt/event/ActionEvent;)V+269
j  humer.peter.jna_libusb_project.Main.access$300(Lhumer/peter/jna_libusb_project/Main;Ljava/awt/event/ActionEvent;)V+2
j  humer.peter.jna_libusb_project.Main$4.actionPerformed(Ljava/awt/event/ActionEvent;)V+5
j  javax.swing.AbstractButton.fireActionPerformed(Ljava/awt/event/ActionEvent;)V+83 java.desktop@10.0.2
j  javax.swing.AbstractButton$Handler.actionPerformed(Ljava/awt/event/ActionEvent;)V+5 java.desktop@10.0.2
j  javax.swing.DefaultButtonModel.fireActionPerformed(Ljava/awt/event/ActionEvent;)V+34 java.desktop@10.0.2
j  javax.swing.DefaultButtonModel.setPressed(Z)V+117 java.desktop@10.0.2
j  javax.swing.plaf.basic.BasicButtonListener.mouseReleased(Ljava/awt/event/MouseEvent;)V+35 java.desktop@10.0.2
j  java.awt.Component.processMouseEvent(Ljava/awt/event/MouseEvent;)V+64 java.desktop@10.0.2
j  javax.swing.JComponent.processMouseEvent(Ljava/awt/event/MouseEvent;)V+23 java.desktop@10.0.2
j  java.awt.Component.processEvent(Ljava/awt/AWTEvent;)V+81 java.desktop@10.0.2
j  java.awt.Container.processEvent(Ljava/awt/AWTEvent;)V+18 java.desktop@10.0.2
j  java.awt.Component.dispatchEventImpl(Ljava/awt/AWTEvent;)V+496 java.desktop@10.0.2
j  java.awt.Container.dispatchEventImpl(Ljava/awt/AWTEvent;)V+42 java.desktop@10.0.2
j  java.awt.Component.dispatchEvent(Ljava/awt/AWTEvent;)V+2 java.desktop@10.0.2
j  java.awt.LightweightDispatcher.retargetMouseEvent(Ljava/awt/Component;ILjava/awt/event/MouseEvent;)V+349 java.desktop@10.0.2
j  java.awt.LightweightDispatcher.processMouseEvent(Ljava/awt/event/MouseEvent;)Z+155 java.desktop@10.0.2
j  java.awt.LightweightDispatcher.dispatchEvent(Ljava/awt/AWTEvent;)Z+50 java.desktop@10.0.2
j  java.awt.Container.dispatchEventImpl(Ljava/awt/AWTEvent;)V+12 java.desktop@10.0.2
j  java.awt.Window.dispatchEventImpl(Ljava/awt/AWTEvent;)V+19 java.desktop@10.0.2
j  java.awt.Component.dispatchEvent(Ljava/awt/AWTEvent;)V+2 java.desktop@10.0.2
j  java.awt.EventQueue.dispatchEventImpl(Ljava/awt/AWTEvent;Ljava/lang/Object;)V+41 java.desktop@10.0.2
j  java.awt.EventQueue.access$600(Ljava/awt/EventQueue;Ljava/awt/AWTEvent;Ljava/lang/Object;)V+3 java.desktop@10.0.2
j  java.awt.EventQueue$4.run()Ljava/lang/Void;+32 java.desktop@10.0.2
j  java.awt.EventQueue$4.run()Ljava/lang/Object;+1 java.desktop@10.0.2
v  ~StubRoutines::call_stub
J 1625  java.security.AccessController.doPrivileged(Ljava/security/PrivilegedAction;Ljava/security/AccessControlContext;)Ljava/lang/Object; java.base@10.0.2 (0 bytes) @ 0x00007f3e2f689223 [0x00007f3e2f6891c0+0x0000000000000063]
J 1637 c1 java.security.ProtectionDomain$JavaSecurityAccessImpl.doIntersectionPrivilege(Ljava/security/PrivilegedAction;Ljava/security/AccessControlContext;Ljava/security/AccessControlContext;)Ljava/lang/Object; java.base@10.0.2 (22 bytes) @ 0x00007f3e283aeb2c [0x00007f3e283ae820+0x000000000000030c]
j  java.security.ProtectionDomain$JavaSecurityAccessImpl.doIntersectionPrivilege(Ljava/security/PrivilegedAction;Ljava/security/AccessControlContext;)Ljava/lang/Object;+6 java.base@10.0.2
j  java.awt.EventQueue$5.run()Ljava/lang/Void;+11 java.desktop@10.0.2
j  java.awt.EventQueue$5.run()Ljava/lang/Object;+1 java.desktop@10.0.2
v  ~StubRoutines::call_stub
J 1625  java.security.AccessController.doPrivileged(Ljava/security/PrivilegedAction;Ljava/security/AccessControlContext;)Ljava/lang/Object; java.base@10.0.2 (0 bytes) @ 0x00007f3e2f689223 [0x00007f3e2f6891c0+0x0000000000000063]
J 1637 c1 java.security.ProtectionDomain$JavaSecurityAccessImpl.doIntersectionPrivilege(Ljava/security/PrivilegedAction;Ljava/security/AccessControlContext;Ljava/security/AccessControlContext;)Ljava/lang/Object; java.base@10.0.2 (22 bytes) @ 0x00007f3e283aeb2c [0x00007f3e283ae820+0x000000000000030c]
j  java.awt.EventQueue.dispatchEvent(Ljava/awt/AWTEvent;)V+73 java.desktop@10.0.2
j  java.awt.EventDispatchThread.pumpOneEventForFilters(I)V+78 java.desktop@10.0.2
j  java.awt.EventDispatchThread.pumpEventsForFilter(ILjava/awt/Conditional;Ljava/awt/EventFilter;)V+35 java.desktop@10.0.2
j  java.awt.EventDispatchThread.pumpEventsForHierarchy(ILjava/awt/Conditional;Ljava/awt/Component;)V+11 java.desktop@10.0.2
j  java.awt.EventDispatchThread.pumpEvents(ILjava/awt/Conditional;)V+4 java.desktop@10.0.2
j  java.awt.EventDispatchThread.pumpEvents(Ljava/awt/Conditional;)V+3 java.desktop@10.0.2
j  java.awt.EventDispatchThread.run()V+9 java.desktop@10.0.2
v  ~StubRoutines::call_stub

siginfo: si_signo: 11 (SIGSEGV), si_code: 1 (SEGV_MAPERR), si_addr: 0x0000000000000000

Register to memory mapping:

RAX=0x0000000000000000 is an unknown value
RBX=0x0000000000000008 is an unknown value
RCX=0x00007f3de31a1097: <offset 0x0000000000011097> in /usr/lib/x86_64-linux-gnu/libusb-1.0.so at 0x00007f3de3190000
RDX=0x00007f3de31a17f0: <offset 0x00000000000117f0> in /usr/lib/x86_64-linux-gnu/libusb-1.0.so at 0x00007f3de3190000
RSP=0x00007f3de3ef8d70 is pointing into the stack for thread: 0x00007f3e40425800
RBP=0xffffffffffffff90 is an unknown value
RSI=0x0000000000000004 is an unknown value
RDI=0x0000000000000000 is an unknown value
R8 =0x0000000000000000 is an unknown value
R9 =0x00007f3e27b2e9c0 is at code_begin+1664 in an Interpreter codelet
invoke return entry points  [0x00007f3e27b2e340, 0x00007f3e27b2ed20]  2528 bytes
R10=0x00007f3de3ef8d40 is pointing into the stack for thread: 0x00007f3e40425800
R11=0x00007f3de31988d0: libusb_submit_transfer+0x0000000000000000 in /usr/lib/x86_64-linux-gnu/libusb-1.0.so at 0x00007f3de3190000
R12=0x00007f3de3ef8f30 is pointing into the stack for thread: 0x00007f3e40425800
R13=0x0000000000000000 is an unknown value
R14=0x0000000000000001 is an unknown value
R15=0x00007f3de3ef8f10 is pointing into the stack for thread: 0x00007f3e40425800


Registers:
RAX=0x0000000000000000, RBX=0x0000000000000008, RCX=0x00007f3de31a1097, RDX=0x00007f3de31a17f0
RSP=0x00007f3de3ef8d70, RBP=0xffffffffffffff90, RSI=0x0000000000000004, RDI=0x0000000000000000
R8 =0x0000000000000000, R9 =0x00007f3e27b2e9c0, R10=0x00007f3de3ef8d40, R11=0x00007f3de31988d0
R12=0x00007f3de3ef8f30, R13=0x0000000000000000, R14=0x0000000000000001, R15=0x00007f3de3ef8f10
RIP=0x00007f3de319890b, EFLAGS=0x0000000000010246, CSGSFS=0x002b000000000033, ERR=0x0000000000000004
  TRAPNO=0x000000000000000e

Top of Stack: (sp=0x00007f3de3ef8d70)
0x00007f3de3ef8d70:   00007f3e27b2e9c0 0000000000000016
0x00007f3de3ef8d80:   00000000c79102d8 00007f3de3ef8d88
0x00007f3de3ef8d90:   00007f3e257cb8a8 00007f3de3ef8e10
0x00007f3de3ef8da0:   00007f3e257cc0d8 96c920c9a8882500 

Instructions: (pc=0x00007f3de319890b)
0x00007f3de31988eb:   49 89 f8 be 04 00 00 00 49 8d 6d 90 48 83 ec 48
0x00007f3de31988fb:   64 48 8b 04 25 28 00 00 00 48 89 44 24 38 31 c0
0x00007f3de319890b:   48 8b 07 31 ff 4c 8d 65 48 48 8b 40 40 48 8b 58
0x00007f3de319891b:   30 31 c0 e8 cd bd ff ff 48 8d 83 c8 00 00 00 48 


---------------  P R O C E S S  ---------------

Threads class SMR info:
_java_thread_list=0x00007f3e041bc220, length=16, elements={
0x00007f3e400e2000, 0x00007f3e400e4000, 0x00007f3e400f7800, 0x00007f3e400f9800,
0x00007f3e400fb800, 0x00007f3e400fd800, 0x00007f3e4016a000, 0x00007f3e40178000,
0x00007f3e4035b000, 0x00007f3e4035d000, 0x00007f3e403ca000, 0x00007f3e40425800,
0x00007f3e40011800, 0x00007f3e0407c000, 0x00007f3e04184000, 0x00007f3e041cb800
}

Java Threads: ( => current thread )
  0x00007f3e400e2000 JavaThread "Reference Handler" daemon [_thread_blocked, id=2660, stack(0x00007f3e25404000,0x00007f3e25505000)]
  0x00007f3e400e4000 JavaThread "Finalizer" daemon [_thread_blocked, id=2661, stack(0x00007f3e25303000,0x00007f3e25404000)]
  0x00007f3e400f7800 JavaThread "Signal Dispatcher" daemon [_thread_blocked, id=2662, stack(0x00007f3e24ecc000,0x00007f3e24fcd000)]
  0x00007f3e400f9800 JavaThread "C2 CompilerThread0" daemon [_thread_in_native, id=2663, stack(0x00007f3e24dcb000,0x00007f3e24ecc000)]
  0x00007f3e400fb800 JavaThread "C1 CompilerThread1" daemon [_thread_blocked, id=2664, stack(0x00007f3e24cca000,0x00007f3e24dcb000)]
  0x00007f3e400fd800 JavaThread "Sweeper thread" daemon [_thread_blocked, id=2665, stack(0x00007f3e24bc9000,0x00007f3e24cca000)]
  0x00007f3e4016a000 JavaThread "Service Thread" daemon [_thread_blocked, id=2666, stack(0x00007f3e24ac8000,0x00007f3e24bc9000)]
  0x00007f3e40178000 JavaThread "Common-Cleaner" daemon [_thread_blocked, id=2668, stack(0x00007f3e248c5000,0x00007f3e249c6000)]
  0x00007f3e4035b000 JavaThread "Java2D Disposer" daemon [_thread_blocked, id=2672, stack(0x00007f3e2403a000,0x00007f3e2413b000)]
  0x00007f3e4035d000 JavaThread "AWT-XAWT" daemon [_thread_in_native, id=2673, stack(0x00007f3de8462000,0x00007f3de8563000)]
  0x00007f3e403ca000 JavaThread "AWT-Shutdown" [_thread_blocked, id=2674, stack(0x00007f3de3eff000,0x00007f3de4000000)]
=>0x00007f3e40425800 JavaThread "AWT-EventQueue-0" [_thread_in_native, id=2675, stack(0x00007f3de3dfe000,0x00007f3de3eff000)]
  0x00007f3e40011800 JavaThread "DestroyJavaVM" [_thread_blocked, id=2647, stack(0x00007f3e4905b000,0x00007f3e4915c000)]
  0x00007f3e0407c000 JavaThread "TimerQueue" daemon [_thread_blocked, id=2676, stack(0x00007f3de3ac2000,0x00007f3de3bc3000)]
  0x00007f3e04184000 JavaThread "libusb native finalization thread" daemon [_thread_blocked, id=2677, stack(0x00007f3de37c1000,0x00007f3de38c2000)]
  0x00007f3e041cb800 JavaThread "process reaper" daemon [_thread_blocked, id=2679, stack(0x00007f3de8040000,0x00007f3de8062000)]

Other Threads:
  0x00007f3e400d8800 VMThread "VM Thread" [stack: 0x00007f3e44012000,0x00007f3e44112000] [id=2659]
  0x00007f3e4016c000 WatcherThread [stack: 0x00007f3e249c8000,0x00007f3e24ac8000] [id=2667]
  0x00007f3e40028000 GCTaskThread "GC Thread#0" [stack: 0x00007f3e4519b000,0x00007f3e4529b000] [id=2648]
  0x00007f3e40029800 GCTaskThread "GC Thread#1" [stack: 0x00007f3e45099000,0x00007f3e45199000] [id=2650]
  0x00007f3e40040000 ConcurrentGCThread "G1 Main Marker" [stack: 0x00007f3e447ef000,0x00007f3e448ef000] [id=2651]
  0x00007f3e40042000 ConcurrentGCThread "G1 Conc#0" [stack: 0x00007f3e446ed000,0x00007f3e447ed000] [id=2653]
  0x00007f3e40075000 ConcurrentGCThread "G1 Refine#0" [stack: 0x00007f3e443e9000,0x00007f3e444e9000] [id=2656]
  0x00007f3e40077000 ConcurrentGCThread "G1 Refine#1" [stack: 0x00007f3e442e7000,0x00007f3e443e7000] [id=2657]
  0x00007f3e40078800 ConcurrentGCThread "G1 Young RemSet Sampling" [stack: 0x00007f3e441e5000,0x00007f3e442e5000] [id=2658]

Threads with active compile tasks:
C2 CompilerThread01833 %     4       sun.java2d.marlin.DRenderer::_endRendering @ 256 (2480 bytes)

VM state:not at safepoint (normal execution)

VM Mutex/Monitor currently owned by a thread: None

Heap address: 0x00000000c3c00000, size: 964 MB, Compressed Oops mode: 32-bit
Narrow klass base: 0x0000000000000000, Narrow klass shift: 3
Compressed class space size: 1073741824 Address: 0x0000000100000000

Heap:
 garbage-first heap   total 63488K, used 7253K [0x00000000c3c00000, 0x0000000100000000)
  region size 1024K, 6 young (6144K), 2 survivors (2048K)
 Metaspace       used 22982K, capacity 23627K, committed 23936K, reserved 1071104K
  class space    used 2401K, capacity 2686K, committed 2688K, reserved 1048576K
Heap Regions: E=young(eden), S=young(survivor), O=old, HS=humongous(starts), HC=humongous(continues), CS=collection set, F=free, A=archive, TS=gc time stamp, AC=allocation context, TAMS=top-at-mark-start (previous, next)
|   0|0x00000000c3c00000, 0x00000000c3d00000, 0x00000000c3d00000|100%| O|  |TS  0|AC  0|TAMS 0x00000000c3d00000, 0x00000000c3d00000|
|   1|0x00000000c3d00000, 0x00000000c3e00000, 0x00000000c3e00000|100%| O|  |TS  0|AC  0|TAMS 0x00000000c3e00000, 0x00000000c3e00000|
|   2|0x00000000c3e00000, 0x00000000c3e15600, 0x00000000c3f00000|  8%| O|  |TS  0|AC  0|TAMS 0x00000000c3e15600, 0x00000000c3e15600|
|   3|0x00000000c3f00000, 0x00000000c3f00000, 0x00000000c4000000|  0%| F|  |TS  0|AC  0|TAMS 0x00000000c3f00000, 0x00000000c3f00000|
|   4|0x00000000c4000000, 0x00000000c4000000, 0x00000000c4100000|  0%| F|  |TS  0|AC  0|TAMS 0x00000000c4000000, 0x00000000c4000000|
|   5|0x00000000c4100000, 0x00000000c4100000, 0x00000000c4200000|  0%| F|  |TS  0|AC  0|TAMS 0x00000000c4100000, 0x00000000c4100000|
|   6|0x00000000c4200000, 0x00000000c4200000, 0x00000000c4300000|  0%| F|  |TS  0|AC  0|TAMS 0x00000000c4200000, 0x00000000c4200000|
|   7|0x00000000c4300000, 0x00000000c4300000, 0x00000000c4400000|  0%| F|  |TS  0|AC  0|TAMS 0x00000000c4300000, 0x00000000c4300000|
|   8|0x00000000c4400000, 0x00000000c4400000, 0x00000000c4500000|  0%| F|  |TS  0|AC  0|TAMS 0x00000000c4400000, 0x00000000c4400000|
|   9|0x00000000c4500000, 0x00000000c4500000, 0x00000000c4600000|  0%| F|  |TS  0|AC  0|TAMS 0x00000000c4500000, 0x00000000c4500000|
|  10|0x00000000c4600000, 0x00000000c4600000, 0x00000000c4700000|  0%| F|  |TS  0|AC  0|TAMS 0x00000000c4600000, 0x00000000c4600000|
|  11|0x00000000c4700000, 0x00000000c4700000, 0x00000000c4800000|  0%| F|  |TS  0|AC  0|TAMS 0x00000000c4700000, 0x00000000c4700000|
|  12|0x00000000c4800000, 0x00000000c4800000, 0x00000000c4900000|  0%| F|  |TS  0|AC  0|TAMS 0x00000000c4800000, 0x00000000c4800000|
|  13|0x00000000c4900000, 0x00000000c4900000, 0x00000000c4a00000|  0%| F|  |TS  0|AC  0|TAMS 0x00000000c4900000, 0x00000000c4900000|
|  14|0x00000000c4a00000, 0x00000000c4a00000, 0x00000000c4b00000|  0%| F|  |TS  0|AC  0|TAMS 0x00000000c4a00000, 0x00000000c4a00000|
|  15|0x00000000c4b00000, 0x00000000c4b00000, 0x00000000c4c00000|  0%| F|  |TS  0|AC  0|TAMS 0x00000000c4b00000, 0x00000000c4b00000|
|  16|0x00000000c4c00000, 0x00000000c4c00000, 0x00000000c4d00000|  0%| F|  |TS  0|AC  0|TAMS 0x00000000c4c00000, 0x00000000c4c00000|
|  17|0x00000000c4d00000, 0x00000000c4d00000, 0x00000000c4e00000|  0%| F|  |TS  0|AC  0|TAMS 0x00000000c4d00000, 0x00000000c4d00000|
|  18|0x00000000c4e00000, 0x00000000c4e00000, 0x00000000c4f00000|  0%| F|  |TS  0|AC  0|TAMS 0x00000000c4e00000, 0x00000000c4e00000|
|  19|0x00000000c4f00000, 0x00000000c4f00000, 0x00000000c5000000|  0%| F|  |TS  0|AC  0|TAMS 0x00000000c4f00000, 0x00000000c4f00000|
|  20|0x00000000c5000000, 0x00000000c5000000, 0x00000000c5100000|  0%| F|  |TS  0|AC  0|TAMS 0x00000000c5000000, 0x00000000c5000000|
|  21|0x00000000c5100000, 0x00000000c5100000, 0x00000000c5200000|  0%| F|  |TS  0|AC  0|TAMS 0x00000000c5100000, 0x00000000c5100000|
|  22|0x00000000c5200000, 0x00000000c5200000, 0x00000000c5300000|  0%| F|  |TS  0|AC  0|TAMS 0x00000000c5200000, 0x00000000c5200000|
|  23|0x00000000c5300000, 0x00000000c5300000, 0x00000000c5400000|  0%| F|  |TS  0|AC  0|TAMS 0x00000000c5300000, 0x00000000c5300000|
|  24|0x00000000c5400000, 0x00000000c5400000, 0x00000000c5500000|  0%| F|  |TS  0|AC  0|TAMS 0x00000000c5400000, 0x00000000c5400000|
|  25|0x00000000c5500000, 0x00000000c5500000, 0x00000000c5600000|  0%| F|  |TS  0|AC  0|TAMS 0x00000000c5500000, 0x00000000c5500000|
|  26|0x00000000c5600000, 0x00000000c5600000, 0x00000000c5700000|  0%| F|  |TS  0|AC  0|TAMS 0x00000000c5600000, 0x00000000c5600000|
|  27|0x00000000c5700000, 0x00000000c5700000, 0x00000000c5800000|  0%| F|  |TS  0|AC  0|TAMS 0x00000000c5700000, 0x00000000c5700000|
|  28|0x00000000c5800000, 0x00000000c5800000, 0x00000000c5900000|  0%| F|  |TS  0|AC  0|TAMS 0x00000000c5800000, 0x00000000c5800000|
|  29|0x00000000c5900000, 0x00000000c5900000, 0x00000000c5a00000|  0%| F|  |TS  0|AC  0|TAMS 0x00000000c5900000, 0x00000000c5900000|
|  30|0x00000000c5a00000, 0x00000000c5a00000, 0x00000000c5b00000|  0%| F|  |TS  0|AC  0|TAMS 0x00000000c5a00000, 0x00000000c5a00000|
|  31|0x00000000c5b00000, 0x00000000c5b00000, 0x00000000c5c00000|  0%| F|  |TS  0|AC  0|TAMS 0x00000000c5b00000, 0x00000000c5b00000|
|  32|0x00000000c5c00000, 0x00000000c5c00000, 0x00000000c5d00000|  0%| F|  |TS  0|AC  0|TAMS 0x00000000c5c00000, 0x00000000c5c00000|
|  33|0x00000000c5d00000, 0x00000000c5d00000, 0x00000000c5e00000|  0%| F|  |TS  0|AC  0|TAMS 0x00000000c5d00000, 0x00000000c5d00000|
|  34|0x00000000c5e00000, 0x00000000c5e00000, 0x00000000c5f00000|  0%| F|  |TS  0|AC  0|TAMS 0x00000000c5e00000, 0x00000000c5e00000|
|  35|0x00000000c5f00000, 0x00000000c5f00000, 0x00000000c6000000|  0%| F|  |TS  0|AC  0|TAMS 0x00000000c5f00000, 0x00000000c5f00000|
|  36|0x00000000c6000000, 0x00000000c6000000, 0x00000000c6100000|  0%| F|  |TS  0|AC  0|TAMS 0x00000000c6000000, 0x00000000c6000000|
|  37|0x00000000c6100000, 0x00000000c6100000, 0x00000000c6200000|  0%| F|  |TS  0|AC  0|TAMS 0x00000000c6100000, 0x00000000c6100000|
|  38|0x00000000c6200000, 0x00000000c6200000, 0x00000000c6300000|  0%| F|  |TS  0|AC  0|TAMS 0x00000000c6200000, 0x00000000c6200000|
|  39|0x00000000c6300000, 0x00000000c6300000, 0x00000000c6400000|  0%| F|  |TS  0|AC  0|TAMS 0x00000000c6300000, 0x00000000c6300000|
|  40|0x00000000c6400000, 0x00000000c6400000, 0x00000000c6500000|  0%| F|  |TS  0|AC  0|TAMS 0x00000000c6400000, 0x00000000c6400000|
|  41|0x00000000c6500000, 0x00000000c6500000, 0x00000000c6600000|  0%| F|  |TS  0|AC  0|TAMS 0x00000000c6500000, 0x00000000c6500000|
|  42|0x00000000c6600000, 0x00000000c6600000, 0x00000000c6700000|  0%| F|  |TS  0|AC  0|TAMS 0x00000000c6600000, 0x00000000c6600000|
|  43|0x00000000c6700000, 0x00000000c6700000, 0x00000000c6800000|  0%| F|  |TS  0|AC  0|TAMS 0x00000000c6700000, 0x00000000c6700000|
|  44|0x00000000c6800000, 0x00000000c6800000, 0x00000000c6900000|  0%| F|  |TS  0|AC  0|TAMS 0x00000000c6800000, 0x00000000c6800000|
|  45|0x00000000c6900000, 0x00000000c6900000, 0x00000000c6a00000|  0%| F|  |TS  0|AC  0|TAMS 0x00000000c6900000, 0x00000000c6900000|
|  46|0x00000000c6a00000, 0x00000000c6a00000, 0x00000000c6b00000|  0%| F|  |TS  0|AC  0|TAMS 0x00000000c6a00000, 0x00000000c6a00000|
|  47|0x00000000c6b00000, 0x00000000c6b00000, 0x00000000c6c00000|  0%| F|  |TS  0|AC  0|TAMS 0x00000000c6b00000, 0x00000000c6b00000|
|  48|0x00000000c6c00000, 0x00000000c6c00000, 0x00000000c6d00000|  0%| F|  |TS  0|AC  0|TAMS 0x00000000c6c00000, 0x00000000c6c00000|
|  49|0x00000000c6d00000, 0x00000000c6d00000, 0x00000000c6e00000|  0%| F|  |TS  0|AC  0|TAMS 0x00000000c6d00000, 0x00000000c6d00000|
|  50|0x00000000c6e00000, 0x00000000c6e00000, 0x00000000c6f00000|  0%| F|  |TS  0|AC  0|TAMS 0x00000000c6e00000, 0x00000000c6e00000|
|  51|0x00000000c6f00000, 0x00000000c6f00000, 0x00000000c7000000|  0%| F|  |TS  0|AC  0|TAMS 0x00000000c6f00000, 0x00000000c6f00000|
|  52|0x00000000c7000000, 0x00000000c7100000, 0x00000000c7100000|100%| S|CS|TS  0|AC  0|TAMS 0x00000000c7000000, 0x00000000c7000000|
|  53|0x00000000c7100000, 0x00000000c7200000, 0x00000000c7200000|100%| S|CS|TS  0|AC  0|TAMS 0x00000000c7100000, 0x00000000c7100000|
|  54|0x00000000c7200000, 0x00000000c7200000, 0x00000000c7300000|  0%| F|  |TS  0|AC  0|TAMS 0x00000000c7200000, 0x00000000c7200000|
|  55|0x00000000c7300000, 0x00000000c7300000, 0x00000000c7400000|  0%| F|  |TS  0|AC  0|TAMS 0x00000000c7300000, 0x00000000c7300000|
|  56|0x00000000c7400000, 0x00000000c7400000, 0x00000000c7500000|  0%| F|  |TS  0|AC  0|TAMS 0x00000000c7400000, 0x00000000c7400000|
|  57|0x00000000c7500000, 0x00000000c7500000, 0x00000000c7600000|  0%| F|  |TS  0|AC  0|TAMS 0x00000000c7500000, 0x00000000c7500000|
|  58|0x00000000c7600000, 0x00000000c7700000, 0x00000000c7700000|100%| E|  |TS  0|AC  0|TAMS 0x00000000c7600000, 0x00000000c7600000|
|  59|0x00000000c7700000, 0x00000000c7800000, 0x00000000c7800000|100%| E|CS|TS  0|AC  0|TAMS 0x00000000c7700000, 0x00000000c7700000|
|  60|0x00000000c7800000, 0x00000000c7900000, 0x00000000c7900000|100%| E|CS|TS  0|AC  0|TAMS 0x00000000c7800000, 0x00000000c7800000|
|  61|0x00000000c7900000, 0x00000000c7a00000, 0x00000000c7a00000|100%| E|CS|TS  0|AC  0|TAMS 0x00000000c7900000, 0x00000000c7900000|

Card table byte_map: [0x00007f3e44ad1000,0x00007f3e44cb3000] byte_map_base: 0x00007f3e444b3000

Marking Bits (Prev, Next): (CMBitMap*) 0x00007f3e4003f738, (CMBitMap*) 0x00007f3e4003f700
 Prev Bits: [0x00007f3e25d05000, 0x00007f3e26c15000)
 Next Bits: [0x00007f3e26c15000, 0x00007f3e27b25000)

Polling page: 0x00007f3e4918b000

CodeHeap 'non-profiled nmethods': size=120036Kb used=718Kb max_used=718Kb free=119317Kb
 bounds [0x00007f3e2f5ec000, 0x00007f3e2f85c000, 0x00007f3e36b25000]
CodeHeap 'profiled nmethods': size=120032Kb used=3487Kb max_used=3487Kb free=116544Kb
 bounds [0x00007f3e280b4000, 0x00007f3e28424000, 0x00007f3e2f5ec000]
CodeHeap 'non-nmethods': size=5692Kb used=1270Kb max_used=1295Kb free=4421Kb
 bounds [0x00007f3e27b25000, 0x00007f3e27d95000, 0x00007f3e280b4000]
 total_blobs=2889 nmethods=1844 adapters=639
 compilation: enabled

Compilation events (10 events):
Event: 9,492 Thread 0x00007f3e400fb800 nmethod 1841 0x00007f3e28413f90 code [0x00007f3e28414220, 0x00007f3e284151f8]
Event: 9,493 Thread 0x00007f3e400fb800 1842       3       java.lang.reflect.AccessibleObject::slowVerifyAccess (62 bytes)
Event: 9,494 Thread 0x00007f3e400fb800 nmethod 1842 0x00007f3e28415710 code [0x00007f3e28415920, 0x00007f3e284160d8]
Event: 9,494 Thread 0x00007f3e400fb800 1844       3       java.lang.reflect.Field::get (29 bytes)
Event: 9,495 Thread 0x00007f3e400fb800 nmethod 1844 0x00007f3e28416290 code [0x00007f3e284164a0, 0x00007f3e28416a78]
Event: 9,495 Thread 0x00007f3e400fb800 1845       3       jdk.internal.reflect.Reflection::verifyMemberAccess (173 bytes)
Event: 9,501 Thread 0x00007f3e400fb800 nmethod 1845 0x00007f3e28416c90 code [0x00007f3e284171a0, 0x00007f3e28419718]
Event: 9,501 Thread 0x00007f3e400fb800 1846       3       jdk.internal.reflect.Reflection::verifyModuleAccess (24 bytes)
Event: 9,502 Thread 0x00007f3e400fb800 nmethod 1846 0x00007f3e2841a290 code [0x00007f3e2841a4a0, 0x00007f3e2841a9d8]
Event: 9,502 Thread 0x00007f3e400fb800 1843   !   3       jdk.internal.reflect.ReflectionFactory::checkInitted (94 bytes)

GC Heap History (6 events):
Event: 1,521 GC heap before
{Heap before GC invocations=0 (full 0):
 garbage-first heap   total 63488K, used 7168K [0x00000000c3c00000, 0x0000000100000000)
  region size 1024K, 7 young (7168K), 0 survivors (0K)
 Metaspace       used 11417K, capacity 11757K, committed 12032K, reserved 1060864K
  class space    used 1071K, capacity 1262K, committed 1280K, reserved 1048576K
}
Event: 1,532 GC heap after
{Heap after GC invocations=1 (full 0):
 garbage-first heap   total 63488K, used 2032K [0x00000000c3c00000, 0x0000000100000000)
  region size 1024K, 1 young (1024K), 1 survivors (1024K)
 Metaspace       used 11417K, capacity 11757K, committed 12032K, reserved 1060864K
  class space    used 1071K, capacity 1262K, committed 1280K, reserved 1048576K
}
Event: 1,845 GC heap before
{Heap before GC invocations=1 (full 0):
 garbage-first heap   total 63488K, used 6128K [0x00000000c3c00000, 0x0000000100000000)
  region size 1024K, 5 young (5120K), 1 survivors (1024K)
 Metaspace       used 12250K, capacity 12706K, committed 13056K, reserved 1060864K
  class space    used 1186K, capacity 1433K, committed 1536K, reserved 1048576K
}
Event: 1,860 GC heap after
{Heap after GC invocations=2 (full 0):
 garbage-first heap   total 63488K, used 2655K [0x00000000c3c00000, 0x0000000100000000)
  region size 1024K, 1 young (1024K), 1 survivors (1024K)
 Metaspace       used 12250K, capacity 12706K, committed 13056K, reserved 1060864K
  class space    used 1186K, capacity 1433K, committed 1536K, reserved 1048576K
}
Event: 4,823 GC heap before
{Heap before GC invocations=2 (full 0):
 garbage-first heap   total 63488K, used 8799K [0x00000000c3c00000, 0x0000000100000000)
  region size 1024K, 8 young (8192K), 1 survivors (1024K)
 Metaspace       used 20538K, capacity 21074K, committed 21296K, reserved 1069056K
  class space    used 2165K, capacity 2432K, committed 2432K, reserved 1048576K
}
Event: 4,852 GC heap after
{Heap after GC invocations=3 (full 0):
 garbage-first heap   total 63488K, used 4181K [0x00000000c3c00000, 0x0000000100000000)
  region size 1024K, 2 young (2048K), 2 survivors (2048K)
 Metaspace       used 20538K, capacity 21074K, committed 21296K, reserved 1069056K
  class space    used 2165K, capacity 2432K, committed 2432K, reserved 1048576K
}

Deoptimization events (10 events):
Event: 3,217 Thread 0x00007f3e40425800 Uncommon trap: reason=unstable_if action=reinterpret pc=0x00007f3e2f65b9f0 method=sun.java2d.marlin.MarlinCache.copyAARowRLE_WithBlockFlags([I[IIII)V @ 462 c2
Event: 4,535 Thread 0x00007f3e40425800 Uncommon trap: reason=bimorphic_or_optimized_type_check action=maybe_recompile pc=0x00007f3e2f64975c method=java.util.HashMap.putVal(ILjava/lang/Object;Ljava/lang/Object;ZZ)Ljava/lang/Object; @ 253 c2
Event: 4,535 Thread 0x00007f3e40425800 Uncommon trap: reason=bimorphic_or_optimized_type_check action=maybe_recompile pc=0x00007f3e2f64975c method=java.util.HashMap.putVal(ILjava/lang/Object;Ljava/lang/Object;ZZ)Ljava/lang/Object; @ 253 c2
Event: 4,535 Thread 0x00007f3e40425800 Uncommon trap: reason=bimorphic_or_optimized_type_check action=maybe_recompile pc=0x00007f3e2f64975c method=java.util.HashMap.putVal(ILjava/lang/Object;Ljava/lang/Object;ZZ)Ljava/lang/Object; @ 253 c2
Event: 4,536 Thread 0x00007f3e40425800 Uncommon trap: reason=bimorphic_or_optimized_type_check action=maybe_recompile pc=0x00007f3e2f64975c method=java.util.HashMap.putVal(ILjava/lang/Object;Ljava/lang/Object;ZZ)Ljava/lang/Object; @ 253 c2
Event: 4,631 Thread 0x00007f3e40425800 Uncommon trap: reason=unstable_if action=reinterpret pc=0x00007f3e2f6070a0 method=java.lang.StringLatin1.replace([BCC)Ljava/lang/String; @ 19 c2
Event: 4,631 Thread 0x00007f3e40425800 Uncommon trap: reason=unstable_if action=reinterpret pc=0x00007f3e2f61c324 method=jdk.internal.org.objectweb.asm.Type.getArgumentsAndReturnSizes(Ljava/lang/String;)I @ 88 c2
Event: 4,772 Thread 0x00007f3e40425800 Uncommon trap: reason=unstable_if action=reinterpret pc=0x00007f3e2f669e70 method=java.lang.AbstractStringBuilder.append(Ljava/lang/String;)Ljava/lang/AbstractStringBuilder; @ 1 c2
Event: 4,921 Thread 0x00007f3e40425800 Uncommon trap: reason=unstable_if action=reinterpret pc=0x00007f3e2f615308 method=jdk.internal.org.objectweb.asm.Frame.execute(IILjdk/internal/org/objectweb/asm/ClassWriter;Ljdk/internal/org/objectweb/asm/Item;)V @ 2219 c2
Event: 5,233 Thread 0x00007f3e40425800 Uncommon trap: reason=unstable_if action=reinterpret pc=0x00007f3e2f5f548c method=java.lang.String.isLatin1()Z @ 10 c2

Classes redefined (0 events):
No events

Internal exceptions (10 events):
Event: 4,614 Thread 0x00007f3e40425800 Exception <a 'java/lang/NoSuchMethodError'{0x00000000c7203580}: java.lang.invoke.DirectMethodHandle$Holder.invokeStatic(Ljava/lang/Object;Ljava/lang/Object;J)Ljava/lang/Object;> (0x00000000c7203580) thrown at [/build/openjdk-lts-Ae5PRQ/openjdk-lts-10.0.2+
Event: 4,619 Thread 0x00007f3e40425800 Exception <a 'java/lang/NoSuchMethodError'{0x00000000c7206e08}: method resolution failed> (0x00000000c7206e08) thrown at [/build/openjdk-lts-Ae5PRQ/openjdk-lts-10.0.2+13/src/hotspot/share/prims/methodHandles.cpp, line 1226]
Event: 4,632 Thread 0x00007f3e40425800 Exception <a 'java/lang/NoSuchMethodError'{0x00000000c7210c68}: java.lang.invoke.DirectMethodHandle$Holder.invokeStatic(Ljava/lang/Object;Ljava/lang/Object;Ljava/lang/Object;I)Ljava/lang/Object;> (0x00000000c7210c68) thrown at [/build/openjdk-lts-Ae5PRQ/o
Event: 4,636 Thread 0x00007f3e40425800 Exception <a 'java/lang/NoSuchMethodError'{0x00000000c7214ac0}: java.lang.invoke.DirectMethodHandle$Holder.invokeSpecial(Ljava/lang/Object;Ljava/lang/Object;Ljava/lang/Object;Ljava/lang/Object;I)Ljava/lang/Object;> (0x00000000c7214ac0) thrown at [/build/o
Event: 4,772 Thread 0x00007f3e40425800 Implicit null exception at 0x00007f3e2f669973 to 0x00007f3e2f669e5a
Event: 4,821 Thread 0x00007f3e40425800 Exception <a 'java/lang/NoSuchMethodError'{0x00000000c72bd570}: method resolution failed> (0x00000000c72bd570) thrown at [/build/openjdk-lts-Ae5PRQ/openjdk-lts-10.0.2+13/src/hotspot/share/prims/methodHandles.cpp, line 1226]
Event: 4,908 Thread 0x00007f3e40425800 Exception <a 'java/lang/NoSuchMethodError'{0x00000000c79127f8}: java.lang.invoke.DirectMethodHandle$Holder.invokeStatic(Ljava/lang/Object;Ljava/lang/Object;)I> (0x00000000c79127f8) thrown at [/build/openjdk-lts-Ae5PRQ/openjdk-lts-10.0.2+13/src/hotspot/sha
Event: 4,919 Thread 0x00007f3e40425800 Exception <a 'java/lang/NoSuchMethodError'{0x00000000c791f9b8}: java.lang.Object.of([Ljava/lang/Object;)Ljava/util/stream/Stream;> (0x00000000c791f9b8) thrown at [/build/openjdk-lts-Ae5PRQ/openjdk-lts-10.0.2+13/src/hotspot/share/interpreter/linkResolver.c
Event: 5,156 Thread 0x00007f3e40425800 Exception <a 'java/lang/ClassNotFoundException'{0x00000000c78b54f0}: sun/util/logging/resources/spi/loggingProvider> (0x00000000c78b54f0) thrown at [/build/openjdk-lts-Ae5PRQ/openjdk-lts-10.0.2+13/src/hotspot/share/classfile/systemDictionary.cpp, line 233
Event: 5,184 Thread 0x00007f3e40425800 Exception <a 'java/lang/NoSuchMethodError'{0x00000000c78c7b60}: java.lang.Object.lambda$union$2(Ljava/util/regex/Pattern$CharPredicate;I)Z> (0x00000000c78c7b60) thrown at [/build/openjdk-lts-Ae5PRQ/openjdk-lts-10.0.2+13/src/hotspot/share/interpreter/linkR

Events (10 events):
Event: 8,209 Thread 0x00007f3e40425800 DEOPT PACKING pc=0x00007f3e282acfd2 sp=0x00007f3de3ef8a30
Event: 8,209 Thread 0x00007f3e40425800 DEOPT UNPACKING pc=0x00007f3e27b4c1ab sp=0x00007f3de3ef7ee0 mode 0
Event: 9,485 loading class com/grack/javausb/jna/libusb_iso_packet_descriptor_structure
Event: 9,485 loading class com/grack/javausb/jna/libusb_iso_packet_descriptor_structure done
Event: 9,486 loading class com/sun/jna/Native$Buffers
Event: 9,486 loading class com/sun/jna/Native$Buffers done
Event: 9,500 loading class humer/peter/jna_libusb_project/Main$7
Event: 9,500 loading class humer/peter/jna_libusb_project/Main$7 done
Event: 9,501 loading class com/grack/javausb/USBNative$libusb_transfer_type
Event: 9,501 loading class com/grack/javausb/USBNative$libusb_transfer_type done


Dynamic libraries:
c3c00000-c7a00000 rw-p 00000000 00:00 0 
c7a00000-100000000 ---p 00000000 00:00 0 
100000000-1002a0000 rw-p 00000000 00:00 0 
1002a0000-140000000 ---p 00000000 00:00 0 
560c18c12000-560c18c13000 r-xp 00000000 08:07 3281594                    /usr/lib/jvm/java-11-openjdk-amd64/bin/java
560c18e13000-560c18e14000 r--p 00001000 08:07 3281594                    /usr/lib/jvm/java-11-openjdk-amd64/bin/java
560c18e14000-560c18e15000 rw-p 00002000 08:07 3281594                    /usr/lib/jvm/java-11-openjdk-amd64/bin/java
560c19795000-560c197b6000 rw-p 00000000 00:00 0                          [heap]
7f3de2571000-7f3de2631000 rw-p 00000000 00:00 0 
7f3de2631000-7f3de2771000 ---p 00000000 00:00 0 
7f3de2771000-7f3de2772000 ---p 00000000 00:00 0 
7f3de2772000-7f3de2f72000 rw-p 00000000 00:00 0 
7f3de2f72000-7f3de2f8f000 r-xp 00000000 08:07 1973216                    /lib/x86_64-linux-gnu/libudev.so.1.6.9
7f3de2f8f000-7f3de318e000 ---p 0001d000 08:07 1973216                    /lib/x86_64-linux-gnu/libudev.so.1.6.9
7f3de318e000-7f3de318f000 r--p 0001c000 08:07 1973216                    /lib/x86_64-linux-gnu/libudev.so.1.6.9
7f3de318f000-7f3de3190000 rw-p 0001d000 08:07 1973216                    /lib/x86_64-linux-gnu/libudev.so.1.6.9
7f3de3190000-7f3de31a7000 r-xp 00000000 08:07 1970999                    /lib/x86_64-linux-gnu/libusb-1.0.so.0.1.0
7f3de31a7000-7f3de33a6000 ---p 00017000 08:07 1970999                    /lib/x86_64-linux-gnu/libusb-1.0.so.0.1.0
7f3de33a6000-7f3de33a7000 r--p 00016000 08:07 1970999                    /lib/x86_64-linux-gnu/libusb-1.0.so.0.1.0
7f3de33a7000-7f3de33a8000 rw-p 00017000 08:07 1970999                    /lib/x86_64-linux-gnu/libusb-1.0.so.0.1.0
7f3de33a8000-7f3de35a8000 rw-p 00000000 00:00 0 
7f3de35a8000-7f3de35c0000 r-xp 00000000 08:07 7816798                    /home/peter/.cache/JNA/temp/jna17383044845344952950.tmp (deleted)
7f3de35c0000-7f3de37c0000 ---p 00018000 08:07 7816798                    /home/peter/.cache/JNA/temp/jna17383044845344952950.tmp (deleted)
7f3de37c0000-7f3de37c1000 rw-p 00018000 08:07 7816798                    /home/peter/.cache/JNA/temp/jna17383044845344952950.tmp (deleted)
7f3de37c1000-7f3de37c5000 ---p 00000000 00:00 0 
7f3de37c5000-7f3de3ac2000 rw-p 00000000 00:00 0 
7f3de3ac2000-7f3de3ac6000 ---p 00000000 00:00 0 
7f3de3ac6000-7f3de3dc3000 rw-p 00000000 00:00 0 
7f3de3dc3000-7f3de3dce000 r--s 00000000 08:07 786527                     /var/cache/fontconfig/945677eb7aeaf62f1d50efc3fb3ec7d8-le64.cache-7
7f3de3dfe000-7f3de3e02000 ---p 00000000 00:00 0 
7f3de3e02000-7f3de3eff000 rw-p 00000000 00:00 0 
7f3de3eff000-7f3de3f03000 ---p 00000000 00:00 0 
7f3de3f03000-7f3de4000000 rw-p 00000000 00:00 0 
7f3de4000000-7f3de4021000 rw-p 00000000 00:00 0 
7f3de4021000-7f3de8000000 ---p 00000000 00:00 0 
7f3de8001000-7f3de8003000 r--s 00000000 08:07 786529                     /var/cache/fontconfig/99e8ed0e538f840c565b6ed5dad60d56-le64.cache-7
7f3de8003000-7f3de8008000 r--s 00000000 08:07 786496                     /var/cache/fontconfig/2300eef321c393bfd76478a5c0e95b23-le64.cache-7
7f3de8008000-7f3de801d000 r--s 00000000 08:07 786487                     /var/cache/fontconfig/04aabc0a78ac019cf9454389977116d2-le64.cache-7
7f3de8040000-7f3de8044000 ---p 00000000 00:00 0 
7f3de8044000-7f3de8262000 rw-p 00000000 00:00 0 
7f3de8262000-7f3de8462000 rw-p 00000000 00:00 0 
7f3de8462000-7f3de8466000 ---p 00000000 00:00 0 
7f3de8466000-7f3de8563000 rw-p 00000000 00:00 0 
7f3de8563000-7f3de8568000 r-xp 00000000 08:07 3284531                    /usr/lib/x86_64-linux-gnu/libXfixes.so.3.1.0
7f3de8568000-7f3de8767000 ---p 00005000 08:07 3284531                    /usr/lib/x86_64-linux-gnu/libXfixes.so.3.1.0
7f3de8767000-7f3de8768000 r--p 00004000 08:07 3284531                    /usr/lib/x86_64-linux-gnu/libXfixes.so.3.1.0
7f3de8768000-7f3de8769000 rw-p 00005000 08:07 3284531                    /usr/lib/x86_64-linux-gnu/libXfixes.so.3.1.0
7f3de8769000-7f3de8772000 r-xp 00000000 08:07 3284523                    /usr/lib/x86_64-linux-gnu/libXcursor.so.1.0.2
7f3de8772000-7f3de8971000 ---p 00009000 08:07 3284523                    /usr/lib/x86_64-linux-gnu/libXcursor.so.1.0.2
7f3de8971000-7f3de8972000 r--p 00008000 08:07 3284523                    /usr/lib/x86_64-linux-gnu/libXcursor.so.1.0.2
7f3de8972000-7f3de8973000 rw-p 00009000 08:07 3284523                    /usr/lib/x86_64-linux-gnu/libXcursor.so.1.0.2
7f3de8973000-7f3de8974000 ---p 00000000 00:00 0 
7f3de8974000-7f3de9174000 rw-p 00000000 00:00 0 
7f3de9174000-7f3de9175000 ---p 00000000 00:00 0 
7f3de9175000-7f3de9975000 rw-p 00000000 00:00 0 
7f3de9975000-7f3de9976000 ---p 00000000 00:00 0 
7f3de9976000-7f3dea176000 rw-p 00000000 00:00 0 
7f3dea176000-7f3dea182000 r-xp 00000000 08:07 3671758                    /usr/lib/x86_64-linux-gnu/gio/modules/libdconfsettings.so
7f3dea182000-7f3dea381000 ---p 0000c000 08:07 3671758                    /usr/lib/x86_64-linux-gnu/gio/modules/libdconfsettings.so
7f3dea381000-7f3dea382000 r--p 0000b000 08:07 3671758                    /usr/lib/x86_64-linux-gnu/gio/modules/libdconfsettings.so
7f3dea382000-7f3dea383000 rw-p 0000c000 08:07 3671758                    /usr/lib/x86_64-linux-gnu/gio/modules/libdconfsettings.so
7f3dea383000-7f3dea389000 r-xp 00000000 08:07 1979063                    /lib/x86_64-linux-gnu/libuuid.so.1.3.0
7f3dea389000-7f3dea588000 ---p 00006000 08:07 1979063                    /lib/x86_64-linux-gnu/libuuid.so.1.3.0
7f3dea588000-7f3dea589000 r--p 00005000 08:07 1979063                    /lib/x86_64-linux-gnu/libuuid.so.1.3.0
7f3dea589000-7f3dea58a000 rw-p 00006000 08:07 1979063                    /lib/x86_64-linux-gnu/libuuid.so.1.3.0
7f3dea58a000-7f3dea5d1000 r-xp 00000000 08:07 1971002                    /lib/x86_64-linux-gnu/libblkid.so.1.1.0
7f3dea5d1000-7f3dea7d1000 ---p 00047000 08:07 1971002                    /lib/x86_64-linux-gnu/libblkid.so.1.1.0
7f3dea7d1000-7f3dea7d5000 r--p 00047000 08:07 1971002                    /lib/x86_64-linux-gnu/libblkid.so.1.1.0
7f3dea7d5000-7f3dea7d6000 rw-p 0004b000 08:07 1971002                    /lib/x86_64-linux-gnu/libblkid.so.1.1.0
7f3dea7d6000-7f3dea7d7000 rw-p 00000000 00:00 0 
7f3dea7d7000-7f3dea847000 r-xp 00000000 08:07 1970955                    /lib/x86_64-linux-gnu/libpcre.so.3.13.3
7f3dea847000-7f3deaa47000 ---p 00070000 08:07 1970955                    /lib/x86_64-linux-gnu/libpcre.so.3.13.3
7f3deaa47000-7f3deaa48000 r--p 00070000 08:07 1970955                    /lib/x86_64-linux-gnu/libpcre.so.3.13.3
7f3deaa48000-7f3deaa49000 rw-p 00071000 08:07 1970955                    /lib/x86_64-linux-gnu/libpcre.so.3.13.3
7f3deaa49000-7f3deaa50000 r-xp 00000000 08:07 3284907                    /usr/lib/x86_64-linux-gnu/libffi.so.6.0.4
7f3deaa50000-7f3deac4f000 ---p 00007000 08:07 3284907                    /usr/lib/x86_64-linux-gnu/libffi.so.6.0.4
7f3deac4f000-7f3deac50000 r--p 00006000 08:07 3284907                    /usr/lib/x86_64-linux-gnu/libffi.so.6.0.4
7f3deac50000-7f3deac51000 rw-p 00007000 08:07 3284907                    /usr/lib/x86_64-linux-gnu/libffi.so.6.0.4
7f3deac51000-7f3deaca2000 r-xp 00000000 08:07 1970866                    /lib/x86_64-linux-gnu/libmount.so.1.1.0
7f3deaca2000-7f3deaea1000 ---p 00051000 08:07 1970866                    /lib/x86_64-linux-gnu/libmount.so.1.1.0
7f3deaea1000-7f3deaea3000 r--p 00050000 08:07 1970866                    /lib/x86_64-linux-gnu/libmount.so.1.1.0
7f3deaea3000-7f3deaea4000 rw-p 00052000 08:07 1970866                    /lib/x86_64-linux-gnu/libmount.so.1.1.0
7f3deaea4000-7f3deaea5000 rw-p 00000000 00:00 0 
7f3deaea5000-7f3deaebc000 r-xp 00000000 08:07 1970972                    /lib/x86_64-linux-gnu/libresolv-2.27.so
7f3deaebc000-7f3deb0bc000 ---p 00017000 08:07 1970972                    /lib/x86_64-linux-gnu/libresolv-2.27.so
7f3deb0bc000-7f3deb0bd000 r--p 00017000 08:07 1970972                    /lib/x86_64-linux-gnu/libresolv-2.27.so
7f3deb0bd000-7f3deb0be000 rw-p 00018000 08:07 1970972                    /lib/x86_64-linux-gnu/libresolv-2.27.so
7f3deb0be000-7f3deb0c0000 rw-p 00000000 00:00 0 
7f3deb0c0000-7f3deb0e5000 r-xp 00000000 08:07 1970978                    /lib/x86_64-linux-gnu/libselinux.so.1
7f3deb0e5000-7f3deb2e4000 ---p 00025000 08:07 1970978                    /lib/x86_64-linux-gnu/libselinux.so.1
7f3deb2e4000-7f3deb2e5000 r--p 00024000 08:07 1970978                    /lib/x86_64-linux-gnu/libselinux.so.1
7f3deb2e5000-7f3deb2e6000 rw-p 00025000 08:07 1970978                    /lib/x86_64-linux-gnu/libselinux.so.1
7f3deb2e6000-7f3deb2e8000 rw-p 00000000 00:00 0 
7f3deb2e8000-7f3deb3fb000 r-xp 00000000 08:07 3277285                    /usr/lib/x86_64-linux-gnu/libglib-2.0.so.0.5600.3
7f3deb3fb000-7f3deb5fb000 ---p 00113000 08:07 3277285                    /usr/lib/x86_64-linux-gnu/libglib-2.0.so.0.5600.3
7f3deb5fb000-7f3deb5fc000 r--p 00113000 08:07 3277285                    /usr/lib/x86_64-linux-gnu/libglib-2.0.so.0.5600.3
7f3deb5fc000-7f3deb5fd000 rw-p 00114000 08:07 3277285                    /usr/lib/x86_64-linux-gnu/libglib-2.0.so.0.5600.3
7f3deb5fd000-7f3deb5fe000 rw-p 00000000 00:00 0 
7f3deb5fe000-7f3deb601000 r-xp 00000000 08:07 3277315                    /usr/lib/x86_64-linux-gnu/libgmodule-2.0.so.0.5600.3
7f3deb601000-7f3deb800000 ---p 00003000 08:07 3277315                    /usr/lib/x86_64-linux-gnu/libgmodule-2.0.so.0.5600.3
7f3deb800000-7f3deb801000 r--p 00002000 08:07 3277315                    /usr/lib/x86_64-linux-gnu/libgmodule-2.0.so.0.5600.3
7f3deb801000-7f3deb802000 rw-p 00003000 08:07 3277315                    /usr/lib/x86_64-linux-gnu/libgmodule-2.0.so.0.5600.3
7f3deb802000-7f3deb854000 r-xp 00000000 08:07 3277316                    /usr/lib/x86_64-linux-gnu/libgobject-2.0.so.0.5600.3
7f3deb854000-7f3deba54000 ---p 00052000 08:07 3277316                    /usr/lib/x86_64-linux-gnu/libgobject-2.0.so.0.5600.3
7f3deba54000-7f3deba55000 r--p 00052000 08:07 3277316                    /usr/lib/x86_64-linux-gnu/libgobject-2.0.so.0.5600.3
7f3deba55000-7f3deba56000 rw-p 00053000 08:07 3277316                    /usr/lib/x86_64-linux-gnu/libgobject-2.0.so.0.5600.3
7f3deba56000-7f3debbeb000 r-xp 00000000 08:07 3277258                    /usr/lib/x86_64-linux-gnu/libgio-2.0.so.0.5600.3
7f3debbeb000-7f3debdeb000 ---p 00195000 08:07 3277258                    /usr/lib/x86_64-linux-gnu/libgio-2.0.so.0.5600.3
7f3debdeb000-7f3debdf2000 r--p 00195000 08:07 3277258                    /usr/lib/x86_64-linux-gnu/libgio-2.0.so.0.5600.3
7f3debdf2000-7f3debdf3000 rw-p 0019c000 08:07 3277258                    /usr/lib/x86_64-linux-gnu/libgio-2.0.so.0.5600.3
7f3debdf3000-7f3debdf5000 rw-p 00000000 00:00 0 
7f3debdf5000-7f3debdff000 r-xp 00000000 08:07 3284547                    /usr/lib/x86_64-linux-gnu/libXrandr.so.2.2.0
7f3debdff000-7f3debffe000 ---p 0000a000 08:07 3284547                    /usr/lib/x86_64-linux-gnu/libXrandr.so.2.2.0
7f3debffe000-7f3debfff000 r--p 00009000 08:07 3284547                    /usr/lib/x86_64-linux-gnu/libXrandr.so.2.2.0
7f3debfff000-7f3dec000000 rw-p 0000a000 08:07 3284547                    /usr/lib/x86_64-linux-gnu/libXrandr.so.2.2.0
7f3dec000000-7f3decd4b000 rw-p 00000000 00:00 0 
7f3decd4b000-7f3df0000000 ---p 00000000 00:00 0 
7f3df0000000-7f3df074a000 rw-p 00000000 00:00 0 
7f3df074a000-7f3df4000000 ---p 00000000 00:00 0 
7f3df4000000-7f3df4021000 rw-p 00000000 00:00 0 
7f3df4021000-7f3df8000000 ---p 00000000 00:00 0 
7f3df8000000-7f3df8021000 rw-p 00000000 00:00 0 
7f3df8021000-7f3dfc000000 ---p 00000000 00:00 0 
7f3dfc000000-7f3dfc021000 rw-p 00000000 00:00 0 
7f3dfc021000-7f3e00000000 ---p 00000000 00:00 0 
7f3e00000000-7f3e00021000 rw-p 00000000 00:00 0 
7f3e00021000-7f3e04000000 ---p 00000000 00:00 0 
7f3e04000000-7f3e04279000 rw-p 00000000 00:00 0 
7f3e04279000-7f3e08000000 ---p 00000000 00:00 0 
7f3e08000000-7f3e08021000 rw-p 00000000 00:00 0 
7f3e08021000-7f3e0c000000 ---p 00000000 00:00 0 
7f3e0c000000-7f3e0c021000 rw-p 00000000 00:00 0 
7f3e0c021000-7f3e10000000 ---p 00000000 00:00 0 
7f3e10000000-7f3e10021000 rw-p 00000000 00:00 0 
7f3e10021000-7f3e14000000 ---p 00000000 00:00 0 
7f3e14000000-7f3e14001000 r--s 00000000 08:07 786490                     /var/cache/fontconfig/0d8c3b2ac0904cb8a57a757ad11a4a08-le64.cache-7
7f3e14001000-7f3e14002000 r--s 00000000 08:07 786494                     /var/cache/fontconfig/1ac9eb803944fde146138c791f5cc56a-le64.cache-7
7f3e14002000-7f3e14006000 r--s 00000000 08:07 786502                     /var/cache/fontconfig/385c0604a188198f04d133e54aba7fe7-le64.cache-7
7f3e14006000-7f3e14007000 r--s 00000000 08:07 786548                     /var/cache/fontconfig/dc05db6664285cc2f12bf69c139ae4c3-le64.cache-7
7f3e14007000-7f3e14009000 r--s 00000000 08:07 786491                     /var/cache/fontconfig/14a5e22175779b556eaa434240950366-le64.cache-7
7f3e14009000-7f3e1400a000 r--s 00000000 08:07 786518                     /var/cache/fontconfig/660208299946a285a940457d1287da33-le64.cache-7
7f3e1400a000-7f3e1400c000 r--s 00000000 08:07 786509                     /var/cache/fontconfig/4f3e3037c9980c83b53a9351efadef62-le64.cache-7
7f3e1400c000-7f3e1400e000 r--s 00000000 08:07 786523                     /var/cache/fontconfig/767a8244fc0220cfb567a839d0392e0b-le64.cache-7
7f3e1400e000-7f3e1400f000 r--s 00000000 08:07 789903                     /var/cache/fontconfig/4794a0821666d79190d59a36cb4f44b5-le64.cache-7
7f3e1400f000-7f3e1405b000 r--s 00000000 08:07 789900                     /var/cache/fontconfig/0bd3dc0958fa2205aaaa8ebb13e2872b-le64.cache-7
7f3e1405b000-7f3e14062000 r--s 00000000 08:07 786526                     /var/cache/fontconfig/8801497958630a81b71ace7c5f9b32a8-le64.cache-7
7f3e14062000-7f3e14067000 r--s 00000000 08:07 786549                     /var/cache/fontconfig/def309198bfa603429122923fa2bb2d4-le64.cache-7
7f3e14067000-7f3e14068000 r--s 00000000 08:07 786536                     /var/cache/fontconfig/b872e6e592da6075ffa4ab0a1fcc0c75-le64.cache-7
7f3e14068000-7f3e14069000 r--s 00000000 08:07 786554                     /var/cache/fontconfig/f6d4eedfaab2589bde49f7a3ff831d22-le64.cache-7
7f3e14069000-7f3e1406a000 r--s 00000000 08:07 786516                     /var/cache/fontconfig/589f83ef4c36d296ce6e1c846f468f08-le64.cache-7
7f3e1406a000-7f3e1406b000 r--s 00000000 08:07 786538                     /var/cache/fontconfig/bab58bb527bb656aaa9f116d68a48d89-le64.cache-7
7f3e1406b000-7f3e1406c000 r--s 00000000 08:07 786495                     /var/cache/fontconfig/2171a34dccabdb6bcbbc728186263178-le64.cache-7
7f3e1406c000-7f3e1406d000 r--s 00000000 08:07 786539                     /var/cache/fontconfig/c5c45a61289222e0d30b1a26ef4effbe-le64.cache-7
7f3e1406d000-7f3e1409e000 r-xp 00000000 08:07 3285257                    /usr/lib/x86_64-linux-gnu/libpng16.so.16.34.0
7f3e1409e000-7f3e1429d000 ---p 00031000 08:07 3285257                    /usr/lib/x86_64-linux-gnu/libpng16.so.16.34.0
7f3e1429d000-7f3e1429e000 r--p 00030000 08:07 3285257                    /usr/lib/x86_64-linux-gnu/libpng16.so.16.34.0
7f3e1429e000-7f3e1429f000 rw-p 00031000 08:07 3285257                    /usr/lib/x86_64-linux-gnu/libpng16.so.16.34.0
7f3e1429f000-7f3e1434c000 r-xp 00000000 08:07 3284937                    /usr/lib/x86_64-linux-gnu/libfreetype.so.6.15.0
7f3e1434c000-7f3e1454b000 ---p 000ad000 08:07 3284937                    /usr/lib/x86_64-linux-gnu/libfreetype.so.6.15.0
7f3e1454b000-7f3e14552000 r--p 000ac000 08:07 3284937                    /usr/lib/x86_64-linux-gnu/libfreetype.so.6.15.0
7f3e14552000-7f3e14553000 rw-p 000b3000 08:07 3284937                    /usr/lib/x86_64-linux-gnu/libfreetype.so.6.15.0
7f3e14553000-7f3e145e8000 r-xp 00000000 08:07 3281657                    /usr/lib/jvm/java-11-openjdk-amd64/lib/libfontmanager.so
7f3e145e8000-7f3e147e8000 ---p 00095000 08:07 3281657                    /usr/lib/jvm/java-11-openjdk-amd64/lib/libfontmanager.so
7f3e147e8000-7f3e147e9000 r--p 00095000 08:07 3281657                    /usr/lib/jvm/java-11-openjdk-amd64/lib/libfontmanager.so
7f3e147e9000-7f3e147ea000 rw-p 00096000 08:07 3281657                    /usr/lib/jvm/java-11-openjdk-amd64/lib/libfontmanager.so
7f3e147ea000-7f3e149eb000 rw-p 00000000 00:00 0 
7f3e149eb000-7f3e149fe000 r-xp 00000000 08:07 1970829                    /lib/x86_64-linux-gnu/libbsd.so.0.8.7
7f3e149fe000-7f3e14bfd000 ---p 00013000 08:07 1970829                    /lib/x86_64-linux-gnu/libbsd.so.0.8.7
7f3e14bfd000-7f3e14bfe000 r--p 00012000 08:07 1970829                    /lib/x86_64-linux-gnu/libbsd.so.0.8.7
7f3e14bfe000-7f3e14bff000 rw-p 00013000 08:07 1970829                    /lib/x86_64-linux-gnu/libbsd.so.0.8.7
7f3e14bff000-7f3e14c00000 rw-p 00000000 00:00 0 
7f3e14c00000-7f3e14c05000 r-xp 00000000 08:07 3284527                    /usr/lib/x86_64-linux-gnu/libXdmcp.so.6.0.0
7f3e14c05000-7f3e14e04000 ---p 00005000 08:07 3284527                    /usr/lib/x86_64-linux-gnu/libXdmcp.so.6.0.0
7f3e14e04000-7f3e14e05000 r--p 00004000 08:07 3284527                    /usr/lib/x86_64-linux-gnu/libXdmcp.so.6.0.0
7f3e14e05000-7f3e14e06000 rw-p 00005000 08:07 3284527                    /usr/lib/x86_64-linux-gnu/libXdmcp.so.6.0.0
7f3e14e06000-7f3e14e08000 r-xp 00000000 08:07 3284516                    /usr/lib/x86_64-linux-gnu/libXau.so.6.0.0
7f3e14e08000-7f3e15008000 ---p 00002000 08:07 3284516                    /usr/lib/x86_64-linux-gnu/libXau.so.6.0.0
7f3e15008000-7f3e15009000 r--p 00002000 08:07 3284516                    /usr/lib/x86_64-linux-gnu/libXau.so.6.0.0
7f3e15009000-7f3e1500a000 rw-p 00003000 08:07 3284516                    /usr/lib/x86_64-linux-gnu/libXau.so.6.0.0
7f3e1500a000-7f3e15030000 r-xp 00000000 08:07 3285855                    /usr/lib/x86_64-linux-gnu/libxcb.so.1.1.0
7f3e15030000-7f3e15230000 ---p 00026000 08:07 3285855                    /usr/lib/x86_64-linux-gnu/libxcb.so.1.1.0
7f3e15230000-7f3e15231000 r--p 00026000 08:07 3285855                    /usr/lib/x86_64-linux-gnu/libxcb.so.1.1.0
7f3e15231000-7f3e15232000 rw-p 00027000 08:07 3285855                    /usr/lib/x86_64-linux-gnu/libxcb.so.1.1.0
7f3e15232000-7f3e15241000 r-xp 00000000 08:07 3284537                    /usr/lib/x86_64-linux-gnu/libXi.so.6.1.0
7f3e15241000-7f3e15440000 ---p 0000f000 08:07 3284537                    /usr/lib/x86_64-linux-gnu/libXi.so.6.1.0
7f3e15440000-7f3e15441000 r--p 0000e000 08:07 3284537                    /usr/lib/x86_64-linux-gnu/libXi.so.6.1.0
7f3e15441000-7f3e15442000 rw-p 0000f000 08:07 3284537                    /usr/lib/x86_64-linux-gnu/libXi.so.6.1.0
7f3e15442000-7f3e15447000 r-xp 00000000 08:07 3284555                    /usr/lib/x86_64-linux-gnu/libXtst.so.6.1.0
7f3e15447000-7f3e15646000 ---p 00005000 08:07 3284555                    /usr/lib/x86_64-linux-gnu/libXtst.so.6.1.0
7f3e15646000-7f3e15647000 r--p 00004000 08:07 3284555                    /usr/lib/x86_64-linux-gnu/libXtst.so.6.1.0
7f3e15647000-7f3e15648000 rw-p 00005000 08:07 3284555                    /usr/lib/x86_64-linux-gnu/libXtst.so.6.1.0
7f3e15648000-7f3e15651000 r-xp 00000000 08:07 3284549                    /usr/lib/x86_64-linux-gnu/libXrender.so.1.3.0
7f3e15651000-7f3e15850000 ---p 00009000 08:07 3284549                    /usr/lib/x86_64-linux-gnu/libXrender.so.1.3.0
7f3e15850000-7f3e15851000 r--p 00008000 08:07 3284549                    /usr/lib/x86_64-linux-gnu/libXrender.so.1.3.0
7f3e15851000-7f3e15852000 rw-p 00009000 08:07 3284549                    /usr/lib/x86_64-linux-gnu/libXrender.so.1.3.0
7f3e15852000-7f3e15985000 r-xp 00000000 08:07 3276918                    /usr/lib/x86_64-linux-gnu/libX11.so.6.3.0
7f3e15985000-7f3e15b85000 ---p 00133000 08:07 3276918                    /usr/lib/x86_64-linux-gnu/libX11.so.6.3.0
7f3e15b85000-7f3e15b86000 r--p 00133000 08:07 3276918                    /usr/lib/x86_64-linux-gnu/libX11.so.6.3.0
7f3e15b86000-7f3e15b8a000 rw-p 00134000 08:07 3276918                    /usr/lib/x86_64-linux-gnu/libX11.so.6.3.0
7f3e15b8a000-7f3e15b9b000 r-xp 00000000 08:07 3284529                    /usr/lib/x86_64-linux-gnu/libXext.so.6.4.0
7f3e15b9b000-7f3e15d9a000 ---p 00011000 08:07 3284529                    /usr/lib/x86_64-linux-gnu/libXext.so.6.4.0
7f3e15d9a000-7f3e15d9b000 r--p 00010000 08:07 3284529                    /usr/lib/x86_64-linux-gnu/libXext.so.6.4.0
7f3e15d9b000-7f3e15d9c000 rw-p 00011000 08:07 3284529                    /usr/lib/x86_64-linux-gnu/libXext.so.6.4.0
7f3e15d9c000-7f3e15dfb000 r-xp 00000000 08:07 3281654                    /usr/lib/jvm/java-11-openjdk-amd64/lib/libawt_xawt.so
7f3e15dfb000-7f3e15ffa000 ---p 0005f000 08:07 3281654                    /usr/lib/jvm/java-11-openjdk-amd64/lib/libawt_xawt.so
7f3e15ffa000-7f3e15ffb000 r--p 0005e000 08:07 3281654                    /usr/lib/jvm/java-11-openjdk-amd64/lib/libawt_xawt.so
7f3e15ffb000-7f3e15ffe000 rw-p 0005f000 08:07 3281654                    /usr/lib/jvm/java-11-openjdk-amd64/lib/libawt_xawt.so
7f3e15ffe000-7f3e18000000 rw-p 00000000 00:00 0 
7f3e18000000-7f3e18021000 rw-p 00000000 00:00 0 
7f3e18021000-7f3e1c000000 ---p 00000000 00:00 0 
7f3e1c000000-7f3e1c021000 rw-p 00000000 00:00 0 
7f3e1c021000-7f3e20000000 ---p 00000000 00:00 0 
7f3e20000000-7f3e20021000 rw-p 00000000 00:00 0 
7f3e20021000-7f3e24000000 ---p 00000000 00:00 0 
7f3e24000000-7f3e24001000 r--s 00000000 08:07 786534                     /var/cache/fontconfig/aec30016f93e1b46d1a973dce0d74068-le64.cache-7
7f3e24001000-7f3e24002000 r--s 00000000 08:07 786503                     /var/cache/fontconfig/3f589640d34b7dc9042c8d453f7c8b9c-le64.cache-7
7f3e24002000-7f3e24003000 r--s 00000000 08:07 786492                     /var/cache/fontconfig/16c2fda60d1b4b719f4b3d06fd951d25-le64.cache-7
7f3e24003000-7f3e24004000 r--s 00000000 08:07 786533                     /var/cache/fontconfig/a48eab177a16e4f3713381162db2f3e9-le64.cache-7
7f3e24004000-7f3e24005000 r--s 00000000 08:07 786512                     /var/cache/fontconfig/564b2e68ac9bc4e36a6f7f6d6125ec1c-le64.cache-7
7f3e24005000-7f3e2400a000 r--s 00000000 08:07 789886                     /var/cache/fontconfig/9d2451b1fd30e5bffe8383fd27c35478-le64.cache-7
7f3e2400a000-7f3e24010000 r--s 00000000 08:07 789885                     /var/cache/fontconfig/3047814df9a2f067bd2d96a2b9c36e5a-le64.cache-7
7f3e24010000-7f3e24011000 r--s 00000000 08:07 786513                     /var/cache/fontconfig/56cf4f4769d0f4abc89a4895d7bd3ae1-le64.cache-7
7f3e24011000-7f3e24012000 r--s 00000000 08:07 786537                     /var/cache/fontconfig/b9d506c9ac06c20b433354fa67a72993-le64.cache-7
7f3e24012000-7f3e24018000 r--s 00000000 08:07 786535                     /var/cache/fontconfig/b47c4e1ecd0709278f4910c18777a504-le64.cache-7
7f3e24018000-7f3e2402b000 r--s 00000000 08:07 786545                     /var/cache/fontconfig/d52a8644073d54c13679302ca1180695-le64.cache-7
7f3e2402b000-7f3e2402e000 r--s 00000000 08:07 789843                     /var/cache/fontconfig/f259c2cffa685e28062317905db73c4a-le64.cache-7
7f3e2402e000-7f3e2403a000 r--s 00000000 08:07 786546                     /var/cache/fontconfig/d589a48862398ed80a3d6066f4f56f4c-le64.cache-7
7f3e2403a000-7f3e2403e000 ---p 00000000 00:00 0 
7f3e2403e000-7f3e2413b000 rw-p 00000000 00:00 0 
7f3e2413b000-7f3e2415b000 r--p 00000000 08:07 3939603                    /usr/share/locale-langpack/de/LC_MESSAGES/glib20.mo
7f3e2415b000-7f3e241a4000 r--p 00000000 08:07 3820125                    /usr/share/glib-2.0/schemas/gschemas.compiled
7f3e241a4000-7f3e241ca000 r--p 00000000 08:07 3939447                    /usr/share/locale-langpack/de/LC_MESSAGES/libc.mo
7f3e241ca000-7f3e2426a000 r-xp 00000000 08:07 3281652                    /usr/lib/jvm/java-11-openjdk-amd64/lib/libawt.so
7f3e2426a000-7f3e2446a000 ---p 000a0000 08:07 3281652                    /usr/lib/jvm/java-11-openjdk-amd64/lib/libawt.so
7f3e2446a000-7f3e2446b000 r--p 000a0000 08:07 3281652                    /usr/lib/jvm/java-11-openjdk-amd64/lib/libawt.so
7f3e2446b000-7f3e24476000 rw-p 000a1000 08:07 3281652                    /usr/lib/jvm/java-11-openjdk-amd64/lib/libawt.so
7f3e24476000-7f3e2449b000 rw-p 00000000 00:00 0 
7f3e2449b000-7f3e244b2000 r-xp 00000000 08:07 3290743                    /usr/lib/jvm/java-11-openjdk-amd64/lib/libnet.so
7f3e244b2000-7f3e246b1000 ---p 00017000 08:07 3290743                    /usr/lib/jvm/java-11-openjdk-amd64/lib/libnet.so
7f3e246b1000-7f3e246b2000 r--p 00016000 08:07 3290743                    /usr/lib/jvm/java-11-openjdk-amd64/lib/libnet.so
7f3e246b2000-7f3e246b3000 rw-p 00017000 08:07 3290743                    /usr/lib/jvm/java-11-openjdk-amd64/lib/libnet.so
7f3e246b3000-7f3e246c4000 r-xp 00000000 08:07 3290744                    /usr/lib/jvm/java-11-openjdk-amd64/lib/libnio.so
7f3e246c4000-7f3e248c3000 ---p 00011000 08:07 3290744                    /usr/lib/jvm/java-11-openjdk-amd64/lib/libnio.so
7f3e248c3000-7f3e248c4000 r--p 00010000 08:07 3290744                    /usr/lib/jvm/java-11-openjdk-amd64/lib/libnio.so
7f3e248c4000-7f3e248c5000 rw-p 00011000 08:07 3290744                    /usr/lib/jvm/java-11-openjdk-amd64/lib/libnio.so
7f3e248c5000-7f3e248c9000 ---p 00000000 00:00 0 
7f3e248c9000-7f3e249c6000 rw-p 00000000 00:00 0 
7f3e249c6000-7f3e249c7000 ---p 00000000 00:00 0 
7f3e249c7000-7f3e24ac8000 rw-p 00000000 00:00 0 
7f3e24ac8000-7f3e24acc000 ---p 00000000 00:00 0 
7f3e24acc000-7f3e24bc9000 rw-p 00000000 00:00 0 
7f3e24bc9000-7f3e24bcd000 ---p 00000000 00:00 0 
7f3e24bcd000-7f3e24cca000 rw-p 00000000 00:00 0 
7f3e24cca000-7f3e24cce000 ---p 00000000 00:00 0 
7f3e24cce000-7f3e24dcb000 rw-p 00000000 00:00 0 
7f3e24dcb000-7f3e24dcf000 ---p 00000000 00:00 0 
7f3e24dcf000-7f3e24ecc000 rw-p 00000000 00:00 0 
7f3e24ecc000-7f3e24ed0000 ---p 00000000 00:00 0 
7f3e24ed0000-7f3e24fcd000 rw-p 00000000 00:00 0 
7f3e24fcd000-7f3e25303000 r--p 00000000 08:07 3283381                    /usr/lib/locale/locale-archive
7f3e25303000-7f3e25307000 ---p 00000000 00:00 0 
7f3e25307000-7f3e25404000 rw-p 00000000 00:00 0 
7f3e25404000-7f3e25408000 ---p 00000000 00:00 0 
7f3e25408000-7f3e25dfd000 rw-p 00000000 00:00 0 
7f3e25dfd000-7f3e26c15000 ---p 00000000 00:00 0 
7f3e26c15000-7f3e26d0d000 rw-p 00000000 00:00 0 
7f3e26d0d000-7f3e27b25000 ---p 00000000 00:00 0 
7f3e27b25000-7f3e27d95000 rwxp 00000000 00:00 0 
7f3e27d95000-7f3e280b4000 ---p 00000000 00:00 0 
7f3e280b4000-7f3e28424000 rwxp 00000000 00:00 0 
7f3e28424000-7f3e2f5ec000 ---p 00000000 00:00 0 
7f3e2f5ec000-7f3e2f85c000 rwxp 00000000 00:00 0 
7f3e2f85c000-7f3e36b25000 ---p 00000000 00:00 0 
7f3e36b25000-7f3e40000000 r--s 00000000 08:07 3290753                    /usr/lib/jvm/java-11-openjdk-amd64/lib/modules
7f3e40000000-7f3e40439000 rw-p 00000000 00:00 0 
7f3e40439000-7f3e44000000 ---p 00000000 00:00 0 
7f3e44000000-7f3e44001000 r--s 00000000 08:07 786500                     /var/cache/fontconfig/370e5b74bf5dafc30834de68e24a87a4-le64.cache-7
7f3e44001000-7f3e44002000 r--s 00000000 08:07 789884                     /var/cache/fontconfig/6b2c5944714ca7831b25bed9e85cb5c8-le64.cache-7
7f3e44002000-7f3e44010000 r--s 00000000 08:07 786530                     /var/cache/fontconfig/9b89f8e3dae116d678bbf48e5f21f69b-le64.cache-7
7f3e44010000-7f3e44011000 ---p 00000000 00:00 0 
7f3e44011000-7f3e441e3000 rw-p 00000000 00:00 0 
7f3e441e3000-7f3e441e4000 ---p 00000000 00:00 0 
7f3e441e4000-7f3e442e5000 rw-p 00000000 00:00 0 
7f3e442e5000-7f3e442e6000 ---p 00000000 00:00 0 
7f3e442e6000-7f3e443e7000 rw-p 00000000 00:00 0 
7f3e443e7000-7f3e443e8000 ---p 00000000 00:00 0 
7f3e443e8000-7f3e446eb000 rw-p 00000000 00:00 0 
7f3e446eb000-7f3e446ec000 ---p 00000000 00:00 0 
7f3e446ec000-7f3e447ed000 rw-p 00000000 00:00 0 
7f3e447ed000-7f3e447ee000 ---p 00000000 00:00 0 
7f3e447ee000-7f3e4490e000 rw-p 00000000 00:00 0 
7f3e4490e000-7f3e44ad1000 ---p 00000000 00:00 0 
7f3e44ad1000-7f3e44af0000 rw-p 00000000 00:00 0 
7f3e44af0000-7f3e44cb3000 ---p 00000000 00:00 0 
7f3e44cb3000-7f3e44cd2000 rw-p 00000000 00:00 0 
7f3e44cd2000-7f3e44e95000 ---p 00000000 00:00 0 
7f3e44e95000-7f3e45097000 rw-p 00000000 00:00 0 
7f3e45097000-7f3e45098000 ---p 00000000 00:00 0 
7f3e45098000-7f3e45199000 rw-p 00000000 00:00 0 
7f3e45199000-7f3e4519a000 ---p 00000000 00:00 0 
7f3e4519a000-7f3e452a0000 rw-p 00000000 00:00 0 
7f3e452a0000-7f3e45386000 ---p 00000000 00:00 0 
7f3e45386000-7f3e4538d000 rw-p 00000000 00:00 0 
7f3e4538d000-7f3e45471000 ---p 00000000 00:00 0 
7f3e45471000-7f3e45476000 r-xp 00000000 08:07 3290735                    /usr/lib/jvm/java-11-openjdk-amd64/lib/libjimage.so
7f3e45476000-7f3e45675000 ---p 00005000 08:07 3290735                    /usr/lib/jvm/java-11-openjdk-amd64/lib/libjimage.so
7f3e45675000-7f3e45676000 r--p 00004000 08:07 3290735                    /usr/lib/jvm/java-11-openjdk-amd64/lib/libjimage.so
7f3e45676000-7f3e45677000 rw-p 00005000 08:07 3290735                    /usr/lib/jvm/java-11-openjdk-amd64/lib/libjimage.so
7f3e45677000-7f3e4567e000 r-xp 00000000 08:07 3290752                    /usr/lib/jvm/java-11-openjdk-amd64/lib/libzip.so
7f3e4567e000-7f3e4587d000 ---p 00007000 08:07 3290752                    /usr/lib/jvm/java-11-openjdk-amd64/lib/libzip.so
7f3e4587d000-7f3e4587e000 r--p 00006000 08:07 3290752                    /usr/lib/jvm/java-11-openjdk-amd64/lib/libzip.so
7f3e4587e000-7f3e4587f000 rw-p 00007000 08:07 3290752                    /usr/lib/jvm/java-11-openjdk-amd64/lib/libzip.so
7f3e4587f000-7f3e4588a000 r-xp 00000000 08:07 1970923                    /lib/x86_64-linux-gnu/libnss_files-2.27.so
7f3e4588a000-7f3e45a89000 ---p 0000b000 08:07 1970923                    /lib/x86_64-linux-gnu/libnss_files-2.27.so
7f3e45a89000-7f3e45a8a000 r--p 0000a000 08:07 1970923                    /lib/x86_64-linux-gnu/libnss_files-2.27.so
7f3e45a8a000-7f3e45a8b000 rw-p 0000b000 08:07 1970923                    /lib/x86_64-linux-gnu/libnss_files-2.27.so
7f3e45a8b000-7f3e45a91000 rw-p 00000000 00:00 0 
7f3e45a91000-7f3e45aa8000 r-xp 00000000 08:07 1970917                    /lib/x86_64-linux-gnu/libnsl-2.27.so
7f3e45aa8000-7f3e45ca7000 ---p 00017000 08:07 1970917                    /lib/x86_64-linux-gnu/libnsl-2.27.so
7f3e45ca7000-7f3e45ca8000 r--p 00016000 08:07 1970917                    /lib/x86_64-linux-gnu/libnsl-2.27.so
7f3e45ca8000-7f3e45ca9000 rw-p 00017000 08:07 1970917                    /lib/x86_64-linux-gnu/libnsl-2.27.so
7f3e45ca9000-7f3e45cab000 rw-p 00000000 00:00 0 
7f3e45cab000-7f3e45cb6000 r-xp 00000000 08:07 1970934                    /lib/x86_64-linux-gnu/libnss_nis-2.27.so
7f3e45cb6000-7f3e45eb5000 ---p 0000b000 08:07 1970934                    /lib/x86_64-linux-gnu/libnss_nis-2.27.so
7f3e45eb5000-7f3e45eb6000 r--p 0000a000 08:07 1970934                    /lib/x86_64-linux-gnu/libnss_nis-2.27.so
7f3e45eb6000-7f3e45eb7000 rw-p 0000b000 08:07 1970934                    /lib/x86_64-linux-gnu/libnss_nis-2.27.so
7f3e45eb7000-7f3e45ebf000 r-xp 00000000 08:07 1970919                    /lib/x86_64-linux-gnu/libnss_compat-2.27.so
7f3e45ebf000-7f3e460bf000 ---p 00008000 08:07 1970919                    /lib/x86_64-linux-gnu/libnss_compat-2.27.so
7f3e460bf000-7f3e460c0000 r--p 00008000 08:07 1970919                    /lib/x86_64-linux-gnu/libnss_compat-2.27.so
7f3e460c0000-7f3e460c1000 rw-p 00009000 08:07 1970919                    /lib/x86_64-linux-gnu/libnss_compat-2.27.so
7f3e460c1000-7f3e460ed000 r-xp 00000000 08:07 3282326                    /usr/lib/jvm/java-11-openjdk-amd64/lib/libjava.so
7f3e460ed000-7f3e462ec000 ---p 0002c000 08:07 3282326                    /usr/lib/jvm/java-11-openjdk-amd64/lib/libjava.so
7f3e462ec000-7f3e462ed000 r--p 0002b000 08:07 3282326                    /usr/lib/jvm/java-11-openjdk-amd64/lib/libjava.so
7f3e462ed000-7f3e462ef000 rw-p 0002c000 08:07 3282326                    /usr/lib/jvm/java-11-openjdk-amd64/lib/libjava.so
7f3e462ef000-7f3e462fc000 r-xp 00000000 08:07 3290751                    /usr/lib/jvm/java-11-openjdk-amd64/lib/libverify.so
7f3e462fc000-7f3e464fb000 ---p 0000d000 08:07 3290751                    /usr/lib/jvm/java-11-openjdk-amd64/lib/libverify.so
7f3e464fb000-7f3e464fd000 r--p 0000c000 08:07 3290751                    /usr/lib/jvm/java-11-openjdk-amd64/lib/libverify.so
7f3e464fd000-7f3e464fe000 rw-p 0000e000 08:07 3290751                    /usr/lib/jvm/java-11-openjdk-amd64/lib/libverify.so
7f3e464fe000-7f3e46505000 r-xp 00000000 08:07 1970974                    /lib/x86_64-linux-gnu/librt-2.27.so
7f3e46505000-7f3e46704000 ---p 00007000 08:07 1970974                    /lib/x86_64-linux-gnu/librt-2.27.so
7f3e46704000-7f3e46705000 r--p 00006000 08:07 1970974                    /lib/x86_64-linux-gnu/librt-2.27.so
7f3e46705000-7f3e46706000 rw-p 00007000 08:07 1970974                    /lib/x86_64-linux-gnu/librt-2.27.so
7f3e46706000-7f3e4671d000 r-xp 00000000 08:07 1966116                    /lib/x86_64-linux-gnu/libgcc_s.so.1
7f3e4671d000-7f3e4691c000 ---p 00017000 08:07 1966116                    /lib/x86_64-linux-gnu/libgcc_s.so.1
7f3e4691c000-7f3e4691d000 r--p 00016000 08:07 1966116                    /lib/x86_64-linux-gnu/libgcc_s.so.1
7f3e4691d000-7f3e4691e000 rw-p 00017000 08:07 1966116                    /lib/x86_64-linux-gnu/libgcc_s.so.1
7f3e4691e000-7f3e46abb000 r-xp 00000000 08:07 1970896                    /lib/x86_64-linux-gnu/libm-2.27.so
7f3e46abb000-7f3e46cba000 ---p 0019d000 08:07 1970896                    /lib/x86_64-linux-gnu/libm-2.27.so
7f3e46cba000-7f3e46cbb000 r--p 0019c000 08:07 1970896                    /lib/x86_64-linux-gnu/libm-2.27.so
7f3e46cbb000-7f3e46cbc000 rw-p 0019d000 08:07 1970896                    /lib/x86_64-linux-gnu/libm-2.27.so
7f3e46cbc000-7f3e46e35000 r-xp 00000000 08:07 3297157                    /usr/lib/x86_64-linux-gnu/libstdc++.so.6.0.25
7f3e46e35000-7f3e47035000 ---p 00179000 08:07 3297157                    /usr/lib/x86_64-linux-gnu/libstdc++.so.6.0.25
7f3e47035000-7f3e4703f000 r--p 00179000 08:07 3297157                    /usr/lib/x86_64-linux-gnu/libstdc++.so.6.0.25
7f3e4703f000-7f3e47041000 rw-p 00183000 08:07 3297157                    /usr/lib/x86_64-linux-gnu/libstdc++.so.6.0.25
7f3e47041000-7f3e47045000 rw-p 00000000 00:00 0 
7f3e47045000-7f3e47fe2000 r-xp 00000000 08:07 3290756                    /usr/lib/jvm/java-11-openjdk-amd64/lib/server/libjvm.so
7f3e47fe2000-7f3e481e2000 ---p 00f9d000 08:07 3290756                    /usr/lib/jvm/java-11-openjdk-amd64/lib/server/libjvm.so
7f3e481e2000-7f3e482a6000 r--p 00f9d000 08:07 3290756                    /usr/lib/jvm/java-11-openjdk-amd64/lib/server/libjvm.so
7f3e482a6000-7f3e482de000 rw-p 01061000 08:07 3290756                    /usr/lib/jvm/java-11-openjdk-amd64/lib/server/libjvm.so
7f3e482de000-7f3e48327000 rw-p 00000000 00:00 0 
7f3e48327000-7f3e48341000 r-xp 00000000 08:07 1970966                    /lib/x86_64-linux-gnu/libpthread-2.27.so
7f3e48341000-7f3e48540000 ---p 0001a000 08:07 1970966                    /lib/x86_64-linux-gnu/libpthread-2.27.so
7f3e48540000-7f3e48541000 r--p 00019000 08:07 1970966                    /lib/x86_64-linux-gnu/libpthread-2.27.so
7f3e48541000-7f3e48542000 rw-p 0001a000 08:07 1970966                    /lib/x86_64-linux-gnu/libpthread-2.27.so
7f3e48542000-7f3e48546000 rw-p 00000000 00:00 0 
7f3e48546000-7f3e48549000 r-xp 00000000 08:07 1970856                    /lib/x86_64-linux-gnu/libdl-2.27.so
7f3e48549000-7f3e48748000 ---p 00003000 08:07 1970856                    /lib/x86_64-linux-gnu/libdl-2.27.so
7f3e48748000-7f3e48749000 r--p 00002000 08:07 1970856                    /lib/x86_64-linux-gnu/libdl-2.27.so
7f3e48749000-7f3e4874a000 rw-p 00003000 08:07 1970856                    /lib/x86_64-linux-gnu/libdl-2.27.so
7f3e4874a000-7f3e48766000 r-xp 00000000 08:07 1971007                    /lib/x86_64-linux-gnu/libz.so.1.2.11
7f3e48766000-7f3e48965000 ---p 0001c000 08:07 1971007                    /lib/x86_64-linux-gnu/libz.so.1.2.11
7f3e48965000-7f3e48966000 r--p 0001b000 08:07 1971007                    /lib/x86_64-linux-gnu/libz.so.1.2.11
7f3e48966000-7f3e48967000 rw-p 0001c000 08:07 1971007                    /lib/x86_64-linux-gnu/libz.so.1.2.11
7f3e48967000-7f3e48b4e000 r-xp 00000000 08:07 1970833                    /lib/x86_64-linux-gnu/libc-2.27.so
7f3e48b4e000-7f3e48d4e000 ---p 001e7000 08:07 1970833                    /lib/x86_64-linux-gnu/libc-2.27.so
7f3e48d4e000-7f3e48d52000 r--p 001e7000 08:07 1970833                    /lib/x86_64-linux-gnu/libc-2.27.so
7f3e48d52000-7f3e48d54000 rw-p 001eb000 08:07 1970833                    /lib/x86_64-linux-gnu/libc-2.27.so
7f3e48d54000-7f3e48d58000 rw-p 00000000 00:00 0 
7f3e48d58000-7f3e48d67000 r-xp 00000000 08:07 3281648                    /usr/lib/jvm/java-11-openjdk-amd64/lib/jli/libjli.so
7f3e48d67000-7f3e48f66000 ---p 0000f000 08:07 3281648                    /usr/lib/jvm/java-11-openjdk-amd64/lib/jli/libjli.so
7f3e48f66000-7f3e48f67000 r--p 0000e000 08:07 3281648                    /usr/lib/jvm/java-11-openjdk-amd64/lib/jli/libjli.so
7f3e48f67000-7f3e48f68000 rw-p 0000f000 08:07 3281648                    /usr/lib/jvm/java-11-openjdk-amd64/lib/jli/libjli.so
7f3e48f68000-7f3e48f8f000 r-xp 00000000 08:07 1970805                    /lib/x86_64-linux-gnu/ld-2.27.so
7f3e48f8f000-7f3e48f90000 r--s 00000000 08:07 786544                     /var/cache/fontconfig/d5178ab6d91b49bf20a416737dcea9e8-le64.cache-7
7f3e48f90000-7f3e48f91000 r--s 00000000 08:07 789883                     /var/cache/fontconfig/551ecf3b0e8b0bca0f25c0944f561853-le64.cache-7
7f3e48f91000-7f3e48f93000 r--s 00000000 08:07 789842                     /var/cache/fontconfig/550f3886151c940c12a5ed35f6a00586-le64.cache-7
7f3e48f93000-7f3e48f96000 r--s 00000000 08:07 789841                     /var/cache/fontconfig/674d1711f2d1d2a09646eb0bdcadee49-le64.cache-7
7f3e48f96000-7f3e48f97000 r--s 00000000 08:07 786504                     /var/cache/fontconfig/3f7329c5293ffd510edef78f73874cfd-le64.cache-7
7f3e48f97000-7f3e48f98000 r--s 00000000 08:07 786498                     /var/cache/fontconfig/30829fa25452a46451e813d634d7f916-le64.cache-7
7f3e48f98000-7f3e48f99000 r--s 00000000 08:07 786489                     /var/cache/fontconfig/0c9eb80ebd1c36541ebe2852d3bb0c49-le64.cache-7
7f3e48f99000-7f3e48f9a000 r--s 00000000 08:07 786508                     /var/cache/fontconfig/4d9c95eba1cb85bbcf2878543262124a-le64.cache-7
7f3e48f9a000-7f3e48f9b000 r--s 00000000 08:07 786525                     /var/cache/fontconfig/85e0a52ce643a7ba2ae53e5d6949cead-le64.cache-7
7f3e48f9b000-7f3e48fa4000 r--s 00000000 08:07 786542                     /var/cache/fontconfig/d0972c3d32f097851eb916381fc38920-le64.cache-7
7f3e48fa4000-7f3e4905b000 rw-p 00000000 00:00 0 
7f3e4905b000-7f3e4905f000 ---p 00000000 00:00 0 
7f3e4905f000-7f3e4915e000 rw-p 00000000 00:00 0 
7f3e4915e000-7f3e4915f000 r--s 00000000 08:07 786506                     /var/cache/fontconfig/49f0de54bdd920fe4f0dfd4cbac43e6b-le64.cache-7
7f3e4915f000-7f3e49160000 r--s 00000000 08:07 786555                     /var/cache/fontconfig/f6e6e0a5c3d2f6ae0c0c2e0ecd42a997-le64.cache-7
7f3e49160000-7f3e49162000 r--s 00000000 08:07 786520                     /var/cache/fontconfig/6afa1bb216ce958c1589e297e8008489-le64.cache-7
7f3e49162000-7f3e49165000 r--s 00000000 08:07 795646                     /var/cache/fontconfig/e13b20fdb08344e0e664864cc2ede53d-le64.cache-7
7f3e49165000-7f3e49169000 r--s 00000000 08:07 786524                     /var/cache/fontconfig/7ef2298fde41cc6eeb7af42e48b7d293-le64.cache-7
7f3e49169000-7f3e4916e000 r--p 00000000 08:07 7764578                    /home/peter/.config/dconf/user
7f3e4916e000-7f3e4916f000 r--s 00000000 00:33 29                         /run/user/1000/dconf/user
7f3e4916f000-7f3e49176000 r--s 00000000 08:07 3671694                    /usr/lib/x86_64-linux-gnu/gconv/gconv-modules.cache
7f3e49176000-7f3e4917c000 rw-p 00000000 00:00 0 
7f3e4917c000-7f3e49183000 ---p 00000000 00:00 0 
7f3e49183000-7f3e4918b000 rw-s 00000000 08:07 5903253                    /tmp/hsperfdata_peter/2646
7f3e4918b000-7f3e4918c000 ---p 00000000 00:00 0 
7f3e4918c000-7f3e4918d000 r--p 00000000 00:00 0 
7f3e4918d000-7f3e4918f000 rw-p 00000000 00:00 0 
7f3e4918f000-7f3e49190000 r--p 00027000 08:07 1970805                    /lib/x86_64-linux-gnu/ld-2.27.so
7f3e49190000-7f3e49191000 rw-p 00028000 08:07 1970805                    /lib/x86_64-linux-gnu/ld-2.27.so
7f3e49191000-7f3e49192000 rw-p 00000000 00:00 0 
7ffed587f000-7ffed58a0000 rw-p 00000000 00:00 0                          [stack]
7ffed59c9000-7ffed59cc000 r--p 00000000 00:00 0                          [vvar]
7ffed59cc000-7ffed59ce000 r-xp 00000000 00:00 0                          [vdso]
ffffffffff600000-ffffffffff601000 r-xp 00000000 00:00 0                  [vsyscall]


VM Arguments:
java_command: humer.peter.jna_libusb_project.Main
java_class_path (initial): /home/peter/NetBeansProjects/Linux_LibUsb_over_JNA/target/classes:/home/peter/.m2/repository/net/java/dev/jna/jna/5.3.0/jna-5.3.0.jar:/home/peter/.m2/repository/com/google/guava/guava/21.0/guava-21.0.jar:/home/peter/.m2/repository/org/slf4j/slf4j-api/2.0.0-alpha0/slf4j-api-2.0.0-alpha0.jar
Launcher Type: SUN_STANDARD

Logging:
Log output configuration:
#0: stdout all=warning uptime,level,tags
#1: stderr all=off uptime,level,tags

Environment Variables:
JAVA_HOME=/usr/lib/jvm/java-11-openjdk-amd64
PATH=/usr/local/sbin:/usr/local/bin:/usr/sbin:/usr/bin:/sbin:/bin:/usr/games:/usr/local/games:/usr/lib/jvm/java-8-oracle/bin:/usr/lib/jvm/java-8-oracle/db/bin:/usr/lib/jvm/java-8-oracle/jre/bin
SHELL=/bin/bash
DISPLAY=:0

Signal Handlers:
SIGSEGV: [libjvm.so+0xd28b70], sa_mask[0]=11111111011111111101111111111110, sa_flags=SA_RESTART|SA_SIGINFO
SIGBUS: [libjvm.so+0xd28b70], sa_mask[0]=11111111011111111101111111111110, sa_flags=SA_RESTART|SA_SIGINFO
SIGFPE: [libjvm.so+0xd28b70], sa_mask[0]=11111111011111111101111111111110, sa_flags=SA_RESTART|SA_SIGINFO
SIGPIPE: SIG_IGN, sa_mask[0]=00000000000010000000000000000000, sa_flags=SA_RESTART
SIGXFSZ: [libjvm.so+0xb2a1f0], sa_mask[0]=11111111011111111101111111111110, sa_flags=SA_RESTART|SA_SIGINFO
SIGILL: [libjvm.so+0xd28b70], sa_mask[0]=11111111011111111101111111111110, sa_flags=SA_RESTART|SA_SIGINFO
SIGUSR2: [libjvm.so+0xb2a030], sa_mask[0]=00100000000000000000000000000000, sa_flags=SA_RESTART|SA_SIGINFO
SIGHUP: [libjvm.so+0xb2a180], sa_mask[0]=11111111011111111101111111111110, sa_flags=SA_RESTART|SA_SIGINFO
SIGINT: SIG_IGN, sa_mask[0]=00000000000000000000000000000000, sa_flags=none
SIGTERM: [libjvm.so+0xb2a180], sa_mask[0]=11111111011111111101111111111110, sa_flags=SA_RESTART|SA_SIGINFO
SIGQUIT: [libjvm.so+0xb2a180], sa_mask[0]=11111111011111111101111111111110, sa_flags=SA_RESTART|SA_SIGINFO


---------------  S Y S T E M  ---------------

OS:DISTRIB_ID=LinuxMint
DISTRIB_RELEASE=19
DISTRIB_CODENAME=tara
DISTRIB_DESCRIPTION="Linux Mint 19 Tara"
uname:Linux 4.15.0-43-generic #46-Ubuntu SMP Thu Dec 6 14:45:28 UTC 2018 x86_64
libc:glibc 2.27 NPTL 2.27 
rlimit: STACK 8192k, CORE 0k, NPROC 14935, NOFILE 1048576, AS infinity, DATA infinity, FSIZE infinity
load average:2,38 2,77 1,99

/proc/meminfo:
MemTotal:        3943432 kB
MemFree:          125760 kB
MemAvailable:    1433036 kB
Buffers:          464684 kB
Cached:           983756 kB
SwapCached:            0 kB
Active:          2660204 kB
Inactive:         753940 kB
Active(anon):    1959344 kB
Inactive(anon):   126352 kB
Active(file):     700860 kB
Inactive(file):   627588 kB
Unevictable:           0 kB
Mlocked:               0 kB
SwapTotal:       2929660 kB
SwapFree:        2929660 kB
Dirty:               528 kB
Writeback:             0 kB
AnonPages:       1965728 kB
Mapped:           290556 kB
Shmem:            119996 kB
Slab:             308592 kB
SReclaimable:     272044 kB
SUnreclaim:        36548 kB
KernelStack:        8800 kB
PageTables:        35800 kB
NFS_Unstable:          0 kB
Bounce:                0 kB
WritebackTmp:          0 kB
CommitLimit:     4901376 kB
Committed_AS:    5105728 kB
VmallocTotal:   34359738367 kB
VmallocUsed:           0 kB
VmallocChunk:          0 kB
HardwareCorrupted:     0 kB
AnonHugePages:         0 kB
ShmemHugePages:        0 kB
ShmemPmdMapped:        0 kB
CmaTotal:              0 kB
CmaFree:               0 kB
HugePages_Total:       0
HugePages_Free:        0
HugePages_Rsvd:        0
HugePages_Surp:        0
Hugepagesize:       2048 kB
DirectMap4k:      129088 kB
DirectMap2M:     3969024 kB

container (cgroup) information:
container_type: cgroupv1
cpu_cpuset_cpus: 0-1
cpu_memory_nodes: 0
active_processor_count: 2
cpu_quota: -1
cpu_period: 100000
cpu_shares: -1
memory_limit_in_bytes: -1
memory_and_swap_limit_in_bytes: -2
memory_soft_limit_in_bytes: -1
memory_usage_in_bytes: 3496251392
memory_max_usage_in_bytes: 0


CPU:total 2 (initial active 2) (2 cores per cpu, 1 threads per core) family 6 model 76 stepping 4, cmov, cx8, fxsr, mmx, sse, sse2, sse3, ssse3, sse4.1, sse4.2, popcnt, aes, clmul, erms, 3dnowpref, tsc, tscinvbit
CPU Model and flags from /proc/cpuinfo:
model name	: Intel(R) Celeron(R) CPU  N3060  @ 1.60GHz
flags		: fpu vme de pse tsc msr pae mce cx8 apic sep mtrr pge mca cmov pat pse36 clflush dts acpi mmx fxsr sse sse2 ss ht tm pbe syscall nx rdtscp lm constant_tsc arch_perfmon pebs bts rep_good nopl xtopology tsc_reliable nonstop_tsc cpuid aperfmperf tsc_known_freq pni pclmulqdq dtes64 monitor ds_cpl vmx est tm2 ssse3 cx16 xtpr pdcm sse4_1 sse4_2 movbe popcnt tsc_deadline_timer aes rdrand lahf_lm 3dnowprefetch epb pti ibrs ibpb stibp tpr_shadow vnmi flexpriority ept vpid tsc_adjust smep erms dtherm ida arat

Memory: 4k page, physical 3943432k(125760k free), swap 2929660k(2929660k free)

vm_info: OpenJDK 64-Bit Server VM (10.0.2+13-Ubuntu-1ubuntu0.18.04.4) for linux-amd64 JRE (10.0.2+13-Ubuntu-1ubuntu0.18.04.4), built on Nov 13 2018 12:53:39 by "buildd" with gcc 7.3.0

END.
