#
# A fatal error has been detected by the Java Runtime Environment:
#
#  SIGSEGV (0xb) at pc=0x00007fe21c7effa0, pid=3147, tid=3176
#
# JRE version: OpenJDK Runtime Environment (10.0.2+13) (build 10.0.2+13-Ubuntu-1ubuntu0.18.04.4)
# Java VM: OpenJDK 64-Bit Server VM (10.0.2+13-Ubuntu-1ubuntu0.18.04.4, mixed mode, tiered, compressed oops, g1 gc, linux-amd64)
# Problematic frame:
# C  [libpthread.so.0+0x9fa0]  pthread_mutex_lock+0x0
#
# Core dump will be written. Default location: Core dumps may be processed with "/usr/share/apport/apport %p %s %c %d %P" (or dumping to /home/peter/NetBeansProjects/Linux_LibUsb_over_JNA/core.3147)
#
# If you would like to submit a bug report, please visit:
#   http://bugreport.java.com/bugreport/crash.jsp
# The crash happened outside the Java Virtual Machine in native code.
# See problematic frame for where to report the bug.
#

---------------  S U M M A R Y ------------

Command Line: com.humer.peter.jna_libusb_project.Main

Host: Intel(R) Celeron(R) CPU  N3060  @ 1.60GHz, 2 cores, 3G, Linux Mint 19 Tara
Time: Sat Nov  2 12:56:52 2019 CET elapsed time: 5 seconds (0d 0h 0m 5s)

---------------  T H R E A D  ---------------

Current thread (0x00007fe21446b800):  JavaThread "AWT-EventQueue-0" [_thread_in_native, id=3176, stack(0x00007fe1bc2bf000,0x00007fe1bc3c0000)]

Stack: [0x00007fe1bc2bf000,0x00007fe1bc3c0000],  sp=0x00007fe1bc3b9dd8,  free space=1003k
Native frames: (J=compiled Java code, A=aot compiled Java code, j=interpreted, Vv=VM code, C=native code)
C  [libpthread.so.0+0x9fa0]  pthread_mutex_lock+0x0

Java frames: (J=compiled Java code, j=interpreted, Vv=VM code)
j  com.sun.jna.Native.invokeVoid(Lcom/sun/jna/Function;JI[Ljava/lang/Object;)V+0
j  com.sun.jna.Function.invoke([Ljava/lang/Object;Ljava/lang/Class;ZI)Ljava/lang/Object;+42
j  com.sun.jna.Function.invoke(Ljava/lang/reflect/Method;[Ljava/lang/Class;Ljava/lang/Class;[Ljava/lang/Object;Ljava/util/Map;)Ljava/lang/Object;+271
j  com.sun.jna.Library$Handler.invoke(Ljava/lang/Object;Ljava/lang/reflect/Method;[Ljava/lang/Object;)Ljava/lang/Object;+390
j  com.sun.proxy.$Proxy0.libusb_free_device_list(Lcom/sun/jna/Pointer;Lcom/sun/jna/Pointer;I)V+27
j  se.marell.libusb.LibUsbSystem.visitUsbDevices(Lse/marell/libusb/UsbSystem$UsbDeviceVisitor;)Ljava/util/List;+262
j  com.humer.peter.jna_libusb_project.Main.usb_searchActionPerformed(Ljava/awt/event/ActionEvent;)V+34
j  com.humer.peter.jna_libusb_project.Main.access$000(Lcom/humer/peter/jna_libusb_project/Main;Ljava/awt/event/ActionEvent;)V+2
j  com.humer.peter.jna_libusb_project.Main$1.actionPerformed(Ljava/awt/event/ActionEvent;)V+5
j  javax.swing.AbstractButton.fireActionPerformed(Ljava/awt/event/ActionEvent;)V+83 java.desktop@10.0.2
j  javax.swing.AbstractButton$Handler.actionPerformed(Ljava/awt/event/ActionEvent;)V+5 java.desktop@10.0.2
j  javax.swing.DefaultButtonModel.fireActionPerformed(Ljava/awt/event/ActionEvent;)V+34 java.desktop@10.0.2
j  javax.swing.DefaultButtonModel.setPressed(Z)V+117 java.desktop@10.0.2
j  javax.swing.plaf.basic.BasicButtonListener.mouseReleased(Ljava/awt/event/MouseEvent;)V+35 java.desktop@10.0.2
j  java.awt.Component.processMouseEvent(Ljava/awt/event/MouseEvent;)V+64 java.desktop@10.0.2
j  javax.swing.JComponent.processMouseEvent(Ljava/awt/event/MouseEvent;)V+23 java.desktop@10.0.2
j  java.awt.Component.processEvent(Ljava/awt/AWTEvent;)V+81 java.desktop@10.0.2
j  java.awt.Container.processEvent(Ljava/awt/AWTEvent;)V+18 java.desktop@10.0.2
j  java.awt.Component.dispatchEventImpl(Ljava/awt/AWTEvent;)V+496 java.desktop@10.0.2
j  java.awt.Container.dispatchEventImpl(Ljava/awt/AWTEvent;)V+42 java.desktop@10.0.2
j  java.awt.Component.dispatchEvent(Ljava/awt/AWTEvent;)V+2 java.desktop@10.0.2
j  java.awt.LightweightDispatcher.retargetMouseEvent(Ljava/awt/Component;ILjava/awt/event/MouseEvent;)V+349 java.desktop@10.0.2
j  java.awt.LightweightDispatcher.processMouseEvent(Ljava/awt/event/MouseEvent;)Z+155 java.desktop@10.0.2
j  java.awt.LightweightDispatcher.dispatchEvent(Ljava/awt/AWTEvent;)Z+50 java.desktop@10.0.2
j  java.awt.Container.dispatchEventImpl(Ljava/awt/AWTEvent;)V+12 java.desktop@10.0.2
j  java.awt.Window.dispatchEventImpl(Ljava/awt/AWTEvent;)V+19 java.desktop@10.0.2
j  java.awt.Component.dispatchEvent(Ljava/awt/AWTEvent;)V+2 java.desktop@10.0.2
j  java.awt.EventQueue.dispatchEventImpl(Ljava/awt/AWTEvent;Ljava/lang/Object;)V+41 java.desktop@10.0.2
j  java.awt.EventQueue.access$600(Ljava/awt/EventQueue;Ljava/awt/AWTEvent;Ljava/lang/Object;)V+3 java.desktop@10.0.2
j  java.awt.EventQueue$4.run()Ljava/lang/Void;+32 java.desktop@10.0.2
j  java.awt.EventQueue$4.run()Ljava/lang/Object;+1 java.desktop@10.0.2
v  ~StubRoutines::call_stub
j  java.security.AccessController.doPrivileged(Ljava/security/PrivilegedAction;Ljava/security/AccessControlContext;)Ljava/lang/Object;+0 java.base@10.0.2
j  java.security.ProtectionDomain$JavaSecurityAccessImpl.doIntersectionPrivilege(Ljava/security/PrivilegedAction;Ljava/security/AccessControlContext;Ljava/security/AccessControlContext;)Ljava/lang/Object;+18 java.base@10.0.2
j  java.security.ProtectionDomain$JavaSecurityAccessImpl.doIntersectionPrivilege(Ljava/security/PrivilegedAction;Ljava/security/AccessControlContext;)Ljava/lang/Object;+6 java.base@10.0.2
j  java.awt.EventQueue$5.run()Ljava/lang/Void;+11 java.desktop@10.0.2
j  java.awt.EventQueue$5.run()Ljava/lang/Object;+1 java.desktop@10.0.2
v  ~StubRoutines::call_stub
j  java.security.AccessController.doPrivileged(Ljava/security/PrivilegedAction;Ljava/security/AccessControlContext;)Ljava/lang/Object;+0 java.base@10.0.2
j  java.security.ProtectionDomain$JavaSecurityAccessImpl.doIntersectionPrivilege(Ljava/security/PrivilegedAction;Ljava/security/AccessControlContext;Ljava/security/AccessControlContext;)Ljava/lang/Object;+18 java.base@10.0.2
j  java.awt.EventQueue.dispatchEvent(Ljava/awt/AWTEvent;)V+73 java.desktop@10.0.2
j  java.awt.EventDispatchThread.pumpOneEventForFilters(I)V+78 java.desktop@10.0.2
j  java.awt.EventDispatchThread.pumpEventsForFilter(ILjava/awt/Conditional;Ljava/awt/EventFilter;)V+35 java.desktop@10.0.2
j  java.awt.EventDispatchThread.pumpEventsForHierarchy(ILjava/awt/Conditional;Ljava/awt/Component;)V+11 java.desktop@10.0.2
j  java.awt.EventDispatchThread.pumpEvents(ILjava/awt/Conditional;)V+4 java.desktop@10.0.2
j  java.awt.EventDispatchThread.pumpEvents(Ljava/awt/Conditional;)V+3 java.desktop@10.0.2
j  java.awt.EventDispatchThread.run()V+9 java.desktop@10.0.2
v  ~StubRoutines::call_stub

siginfo: si_signo: 11 (SIGSEGV), si_code: 1 (SEGV_MAPERR), si_addr: 0x0000000000000011

Register to memory mapping:

RAX=0x00007fe21c7effa0: pthread_mutex_lock+0x0000000000000000 in /lib/x86_64-linux-gnu/libpthread.so.0 at 0x00007fe21c7e6000
RBX=0x0000000000000001 is an unknown value
RCX=0x00007fe1fc0d7fb1 is at entry_point+465 in (nmethod*)0x00007fe1fc0d7c10
RDX=0x0000000000000000 is an unknown value
RSP=0x00007fe1bc3b9dd8 is pointing into the stack for thread: 0x00007fe21446b800
RBP=0x00007fe1d8012c40 is an unknown value
RSI=0x00007fe1d810d660 is an unknown value
RDI=0x0000000000000001 is an unknown value
R8 =0x0000000000000008 is an unknown value
R9 =0x0000000000000008 is an unknown value
R10=0x00007fe1bc3b9d70 is pointing into the stack for thread: 0x00007fe21446b800
R11=0x00007fe1b76d2ad0: libusb_free_device_list+0x0000000000000000 in /usr/lib/x86_64-linux-gnu/libusb-1.0.so at 0x00007fe1b76ce000
R12=0x00007fe1bc3b9f70 is pointing into the stack for thread: 0x00007fe21446b800
R13=0x0000000000000004 is an unknown value
R14=0x0000000000000003 is an unknown value
R15=0x00007fe1bc3b9f40 is pointing into the stack for thread: 0x00007fe21446b800


Registers:
RAX=0x00007fe21c7effa0, RBX=0x0000000000000001, RCX=0x00007fe1fc0d7fb1, RDX=0x0000000000000000
RSP=0x00007fe1bc3b9dd8, RBP=0x00007fe1d8012c40, RSI=0x00007fe1d810d660, RDI=0x0000000000000001
R8 =0x0000000000000008, R9 =0x0000000000000008, R10=0x00007fe1bc3b9d70, R11=0x00007fe1b76d2ad0
R12=0x00007fe1bc3b9f70, R13=0x0000000000000004, R14=0x0000000000000003, R15=0x00007fe1bc3b9f40
RIP=0x00007fe21c7effa0, EFLAGS=0x0000000000010206, CSGSFS=0x002b000000000033, ERR=0x0000000000000004
  TRAPNO=0x000000000000000e

Top of Stack: (sp=0x00007fe1bc3b9dd8)
0x00007fe1bc3b9dd8:   00007fe1b76d2a33 00000000c78bb2b0
0x00007fe1bc3b9de8:   00007fe1d8012c50 00007fe1d8012c40
0x00007fe1bc3b9df8:   00007fe1b76d2af9 00007fe1fbb2e9c0
0x00007fe1bc3b9e08:   0000000000000018 00007fe1bc3b9e20 

Instructions: (pc=0x00007fe21c7effa0)
0x00007fe21c7eff80:   00 00 0f 05 64 48 c7 04 25 f0 02 00 00 00 00 00
0x00007fe21c7eff90:   00 b8 83 00 00 00 e9 a8 fb ff ff 0f 1f 44 00 00
0x00007fe21c7effa0:   8b 47 10 89 c2 81 e2 7f 01 00 00 90 83 e0 7c 0f
0x00007fe21c7effb0:   85 9b 00 00 00 48 83 ec 08 85 d2 49 89 f8 8b 77 


---------------  P R O C E S S  ---------------

Threads class SMR info:
_java_thread_list=0x00007fe1d80b23d0, length=15, elements={
0x00007fe2140e2000, 0x00007fe2140e4000, 0x00007fe2140f7800, 0x00007fe2140f9800,
0x00007fe2140fb800, 0x00007fe2140fd800, 0x00007fe21416a800, 0x00007fe214178800,
0x00007fe214327000, 0x00007fe21432a800, 0x00007fe214461000, 0x00007fe21446b800,
0x00007fe214011800, 0x00007fe1d8092000, 0x00007fe1d81da000
}

Java Threads: ( => current thread )
  0x00007fe2140e2000 JavaThread "Reference Handler" daemon [_thread_blocked, id=3161, stack(0x00007fe2183ce000,0x00007fe2184cf000)]
  0x00007fe2140e4000 JavaThread "Finalizer" daemon [_thread_blocked, id=3162, stack(0x00007fe2182cd000,0x00007fe2183ce000)]
  0x00007fe2140f7800 JavaThread "Signal Dispatcher" daemon [_thread_blocked, id=3163, stack(0x00007fe2181cc000,0x00007fe2182cd000)]
  0x00007fe2140f9800 JavaThread "C2 CompilerThread0" daemon [_thread_blocked, id=3164, stack(0x00007fe2180cb000,0x00007fe2181cc000)]
  0x00007fe2140fb800 JavaThread "C1 CompilerThread1" daemon [_thread_blocked, id=3165, stack(0x00007fe1f90ce000,0x00007fe1f91cf000)]
  0x00007fe2140fd800 JavaThread "Sweeper thread" daemon [_thread_blocked, id=3166, stack(0x00007fe1f8fcd000,0x00007fe1f90ce000)]
  0x00007fe21416a800 JavaThread "Service Thread" daemon [_thread_blocked, id=3167, stack(0x00007fe1f8ecc000,0x00007fe1f8fcd000)]
  0x00007fe214178800 JavaThread "Common-Cleaner" daemon [_thread_blocked, id=3169, stack(0x00007fe1f8cc9000,0x00007fe1f8dca000)]
  0x00007fe214327000 JavaThread "Java2D Disposer" daemon [_thread_blocked, id=3173, stack(0x00007fe1f8057000,0x00007fe1f8158000)]
  0x00007fe21432a800 JavaThread "AWT-XAWT" daemon [_thread_in_native, id=3174, stack(0x00007fe1bc8c1000,0x00007fe1bc9c2000)]
  0x00007fe214461000 JavaThread "AWT-Shutdown" [_thread_blocked, id=3175, stack(0x00007fe1bc3c0000,0x00007fe1bc4c1000)]
=>0x00007fe21446b800 JavaThread "AWT-EventQueue-0" [_thread_in_native, id=3176, stack(0x00007fe1bc2bf000,0x00007fe1bc3c0000)]
  0x00007fe214011800 JavaThread "DestroyJavaVM" [_thread_blocked, id=3148, stack(0x00007fe21d51a000,0x00007fe21d61b000)]
  0x00007fe1d8092000 JavaThread "TimerQueue" daemon [_thread_blocked, id=3177, stack(0x00007fe1b7eff000,0x00007fe1b8000000)]
  0x00007fe1d81da000 JavaThread "process reaper" daemon [_thread_blocked, id=3179, stack(0x00007fe1e8016000,0x00007fe1e8038000)]

Other Threads:
  0x00007fe2140d8800 VMThread "VM Thread" [stack: 0x00007fe2184d1000,0x00007fe2185d1000] [id=3160]
  0x00007fe21416c800 WatcherThread [stack: 0x00007fe1f8dcc000,0x00007fe1f8ecc000] [id=3168]
  0x00007fe214028000 GCTaskThread "GC Thread#0" [stack: 0x00007fe21965a000,0x00007fe21975a000] [id=3149]
  0x00007fe214029800 GCTaskThread "GC Thread#1" [stack: 0x00007fe219558000,0x00007fe219658000] [id=3151]
  0x00007fe214040000 ConcurrentGCThread "G1 Main Marker" [stack: 0x00007fe218cae000,0x00007fe218dae000] [id=3152]
  0x00007fe214042000 ConcurrentGCThread "G1 Conc#0" [stack: 0x00007fe218bac000,0x00007fe218cac000] [id=3155]
  0x00007fe214075000 ConcurrentGCThread "G1 Refine#0" [stack: 0x00007fe2188a8000,0x00007fe2189a8000] [id=3157]
  0x00007fe214077000 ConcurrentGCThread "G1 Refine#1" [stack: 0x00007fe2187a6000,0x00007fe2188a6000] [id=3158]
  0x00007fe214078800 ConcurrentGCThread "G1 Young RemSet Sampling" [stack: 0x00007fe2186a4000,0x00007fe2187a4000] [id=3159]

Threads with active compile tasks:

VM state:not at safepoint (normal execution)

VM Mutex/Monitor currently owned by a thread: None

Heap address: 0x00000000c3c00000, size: 964 MB, Compressed Oops mode: 32-bit
Narrow klass base: 0x0000000000000000, Narrow klass shift: 3
Compressed class space size: 1073741824 Address: 0x0000000100000000

Heap:
 garbage-first heap   total 63488K, used 5040K [0x00000000c3c00000, 0x0000000100000000)
  region size 1024K, 4 young (4096K), 2 survivors (2048K)
 Metaspace       used 21668K, capacity 22235K, committed 22524K, reserved 1069056K
  class space    used 2303K, capacity 2583K, committed 2636K, reserved 1048576K
Heap Regions: E=young(eden), S=young(survivor), O=old, HS=humongous(starts), HC=humongous(continues), CS=collection set, F=free, A=archive, TS=gc time stamp, AC=allocation context, TAMS=top-at-mark-start (previous, next)
|   0|0x00000000c3c00000, 0x00000000c3d00000, 0x00000000c3d00000|100%| O|  |TS  0|AC  0|TAMS 0x00000000c3d00000, 0x00000000c3d00000|
|   1|0x00000000c3d00000, 0x00000000c3dec000, 0x00000000c3e00000| 92%| O|  |TS  0|AC  0|TAMS 0x00000000c3dec000, 0x00000000c3dec000|
|   2|0x00000000c3e00000, 0x00000000c3e00000, 0x00000000c3f00000|  0%| F|  |TS  0|AC  0|TAMS 0x00000000c3e00000, 0x00000000c3e00000|
|   3|0x00000000c3f00000, 0x00000000c3f00000, 0x00000000c4000000|  0%| F|  |TS  0|AC  0|TAMS 0x00000000c3f00000, 0x00000000c3f00000|
|   4|0x00000000c4000000, 0x00000000c4000000, 0x00000000c4100000|  0%| F|  |TS  0|AC  0|TAMS 0x00000000c4000000, 0x00000000c4000000|
|   5|0x00000000c4100000, 0x00000000c4100000, 0x00000000c4200000|  0%| F|  |TS  0|AC  0|TAMS 0x00000000c4100000, 0x00000000c4100000|
|   6|0x00000000c4200000, 0x00000000c4200000, 0x00000000c4300000|  0%| F|  |TS  0|AC  0|TAMS 0x00000000c4200000, 0x00000000c4200000|
|   7|0x00000000c4300000, 0x00000000c4300000, 0x00000000c4400000|  0%| F|  |TS  0|AC  0|TAMS 0x00000000c4300000, 0x00000000c4300000|
|   8|0x00000000c4400000, 0x00000000c4400000, 0x00000000c4500000|  0%| F|  |TS  0|AC  0|TAMS 0x00000000c4400000, 0x00000000c4400000|
|   9|0x00000000c4500000, 0x00000000c4500000, 0x00000000c4600000|  0%| F|  |TS  0|AC  0|TAMS 0x00000000c4500000, 0x00000000c4500000|
|  10|0x00000000c4600000, 0x00000000c4600000, 0x00000000c4700000|  0%| F|  |TS  0|AC  0|TAMS 0x00000000c4600000, 0x00000000c4600000|
|  11|0x00000000c4700000, 0x00000000c4700000, 0x00000000c4800000|  0%| F|  |TS  0|AC  0|TAMS 0x00000000c4700000, 0x00000000c4700000|
|  12|0x00000000c4800000, 0x00000000c4800000, 0x00000000c4900000|  0%| F|  |TS  0|AC  0|TAMS 0x00000000c4800000, 0x00000000c4800000|
|  13|0x00000000c4900000, 0x00000000c4900000, 0x00000000c4a00000|  0%| F|  |TS  0|AC  0|TAMS 0x00000000c4900000, 0x00000000c4900000|
|  14|0x00000000c4a00000, 0x00000000c4a00000, 0x00000000c4b00000|  0%| F|  |TS  0|AC  0|TAMS 0x00000000c4a00000, 0x00000000c4a00000|
|  15|0x00000000c4b00000, 0x00000000c4b00000, 0x00000000c4c00000|  0%| F|  |TS  0|AC  0|TAMS 0x00000000c4b00000, 0x00000000c4b00000|
|  16|0x00000000c4c00000, 0x00000000c4c00000, 0x00000000c4d00000|  0%| F|  |TS  0|AC  0|TAMS 0x00000000c4c00000, 0x00000000c4c00000|
|  17|0x00000000c4d00000, 0x00000000c4d00000, 0x00000000c4e00000|  0%| F|  |TS  0|AC  0|TAMS 0x00000000c4d00000, 0x00000000c4d00000|
|  18|0x00000000c4e00000, 0x00000000c4e00000, 0x00000000c4f00000|  0%| F|  |TS  0|AC  0|TAMS 0x00000000c4e00000, 0x00000000c4e00000|
|  19|0x00000000c4f00000, 0x00000000c4f00000, 0x00000000c5000000|  0%| F|  |TS  0|AC  0|TAMS 0x00000000c4f00000, 0x00000000c4f00000|
|  20|0x00000000c5000000, 0x00000000c5000000, 0x00000000c5100000|  0%| F|  |TS  0|AC  0|TAMS 0x00000000c5000000, 0x00000000c5000000|
|  21|0x00000000c5100000, 0x00000000c5100000, 0x00000000c5200000|  0%| F|  |TS  0|AC  0|TAMS 0x00000000c5100000, 0x00000000c5100000|
|  22|0x00000000c5200000, 0x00000000c5200000, 0x00000000c5300000|  0%| F|  |TS  0|AC  0|TAMS 0x00000000c5200000, 0x00000000c5200000|
|  23|0x00000000c5300000, 0x00000000c5300000, 0x00000000c5400000|  0%| F|  |TS  0|AC  0|TAMS 0x00000000c5300000, 0x00000000c5300000|
|  24|0x00000000c5400000, 0x00000000c5400000, 0x00000000c5500000|  0%| F|  |TS  0|AC  0|TAMS 0x00000000c5400000, 0x00000000c5400000|
|  25|0x00000000c5500000, 0x00000000c5500000, 0x00000000c5600000|  0%| F|  |TS  0|AC  0|TAMS 0x00000000c5500000, 0x00000000c5500000|
|  26|0x00000000c5600000, 0x00000000c5600000, 0x00000000c5700000|  0%| F|  |TS  0|AC  0|TAMS 0x00000000c5600000, 0x00000000c5600000|
|  27|0x00000000c5700000, 0x00000000c5700000, 0x00000000c5800000|  0%| F|  |TS  0|AC  0|TAMS 0x00000000c5700000, 0x00000000c5700000|
|  28|0x00000000c5800000, 0x00000000c5800000, 0x00000000c5900000|  0%| F|  |TS  0|AC  0|TAMS 0x00000000c5800000, 0x00000000c5800000|
|  29|0x00000000c5900000, 0x00000000c5900000, 0x00000000c5a00000|  0%| F|  |TS  0|AC  0|TAMS 0x00000000c5900000, 0x00000000c5900000|
|  30|0x00000000c5a00000, 0x00000000c5a00000, 0x00000000c5b00000|  0%| F|  |TS  0|AC  0|TAMS 0x00000000c5a00000, 0x00000000c5a00000|
|  31|0x00000000c5b00000, 0x00000000c5b00000, 0x00000000c5c00000|  0%| F|  |TS  0|AC  0|TAMS 0x00000000c5b00000, 0x00000000c5b00000|
|  32|0x00000000c5c00000, 0x00000000c5c00000, 0x00000000c5d00000|  0%| F|  |TS  0|AC  0|TAMS 0x00000000c5c00000, 0x00000000c5c00000|
|  33|0x00000000c5d00000, 0x00000000c5d00000, 0x00000000c5e00000|  0%| F|  |TS  0|AC  0|TAMS 0x00000000c5d00000, 0x00000000c5d00000|
|  34|0x00000000c5e00000, 0x00000000c5e00000, 0x00000000c5f00000|  0%| F|  |TS  0|AC  0|TAMS 0x00000000c5e00000, 0x00000000c5e00000|
|  35|0x00000000c5f00000, 0x00000000c5f00000, 0x00000000c6000000|  0%| F|  |TS  0|AC  0|TAMS 0x00000000c5f00000, 0x00000000c5f00000|
|  36|0x00000000c6000000, 0x00000000c6000000, 0x00000000c6100000|  0%| F|  |TS  0|AC  0|TAMS 0x00000000c6000000, 0x00000000c6000000|
|  37|0x00000000c6100000, 0x00000000c6100000, 0x00000000c6200000|  0%| F|  |TS  0|AC  0|TAMS 0x00000000c6100000, 0x00000000c6100000|
|  38|0x00000000c6200000, 0x00000000c6200000, 0x00000000c6300000|  0%| F|  |TS  0|AC  0|TAMS 0x00000000c6200000, 0x00000000c6200000|
|  39|0x00000000c6300000, 0x00000000c6300000, 0x00000000c6400000|  0%| F|  |TS  0|AC  0|TAMS 0x00000000c6300000, 0x00000000c6300000|
|  40|0x00000000c6400000, 0x00000000c6400000, 0x00000000c6500000|  0%| F|  |TS  0|AC  0|TAMS 0x00000000c6400000, 0x00000000c6400000|
|  41|0x00000000c6500000, 0x00000000c6500000, 0x00000000c6600000|  0%| F|  |TS  0|AC  0|TAMS 0x00000000c6500000, 0x00000000c6500000|
|  42|0x00000000c6600000, 0x00000000c6600000, 0x00000000c6700000|  0%| F|  |TS  0|AC  0|TAMS 0x00000000c6600000, 0x00000000c6600000|
|  43|0x00000000c6700000, 0x00000000c6700000, 0x00000000c6800000|  0%| F|  |TS  0|AC  0|TAMS 0x00000000c6700000, 0x00000000c6700000|
|  44|0x00000000c6800000, 0x00000000c6800000, 0x00000000c6900000|  0%| F|  |TS  0|AC  0|TAMS 0x00000000c6800000, 0x00000000c6800000|
|  45|0x00000000c6900000, 0x00000000c6900000, 0x00000000c6a00000|  0%| F|  |TS  0|AC  0|TAMS 0x00000000c6900000, 0x00000000c6900000|
|  46|0x00000000c6a00000, 0x00000000c6a00000, 0x00000000c6b00000|  0%| F|  |TS  0|AC  0|TAMS 0x00000000c6a00000, 0x00000000c6a00000|
|  47|0x00000000c6b00000, 0x00000000c6b00000, 0x00000000c6c00000|  0%| F|  |TS  0|AC  0|TAMS 0x00000000c6b00000, 0x00000000c6b00000|
|  48|0x00000000c6c00000, 0x00000000c6c00000, 0x00000000c6d00000|  0%| F|  |TS  0|AC  0|TAMS 0x00000000c6c00000, 0x00000000c6c00000|
|  49|0x00000000c6d00000, 0x00000000c6d00000, 0x00000000c6e00000|  0%| F|  |TS  0|AC  0|TAMS 0x00000000c6d00000, 0x00000000c6d00000|
|  50|0x00000000c6e00000, 0x00000000c6e00000, 0x00000000c6f00000|  0%| F|  |TS  0|AC  0|TAMS 0x00000000c6e00000, 0x00000000c6e00000|
|  51|0x00000000c6f00000, 0x00000000c6f00000, 0x00000000c7000000|  0%| F|  |TS  0|AC  0|TAMS 0x00000000c6f00000, 0x00000000c6f00000|
|  52|0x00000000c7000000, 0x00000000c7100000, 0x00000000c7100000|100%| S|CS|TS  0|AC  0|TAMS 0x00000000c7000000, 0x00000000c7000000|
|  53|0x00000000c7100000, 0x00000000c7200000, 0x00000000c7200000|100%| S|CS|TS  0|AC  0|TAMS 0x00000000c7100000, 0x00000000c7100000|
|  54|0x00000000c7200000, 0x00000000c7200000, 0x00000000c7300000|  0%| F|  |TS  0|AC  0|TAMS 0x00000000c7200000, 0x00000000c7200000|
|  55|0x00000000c7300000, 0x00000000c7300000, 0x00000000c7400000|  0%| F|  |TS  0|AC  0|TAMS 0x00000000c7300000, 0x00000000c7300000|
|  56|0x00000000c7400000, 0x00000000c7400000, 0x00000000c7500000|  0%| F|  |TS  0|AC  0|TAMS 0x00000000c7400000, 0x00000000c7400000|
|  57|0x00000000c7500000, 0x00000000c7500000, 0x00000000c7600000|  0%| F|  |TS  0|AC  0|TAMS 0x00000000c7500000, 0x00000000c7500000|
|  58|0x00000000c7600000, 0x00000000c7600000, 0x00000000c7700000|  0%| F|  |TS  0|AC  0|TAMS 0x00000000c7600000, 0x00000000c7600000|
|  59|0x00000000c7700000, 0x00000000c7700000, 0x00000000c7800000|  0%| F|  |TS  0|AC  0|TAMS 0x00000000c7700000, 0x00000000c7700000|
|  60|0x00000000c7800000, 0x00000000c78d82e0, 0x00000000c7900000| 84%| E|  |TS  0|AC  0|TAMS 0x00000000c7800000, 0x00000000c7800000|
|  61|0x00000000c7900000, 0x00000000c7a00000, 0x00000000c7a00000|100%| E|CS|TS  0|AC  0|TAMS 0x00000000c7900000, 0x00000000c7900000|

Card table byte_map: [0x00007fe218f90000,0x00007fe219172000] byte_map_base: 0x00007fe218972000

Marking Bits (Prev, Next): (CMBitMap*) 0x00007fe21403f6f8, (CMBitMap*) 0x00007fe21403f6c0
 Prev Bits: [0x00007fe1f9d05000, 0x00007fe1fac15000)
 Next Bits: [0x00007fe1fac15000, 0x00007fe1fbb25000)

Polling page: 0x00007fe21d64a000

CodeHeap 'non-profiled nmethods': size=120036Kb used=588Kb max_used=588Kb free=119447Kb
 bounds [0x00007fe2035ec000, 0x00007fe20385c000, 0x00007fe20ab25000]
CodeHeap 'profiled nmethods': size=120032Kb used=2800Kb max_used=2800Kb free=117231Kb
 bounds [0x00007fe1fc0b4000, 0x00007fe1fc374000, 0x00007fe2035ec000]
CodeHeap 'non-nmethods': size=5692Kb used=1258Kb max_used=1270Kb free=4434Kb
 bounds [0x00007fe1fbb25000, 0x00007fe1fbd95000, 0x00007fe1fc0b4000]
 total_blobs=2486 nmethods=1510 adapters=620
 compilation: enabled

Compilation events (10 events):
Event: 5,608 Thread 0x00007fe2140fb800 nmethod 1505 0x00007fe1fc36db10 code [0x00007fe1fc36dd00, 0x00007fe1fc36e1d8]
Event: 5,609 Thread 0x00007fe2140fb800 1506       3       java.io.FileOutputStream::write (20 bytes)
Event: 5,610 Thread 0x00007fe2140fb800 nmethod 1506 0x00007fe1fc36e390 code [0x00007fe1fc36e560, 0x00007fe1fc36e788]
Event: 5,613 Thread 0x00007fe2140fb800 1508       3       java.nio.ByteBuffer::position (6 bytes)
Event: 5,614 Thread 0x00007fe2140fb800 nmethod 1508 0x00007fe1fc36e890 code [0x00007fe1fc36ea40, 0x00007fe1fc36ec48]
Event: 5,620 Thread 0x00007fe2140fb800 1509       3       java.util.regex.Matcher::end (67 bytes)
Event: 5,622 Thread 0x00007fe2140fb800 nmethod 1509 0x00007fe1fc36ed10 code [0x00007fe1fc36efa0, 0x00007fe1fc36fa48]
Event: 5,622 Thread 0x00007fe2140fb800 1510       1       java.util.Formatter::access$000 (5 bytes)
Event: 5,623 Thread 0x00007fe2140fb800 nmethod 1510 0x00007fe20367f010 code [0x00007fe20367f1c0, 0x00007fe20367f2b0]
Event: 5,623 Thread 0x00007fe2140fb800 1511       3       java.nio.charset.CoderResult::isOverflow (14 bytes)

GC Heap History (6 events):
Event: 1,777 GC heap before
{Heap before GC invocations=0 (full 0):
 garbage-first heap   total 63488K, used 7168K [0x00000000c3c00000, 0x0000000100000000)
  region size 1024K, 7 young (7168K), 0 survivors (0K)
 Metaspace       used 11510K, capacity 11836K, committed 12032K, reserved 1060864K
  class space    used 1084K, capacity 1266K, committed 1280K, reserved 1048576K
}
Event: 1,791 GC heap after
{Heap after GC invocations=1 (full 0):
 garbage-first heap   total 63488K, used 1754K [0x00000000c3c00000, 0x0000000100000000)
  region size 1024K, 1 young (1024K), 1 survivors (1024K)
 Metaspace       used 11510K, capacity 11836K, committed 12032K, reserved 1060864K
  class space    used 1084K, capacity 1266K, committed 1280K, reserved 1048576K
}
Event: 2,068 GC heap before
{Heap before GC invocations=1 (full 0):
 garbage-first heap   total 63488K, used 5850K [0x00000000c3c00000, 0x0000000100000000)
  region size 1024K, 5 young (5120K), 1 survivors (1024K)
 Metaspace       used 12205K, capacity 12625K, committed 12800K, reserved 1060864K
  class space    used 1187K, capacity 1428K, committed 1536K, reserved 1048576K
}
Event: 2,084 GC heap after
{Heap after GC invocations=2 (full 0):
 garbage-first heap   total 63488K, used 2491K [0x00000000c3c00000, 0x0000000100000000)
  region size 1024K, 1 young (1024K), 1 survivors (1024K)
 Metaspace       used 12205K, capacity 12625K, committed 12800K, reserved 1060864K
  class space    used 1187K, capacity 1428K, committed 1536K, reserved 1048576K
}
Event: 5,258 GC heap before
{Heap before GC invocations=2 (full 0):
 garbage-first heap   total 63488K, used 8635K [0x00000000c3c00000, 0x0000000100000000)
  region size 1024K, 8 young (8192K), 1 survivors (1024K)
 Metaspace       used 20591K, capacity 21076K, committed 21296K, reserved 1069056K
  class space    used 2172K, capacity 2430K, committed 2432K, reserved 1048576K
}
Event: 5,272 GC heap after
{Heap after GC invocations=3 (full 0):
 garbage-first heap   total 63488K, used 4016K [0x00000000c3c00000, 0x0000000100000000)
  region size 1024K, 2 young (2048K), 2 survivors (2048K)
 Metaspace       used 20591K, capacity 21076K, committed 21296K, reserved 1069056K
  class space    used 2172K, capacity 2430K, committed 2432K, reserved 1048576K
}

Deoptimization events (10 events):
Event: 4,927 Thread 0x00007fe21446b800 Uncommon trap: reason=class_check action=maybe_recompile pc=0x00007fe2036337dc method=java.util.Properties$LineReader.readLine()I @ 62 c2
Event: 4,927 Thread 0x00007fe21446b800 Uncommon trap: reason=unstable_if action=reinterpret pc=0x00007fe203633764 method=java.util.Properties$LineReader.readLine()I @ 206 c2
Event: 5,105 Thread 0x00007fe21446b800 Uncommon trap: reason=unstable_if action=reinterpret pc=0x00007fe20366aef4 method=java.lang.StringLatin1.replace([BCC)Ljava/lang/String; @ 19 c2
Event: 5,105 Thread 0x00007fe21446b800 Uncommon trap: reason=unstable_if action=reinterpret pc=0x00007fe203605974 method=java.lang.StringLatin1.replace([BCC)Ljava/lang/String; @ 19 c2
Event: 5,105 Thread 0x00007fe21446b800 Uncommon trap: reason=unstable_if action=reinterpret pc=0x00007fe203621698 method=jdk.internal.org.objectweb.asm.Type.getArgumentsAndReturnSizes(Ljava/lang/String;)I @ 88 c2
Event: 5,246 Thread 0x00007fe21446b800 Uncommon trap: reason=unstable_if action=reinterpret pc=0x00007fe2036688f4 method=java.lang.AbstractStringBuilder.append(Ljava/lang/String;)Ljava/lang/AbstractStringBuilder; @ 1 c2
Event: 5,324 Thread 0x00007fe21446b800 Uncommon trap: reason=unstable_if action=reinterpret pc=0x00007fe20362ec48 method=java.lang.invoke.InvokerBytecodeGenerator.isStaticallyNameable(Ljava/lang/Class;)Z @ 12 c2
Event: 5,324 Thread 0x00007fe21446b800 Uncommon trap: reason=unstable_if action=reinterpret pc=0x00007fe20361b388 method=jdk.internal.org.objectweb.asm.Frame.execute(IILjdk/internal/org/objectweb/asm/ClassWriter;Ljdk/internal/org/objectweb/asm/Item;)V @ 2219 c2
Event: 5,503 Thread 0x00007fe21446b800 Uncommon trap: reason=unstable_if action=reinterpret pc=0x00007fe2035f508c method=java.lang.String.isLatin1()Z @ 10 c2
Event: 5,509 Thread 0x00007fe21446b800 Uncommon trap: reason=unstable_if action=reinterpret pc=0x00007fe203620578 method=java.lang.String.isLatin1()Z @ 10 c2

Classes redefined (0 events):
No events

Internal exceptions (10 events):
Event: 5,085 Thread 0x00007fe21446b800 Exception <a 'java/lang/NoSuchMethodError'{0x00000000c7220e10}: java.lang.invoke.DirectMethodHandle$Holder.invokeStaticInit(Ljava/lang/Object;Ljava/lang/Object;JLjava/lang/Object;)Ljava/lang/Object;> (0x00000000c7220e10) thrown at [/build/openjdk-lts-Ae5P
Event: 5,087 Thread 0x00007fe21446b800 Exception <a 'java/lang/NoSuchMethodError'{0x00000000c7227098}: java.lang.invoke.DirectMethodHandle$Holder.invokeStatic(Ljava/lang/Object;Ljava/lang/Object;J)Ljava/lang/Object;> (0x00000000c7227098) thrown at [/build/openjdk-lts-Ae5PRQ/openjdk-lts-10.0.2+
Event: 5,100 Thread 0x00007fe21446b800 Exception <a 'java/lang/NoSuchMethodError'{0x00000000c722a920}: method resolution failed> (0x00000000c722a920) thrown at [/build/openjdk-lts-Ae5PRQ/openjdk-lts-10.0.2+13/src/hotspot/share/prims/methodHandles.cpp, line 1226]
Event: 5,106 Thread 0x00007fe21446b800 Exception <a 'java/lang/NoSuchMethodError'{0x00000000c7234780}: java.lang.invoke.DirectMethodHandle$Holder.invokeStatic(Ljava/lang/Object;Ljava/lang/Object;Ljava/lang/Object;I)Ljava/lang/Object;> (0x00000000c7234780) thrown at [/build/openjdk-lts-Ae5PRQ/o
Event: 5,123 Thread 0x00007fe21446b800 Exception <a 'java/lang/NoSuchMethodError'{0x00000000c72385d8}: java.lang.invoke.DirectMethodHandle$Holder.invokeSpecial(Ljava/lang/Object;Ljava/lang/Object;Ljava/lang/Object;Ljava/lang/Object;I)Ljava/lang/Object;> (0x00000000c72385d8) thrown at [/build/o
Event: 5,246 Thread 0x00007fe21446b800 Implicit null exception at 0x00007fe2036683f3 to 0x00007fe2036688de
Event: 5,278 Thread 0x00007fe21446b800 Exception <a 'java/lang/NoSuchMethodError'{0x00000000c7903d00}: method resolution failed> (0x00000000c7903d00) thrown at [/build/openjdk-lts-Ae5PRQ/openjdk-lts-10.0.2+13/src/hotspot/share/prims/methodHandles.cpp, line 1226]
Event: 5,305 Thread 0x00007fe21446b800 Exception <a 'java/lang/NoSuchMethodError'{0x00000000c7917ce8}: java.lang.invoke.DirectMethodHandle$Holder.invokeStatic(Ljava/lang/Object;Ljava/lang/Object;)I> (0x00000000c7917ce8) thrown at [/build/openjdk-lts-Ae5PRQ/openjdk-lts-10.0.2+13/src/hotspot/sha
Event: 5,317 Thread 0x00007fe21446b800 Exception <a 'java/lang/NoSuchMethodError'{0x00000000c7924ea0}: java.lang.Object.of([Ljava/lang/Object;)Ljava/util/stream/Stream;> (0x00000000c7924ea0) thrown at [/build/openjdk-lts-Ae5PRQ/openjdk-lts-10.0.2+13/src/hotspot/share/interpreter/linkResolver.c
Event: 5,471 Thread 0x00007fe21446b800 Exception <a 'java/lang/NoSuchMethodError'{0x00000000c7878110}: java.lang.Object.lambda$union$2(Ljava/util/regex/Pattern$CharPredicate;I)Z> (0x00000000c7878110) thrown at [/build/openjdk-lts-Ae5PRQ/openjdk-lts-10.0.2+13/src/hotspot/share/interpreter/linkR

Events (10 events):
Event: 5,506 loading class java/util/Formatter$Flags done
Event: 5,506 loading class java/util/Formatter$Conversion
Event: 5,506 loading class java/util/Formatter$Conversion done
Event: 5,506 loading class java/util/Formatter$FixedString
Event: 5,506 loading class java/util/Formatter$FixedString done
Event: 5,507 loading class java/util/Formattable
Event: 5,507 loading class java/util/Formattable done
Event: 5,509 Thread 0x00007fe21446b800 Uncommon trap: trap_request=0xffffff55 fr.pc=0x00007fe203620578 relative=0x0000000000000058
Event: 5,509 Thread 0x00007fe21446b800 DEOPT PACKING pc=0x00007fe203620578 sp=0x00007fe1bc3ba840
Event: 5,509 Thread 0x00007fe21446b800 DEOPT UNPACKING pc=0x00007fe1fbb4c39f sp=0x00007fe1bc3ba7f0 mode 2


Dynamic libraries:
c3c00000-c7a00000 rw-p 00000000 00:00 0 
c7a00000-100000000 ---p 00000000 00:00 0 
100000000-100293000 rw-p 00000000 00:00 0 
100293000-140000000 ---p 00000000 00:00 0 
55dcd8395000-55dcd8396000 r-xp 00000000 08:07 3281594                    /usr/lib/jvm/java-11-openjdk-amd64/bin/java
55dcd8596000-55dcd8597000 r--p 00001000 08:07 3281594                    /usr/lib/jvm/java-11-openjdk-amd64/bin/java
55dcd8597000-55dcd8598000 rw-p 00002000 08:07 3281594                    /usr/lib/jvm/java-11-openjdk-amd64/bin/java
55dcda424000-55dcda445000 rw-p 00000000 00:00 0                          [heap]
7fe1b6caf000-7fe1b6cb0000 ---p 00000000 00:00 0 
7fe1b6cb0000-7fe1b74b0000 rw-p 00000000 00:00 0 
7fe1b74b0000-7fe1b74cd000 r-xp 00000000 08:07 1973216                    /lib/x86_64-linux-gnu/libudev.so.1.6.9
7fe1b74cd000-7fe1b76cc000 ---p 0001d000 08:07 1973216                    /lib/x86_64-linux-gnu/libudev.so.1.6.9
7fe1b76cc000-7fe1b76cd000 r--p 0001c000 08:07 1973216                    /lib/x86_64-linux-gnu/libudev.so.1.6.9
7fe1b76cd000-7fe1b76ce000 rw-p 0001d000 08:07 1973216                    /lib/x86_64-linux-gnu/libudev.so.1.6.9
7fe1b76ce000-7fe1b76e5000 r-xp 00000000 08:07 1970999                    /lib/x86_64-linux-gnu/libusb-1.0.so.0.1.0
7fe1b76e5000-7fe1b78e4000 ---p 00017000 08:07 1970999                    /lib/x86_64-linux-gnu/libusb-1.0.so.0.1.0
7fe1b78e4000-7fe1b78e5000 r--p 00016000 08:07 1970999                    /lib/x86_64-linux-gnu/libusb-1.0.so.0.1.0
7fe1b78e5000-7fe1b78e6000 rw-p 00017000 08:07 1970999                    /lib/x86_64-linux-gnu/libusb-1.0.so.0.1.0
7fe1b78e6000-7fe1b7a52000 rw-p 00000000 00:00 0 
7fe1b7a52000-7fe1b7ae6000 ---p 00000000 00:00 0 
7fe1b7ae6000-7fe1b7afe000 r-xp 00000000 08:07 7816175                    /home/peter/.cache/JNA/temp/jna5957581067684379787.tmp (deleted)
7fe1b7afe000-7fe1b7cfe000 ---p 00018000 08:07 7816175                    /home/peter/.cache/JNA/temp/jna5957581067684379787.tmp (deleted)
7fe1b7cfe000-7fe1b7cff000 rw-p 00018000 08:07 7816175                    /home/peter/.cache/JNA/temp/jna5957581067684379787.tmp (deleted)
7fe1b7cff000-7fe1b7eff000 rw-p 00000000 00:00 0 
7fe1b7eff000-7fe1b7f03000 ---p 00000000 00:00 0 
7fe1b7f03000-7fe1b8000000 rw-p 00000000 00:00 0 
7fe1b8000000-7fe1b8021000 rw-p 00000000 00:00 0 
7fe1b8021000-7fe1bc000000 ---p 00000000 00:00 0 
7fe1bc0bf000-7fe1bc2bf000 rw-p 00000000 00:00 0 
7fe1bc2bf000-7fe1bc2c3000 ---p 00000000 00:00 0 
7fe1bc2c3000-7fe1bc3c0000 rw-p 00000000 00:00 0 
7fe1bc3c0000-7fe1bc3c4000 ---p 00000000 00:00 0 
7fe1bc3c4000-7fe1bc6c1000 rw-p 00000000 00:00 0 
7fe1bc6c1000-7fe1bc8c1000 rw-p 00000000 00:00 0 
7fe1bc8c1000-7fe1bc8c5000 ---p 00000000 00:00 0 
7fe1bc8c5000-7fe1bc9c2000 rw-p 00000000 00:00 0 
7fe1bc9c2000-7fe1bc9c7000 r-xp 00000000 08:07 3284531                    /usr/lib/x86_64-linux-gnu/libXfixes.so.3.1.0
7fe1bc9c7000-7fe1bcbc6000 ---p 00005000 08:07 3284531                    /usr/lib/x86_64-linux-gnu/libXfixes.so.3.1.0
7fe1bcbc6000-7fe1bcbc7000 r--p 00004000 08:07 3284531                    /usr/lib/x86_64-linux-gnu/libXfixes.so.3.1.0
7fe1bcbc7000-7fe1bcbc8000 rw-p 00005000 08:07 3284531                    /usr/lib/x86_64-linux-gnu/libXfixes.so.3.1.0
7fe1bcbc8000-7fe1bcbd1000 r-xp 00000000 08:07 3284523                    /usr/lib/x86_64-linux-gnu/libXcursor.so.1.0.2
7fe1bcbd1000-7fe1bcdd0000 ---p 00009000 08:07 3284523                    /usr/lib/x86_64-linux-gnu/libXcursor.so.1.0.2
7fe1bcdd0000-7fe1bcdd1000 r--p 00008000 08:07 3284523                    /usr/lib/x86_64-linux-gnu/libXcursor.so.1.0.2
7fe1bcdd1000-7fe1bcdd2000 rw-p 00009000 08:07 3284523                    /usr/lib/x86_64-linux-gnu/libXcursor.so.1.0.2
7fe1bcdd2000-7fe1bcdd3000 ---p 00000000 00:00 0 
7fe1bcdd3000-7fe1bd5d3000 rw-p 00000000 00:00 0 
7fe1bd5d3000-7fe1bd5d4000 ---p 00000000 00:00 0 
7fe1bd5d4000-7fe1bddd4000 rw-p 00000000 00:00 0 
7fe1bddd4000-7fe1bddd5000 ---p 00000000 00:00 0 
7fe1bddd5000-7fe1be5d5000 rw-p 00000000 00:00 0 
7fe1be5d5000-7fe1be5e1000 r-xp 00000000 08:07 3671758                    /usr/lib/x86_64-linux-gnu/gio/modules/libdconfsettings.so
7fe1be5e1000-7fe1be7e0000 ---p 0000c000 08:07 3671758                    /usr/lib/x86_64-linux-gnu/gio/modules/libdconfsettings.so
7fe1be7e0000-7fe1be7e1000 r--p 0000b000 08:07 3671758                    /usr/lib/x86_64-linux-gnu/gio/modules/libdconfsettings.so
7fe1be7e1000-7fe1be7e2000 rw-p 0000c000 08:07 3671758                    /usr/lib/x86_64-linux-gnu/gio/modules/libdconfsettings.so
7fe1be7e2000-7fe1be7e8000 r-xp 00000000 08:07 1979063                    /lib/x86_64-linux-gnu/libuuid.so.1.3.0
7fe1be7e8000-7fe1be9e7000 ---p 00006000 08:07 1979063                    /lib/x86_64-linux-gnu/libuuid.so.1.3.0
7fe1be9e7000-7fe1be9e8000 r--p 00005000 08:07 1979063                    /lib/x86_64-linux-gnu/libuuid.so.1.3.0
7fe1be9e8000-7fe1be9e9000 rw-p 00006000 08:07 1979063                    /lib/x86_64-linux-gnu/libuuid.so.1.3.0
7fe1be9e9000-7fe1bea30000 r-xp 00000000 08:07 1971002                    /lib/x86_64-linux-gnu/libblkid.so.1.1.0
7fe1bea30000-7fe1bec30000 ---p 00047000 08:07 1971002                    /lib/x86_64-linux-gnu/libblkid.so.1.1.0
7fe1bec30000-7fe1bec34000 r--p 00047000 08:07 1971002                    /lib/x86_64-linux-gnu/libblkid.so.1.1.0
7fe1bec34000-7fe1bec35000 rw-p 0004b000 08:07 1971002                    /lib/x86_64-linux-gnu/libblkid.so.1.1.0
7fe1bec35000-7fe1bec36000 rw-p 00000000 00:00 0 
7fe1bec36000-7fe1beca6000 r-xp 00000000 08:07 1970955                    /lib/x86_64-linux-gnu/libpcre.so.3.13.3
7fe1beca6000-7fe1beea6000 ---p 00070000 08:07 1970955                    /lib/x86_64-linux-gnu/libpcre.so.3.13.3
7fe1beea6000-7fe1beea7000 r--p 00070000 08:07 1970955                    /lib/x86_64-linux-gnu/libpcre.so.3.13.3
7fe1beea7000-7fe1beea8000 rw-p 00071000 08:07 1970955                    /lib/x86_64-linux-gnu/libpcre.so.3.13.3
7fe1beea8000-7fe1beeaf000 r-xp 00000000 08:07 3284907                    /usr/lib/x86_64-linux-gnu/libffi.so.6.0.4
7fe1beeaf000-7fe1bf0ae000 ---p 00007000 08:07 3284907                    /usr/lib/x86_64-linux-gnu/libffi.so.6.0.4
7fe1bf0ae000-7fe1bf0af000 r--p 00006000 08:07 3284907                    /usr/lib/x86_64-linux-gnu/libffi.so.6.0.4
7fe1bf0af000-7fe1bf0b0000 rw-p 00007000 08:07 3284907                    /usr/lib/x86_64-linux-gnu/libffi.so.6.0.4
7fe1bf0b0000-7fe1bf101000 r-xp 00000000 08:07 1970866                    /lib/x86_64-linux-gnu/libmount.so.1.1.0
7fe1bf101000-7fe1bf300000 ---p 00051000 08:07 1970866                    /lib/x86_64-linux-gnu/libmount.so.1.1.0
7fe1bf300000-7fe1bf302000 r--p 00050000 08:07 1970866                    /lib/x86_64-linux-gnu/libmount.so.1.1.0
7fe1bf302000-7fe1bf303000 rw-p 00052000 08:07 1970866                    /lib/x86_64-linux-gnu/libmount.so.1.1.0
7fe1bf303000-7fe1bf304000 rw-p 00000000 00:00 0 
7fe1bf304000-7fe1bf31b000 r-xp 00000000 08:07 1970972                    /lib/x86_64-linux-gnu/libresolv-2.27.so
7fe1bf31b000-7fe1bf51b000 ---p 00017000 08:07 1970972                    /lib/x86_64-linux-gnu/libresolv-2.27.so
7fe1bf51b000-7fe1bf51c000 r--p 00017000 08:07 1970972                    /lib/x86_64-linux-gnu/libresolv-2.27.so
7fe1bf51c000-7fe1bf51d000 rw-p 00018000 08:07 1970972                    /lib/x86_64-linux-gnu/libresolv-2.27.so
7fe1bf51d000-7fe1bf51f000 rw-p 00000000 00:00 0 
7fe1bf51f000-7fe1bf544000 r-xp 00000000 08:07 1970978                    /lib/x86_64-linux-gnu/libselinux.so.1
7fe1bf544000-7fe1bf743000 ---p 00025000 08:07 1970978                    /lib/x86_64-linux-gnu/libselinux.so.1
7fe1bf743000-7fe1bf744000 r--p 00024000 08:07 1970978                    /lib/x86_64-linux-gnu/libselinux.so.1
7fe1bf744000-7fe1bf745000 rw-p 00025000 08:07 1970978                    /lib/x86_64-linux-gnu/libselinux.so.1
7fe1bf745000-7fe1bf747000 rw-p 00000000 00:00 0 
7fe1bf747000-7fe1bf85a000 r-xp 00000000 08:07 3277285                    /usr/lib/x86_64-linux-gnu/libglib-2.0.so.0.5600.3
7fe1bf85a000-7fe1bfa5a000 ---p 00113000 08:07 3277285                    /usr/lib/x86_64-linux-gnu/libglib-2.0.so.0.5600.3
7fe1bfa5a000-7fe1bfa5b000 r--p 00113000 08:07 3277285                    /usr/lib/x86_64-linux-gnu/libglib-2.0.so.0.5600.3
7fe1bfa5b000-7fe1bfa5c000 rw-p 00114000 08:07 3277285                    /usr/lib/x86_64-linux-gnu/libglib-2.0.so.0.5600.3
7fe1bfa5c000-7fe1bfa5d000 rw-p 00000000 00:00 0 
7fe1bfa5d000-7fe1bfa60000 r-xp 00000000 08:07 3277315                    /usr/lib/x86_64-linux-gnu/libgmodule-2.0.so.0.5600.3
7fe1bfa60000-7fe1bfc5f000 ---p 00003000 08:07 3277315                    /usr/lib/x86_64-linux-gnu/libgmodule-2.0.so.0.5600.3
7fe1bfc5f000-7fe1bfc60000 r--p 00002000 08:07 3277315                    /usr/lib/x86_64-linux-gnu/libgmodule-2.0.so.0.5600.3
7fe1bfc60000-7fe1bfc61000 rw-p 00003000 08:07 3277315                    /usr/lib/x86_64-linux-gnu/libgmodule-2.0.so.0.5600.3
7fe1bfc61000-7fe1bfdf6000 r-xp 00000000 08:07 3277258                    /usr/lib/x86_64-linux-gnu/libgio-2.0.so.0.5600.3
7fe1bfdf6000-7fe1bfff6000 ---p 00195000 08:07 3277258                    /usr/lib/x86_64-linux-gnu/libgio-2.0.so.0.5600.3
7fe1bfff6000-7fe1bfffd000 r--p 00195000 08:07 3277258                    /usr/lib/x86_64-linux-gnu/libgio-2.0.so.0.5600.3
7fe1bfffd000-7fe1bfffe000 rw-p 0019c000 08:07 3277258                    /usr/lib/x86_64-linux-gnu/libgio-2.0.so.0.5600.3
7fe1bfffe000-7fe1c0000000 rw-p 00000000 00:00 0 
7fe1c0000000-7fe1c0daa000 rw-p 00000000 00:00 0 
7fe1c0daa000-7fe1c4000000 ---p 00000000 00:00 0 
7fe1c4000000-7fe1c44b9000 rw-p 00000000 00:00 0 
7fe1c44b9000-7fe1c8000000 ---p 00000000 00:00 0 
7fe1c8000000-7fe1c8021000 rw-p 00000000 00:00 0 
7fe1c8021000-7fe1cc000000 ---p 00000000 00:00 0 
7fe1cc000000-7fe1cc021000 rw-p 00000000 00:00 0 
7fe1cc021000-7fe1d0000000 ---p 00000000 00:00 0 
7fe1d0000000-7fe1d0021000 rw-p 00000000 00:00 0 
7fe1d0021000-7fe1d4000000 ---p 00000000 00:00 0 
7fe1d4000000-7fe1d4021000 rw-p 00000000 00:00 0 
7fe1d4021000-7fe1d8000000 ---p 00000000 00:00 0 
7fe1d8000000-7fe1d828a000 rw-p 00000000 00:00 0 
7fe1d828a000-7fe1dc000000 ---p 00000000 00:00 0 
7fe1dc000000-7fe1dc021000 rw-p 00000000 00:00 0 
7fe1dc021000-7fe1e0000000 ---p 00000000 00:00 0 
7fe1e0000000-7fe1e0021000 rw-p 00000000 00:00 0 
7fe1e0021000-7fe1e4000000 ---p 00000000 00:00 0 
7fe1e4000000-7fe1e4021000 rw-p 00000000 00:00 0 
7fe1e4021000-7fe1e8000000 ---p 00000000 00:00 0 
7fe1e8016000-7fe1e801a000 ---p 00000000 00:00 0 
7fe1e801a000-7fe1e8038000 rw-p 00000000 00:00 0 
7fe1e8038000-7fe1e8084000 r--s 00000000 08:07 789900                     /var/cache/fontconfig/0bd3dc0958fa2205aaaa8ebb13e2872b-le64.cache-7
7fe1e8084000-7fe1e80d6000 r-xp 00000000 08:07 3277316                    /usr/lib/x86_64-linux-gnu/libgobject-2.0.so.0.5600.3
7fe1e80d6000-7fe1e82d6000 ---p 00052000 08:07 3277316                    /usr/lib/x86_64-linux-gnu/libgobject-2.0.so.0.5600.3
7fe1e82d6000-7fe1e82d7000 r--p 00052000 08:07 3277316                    /usr/lib/x86_64-linux-gnu/libgobject-2.0.so.0.5600.3
7fe1e82d7000-7fe1e82d8000 rw-p 00053000 08:07 3277316                    /usr/lib/x86_64-linux-gnu/libgobject-2.0.so.0.5600.3
7fe1e82d8000-7fe1e82e2000 r-xp 00000000 08:07 3284547                    /usr/lib/x86_64-linux-gnu/libXrandr.so.2.2.0
7fe1e82e2000-7fe1e84e1000 ---p 0000a000 08:07 3284547                    /usr/lib/x86_64-linux-gnu/libXrandr.so.2.2.0
7fe1e84e1000-7fe1e84e2000 r--p 00009000 08:07 3284547                    /usr/lib/x86_64-linux-gnu/libXrandr.so.2.2.0
7fe1e84e2000-7fe1e84e3000 rw-p 0000a000 08:07 3284547                    /usr/lib/x86_64-linux-gnu/libXrandr.so.2.2.0
7fe1e84e3000-7fe1e8514000 r-xp 00000000 08:07 3285257                    /usr/lib/x86_64-linux-gnu/libpng16.so.16.34.0
7fe1e8514000-7fe1e8713000 ---p 00031000 08:07 3285257                    /usr/lib/x86_64-linux-gnu/libpng16.so.16.34.0
7fe1e8713000-7fe1e8714000 r--p 00030000 08:07 3285257                    /usr/lib/x86_64-linux-gnu/libpng16.so.16.34.0
7fe1e8714000-7fe1e8715000 rw-p 00031000 08:07 3285257                    /usr/lib/x86_64-linux-gnu/libpng16.so.16.34.0
7fe1e8715000-7fe1e87c2000 r-xp 00000000 08:07 3284937                    /usr/lib/x86_64-linux-gnu/libfreetype.so.6.15.0
7fe1e87c2000-7fe1e89c1000 ---p 000ad000 08:07 3284937                    /usr/lib/x86_64-linux-gnu/libfreetype.so.6.15.0
7fe1e89c1000-7fe1e89c8000 r--p 000ac000 08:07 3284937                    /usr/lib/x86_64-linux-gnu/libfreetype.so.6.15.0
7fe1e89c8000-7fe1e89c9000 rw-p 000b3000 08:07 3284937                    /usr/lib/x86_64-linux-gnu/libfreetype.so.6.15.0
7fe1e89c9000-7fe1e8a5e000 r-xp 00000000 08:07 3281657                    /usr/lib/jvm/java-11-openjdk-amd64/lib/libfontmanager.so
7fe1e8a5e000-7fe1e8c5e000 ---p 00095000 08:07 3281657                    /usr/lib/jvm/java-11-openjdk-amd64/lib/libfontmanager.so
7fe1e8c5e000-7fe1e8c5f000 r--p 00095000 08:07 3281657                    /usr/lib/jvm/java-11-openjdk-amd64/lib/libfontmanager.so
7fe1e8c5f000-7fe1e8c60000 rw-p 00096000 08:07 3281657                    /usr/lib/jvm/java-11-openjdk-amd64/lib/libfontmanager.so
7fe1e8c60000-7fe1e8e61000 rw-p 00000000 00:00 0 
7fe1e8e61000-7fe1e8e74000 r-xp 00000000 08:07 1970829                    /lib/x86_64-linux-gnu/libbsd.so.0.8.7
7fe1e8e74000-7fe1e9073000 ---p 00013000 08:07 1970829                    /lib/x86_64-linux-gnu/libbsd.so.0.8.7
7fe1e9073000-7fe1e9074000 r--p 00012000 08:07 1970829                    /lib/x86_64-linux-gnu/libbsd.so.0.8.7
7fe1e9074000-7fe1e9075000 rw-p 00013000 08:07 1970829                    /lib/x86_64-linux-gnu/libbsd.so.0.8.7
7fe1e9075000-7fe1e9076000 rw-p 00000000 00:00 0 
7fe1e9076000-7fe1e907b000 r-xp 00000000 08:07 3284527                    /usr/lib/x86_64-linux-gnu/libXdmcp.so.6.0.0
7fe1e907b000-7fe1e927a000 ---p 00005000 08:07 3284527                    /usr/lib/x86_64-linux-gnu/libXdmcp.so.6.0.0
7fe1e927a000-7fe1e927b000 r--p 00004000 08:07 3284527                    /usr/lib/x86_64-linux-gnu/libXdmcp.so.6.0.0
7fe1e927b000-7fe1e927c000 rw-p 00005000 08:07 3284527                    /usr/lib/x86_64-linux-gnu/libXdmcp.so.6.0.0
7fe1e927c000-7fe1e927e000 r-xp 00000000 08:07 3284516                    /usr/lib/x86_64-linux-gnu/libXau.so.6.0.0
7fe1e927e000-7fe1e947e000 ---p 00002000 08:07 3284516                    /usr/lib/x86_64-linux-gnu/libXau.so.6.0.0
7fe1e947e000-7fe1e947f000 r--p 00002000 08:07 3284516                    /usr/lib/x86_64-linux-gnu/libXau.so.6.0.0
7fe1e947f000-7fe1e9480000 rw-p 00003000 08:07 3284516                    /usr/lib/x86_64-linux-gnu/libXau.so.6.0.0
7fe1e9480000-7fe1e94a6000 r-xp 00000000 08:07 3285855                    /usr/lib/x86_64-linux-gnu/libxcb.so.1.1.0
7fe1e94a6000-7fe1e96a6000 ---p 00026000 08:07 3285855                    /usr/lib/x86_64-linux-gnu/libxcb.so.1.1.0
7fe1e96a6000-7fe1e96a7000 r--p 00026000 08:07 3285855                    /usr/lib/x86_64-linux-gnu/libxcb.so.1.1.0
7fe1e96a7000-7fe1e96a8000 rw-p 00027000 08:07 3285855                    /usr/lib/x86_64-linux-gnu/libxcb.so.1.1.0
7fe1e96a8000-7fe1e96b7000 r-xp 00000000 08:07 3284537                    /usr/lib/x86_64-linux-gnu/libXi.so.6.1.0
7fe1e96b7000-7fe1e98b6000 ---p 0000f000 08:07 3284537                    /usr/lib/x86_64-linux-gnu/libXi.so.6.1.0
7fe1e98b6000-7fe1e98b7000 r--p 0000e000 08:07 3284537                    /usr/lib/x86_64-linux-gnu/libXi.so.6.1.0
7fe1e98b7000-7fe1e98b8000 rw-p 0000f000 08:07 3284537                    /usr/lib/x86_64-linux-gnu/libXi.so.6.1.0
7fe1e98b8000-7fe1e98bd000 r-xp 00000000 08:07 3284555                    /usr/lib/x86_64-linux-gnu/libXtst.so.6.1.0
7fe1e98bd000-7fe1e9abc000 ---p 00005000 08:07 3284555                    /usr/lib/x86_64-linux-gnu/libXtst.so.6.1.0
7fe1e9abc000-7fe1e9abd000 r--p 00004000 08:07 3284555                    /usr/lib/x86_64-linux-gnu/libXtst.so.6.1.0
7fe1e9abd000-7fe1e9abe000 rw-p 00005000 08:07 3284555                    /usr/lib/x86_64-linux-gnu/libXtst.so.6.1.0
7fe1e9abe000-7fe1e9ac7000 r-xp 00000000 08:07 3284549                    /usr/lib/x86_64-linux-gnu/libXrender.so.1.3.0
7fe1e9ac7000-7fe1e9cc6000 ---p 00009000 08:07 3284549                    /usr/lib/x86_64-linux-gnu/libXrender.so.1.3.0
7fe1e9cc6000-7fe1e9cc7000 r--p 00008000 08:07 3284549                    /usr/lib/x86_64-linux-gnu/libXrender.so.1.3.0
7fe1e9cc7000-7fe1e9cc8000 rw-p 00009000 08:07 3284549                    /usr/lib/x86_64-linux-gnu/libXrender.so.1.3.0
7fe1e9cc8000-7fe1e9dfb000 r-xp 00000000 08:07 3276918                    /usr/lib/x86_64-linux-gnu/libX11.so.6.3.0
7fe1e9dfb000-7fe1e9ffb000 ---p 00133000 08:07 3276918                    /usr/lib/x86_64-linux-gnu/libX11.so.6.3.0
7fe1e9ffb000-7fe1e9ffc000 r--p 00133000 08:07 3276918                    /usr/lib/x86_64-linux-gnu/libX11.so.6.3.0
7fe1e9ffc000-7fe1ea000000 rw-p 00134000 08:07 3276918                    /usr/lib/x86_64-linux-gnu/libX11.so.6.3.0
7fe1ea000000-7fe1ec000000 rw-p 00000000 00:00 0 
7fe1ec000000-7fe1ec021000 rw-p 00000000 00:00 0 
7fe1ec021000-7fe1f0000000 ---p 00000000 00:00 0 
7fe1f0000000-7fe1f0021000 rw-p 00000000 00:00 0 
7fe1f0021000-7fe1f4000000 ---p 00000000 00:00 0 
7fe1f4000000-7fe1f4021000 rw-p 00000000 00:00 0 
7fe1f4021000-7fe1f8000000 ---p 00000000 00:00 0 
7fe1f8001000-7fe1f800c000 r--s 00000000 08:07 786527                     /var/cache/fontconfig/945677eb7aeaf62f1d50efc3fb3ec7d8-le64.cache-7
7fe1f800c000-7fe1f800e000 r--s 00000000 08:07 786529                     /var/cache/fontconfig/99e8ed0e538f840c565b6ed5dad60d56-le64.cache-7
7fe1f800e000-7fe1f8013000 r--s 00000000 08:07 786496                     /var/cache/fontconfig/2300eef321c393bfd76478a5c0e95b23-le64.cache-7
7fe1f8013000-7fe1f8014000 r--s 00000000 08:07 786490                     /var/cache/fontconfig/0d8c3b2ac0904cb8a57a757ad11a4a08-le64.cache-7
7fe1f8014000-7fe1f8029000 r--s 00000000 08:07 786487                     /var/cache/fontconfig/04aabc0a78ac019cf9454389977116d2-le64.cache-7
7fe1f8029000-7fe1f802a000 r--s 00000000 08:07 786494                     /var/cache/fontconfig/1ac9eb803944fde146138c791f5cc56a-le64.cache-7
7fe1f802a000-7fe1f802e000 r--s 00000000 08:07 786502                     /var/cache/fontconfig/385c0604a188198f04d133e54aba7fe7-le64.cache-7
7fe1f802e000-7fe1f802f000 r--s 00000000 08:07 786548                     /var/cache/fontconfig/dc05db6664285cc2f12bf69c139ae4c3-le64.cache-7
7fe1f802f000-7fe1f8031000 r--s 00000000 08:07 786491                     /var/cache/fontconfig/14a5e22175779b556eaa434240950366-le64.cache-7
7fe1f8031000-7fe1f8032000 r--s 00000000 08:07 786518                     /var/cache/fontconfig/660208299946a285a940457d1287da33-le64.cache-7
7fe1f8032000-7fe1f8034000 r--s 00000000 08:07 786509                     /var/cache/fontconfig/4f3e3037c9980c83b53a9351efadef62-le64.cache-7
7fe1f8034000-7fe1f8036000 r--s 00000000 08:07 786523                     /var/cache/fontconfig/767a8244fc0220cfb567a839d0392e0b-le64.cache-7
7fe1f8036000-7fe1f8037000 r--s 00000000 08:07 789903                     /var/cache/fontconfig/4794a0821666d79190d59a36cb4f44b5-le64.cache-7
7fe1f8037000-7fe1f803e000 r--s 00000000 08:07 786526                     /var/cache/fontconfig/8801497958630a81b71ace7c5f9b32a8-le64.cache-7
7fe1f803e000-7fe1f8043000 r--s 00000000 08:07 786549                     /var/cache/fontconfig/def309198bfa603429122923fa2bb2d4-le64.cache-7
7fe1f8043000-7fe1f8044000 r--s 00000000 08:07 786536                     /var/cache/fontconfig/b872e6e592da6075ffa4ab0a1fcc0c75-le64.cache-7
7fe1f8044000-7fe1f8045000 r--s 00000000 08:07 786554                     /var/cache/fontconfig/f6d4eedfaab2589bde49f7a3ff831d22-le64.cache-7
7fe1f8045000-7fe1f8046000 r--s 00000000 08:07 786516                     /var/cache/fontconfig/589f83ef4c36d296ce6e1c846f468f08-le64.cache-7
7fe1f8046000-7fe1f8047000 r--s 00000000 08:07 786538                     /var/cache/fontconfig/bab58bb527bb656aaa9f116d68a48d89-le64.cache-7
7fe1f8047000-7fe1f8048000 r--s 00000000 08:07 786495                     /var/cache/fontconfig/2171a34dccabdb6bcbbc728186263178-le64.cache-7
7fe1f8048000-7fe1f8049000 r--s 00000000 08:07 786539                     /var/cache/fontconfig/c5c45a61289222e0d30b1a26ef4effbe-le64.cache-7
7fe1f8049000-7fe1f804a000 r--s 00000000 08:07 786534                     /var/cache/fontconfig/aec30016f93e1b46d1a973dce0d74068-le64.cache-7
7fe1f804a000-7fe1f804b000 r--s 00000000 08:07 786503                     /var/cache/fontconfig/3f589640d34b7dc9042c8d453f7c8b9c-le64.cache-7
7fe1f804b000-7fe1f804c000 r--s 00000000 08:07 786492                     /var/cache/fontconfig/16c2fda60d1b4b719f4b3d06fd951d25-le64.cache-7
7fe1f804c000-7fe1f8051000 r--s 00000000 08:07 789886                     /var/cache/fontconfig/9d2451b1fd30e5bffe8383fd27c35478-le64.cache-7
7fe1f8051000-7fe1f8057000 r--s 00000000 08:07 789885                     /var/cache/fontconfig/3047814df9a2f067bd2d96a2b9c36e5a-le64.cache-7
7fe1f8057000-7fe1f805b000 ---p 00000000 00:00 0 
7fe1f805b000-7fe1f8158000 rw-p 00000000 00:00 0 
7fe1f8158000-7fe1f8169000 r-xp 00000000 08:07 3284529                    /usr/lib/x86_64-linux-gnu/libXext.so.6.4.0
7fe1f8169000-7fe1f8368000 ---p 00011000 08:07 3284529                    /usr/lib/x86_64-linux-gnu/libXext.so.6.4.0
7fe1f8368000-7fe1f8369000 r--p 00010000 08:07 3284529                    /usr/lib/x86_64-linux-gnu/libXext.so.6.4.0
7fe1f8369000-7fe1f836a000 rw-p 00011000 08:07 3284529                    /usr/lib/x86_64-linux-gnu/libXext.so.6.4.0
7fe1f836a000-7fe1f83c9000 r-xp 00000000 08:07 3281654                    /usr/lib/jvm/java-11-openjdk-amd64/lib/libawt_xawt.so
7fe1f83c9000-7fe1f85c8000 ---p 0005f000 08:07 3281654                    /usr/lib/jvm/java-11-openjdk-amd64/lib/libawt_xawt.so
7fe1f85c8000-7fe1f85c9000 r--p 0005e000 08:07 3281654                    /usr/lib/jvm/java-11-openjdk-amd64/lib/libawt_xawt.so
7fe1f85c9000-7fe1f85cc000 rw-p 0005f000 08:07 3281654                    /usr/lib/jvm/java-11-openjdk-amd64/lib/libawt_xawt.so
7fe1f85cc000-7fe1f85ce000 rw-p 00000000 00:00 0 
7fe1f85ce000-7fe1f866e000 r-xp 00000000 08:07 3281652                    /usr/lib/jvm/java-11-openjdk-amd64/lib/libawt.so
7fe1f866e000-7fe1f886e000 ---p 000a0000 08:07 3281652                    /usr/lib/jvm/java-11-openjdk-amd64/lib/libawt.so
7fe1f886e000-7fe1f886f000 r--p 000a0000 08:07 3281652                    /usr/lib/jvm/java-11-openjdk-amd64/lib/libawt.so
7fe1f886f000-7fe1f887a000 rw-p 000a1000 08:07 3281652                    /usr/lib/jvm/java-11-openjdk-amd64/lib/libawt.so
7fe1f887a000-7fe1f889f000 rw-p 00000000 00:00 0 
7fe1f889f000-7fe1f88b6000 r-xp 00000000 08:07 3290743                    /usr/lib/jvm/java-11-openjdk-amd64/lib/libnet.so
7fe1f88b6000-7fe1f8ab5000 ---p 00017000 08:07 3290743                    /usr/lib/jvm/java-11-openjdk-amd64/lib/libnet.so
7fe1f8ab5000-7fe1f8ab6000 r--p 00016000 08:07 3290743                    /usr/lib/jvm/java-11-openjdk-amd64/lib/libnet.so
7fe1f8ab6000-7fe1f8ab7000 rw-p 00017000 08:07 3290743                    /usr/lib/jvm/java-11-openjdk-amd64/lib/libnet.so
7fe1f8ab7000-7fe1f8ac8000 r-xp 00000000 08:07 3290744                    /usr/lib/jvm/java-11-openjdk-amd64/lib/libnio.so
7fe1f8ac8000-7fe1f8cc7000 ---p 00011000 08:07 3290744                    /usr/lib/jvm/java-11-openjdk-amd64/lib/libnio.so
7fe1f8cc7000-7fe1f8cc8000 r--p 00010000 08:07 3290744                    /usr/lib/jvm/java-11-openjdk-amd64/lib/libnio.so
7fe1f8cc8000-7fe1f8cc9000 rw-p 00011000 08:07 3290744                    /usr/lib/jvm/java-11-openjdk-amd64/lib/libnio.so
7fe1f8cc9000-7fe1f8ccd000 ---p 00000000 00:00 0 
7fe1f8ccd000-7fe1f8dca000 rw-p 00000000 00:00 0 
7fe1f8dca000-7fe1f8dcb000 ---p 00000000 00:00 0 
7fe1f8dcb000-7fe1f8ecc000 rw-p 00000000 00:00 0 
7fe1f8ecc000-7fe1f8ed0000 ---p 00000000 00:00 0 
7fe1f8ed0000-7fe1f8fcd000 rw-p 00000000 00:00 0 
7fe1f8fcd000-7fe1f8fd1000 ---p 00000000 00:00 0 
7fe1f8fd1000-7fe1f90ce000 rw-p 00000000 00:00 0 
7fe1f90ce000-7fe1f90d2000 ---p 00000000 00:00 0 
7fe1f90d2000-7fe1f91cf000 rw-p 00000000 00:00 0 
7fe1f91cf000-7fe1f9505000 r--p 00000000 08:07 3283381                    /usr/lib/locale/locale-archive
7fe1f9505000-7fe1f9dfd000 rw-p 00000000 00:00 0 
7fe1f9dfd000-7fe1fac15000 ---p 00000000 00:00 0 
7fe1fac15000-7fe1fad0d000 rw-p 00000000 00:00 0 
7fe1fad0d000-7fe1fbb25000 ---p 00000000 00:00 0 
7fe1fbb25000-7fe1fbd95000 rwxp 00000000 00:00 0 
7fe1fbd95000-7fe1fc0b4000 ---p 00000000 00:00 0 
7fe1fc0b4000-7fe1fc374000 rwxp 00000000 00:00 0 
7fe1fc374000-7fe2035ec000 ---p 00000000 00:00 0 
7fe2035ec000-7fe20385c000 rwxp 00000000 00:00 0 
7fe20385c000-7fe20ab25000 ---p 00000000 00:00 0 
7fe20ab25000-7fe214000000 r--s 00000000 08:07 3290753                    /usr/lib/jvm/java-11-openjdk-amd64/lib/modules
7fe214000000-7fe21446f000 rw-p 00000000 00:00 0 
7fe21446f000-7fe218000000 ---p 00000000 00:00 0 
7fe218000000-7fe218001000 r--s 00000000 08:07 786533                     /var/cache/fontconfig/a48eab177a16e4f3713381162db2f3e9-le64.cache-7
7fe218001000-7fe218002000 r--s 00000000 08:07 786512                     /var/cache/fontconfig/564b2e68ac9bc4e36a6f7f6d6125ec1c-le64.cache-7
7fe218002000-7fe218003000 r--s 00000000 08:07 786513                     /var/cache/fontconfig/56cf4f4769d0f4abc89a4895d7bd3ae1-le64.cache-7
7fe218003000-7fe218004000 r--s 00000000 08:07 786537                     /var/cache/fontconfig/b9d506c9ac06c20b433354fa67a72993-le64.cache-7
7fe218004000-7fe21800a000 r--s 00000000 08:07 786535                     /var/cache/fontconfig/b47c4e1ecd0709278f4910c18777a504-le64.cache-7
7fe21800a000-7fe21801d000 r--s 00000000 08:07 786545                     /var/cache/fontconfig/d52a8644073d54c13679302ca1180695-le64.cache-7
7fe21801d000-7fe21801e000 r--s 00000000 08:07 786500                     /var/cache/fontconfig/370e5b74bf5dafc30834de68e24a87a4-le64.cache-7
7fe21801e000-7fe21801f000 r--s 00000000 08:07 789884                     /var/cache/fontconfig/6b2c5944714ca7831b25bed9e85cb5c8-le64.cache-7
7fe21801f000-7fe218022000 r--s 00000000 08:07 789843                     /var/cache/fontconfig/f259c2cffa685e28062317905db73c4a-le64.cache-7
7fe218022000-7fe21802e000 r--s 00000000 08:07 786546                     /var/cache/fontconfig/d589a48862398ed80a3d6066f4f56f4c-le64.cache-7
7fe21802e000-7fe21803c000 r--s 00000000 08:07 786530                     /var/cache/fontconfig/9b89f8e3dae116d678bbf48e5f21f69b-le64.cache-7
7fe21803c000-7fe21805c000 r--p 00000000 08:07 3939603                    /usr/share/locale-langpack/de/LC_MESSAGES/glib20.mo
7fe21805c000-7fe2180a5000 r--p 00000000 08:07 3820125                    /usr/share/glib-2.0/schemas/gschemas.compiled
7fe2180a5000-7fe2180cb000 r--p 00000000 08:07 3939447                    /usr/share/locale-langpack/de/LC_MESSAGES/libc.mo
7fe2180cb000-7fe2180cf000 ---p 00000000 00:00 0 
7fe2180cf000-7fe2181cc000 rw-p 00000000 00:00 0 
7fe2181cc000-7fe2181d0000 ---p 00000000 00:00 0 
7fe2181d0000-7fe2182cd000 rw-p 00000000 00:00 0 
7fe2182cd000-7fe2182d1000 ---p 00000000 00:00 0 
7fe2182d1000-7fe2183ce000 rw-p 00000000 00:00 0 
7fe2183ce000-7fe2183d2000 ---p 00000000 00:00 0 
7fe2183d2000-7fe2184cf000 rw-p 00000000 00:00 0 
7fe2184cf000-7fe2184d0000 ---p 00000000 00:00 0 
7fe2184d0000-7fe2186a2000 rw-p 00000000 00:00 0 
7fe2186a2000-7fe2186a3000 ---p 00000000 00:00 0 
7fe2186a3000-7fe2187a4000 rw-p 00000000 00:00 0 
7fe2187a4000-7fe2187a5000 ---p 00000000 00:00 0 
7fe2187a5000-7fe2188a6000 rw-p 00000000 00:00 0 
7fe2188a6000-7fe2188a7000 ---p 00000000 00:00 0 
7fe2188a7000-7fe218baa000 rw-p 00000000 00:00 0 
7fe218baa000-7fe218bab000 ---p 00000000 00:00 0 
7fe218bab000-7fe218cac000 rw-p 00000000 00:00 0 
7fe218cac000-7fe218cad000 ---p 00000000 00:00 0 
7fe218cad000-7fe218dcd000 rw-p 00000000 00:00 0 
7fe218dcd000-7fe218f90000 ---p 00000000 00:00 0 
7fe218f90000-7fe218faf000 rw-p 00000000 00:00 0 
7fe218faf000-7fe219172000 ---p 00000000 00:00 0 
7fe219172000-7fe219191000 rw-p 00000000 00:00 0 
7fe219191000-7fe219354000 ---p 00000000 00:00 0 
7fe219354000-7fe219556000 rw-p 00000000 00:00 0 
7fe219556000-7fe219557000 ---p 00000000 00:00 0 
7fe219557000-7fe219658000 rw-p 00000000 00:00 0 
7fe219658000-7fe219659000 ---p 00000000 00:00 0 
7fe219659000-7fe21975f000 rw-p 00000000 00:00 0 
7fe21975f000-7fe219845000 ---p 00000000 00:00 0 
7fe219845000-7fe21984b000 rw-p 00000000 00:00 0 
7fe21984b000-7fe219930000 ---p 00000000 00:00 0 
7fe219930000-7fe219935000 r-xp 00000000 08:07 3290735                    /usr/lib/jvm/java-11-openjdk-amd64/lib/libjimage.so
7fe219935000-7fe219b34000 ---p 00005000 08:07 3290735                    /usr/lib/jvm/java-11-openjdk-amd64/lib/libjimage.so
7fe219b34000-7fe219b35000 r--p 00004000 08:07 3290735                    /usr/lib/jvm/java-11-openjdk-amd64/lib/libjimage.so
7fe219b35000-7fe219b36000 rw-p 00005000 08:07 3290735                    /usr/lib/jvm/java-11-openjdk-amd64/lib/libjimage.so
7fe219b36000-7fe219b3d000 r-xp 00000000 08:07 3290752                    /usr/lib/jvm/java-11-openjdk-amd64/lib/libzip.so
7fe219b3d000-7fe219d3c000 ---p 00007000 08:07 3290752                    /usr/lib/jvm/java-11-openjdk-amd64/lib/libzip.so
7fe219d3c000-7fe219d3d000 r--p 00006000 08:07 3290752                    /usr/lib/jvm/java-11-openjdk-amd64/lib/libzip.so
7fe219d3d000-7fe219d3e000 rw-p 00007000 08:07 3290752                    /usr/lib/jvm/java-11-openjdk-amd64/lib/libzip.so
7fe219d3e000-7fe219d49000 r-xp 00000000 08:07 1970923                    /lib/x86_64-linux-gnu/libnss_files-2.27.so
7fe219d49000-7fe219f48000 ---p 0000b000 08:07 1970923                    /lib/x86_64-linux-gnu/libnss_files-2.27.so
7fe219f48000-7fe219f49000 r--p 0000a000 08:07 1970923                    /lib/x86_64-linux-gnu/libnss_files-2.27.so
7fe219f49000-7fe219f4a000 rw-p 0000b000 08:07 1970923                    /lib/x86_64-linux-gnu/libnss_files-2.27.so
7fe219f4a000-7fe219f50000 rw-p 00000000 00:00 0 
7fe219f50000-7fe219f67000 r-xp 00000000 08:07 1970917                    /lib/x86_64-linux-gnu/libnsl-2.27.so
7fe219f67000-7fe21a166000 ---p 00017000 08:07 1970917                    /lib/x86_64-linux-gnu/libnsl-2.27.so
7fe21a166000-7fe21a167000 r--p 00016000 08:07 1970917                    /lib/x86_64-linux-gnu/libnsl-2.27.so
7fe21a167000-7fe21a168000 rw-p 00017000 08:07 1970917                    /lib/x86_64-linux-gnu/libnsl-2.27.so
7fe21a168000-7fe21a16a000 rw-p 00000000 00:00 0 
7fe21a16a000-7fe21a175000 r-xp 00000000 08:07 1970934                    /lib/x86_64-linux-gnu/libnss_nis-2.27.so
7fe21a175000-7fe21a374000 ---p 0000b000 08:07 1970934                    /lib/x86_64-linux-gnu/libnss_nis-2.27.so
7fe21a374000-7fe21a375000 r--p 0000a000 08:07 1970934                    /lib/x86_64-linux-gnu/libnss_nis-2.27.so
7fe21a375000-7fe21a376000 rw-p 0000b000 08:07 1970934                    /lib/x86_64-linux-gnu/libnss_nis-2.27.so
7fe21a376000-7fe21a37e000 r-xp 00000000 08:07 1970919                    /lib/x86_64-linux-gnu/libnss_compat-2.27.so
7fe21a37e000-7fe21a57e000 ---p 00008000 08:07 1970919                    /lib/x86_64-linux-gnu/libnss_compat-2.27.so
7fe21a57e000-7fe21a57f000 r--p 00008000 08:07 1970919                    /lib/x86_64-linux-gnu/libnss_compat-2.27.so
7fe21a57f000-7fe21a580000 rw-p 00009000 08:07 1970919                    /lib/x86_64-linux-gnu/libnss_compat-2.27.so
7fe21a580000-7fe21a5ac000 r-xp 00000000 08:07 3282326                    /usr/lib/jvm/java-11-openjdk-amd64/lib/libjava.so
7fe21a5ac000-7fe21a7ab000 ---p 0002c000 08:07 3282326                    /usr/lib/jvm/java-11-openjdk-amd64/lib/libjava.so
7fe21a7ab000-7fe21a7ac000 r--p 0002b000 08:07 3282326                    /usr/lib/jvm/java-11-openjdk-amd64/lib/libjava.so
7fe21a7ac000-7fe21a7ae000 rw-p 0002c000 08:07 3282326                    /usr/lib/jvm/java-11-openjdk-amd64/lib/libjava.so
7fe21a7ae000-7fe21a7bb000 r-xp 00000000 08:07 3290751                    /usr/lib/jvm/java-11-openjdk-amd64/lib/libverify.so
7fe21a7bb000-7fe21a9ba000 ---p 0000d000 08:07 3290751                    /usr/lib/jvm/java-11-openjdk-amd64/lib/libverify.so
7fe21a9ba000-7fe21a9bc000 r--p 0000c000 08:07 3290751                    /usr/lib/jvm/java-11-openjdk-amd64/lib/libverify.so
7fe21a9bc000-7fe21a9bd000 rw-p 0000e000 08:07 3290751                    /usr/lib/jvm/java-11-openjdk-amd64/lib/libverify.so
7fe21a9bd000-7fe21a9c4000 r-xp 00000000 08:07 1970974                    /lib/x86_64-linux-gnu/librt-2.27.so
7fe21a9c4000-7fe21abc3000 ---p 00007000 08:07 1970974                    /lib/x86_64-linux-gnu/librt-2.27.so
7fe21abc3000-7fe21abc4000 r--p 00006000 08:07 1970974                    /lib/x86_64-linux-gnu/librt-2.27.so
7fe21abc4000-7fe21abc5000 rw-p 00007000 08:07 1970974                    /lib/x86_64-linux-gnu/librt-2.27.so
7fe21abc5000-7fe21abdc000 r-xp 00000000 08:07 1966116                    /lib/x86_64-linux-gnu/libgcc_s.so.1
7fe21abdc000-7fe21addb000 ---p 00017000 08:07 1966116                    /lib/x86_64-linux-gnu/libgcc_s.so.1
7fe21addb000-7fe21addc000 r--p 00016000 08:07 1966116                    /lib/x86_64-linux-gnu/libgcc_s.so.1
7fe21addc000-7fe21addd000 rw-p 00017000 08:07 1966116                    /lib/x86_64-linux-gnu/libgcc_s.so.1
7fe21addd000-7fe21af7a000 r-xp 00000000 08:07 1970896                    /lib/x86_64-linux-gnu/libm-2.27.so
7fe21af7a000-7fe21b179000 ---p 0019d000 08:07 1970896                    /lib/x86_64-linux-gnu/libm-2.27.so
7fe21b179000-7fe21b17a000 r--p 0019c000 08:07 1970896                    /lib/x86_64-linux-gnu/libm-2.27.so
7fe21b17a000-7fe21b17b000 rw-p 0019d000 08:07 1970896                    /lib/x86_64-linux-gnu/libm-2.27.so
7fe21b17b000-7fe21b2f4000 r-xp 00000000 08:07 3297157                    /usr/lib/x86_64-linux-gnu/libstdc++.so.6.0.25
7fe21b2f4000-7fe21b4f4000 ---p 00179000 08:07 3297157                    /usr/lib/x86_64-linux-gnu/libstdc++.so.6.0.25
7fe21b4f4000-7fe21b4fe000 r--p 00179000 08:07 3297157                    /usr/lib/x86_64-linux-gnu/libstdc++.so.6.0.25
7fe21b4fe000-7fe21b500000 rw-p 00183000 08:07 3297157                    /usr/lib/x86_64-linux-gnu/libstdc++.so.6.0.25
7fe21b500000-7fe21b504000 rw-p 00000000 00:00 0 
7fe21b504000-7fe21c4a1000 r-xp 00000000 08:07 3290756                    /usr/lib/jvm/java-11-openjdk-amd64/lib/server/libjvm.so
7fe21c4a1000-7fe21c6a1000 ---p 00f9d000 08:07 3290756                    /usr/lib/jvm/java-11-openjdk-amd64/lib/server/libjvm.so
7fe21c6a1000-7fe21c765000 r--p 00f9d000 08:07 3290756                    /usr/lib/jvm/java-11-openjdk-amd64/lib/server/libjvm.so
7fe21c765000-7fe21c79d000 rw-p 01061000 08:07 3290756                    /usr/lib/jvm/java-11-openjdk-amd64/lib/server/libjvm.so
7fe21c79d000-7fe21c7e6000 rw-p 00000000 00:00 0 
7fe21c7e6000-7fe21c800000 r-xp 00000000 08:07 1970966                    /lib/x86_64-linux-gnu/libpthread-2.27.so
7fe21c800000-7fe21c9ff000 ---p 0001a000 08:07 1970966                    /lib/x86_64-linux-gnu/libpthread-2.27.so
7fe21c9ff000-7fe21ca00000 r--p 00019000 08:07 1970966                    /lib/x86_64-linux-gnu/libpthread-2.27.so
7fe21ca00000-7fe21ca01000 rw-p 0001a000 08:07 1970966                    /lib/x86_64-linux-gnu/libpthread-2.27.so
7fe21ca01000-7fe21ca05000 rw-p 00000000 00:00 0 
7fe21ca05000-7fe21ca08000 r-xp 00000000 08:07 1970856                    /lib/x86_64-linux-gnu/libdl-2.27.so
7fe21ca08000-7fe21cc07000 ---p 00003000 08:07 1970856                    /lib/x86_64-linux-gnu/libdl-2.27.so
7fe21cc07000-7fe21cc08000 r--p 00002000 08:07 1970856                    /lib/x86_64-linux-gnu/libdl-2.27.so
7fe21cc08000-7fe21cc09000 rw-p 00003000 08:07 1970856                    /lib/x86_64-linux-gnu/libdl-2.27.so
7fe21cc09000-7fe21cc25000 r-xp 00000000 08:07 1971007                    /lib/x86_64-linux-gnu/libz.so.1.2.11
7fe21cc25000-7fe21ce24000 ---p 0001c000 08:07 1971007                    /lib/x86_64-linux-gnu/libz.so.1.2.11
7fe21ce24000-7fe21ce25000 r--p 0001b000 08:07 1971007                    /lib/x86_64-linux-gnu/libz.so.1.2.11
7fe21ce25000-7fe21ce26000 rw-p 0001c000 08:07 1971007                    /lib/x86_64-linux-gnu/libz.so.1.2.11
7fe21ce26000-7fe21d00d000 r-xp 00000000 08:07 1970833                    /lib/x86_64-linux-gnu/libc-2.27.so
7fe21d00d000-7fe21d20d000 ---p 001e7000 08:07 1970833                    /lib/x86_64-linux-gnu/libc-2.27.so
7fe21d20d000-7fe21d211000 r--p 001e7000 08:07 1970833                    /lib/x86_64-linux-gnu/libc-2.27.so
7fe21d211000-7fe21d213000 rw-p 001eb000 08:07 1970833                    /lib/x86_64-linux-gnu/libc-2.27.so
7fe21d213000-7fe21d217000 rw-p 00000000 00:00 0 
7fe21d217000-7fe21d226000 r-xp 00000000 08:07 3281648                    /usr/lib/jvm/java-11-openjdk-amd64/lib/jli/libjli.so
7fe21d226000-7fe21d425000 ---p 0000f000 08:07 3281648                    /usr/lib/jvm/java-11-openjdk-amd64/lib/jli/libjli.so
7fe21d425000-7fe21d426000 r--p 0000e000 08:07 3281648                    /usr/lib/jvm/java-11-openjdk-amd64/lib/jli/libjli.so
7fe21d426000-7fe21d427000 rw-p 0000f000 08:07 3281648                    /usr/lib/jvm/java-11-openjdk-amd64/lib/jli/libjli.so
7fe21d427000-7fe21d44e000 r-xp 00000000 08:07 1970805                    /lib/x86_64-linux-gnu/ld-2.27.so
7fe21d44e000-7fe21d44f000 r--s 00000000 08:07 786544                     /var/cache/fontconfig/d5178ab6d91b49bf20a416737dcea9e8-le64.cache-7
7fe21d44f000-7fe21d450000 r--s 00000000 08:07 789883                     /var/cache/fontconfig/551ecf3b0e8b0bca0f25c0944f561853-le64.cache-7
7fe21d450000-7fe21d452000 r--s 00000000 08:07 789842                     /var/cache/fontconfig/550f3886151c940c12a5ed35f6a00586-le64.cache-7
7fe21d452000-7fe21d455000 r--s 00000000 08:07 789841                     /var/cache/fontconfig/674d1711f2d1d2a09646eb0bdcadee49-le64.cache-7
7fe21d455000-7fe21d456000 r--s 00000000 08:07 786504                     /var/cache/fontconfig/3f7329c5293ffd510edef78f73874cfd-le64.cache-7
7fe21d456000-7fe21d457000 r--s 00000000 08:07 786498                     /var/cache/fontconfig/30829fa25452a46451e813d634d7f916-le64.cache-7
7fe21d457000-7fe21d458000 r--s 00000000 08:07 786489                     /var/cache/fontconfig/0c9eb80ebd1c36541ebe2852d3bb0c49-le64.cache-7
7fe21d458000-7fe21d459000 r--s 00000000 08:07 786508                     /var/cache/fontconfig/4d9c95eba1cb85bbcf2878543262124a-le64.cache-7
7fe21d459000-7fe21d45a000 r--s 00000000 08:07 786525                     /var/cache/fontconfig/85e0a52ce643a7ba2ae53e5d6949cead-le64.cache-7
7fe21d45a000-7fe21d463000 r--s 00000000 08:07 786542                     /var/cache/fontconfig/d0972c3d32f097851eb916381fc38920-le64.cache-7
7fe21d463000-7fe21d51a000 rw-p 00000000 00:00 0 
7fe21d51a000-7fe21d51e000 ---p 00000000 00:00 0 
7fe21d51e000-7fe21d61d000 rw-p 00000000 00:00 0 
7fe21d61d000-7fe21d61e000 r--s 00000000 08:07 786506                     /var/cache/fontconfig/49f0de54bdd920fe4f0dfd4cbac43e6b-le64.cache-7
7fe21d61e000-7fe21d61f000 r--s 00000000 08:07 786555                     /var/cache/fontconfig/f6e6e0a5c3d2f6ae0c0c2e0ecd42a997-le64.cache-7
7fe21d61f000-7fe21d621000 r--s 00000000 08:07 786520                     /var/cache/fontconfig/6afa1bb216ce958c1589e297e8008489-le64.cache-7
7fe21d621000-7fe21d624000 r--s 00000000 08:07 795646                     /var/cache/fontconfig/e13b20fdb08344e0e664864cc2ede53d-le64.cache-7
7fe21d624000-7fe21d628000 r--s 00000000 08:07 786524                     /var/cache/fontconfig/7ef2298fde41cc6eeb7af42e48b7d293-le64.cache-7
7fe21d628000-7fe21d62d000 r--p 00000000 08:07 7777698                    /home/peter/.config/dconf/user
7fe21d62d000-7fe21d62e000 r--s 00000000 00:33 31                         /run/user/1000/dconf/user
7fe21d62e000-7fe21d635000 r--s 00000000 08:07 3671694                    /usr/lib/x86_64-linux-gnu/gconv/gconv-modules.cache
7fe21d635000-7fe21d63b000 rw-p 00000000 00:00 0 
7fe21d63b000-7fe21d642000 ---p 00000000 00:00 0 
7fe21d642000-7fe21d64a000 rw-s 00000000 08:07 5903359                    /tmp/hsperfdata_peter/3147
7fe21d64a000-7fe21d64b000 ---p 00000000 00:00 0 
7fe21d64b000-7fe21d64c000 r--p 00000000 00:00 0 
7fe21d64c000-7fe21d64e000 rw-p 00000000 00:00 0 
7fe21d64e000-7fe21d64f000 r--p 00027000 08:07 1970805                    /lib/x86_64-linux-gnu/ld-2.27.so
7fe21d64f000-7fe21d650000 rw-p 00028000 08:07 1970805                    /lib/x86_64-linux-gnu/ld-2.27.so
7fe21d650000-7fe21d651000 rw-p 00000000 00:00 0 
7ffe5bdf5000-7ffe5be16000 rw-p 00000000 00:00 0                          [stack]
7ffe5beda000-7ffe5bedd000 r--p 00000000 00:00 0                          [vvar]
7ffe5bedd000-7ffe5bedf000 r-xp 00000000 00:00 0                          [vdso]
ffffffffff600000-ffffffffff601000 r-xp 00000000 00:00 0                  [vsyscall]


VM Arguments:
java_command: com.humer.peter.jna_libusb_project.Main
java_class_path (initial): /home/peter/NetBeansProjects/Linux_LibUsb_over_JNA/target/classes:/home/peter/.m2/repository/net/java/dev/jna/jna/5.3.0/jna-5.3.0.jar:/home/peter/.m2/repository/org/slf4j/slf4j-api/2.0.0-alpha0/slf4j-api-2.0.0-alpha0.jar
Launcher Type: SUN_STANDARD

Logging:
Log output configuration:
#0: stdout all=warning uptime,level,tags
#1: stderr all=off uptime,level,tags

Environment Variables:
JAVA_HOME=/usr/lib/jvm/java-11-openjdk-amd64
PATH=/usr/local/sbin:/usr/local/bin:/usr/sbin:/usr/bin:/sbin:/bin:/usr/games:/usr/local/games:/usr/lib/jvm/java-8-oracle/bin:/usr/lib/jvm/java-8-oracle/db/bin:/usr/lib/jvm/java-8-oracle/jre/bin
SHELL=/bin/bash
DISPLAY=:0

Signal Handlers:
SIGSEGV: [libjvm.so+0xd28b70], sa_mask[0]=11111111011111111101111111111110, sa_flags=SA_RESTART|SA_SIGINFO
SIGBUS: [libjvm.so+0xd28b70], sa_mask[0]=11111111011111111101111111111110, sa_flags=SA_RESTART|SA_SIGINFO
SIGFPE: [libjvm.so+0xd28b70], sa_mask[0]=11111111011111111101111111111110, sa_flags=SA_RESTART|SA_SIGINFO
SIGPIPE: SIG_IGN, sa_mask[0]=00000000000010000000000000000000, sa_flags=SA_RESTART
SIGXFSZ: [libjvm.so+0xb2a1f0], sa_mask[0]=11111111011111111101111111111110, sa_flags=SA_RESTART|SA_SIGINFO
SIGILL: [libjvm.so+0xd28b70], sa_mask[0]=11111111011111111101111111111110, sa_flags=SA_RESTART|SA_SIGINFO
SIGUSR2: [libjvm.so+0xb2a030], sa_mask[0]=00100000000000000000000000000000, sa_flags=SA_RESTART|SA_SIGINFO
SIGHUP: [libjvm.so+0xb2a180], sa_mask[0]=11111111011111111101111111111110, sa_flags=SA_RESTART|SA_SIGINFO
SIGINT: SIG_IGN, sa_mask[0]=00000000000000000000000000000000, sa_flags=none
SIGTERM: [libjvm.so+0xb2a180], sa_mask[0]=11111111011111111101111111111110, sa_flags=SA_RESTART|SA_SIGINFO
SIGQUIT: [libjvm.so+0xb2a180], sa_mask[0]=11111111011111111101111111111110, sa_flags=SA_RESTART|SA_SIGINFO


---------------  S Y S T E M  ---------------

OS:DISTRIB_ID=LinuxMint
DISTRIB_RELEASE=19
DISTRIB_CODENAME=tara
DISTRIB_DESCRIPTION="Linux Mint 19 Tara"
uname:Linux 4.15.0-43-generic #46-Ubuntu SMP Thu Dec 6 14:45:28 UTC 2018 x86_64
libc:glibc 2.27 NPTL 2.27 
rlimit: STACK 8192k, CORE 0k, NPROC 14935, NOFILE 1048576, AS infinity, DATA infinity, FSIZE infinity
load average:2,93 1,66 1,15

/proc/meminfo:
MemTotal:        3943428 kB
MemFree:          118592 kB
MemAvailable:     979852 kB
Buffers:          121864 kB
Cached:          1083472 kB
SwapCached:            0 kB
Active:          2859280 kB
Inactive:         748468 kB
Active(anon):    2333464 kB
Inactive(anon):   240228 kB
Active(file):     525816 kB
Inactive(file):   508240 kB
Unevictable:           0 kB
Mlocked:               0 kB
SwapTotal:       2929660 kB
SwapFree:        2929148 kB
Dirty:               324 kB
Writeback:             0 kB
AnonPages:       2402604 kB
Mapped:           544216 kB
Shmem:            171092 kB
Slab:             111084 kB
SReclaimable:      71896 kB
SUnreclaim:        39188 kB
KernelStack:       11760 kB
PageTables:        42480 kB
NFS_Unstable:          0 kB
Bounce:                0 kB
WritebackTmp:          0 kB
CommitLimit:     4901372 kB
Committed_AS:    6441820 kB
VmallocTotal:   34359738367 kB
VmallocUsed:           0 kB
VmallocChunk:          0 kB
HardwareCorrupted:     0 kB
AnonHugePages:         0 kB
ShmemHugePages:        0 kB
ShmemPmdMapped:        0 kB
CmaTotal:              0 kB
CmaFree:               0 kB
HugePages_Total:       0
HugePages_Free:        0
HugePages_Rsvd:        0
HugePages_Surp:        0
Hugepagesize:       2048 kB
DirectMap4k:      139328 kB
DirectMap2M:     3958784 kB

container (cgroup) information:
container_type: cgroupv1
cpu_cpuset_cpus: 0-1
cpu_memory_nodes: 0
active_processor_count: 2
cpu_quota: -1
cpu_period: 100000
cpu_shares: -1
memory_limit_in_bytes: -1
memory_and_swap_limit_in_bytes: -2
memory_soft_limit_in_bytes: -1
memory_usage_in_bytes: 3694526464
memory_max_usage_in_bytes: 0


CPU:total 2 (initial active 2) (2 cores per cpu, 1 threads per core) family 6 model 76 stepping 4, cmov, cx8, fxsr, mmx, sse, sse2, sse3, ssse3, sse4.1, sse4.2, popcnt, aes, clmul, erms, 3dnowpref, tsc, tscinvbit
CPU Model and flags from /proc/cpuinfo:
model name	: Intel(R) Celeron(R) CPU  N3060  @ 1.60GHz
flags		: fpu vme de pse tsc msr pae mce cx8 apic sep mtrr pge mca cmov pat pse36 clflush dts acpi mmx fxsr sse sse2 ss ht tm pbe syscall nx rdtscp lm constant_tsc arch_perfmon pebs bts rep_good nopl xtopology tsc_reliable nonstop_tsc cpuid aperfmperf tsc_known_freq pni pclmulqdq dtes64 monitor ds_cpl vmx est tm2 ssse3 cx16 xtpr pdcm sse4_1 sse4_2 movbe popcnt tsc_deadline_timer aes rdrand lahf_lm 3dnowprefetch epb pti ibrs ibpb stibp tpr_shadow vnmi flexpriority ept vpid tsc_adjust smep erms dtherm ida arat

Memory: 4k page, physical 3943428k(118592k free), swap 2929660k(2929148k free)

vm_info: OpenJDK 64-Bit Server VM (10.0.2+13-Ubuntu-1ubuntu0.18.04.4) for linux-amd64 JRE (10.0.2+13-Ubuntu-1ubuntu0.18.04.4), built on Nov 13 2018 12:53:39 by "buildd" with gcc 7.3.0

END.
