#
# A fatal error has been detected by the Java Runtime Environment:
#
#  SIGSEGV (0xb) at pc=0x00007fb854d5b914, pid=16861, tid=16890
#
# JRE version: OpenJDK Runtime Environment (10.0.2+13) (build 10.0.2+13-Ubuntu-1ubuntu0.18.04.4)
# Java VM: OpenJDK 64-Bit Server VM (10.0.2+13-Ubuntu-1ubuntu0.18.04.4, mixed mode, tiered, compressed oops, g1 gc, linux-amd64)
# Problematic frame:
# C  [libusb-1.0.so+0x8914]  libusb_submit_transfer+0x44
#
# Core dump will be written. Default location: Core dumps may be processed with "/usr/share/apport/apport %p %s %c %d %P" (or dumping to /home/peter/NetBeansProjects/Linux_LibUsb_over_JNA/core.16861)
#
# If you would like to submit a bug report, please visit:
#   http://bugreport.java.com/bugreport/crash.jsp
# The crash happened outside the Java Virtual Machine in native code.
# See problematic frame for where to report the bug.
#

---------------  S U M M A R Y ------------

Command Line: humer.peter.jna_libusb_project.Main

Host: Intel(R) Celeron(R) CPU  N3060  @ 1.60GHz, 2 cores, 3G, Linux Mint 19 Tara
Time: Tue Nov  5 17:12:12 2019 CET elapsed time: 8 seconds (0d 0h 0m 8s)

---------------  T H R E A D  ---------------

Current thread (0x00007fb8b44cb800):  JavaThread "AWT-EventQueue-0" [_thread_in_native, id=16890, stack(0x00007fb8559d7000,0x00007fb855ad8000)]

Stack: [0x00007fb8559d7000,0x00007fb855ad8000],  sp=0x00007fb855ad1dd0,  free space=1003k
Native frames: (J=compiled Java code, A=aot compiled Java code, j=interpreted, Vv=VM code, C=native code)
C  [libusb-1.0.so+0x8914]  libusb_submit_transfer+0x44

Java frames: (J=compiled Java code, j=interpreted, Vv=VM code)
j  com.sun.jna.Native.invokeInt(Lcom/sun/jna/Function;JI[Ljava/lang/Object;)I+0
j  com.sun.jna.Function.invoke([Ljava/lang/Object;Ljava/lang/Class;ZI)Ljava/lang/Object;+211
j  com.sun.jna.Function.invoke(Ljava/lang/reflect/Method;[Ljava/lang/Class;Ljava/lang/Class;[Ljava/lang/Object;Ljava/util/Map;)Ljava/lang/Object;+271
j  com.sun.jna.Library$Handler.invoke(Ljava/lang/Object;Ljava/lang/reflect/Method;[Ljava/lang/Object;)Ljava/lang/Object;+390
j  com.sun.proxy.$Proxy0.libusb_submit_transfer(Lcom/sun/jna/Pointer;)I+16
j  com.grack.javausb.USBNative.submitTransfer(Lcom/sun/jna/Pointer;)I+4
j  com.grack.javausb.USBOpenDevice.submitTransfer(Lcom/sun/jna/Pointer;)I+1
j  humer.peter.jna_libusb_project.Main.startIsoTransferActionPerformed(Ljava/awt/event/ActionEvent;)V+271
j  humer.peter.jna_libusb_project.Main.access$300(Lhumer/peter/jna_libusb_project/Main;Ljava/awt/event/ActionEvent;)V+2
j  humer.peter.jna_libusb_project.Main$4.actionPerformed(Ljava/awt/event/ActionEvent;)V+5
j  javax.swing.AbstractButton.fireActionPerformed(Ljava/awt/event/ActionEvent;)V+83 java.desktop@10.0.2
j  javax.swing.AbstractButton$Handler.actionPerformed(Ljava/awt/event/ActionEvent;)V+5 java.desktop@10.0.2
j  javax.swing.DefaultButtonModel.fireActionPerformed(Ljava/awt/event/ActionEvent;)V+34 java.desktop@10.0.2
j  javax.swing.DefaultButtonModel.setPressed(Z)V+117 java.desktop@10.0.2
j  javax.swing.plaf.basic.BasicButtonListener.mouseReleased(Ljava/awt/event/MouseEvent;)V+35 java.desktop@10.0.2
j  java.awt.Component.processMouseEvent(Ljava/awt/event/MouseEvent;)V+64 java.desktop@10.0.2
j  javax.swing.JComponent.processMouseEvent(Ljava/awt/event/MouseEvent;)V+23 java.desktop@10.0.2
j  java.awt.Component.processEvent(Ljava/awt/AWTEvent;)V+81 java.desktop@10.0.2
j  java.awt.Container.processEvent(Ljava/awt/AWTEvent;)V+18 java.desktop@10.0.2
j  java.awt.Component.dispatchEventImpl(Ljava/awt/AWTEvent;)V+496 java.desktop@10.0.2
j  java.awt.Container.dispatchEventImpl(Ljava/awt/AWTEvent;)V+42 java.desktop@10.0.2
j  java.awt.Component.dispatchEvent(Ljava/awt/AWTEvent;)V+2 java.desktop@10.0.2
j  java.awt.LightweightDispatcher.retargetMouseEvent(Ljava/awt/Component;ILjava/awt/event/MouseEvent;)V+349 java.desktop@10.0.2
j  java.awt.LightweightDispatcher.processMouseEvent(Ljava/awt/event/MouseEvent;)Z+155 java.desktop@10.0.2
j  java.awt.LightweightDispatcher.dispatchEvent(Ljava/awt/AWTEvent;)Z+50 java.desktop@10.0.2
j  java.awt.Container.dispatchEventImpl(Ljava/awt/AWTEvent;)V+12 java.desktop@10.0.2
j  java.awt.Window.dispatchEventImpl(Ljava/awt/AWTEvent;)V+19 java.desktop@10.0.2
j  java.awt.Component.dispatchEvent(Ljava/awt/AWTEvent;)V+2 java.desktop@10.0.2
j  java.awt.EventQueue.dispatchEventImpl(Ljava/awt/AWTEvent;Ljava/lang/Object;)V+41 java.desktop@10.0.2
j  java.awt.EventQueue.access$600(Ljava/awt/EventQueue;Ljava/awt/AWTEvent;Ljava/lang/Object;)V+3 java.desktop@10.0.2
j  java.awt.EventQueue$4.run()Ljava/lang/Void;+32 java.desktop@10.0.2
j  java.awt.EventQueue$4.run()Ljava/lang/Object;+1 java.desktop@10.0.2
v  ~StubRoutines::call_stub
j  java.security.AccessController.doPrivileged(Ljava/security/PrivilegedAction;Ljava/security/AccessControlContext;)Ljava/lang/Object;+0 java.base@10.0.2
j  java.security.ProtectionDomain$JavaSecurityAccessImpl.doIntersectionPrivilege(Ljava/security/PrivilegedAction;Ljava/security/AccessControlContext;Ljava/security/AccessControlContext;)Ljava/lang/Object;+18 java.base@10.0.2
j  java.security.ProtectionDomain$JavaSecurityAccessImpl.doIntersectionPrivilege(Ljava/security/PrivilegedAction;Ljava/security/AccessControlContext;)Ljava/lang/Object;+6 java.base@10.0.2
j  java.awt.EventQueue$5.run()Ljava/lang/Void;+11 java.desktop@10.0.2
j  java.awt.EventQueue$5.run()Ljava/lang/Object;+1 java.desktop@10.0.2
v  ~StubRoutines::call_stub
j  java.security.AccessController.doPrivileged(Ljava/security/PrivilegedAction;Ljava/security/AccessControlContext;)Ljava/lang/Object;+0 java.base@10.0.2
j  java.security.ProtectionDomain$JavaSecurityAccessImpl.doIntersectionPrivilege(Ljava/security/PrivilegedAction;Ljava/security/AccessControlContext;Ljava/security/AccessControlContext;)Ljava/lang/Object;+18 java.base@10.0.2
j  java.awt.EventQueue.dispatchEvent(Ljava/awt/AWTEvent;)V+73 java.desktop@10.0.2
j  java.awt.EventDispatchThread.pumpOneEventForFilters(I)V+78 java.desktop@10.0.2
j  java.awt.EventDispatchThread.pumpEventsForFilter(ILjava/awt/Conditional;Ljava/awt/EventFilter;)V+35 java.desktop@10.0.2
j  java.awt.EventDispatchThread.pumpEventsForHierarchy(ILjava/awt/Conditional;Ljava/awt/Component;)V+11 java.desktop@10.0.2
j  java.awt.EventDispatchThread.pumpEvents(ILjava/awt/Conditional;)V+4 java.desktop@10.0.2
j  java.awt.EventDispatchThread.pumpEvents(Ljava/awt/Conditional;)V+3 java.desktop@10.0.2
j  java.awt.EventDispatchThread.run()V+9 java.desktop@10.0.2
v  ~StubRoutines::call_stub

siginfo: si_signo: 11 (SIGSEGV), si_code: 1 (SEGV_MAPERR), si_addr: 0x0000000000000040

Register to memory mapping:

RAX=0x0000000000000000 is an unknown value
RBX=0x0000000000000008 is an unknown value
RCX=0x00007fb854d64097: <offset 0x0000000000011097> in /usr/lib/x86_64-linux-gnu/libusb-1.0.so at 0x00007fb854d53000
RDX=0x00007fb854d647f0: <offset 0x00000000000117f0> in /usr/lib/x86_64-linux-gnu/libusb-1.0.so at 0x00007fb854d53000
RSP=0x00007fb855ad1dd0 is pointing into the stack for thread: 0x00007fb8b44cb800
RBP=0x00007fb8780de230 is an unknown value
RSI=0x0000000000000004 is an unknown value
RDI=0x0000000000000000 is an unknown value
R8 =0x00007fb8780de2a0 is an unknown value
R9 =0x00007fb89aaa19c0 is at code_begin+1664 in an Interpreter codelet
invoke return entry points  [0x00007fb89aaa1340, 0x00007fb89aaa1d20]  2528 bytes
R10=0x00007fb855ad1da0 is pointing into the stack for thread: 0x00007fb8b44cb800
R11=0x00007fb854d5b8d0: libusb_submit_transfer+0x0000000000000000 in /usr/lib/x86_64-linux-gnu/libusb-1.0.so at 0x00007fb854d53000
R12=0x00007fb8780de278 is an unknown value
R13=0x00007fb8780de2a0 is an unknown value
R14=0x0000000000000001 is an unknown value
R15=0x00007fb855ad1f70 is pointing into the stack for thread: 0x00007fb8b44cb800


Registers:
RAX=0x0000000000000000, RBX=0x0000000000000008, RCX=0x00007fb854d64097, RDX=0x00007fb854d647f0
RSP=0x00007fb855ad1dd0, RBP=0x00007fb8780de230, RSI=0x0000000000000004, RDI=0x0000000000000000
R8 =0x00007fb8780de2a0, R9 =0x00007fb89aaa19c0, R10=0x00007fb855ad1da0, R11=0x00007fb854d5b8d0
R12=0x00007fb8780de278, R13=0x00007fb8780de2a0, R14=0x0000000000000001, R15=0x00007fb855ad1f70
RIP=0x00007fb854d5b914, EFLAGS=0x0000000000010246, CSGSFS=0x002b000000000033, ERR=0x0000000000000004
  TRAPNO=0x000000000000000e

Top of Stack: (sp=0x00007fb855ad1dd0)
0x00007fb855ad1dd0:   00007fb89aaa19c0 0000000000000016
0x00007fb855ad1de0:   00000000c790bf58 00007fb855ad1de8
0x00007fb855ad1df0:   00007fb8913bb550 00007fb855ad1e70
0x00007fb855ad1e00:   00007fb8913bbd80 51a6fb78b8019b00 

Instructions: (pc=0x00007fb854d5b914)
0x00007fb854d5b8f4:   8d 6d 90 48 83 ec 48 64 48 8b 04 25 28 00 00 00
0x00007fb854d5b904:   48 89 44 24 38 31 c0 48 8b 07 31 ff 4c 8d 65 48
0x00007fb854d5b914:   48 8b 40 40 48 8b 58 30 31 c0 e8 cd bd ff ff 48
0x00007fb854d5b924:   8d 83 c8 00 00 00 48 89 c7 48 89 44 24 08 e8 39 


---------------  P R O C E S S  ---------------

Threads class SMR info:
_java_thread_list=0x00007fb878186e00, length=16, elements={
0x00007fb8b40e2000, 0x00007fb8b40e4000, 0x00007fb8b40f7800, 0x00007fb8b40f9800,
0x00007fb8b40fb800, 0x00007fb8b40fd800, 0x00007fb8b4162000, 0x00007fb8b4170000,
0x00007fb8b43c3000, 0x00007fb8b43fc800, 0x00007fb8b44c2800, 0x00007fb8b44cb800,
0x00007fb8b4011800, 0x00007fb878047000, 0x00007fb87814d800, 0x00007fb878139800
}

Java Threads: ( => current thread )
  0x00007fb8b40e2000 JavaThread "Reference Handler" daemon [_thread_blocked, id=16875, stack(0x00007fb890ef1000,0x00007fb890ff2000)]
  0x00007fb8b40e4000 JavaThread "Finalizer" daemon [_thread_blocked, id=16876, stack(0x00007fb890df0000,0x00007fb890ef1000)]
  0x00007fb8b40f7800 JavaThread "Signal Dispatcher" daemon [_thread_blocked, id=16877, stack(0x00007fb8909b9000,0x00007fb890aba000)]
  0x00007fb8b40f9800 JavaThread "C2 CompilerThread0" daemon [_thread_in_native, id=16878, stack(0x00007fb8908b8000,0x00007fb8909b9000)]
  0x00007fb8b40fb800 JavaThread "C1 CompilerThread1" daemon [_thread_blocked, id=16879, stack(0x00007fb8907b7000,0x00007fb8908b8000)]
  0x00007fb8b40fd800 JavaThread "Sweeper thread" daemon [_thread_blocked, id=16880, stack(0x00007fb8906b6000,0x00007fb8907b7000)]
  0x00007fb8b4162000 JavaThread "Service Thread" daemon [_thread_blocked, id=16881, stack(0x00007fb8905b5000,0x00007fb8906b6000)]
  0x00007fb8b4170000 JavaThread "Common-Cleaner" daemon [_thread_blocked, id=16883, stack(0x00007fb8903b2000,0x00007fb8904b3000)]
  0x00007fb8b43c3000 JavaThread "Java2D Disposer" daemon [_thread_blocked, id=16887, stack(0x00007fb89009f000,0x00007fb8901a0000)]
  0x00007fb8b43fc800 JavaThread "AWT-XAWT" daemon [_thread_in_native, id=16888, stack(0x00007fb85c00d000,0x00007fb85c10e000)]
  0x00007fb8b44c2800 JavaThread "AWT-Shutdown" [_thread_blocked, id=16889, stack(0x00007fb855ad8000,0x00007fb855bd9000)]
=>0x00007fb8b44cb800 JavaThread "AWT-EventQueue-0" [_thread_in_native, id=16890, stack(0x00007fb8559d7000,0x00007fb855ad8000)]
  0x00007fb8b4011800 JavaThread "DestroyJavaVM" [_thread_blocked, id=16862, stack(0x00007fb8bac08000,0x00007fb8bad09000)]
  0x00007fb878047000 JavaThread "TimerQueue" daemon [_thread_blocked, id=16891, stack(0x00007fb8556d6000,0x00007fb8557d7000)]
  0x00007fb87814d800 JavaThread "libusb native finalization thread" daemon [_thread_blocked, id=16892, stack(0x00007fb8553d5000,0x00007fb8554d6000)]
  0x00007fb878139800 JavaThread "process reaper" daemon [_thread_blocked, id=16894, stack(0x00007fb854f9a000,0x00007fb854fbc000)]

Other Threads:
  0x00007fb8b40d8800 VMThread "VM Thread" [stack: 0x00007fb890ff4000,0x00007fb8910f4000] [id=16874]
  0x00007fb8b4164000 WatcherThread [stack: 0x00007fb8904b5000,0x00007fb8905b5000] [id=16882]
  0x00007fb8b4028000 GCTaskThread "GC Thread#0" [stack: 0x00007fb89a7c2000,0x00007fb89a8c2000] [id=16864]
  0x00007fb8b4029800 GCTaskThread "GC Thread#1" [stack: 0x00007fb89a6c0000,0x00007fb89a7c0000] [id=16865]
  0x00007fb8b4040000 ConcurrentGCThread "G1 Main Marker" [stack: 0x00007fb893f00000,0x00007fb894000000] [id=16866]
  0x00007fb8b4042000 ConcurrentGCThread "G1 Conc#0" [stack: 0x00007fb893dfe000,0x00007fb893efe000] [id=16867]
  0x00007fb8b4075000 ConcurrentGCThread "G1 Refine#0" [stack: 0x00007fb891afa000,0x00007fb891bfa000] [id=16868]
  0x00007fb8b4077000 ConcurrentGCThread "G1 Refine#1" [stack: 0x00007fb8919f8000,0x00007fb891af8000] [id=16870]
  0x00007fb8b4078800 ConcurrentGCThread "G1 Young RemSet Sampling" [stack: 0x00007fb8918f6000,0x00007fb8919f6000] [id=16871]

Threads with active compile tasks:
C2 CompilerThread01690 %     4       sun.java2d.marlin.DRenderer::_endRendering @ 256 (2480 bytes)

VM state:not at safepoint (normal execution)

VM Mutex/Monitor currently owned by a thread: None

Heap address: 0x00000000c3c00000, size: 964 MB, Compressed Oops mode: 32-bit
Narrow klass base: 0x0000000000000000, Narrow klass shift: 3
Compressed class space size: 1073741824 Address: 0x0000000100000000

Heap:
 garbage-first heap   total 63488K, used 7312K [0x00000000c3c00000, 0x0000000100000000)
  region size 1024K, 6 young (6144K), 2 survivors (2048K)
 Metaspace       used 22823K, capacity 23403K, committed 23680K, reserved 1071104K
  class space    used 2394K, capacity 2654K, committed 2688K, reserved 1048576K
Heap Regions: E=young(eden), S=young(survivor), O=old, HS=humongous(starts), HC=humongous(continues), CS=collection set, F=free, A=archive, TS=gc time stamp, AC=allocation context, TAMS=top-at-mark-start (previous, next)
|   0|0x00000000c3c00000, 0x00000000c3d00000, 0x00000000c3d00000|100%| O|  |TS  0|AC  0|TAMS 0x00000000c3d00000, 0x00000000c3d00000|
|   1|0x00000000c3d00000, 0x00000000c3e00000, 0x00000000c3e00000|100%| O|  |TS  0|AC  0|TAMS 0x00000000c3e00000, 0x00000000c3e00000|
|   2|0x00000000c3e00000, 0x00000000c3e24000, 0x00000000c3f00000| 14%| O|  |TS  0|AC  0|TAMS 0x00000000c3e24000, 0x00000000c3e24000|
|   3|0x00000000c3f00000, 0x00000000c3f00000, 0x00000000c4000000|  0%| F|  |TS  0|AC  0|TAMS 0x00000000c3f00000, 0x00000000c3f00000|
|   4|0x00000000c4000000, 0x00000000c4000000, 0x00000000c4100000|  0%| F|  |TS  0|AC  0|TAMS 0x00000000c4000000, 0x00000000c4000000|
|   5|0x00000000c4100000, 0x00000000c4100000, 0x00000000c4200000|  0%| F|  |TS  0|AC  0|TAMS 0x00000000c4100000, 0x00000000c4100000|
|   6|0x00000000c4200000, 0x00000000c4200000, 0x00000000c4300000|  0%| F|  |TS  0|AC  0|TAMS 0x00000000c4200000, 0x00000000c4200000|
|   7|0x00000000c4300000, 0x00000000c4300000, 0x00000000c4400000|  0%| F|  |TS  0|AC  0|TAMS 0x00000000c4300000, 0x00000000c4300000|
|   8|0x00000000c4400000, 0x00000000c4400000, 0x00000000c4500000|  0%| F|  |TS  0|AC  0|TAMS 0x00000000c4400000, 0x00000000c4400000|
|   9|0x00000000c4500000, 0x00000000c4500000, 0x00000000c4600000|  0%| F|  |TS  0|AC  0|TAMS 0x00000000c4500000, 0x00000000c4500000|
|  10|0x00000000c4600000, 0x00000000c4600000, 0x00000000c4700000|  0%| F|  |TS  0|AC  0|TAMS 0x00000000c4600000, 0x00000000c4600000|
|  11|0x00000000c4700000, 0x00000000c4700000, 0x00000000c4800000|  0%| F|  |TS  0|AC  0|TAMS 0x00000000c4700000, 0x00000000c4700000|
|  12|0x00000000c4800000, 0x00000000c4800000, 0x00000000c4900000|  0%| F|  |TS  0|AC  0|TAMS 0x00000000c4800000, 0x00000000c4800000|
|  13|0x00000000c4900000, 0x00000000c4900000, 0x00000000c4a00000|  0%| F|  |TS  0|AC  0|TAMS 0x00000000c4900000, 0x00000000c4900000|
|  14|0x00000000c4a00000, 0x00000000c4a00000, 0x00000000c4b00000|  0%| F|  |TS  0|AC  0|TAMS 0x00000000c4a00000, 0x00000000c4a00000|
|  15|0x00000000c4b00000, 0x00000000c4b00000, 0x00000000c4c00000|  0%| F|  |TS  0|AC  0|TAMS 0x00000000c4b00000, 0x00000000c4b00000|
|  16|0x00000000c4c00000, 0x00000000c4c00000, 0x00000000c4d00000|  0%| F|  |TS  0|AC  0|TAMS 0x00000000c4c00000, 0x00000000c4c00000|
|  17|0x00000000c4d00000, 0x00000000c4d00000, 0x00000000c4e00000|  0%| F|  |TS  0|AC  0|TAMS 0x00000000c4d00000, 0x00000000c4d00000|
|  18|0x00000000c4e00000, 0x00000000c4e00000, 0x00000000c4f00000|  0%| F|  |TS  0|AC  0|TAMS 0x00000000c4e00000, 0x00000000c4e00000|
|  19|0x00000000c4f00000, 0x00000000c4f00000, 0x00000000c5000000|  0%| F|  |TS  0|AC  0|TAMS 0x00000000c4f00000, 0x00000000c4f00000|
|  20|0x00000000c5000000, 0x00000000c5000000, 0x00000000c5100000|  0%| F|  |TS  0|AC  0|TAMS 0x00000000c5000000, 0x00000000c5000000|
|  21|0x00000000c5100000, 0x00000000c5100000, 0x00000000c5200000|  0%| F|  |TS  0|AC  0|TAMS 0x00000000c5100000, 0x00000000c5100000|
|  22|0x00000000c5200000, 0x00000000c5200000, 0x00000000c5300000|  0%| F|  |TS  0|AC  0|TAMS 0x00000000c5200000, 0x00000000c5200000|
|  23|0x00000000c5300000, 0x00000000c5300000, 0x00000000c5400000|  0%| F|  |TS  0|AC  0|TAMS 0x00000000c5300000, 0x00000000c5300000|
|  24|0x00000000c5400000, 0x00000000c5400000, 0x00000000c5500000|  0%| F|  |TS  0|AC  0|TAMS 0x00000000c5400000, 0x00000000c5400000|
|  25|0x00000000c5500000, 0x00000000c5500000, 0x00000000c5600000|  0%| F|  |TS  0|AC  0|TAMS 0x00000000c5500000, 0x00000000c5500000|
|  26|0x00000000c5600000, 0x00000000c5600000, 0x00000000c5700000|  0%| F|  |TS  0|AC  0|TAMS 0x00000000c5600000, 0x00000000c5600000|
|  27|0x00000000c5700000, 0x00000000c5700000, 0x00000000c5800000|  0%| F|  |TS  0|AC  0|TAMS 0x00000000c5700000, 0x00000000c5700000|
|  28|0x00000000c5800000, 0x00000000c5800000, 0x00000000c5900000|  0%| F|  |TS  0|AC  0|TAMS 0x00000000c5800000, 0x00000000c5800000|
|  29|0x00000000c5900000, 0x00000000c5900000, 0x00000000c5a00000|  0%| F|  |TS  0|AC  0|TAMS 0x00000000c5900000, 0x00000000c5900000|
|  30|0x00000000c5a00000, 0x00000000c5a00000, 0x00000000c5b00000|  0%| F|  |TS  0|AC  0|TAMS 0x00000000c5a00000, 0x00000000c5a00000|
|  31|0x00000000c5b00000, 0x00000000c5b00000, 0x00000000c5c00000|  0%| F|  |TS  0|AC  0|TAMS 0x00000000c5b00000, 0x00000000c5b00000|
|  32|0x00000000c5c00000, 0x00000000c5c00000, 0x00000000c5d00000|  0%| F|  |TS  0|AC  0|TAMS 0x00000000c5c00000, 0x00000000c5c00000|
|  33|0x00000000c5d00000, 0x00000000c5d00000, 0x00000000c5e00000|  0%| F|  |TS  0|AC  0|TAMS 0x00000000c5d00000, 0x00000000c5d00000|
|  34|0x00000000c5e00000, 0x00000000c5e00000, 0x00000000c5f00000|  0%| F|  |TS  0|AC  0|TAMS 0x00000000c5e00000, 0x00000000c5e00000|
|  35|0x00000000c5f00000, 0x00000000c5f00000, 0x00000000c6000000|  0%| F|  |TS  0|AC  0|TAMS 0x00000000c5f00000, 0x00000000c5f00000|
|  36|0x00000000c6000000, 0x00000000c6000000, 0x00000000c6100000|  0%| F|  |TS  0|AC  0|TAMS 0x00000000c6000000, 0x00000000c6000000|
|  37|0x00000000c6100000, 0x00000000c6100000, 0x00000000c6200000|  0%| F|  |TS  0|AC  0|TAMS 0x00000000c6100000, 0x00000000c6100000|
|  38|0x00000000c6200000, 0x00000000c6200000, 0x00000000c6300000|  0%| F|  |TS  0|AC  0|TAMS 0x00000000c6200000, 0x00000000c6200000|
|  39|0x00000000c6300000, 0x00000000c6300000, 0x00000000c6400000|  0%| F|  |TS  0|AC  0|TAMS 0x00000000c6300000, 0x00000000c6300000|
|  40|0x00000000c6400000, 0x00000000c6400000, 0x00000000c6500000|  0%| F|  |TS  0|AC  0|TAMS 0x00000000c6400000, 0x00000000c6400000|
|  41|0x00000000c6500000, 0x00000000c6500000, 0x00000000c6600000|  0%| F|  |TS  0|AC  0|TAMS 0x00000000c6500000, 0x00000000c6500000|
|  42|0x00000000c6600000, 0x00000000c6600000, 0x00000000c6700000|  0%| F|  |TS  0|AC  0|TAMS 0x00000000c6600000, 0x00000000c6600000|
|  43|0x00000000c6700000, 0x00000000c6700000, 0x00000000c6800000|  0%| F|  |TS  0|AC  0|TAMS 0x00000000c6700000, 0x00000000c6700000|
|  44|0x00000000c6800000, 0x00000000c6800000, 0x00000000c6900000|  0%| F|  |TS  0|AC  0|TAMS 0x00000000c6800000, 0x00000000c6800000|
|  45|0x00000000c6900000, 0x00000000c6900000, 0x00000000c6a00000|  0%| F|  |TS  0|AC  0|TAMS 0x00000000c6900000, 0x00000000c6900000|
|  46|0x00000000c6a00000, 0x00000000c6a00000, 0x00000000c6b00000|  0%| F|  |TS  0|AC  0|TAMS 0x00000000c6a00000, 0x00000000c6a00000|
|  47|0x00000000c6b00000, 0x00000000c6b00000, 0x00000000c6c00000|  0%| F|  |TS  0|AC  0|TAMS 0x00000000c6b00000, 0x00000000c6b00000|
|  48|0x00000000c6c00000, 0x00000000c6c00000, 0x00000000c6d00000|  0%| F|  |TS  0|AC  0|TAMS 0x00000000c6c00000, 0x00000000c6c00000|
|  49|0x00000000c6d00000, 0x00000000c6d00000, 0x00000000c6e00000|  0%| F|  |TS  0|AC  0|TAMS 0x00000000c6d00000, 0x00000000c6d00000|
|  50|0x00000000c6e00000, 0x00000000c6e00000, 0x00000000c6f00000|  0%| F|  |TS  0|AC  0|TAMS 0x00000000c6e00000, 0x00000000c6e00000|
|  51|0x00000000c6f00000, 0x00000000c6f00000, 0x00000000c7000000|  0%| F|  |TS  0|AC  0|TAMS 0x00000000c6f00000, 0x00000000c6f00000|
|  52|0x00000000c7000000, 0x00000000c7100000, 0x00000000c7100000|100%| S|CS|TS  0|AC  0|TAMS 0x00000000c7000000, 0x00000000c7000000|
|  53|0x00000000c7100000, 0x00000000c7200000, 0x00000000c7200000|100%| S|CS|TS  0|AC  0|TAMS 0x00000000c7100000, 0x00000000c7100000|
|  54|0x00000000c7200000, 0x00000000c7200000, 0x00000000c7300000|  0%| F|  |TS  0|AC  0|TAMS 0x00000000c7200000, 0x00000000c7200000|
|  55|0x00000000c7300000, 0x00000000c7300000, 0x00000000c7400000|  0%| F|  |TS  0|AC  0|TAMS 0x00000000c7300000, 0x00000000c7300000|
|  56|0x00000000c7400000, 0x00000000c7400000, 0x00000000c7500000|  0%| F|  |TS  0|AC  0|TAMS 0x00000000c7400000, 0x00000000c7400000|
|  57|0x00000000c7500000, 0x00000000c7500000, 0x00000000c7600000|  0%| F|  |TS  0|AC  0|TAMS 0x00000000c7500000, 0x00000000c7500000|
|  58|0x00000000c7600000, 0x00000000c7700000, 0x00000000c7700000|100%| E|  |TS  0|AC  0|TAMS 0x00000000c7600000, 0x00000000c7600000|
|  59|0x00000000c7700000, 0x00000000c7800000, 0x00000000c7800000|100%| E|CS|TS  0|AC  0|TAMS 0x00000000c7700000, 0x00000000c7700000|
|  60|0x00000000c7800000, 0x00000000c7900000, 0x00000000c7900000|100%| E|CS|TS  0|AC  0|TAMS 0x00000000c7800000, 0x00000000c7800000|
|  61|0x00000000c7900000, 0x00000000c7a00000, 0x00000000c7a00000|100%| E|CS|TS  0|AC  0|TAMS 0x00000000c7900000, 0x00000000c7900000|

Card table byte_map: [0x00007fb89a0f8000,0x00007fb89a2da000] byte_map_base: 0x00007fb899ada000

Marking Bits (Prev, Next): (CMBitMap*) 0x00007fb8b403f738, (CMBitMap*) 0x00007fb8b403f700
 Prev Bits: [0x00007fb8980f6000, 0x00007fb899006000)
 Next Bits: [0x00007fb899006000, 0x00007fb899f16000)

Polling page: 0x00007fb8bad38000

CodeHeap 'non-profiled nmethods': size=120036Kb used=636Kb max_used=636Kb free=119399Kb
 bounds [0x00007fb8a255f000, 0x00007fb8a27cf000, 0x00007fb8a9a98000]
CodeHeap 'profiled nmethods': size=120032Kb used=3127Kb max_used=3127Kb free=116904Kb
 bounds [0x00007fb89b027000, 0x00007fb89b337000, 0x00007fb8a255f000]
CodeHeap 'non-nmethods': size=5692Kb used=1270Kb max_used=1287Kb free=4421Kb
 bounds [0x00007fb89aa98000, 0x00007fb89ad08000, 0x00007fb89b027000]
 total_blobs=2729 nmethods=1700 adapters=639
 compilation: enabled

Compilation events (10 events):
Event: 8,048 Thread 0x00007fb8b40fb800 1697       3       sun.java2d.pipe.Region::getHeight (32 bytes)
Event: 8,049 Thread 0x00007fb8b40fb800 nmethod 1697 0x00007fb89b334710 code [0x00007fb89b3348c0, 0x00007fb89b334ab0]
Event: 8,049 Thread 0x00007fb8b40fb800 1704       1       java.lang.reflect.Constructor::getSharedParameterTypes (5 bytes)
Event: 8,049 Thread 0x00007fb8b40fb800 nmethod 1704 0x00007fb8a25fd710 code [0x00007fb8a25fd8c0, 0x00007fb8a25fd9d0]
Event: 8,049 Thread 0x00007fb8b40fb800 1698       3       sun.java2d.pipe.Region::getWidth (32 bytes)
Event: 8,049 Thread 0x00007fb8b40fb800 nmethod 1698 0x00007fb89b334b10 code [0x00007fb89b334cc0, 0x00007fb89b334eb0]
Event: 8,049 Thread 0x00007fb8b40fb800 1703       1       java.io.FileDescriptor::access$000 (5 bytes)
Event: 8,055 Thread 0x00007fb8b40fb800 nmethod 1703 0x00007fb8a25fda10 code [0x00007fb8a25fdbc0, 0x00007fb8a25fdcb0]
Event: 8,055 Thread 0x00007fb8b40fb800 1701       1       java.awt.color.ColorSpace::getNumComponents (5 bytes)
Event: 8,055 Thread 0x00007fb8b40fb800 nmethod 1701 0x00007fb8a25fdd90 code [0x00007fb8a25fdf40, 0x00007fb8a25fe050]

GC Heap History (6 events):
Event: 1,549 GC heap before
{Heap before GC invocations=0 (full 0):
 garbage-first heap   total 63488K, used 7168K [0x00000000c3c00000, 0x0000000100000000)
  region size 1024K, 7 young (7168K), 0 survivors (0K)
 Metaspace       used 10748K, capacity 11111K, committed 11264K, reserved 1058816K
  class space    used 1014K, capacity 1196K, committed 1280K, reserved 1048576K
}
Event: 1,567 GC heap after
{Heap after GC invocations=1 (full 0):
 garbage-first heap   total 63488K, used 2076K [0x00000000c3c00000, 0x0000000100000000)
  region size 1024K, 1 young (1024K), 1 survivors (1024K)
 Metaspace       used 10748K, capacity 11111K, committed 11264K, reserved 1058816K
  class space    used 1014K, capacity 1196K, committed 1280K, reserved 1048576K
}
Event: 2,052 GC heap before
{Heap before GC invocations=1 (full 0):
 garbage-first heap   total 63488K, used 7196K [0x00000000c3c00000, 0x0000000100000000)
  region size 1024K, 6 young (6144K), 1 survivors (1024K)
 Metaspace       used 12320K, capacity 12798K, committed 13056K, reserved 1060864K
  class space    used 1197K, capacity 1443K, committed 1536K, reserved 1048576K
}
Event: 2,063 GC heap after
{Heap after GC invocations=2 (full 0):
 garbage-first heap   total 63488K, used 2598K [0x00000000c3c00000, 0x0000000100000000)
  region size 1024K, 1 young (1024K), 1 survivors (1024K)
 Metaspace       used 12320K, capacity 12798K, committed 13056K, reserved 1060864K
  class space    used 1197K, capacity 1443K, committed 1536K, reserved 1048576K
}
Event: 4,399 GC heap before
{Heap before GC invocations=2 (full 0):
 garbage-first heap   total 63488K, used 8742K [0x00000000c3c00000, 0x0000000100000000)
  region size 1024K, 8 young (8192K), 1 survivors (1024K)
 Metaspace       used 20512K, capacity 21010K, committed 21296K, reserved 1069056K
  class space    used 2165K, capacity 2432K, committed 2432K, reserved 1048576K
}
Event: 4,413 GC heap after
{Heap after GC invocations=3 (full 0):
 garbage-first heap   total 63488K, used 4240K [0x00000000c3c00000, 0x0000000100000000)
  region size 1024K, 2 young (2048K), 2 survivors (2048K)
 Metaspace       used 20512K, capacity 21010K, committed 21296K, reserved 1069056K
  class space    used 2165K, capacity 2432K, committed 2432K, reserved 1048576K
}

Deoptimization events (10 events):
Event: 2,521 Thread 0x00007fb8b44cb800 Uncommon trap: reason=class_check action=maybe_recompile pc=0x00007fb8a25ad714 method=java.util.HashMap.putVal(ILjava/lang/Object;Ljava/lang/Object;ZZ)Ljava/lang/Object; @ 253 c2
Event: 2,571 Thread 0x00007fb8b44cb800 Uncommon trap: reason=intrinsic_or_type_checked_inlining action=make_not_entrant pc=0x00007fb8a25b0458 method=java.util.Arrays.copyOf([Ljava/lang/Object;ILjava/lang/Class;)[Ljava/lang/Object; @ 35 c2
Event: 2,745 Thread 0x00007fb8b44cb800 Uncommon trap: reason=unstable_if action=reinterpret pc=0x00007fb8a25b6620 method=java.util.Arrays.equals([Ljava/lang/Object;[Ljava/lang/Object;)Z @ 44 c2
Event: 3,128 Thread 0x00007fb8b44cb800 Uncommon trap: reason=unstable_if action=reinterpret pc=0x00007fb8a25c8490 method=sun.java2d.marlin.MarlinCache.copyAARowRLE_WithBlockFlags([I[IIII)V @ 462 c2
Event: 4,333 Thread 0x00007fb8b44cb800 Uncommon trap: reason=unstable_if action=reinterpret pc=0x00007fb8a25db574 method=java.lang.StringLatin1.replace([BCC)Ljava/lang/String; @ 19 c2
Event: 4,334 Thread 0x00007fb8b44cb800 Uncommon trap: reason=unstable_if action=reinterpret pc=0x00007fb8a2578190 method=java.lang.StringLatin1.replace([BCC)Ljava/lang/String; @ 19 c2
Event: 4,334 Thread 0x00007fb8b44cb800 Uncommon trap: reason=unstable_if action=reinterpret pc=0x00007fb8a2590918 method=jdk.internal.org.objectweb.asm.Type.getArgumentsAndReturnSizes(Ljava/lang/String;)I @ 88 c2
Event: 4,386 Thread 0x00007fb8b44cb800 Uncommon trap: reason=unstable_if action=reinterpret pc=0x00007fb8a25d5f70 method=java.lang.AbstractStringBuilder.append(Ljava/lang/String;)Ljava/lang/AbstractStringBuilder; @ 1 c2
Event: 4,457 Thread 0x00007fb8b44cb800 Uncommon trap: reason=unstable_if action=reinterpret pc=0x00007fb8a258a808 method=jdk.internal.org.objectweb.asm.Frame.execute(IILjdk/internal/org/objectweb/asm/ClassWriter;Ljdk/internal/org/objectweb/asm/Item;)V @ 2219 c2
Event: 4,700 Thread 0x00007fb8b44cb800 Uncommon trap: reason=unstable_if action=reinterpret pc=0x00007fb8a2567e0c method=java.lang.String.isLatin1()Z @ 10 c2

Classes redefined (0 events):
No events

Internal exceptions (10 events):
Event: 4,327 Thread 0x00007fb8b44cb800 Exception <a 'java/lang/NoSuchMethodError'{0x00000000c73674d0}: java.lang.invoke.DirectMethodHandle$Holder.invokeStatic(Ljava/lang/Object;Ljava/lang/Object;J)Ljava/lang/Object;> (0x00000000c73674d0) thrown at [/build/openjdk-lts-Ae5PRQ/openjdk-lts-10.0.2+
Event: 4,329 Thread 0x00007fb8b44cb800 Exception <a 'java/lang/NoSuchMethodError'{0x00000000c736ad58}: method resolution failed> (0x00000000c736ad58) thrown at [/build/openjdk-lts-Ae5PRQ/openjdk-lts-10.0.2+13/src/hotspot/share/prims/methodHandles.cpp, line 1226]
Event: 4,335 Thread 0x00007fb8b44cb800 Exception <a 'java/lang/NoSuchMethodError'{0x00000000c7374e08}: java.lang.invoke.DirectMethodHandle$Holder.invokeStatic(Ljava/lang/Object;Ljava/lang/Object;Ljava/lang/Object;I)Ljava/lang/Object;> (0x00000000c7374e08) thrown at [/build/openjdk-lts-Ae5PRQ/o
Event: 4,336 Thread 0x00007fb8b44cb800 Exception <a 'java/lang/NoSuchMethodError'{0x00000000c7378c60}: java.lang.invoke.DirectMethodHandle$Holder.invokeSpecial(Ljava/lang/Object;Ljava/lang/Object;Ljava/lang/Object;Ljava/lang/Object;I)Ljava/lang/Object;> (0x00000000c7378c60) thrown at [/build/o
Event: 4,386 Thread 0x00007fb8b44cb800 Implicit null exception at 0x00007fb8a25d5a73 to 0x00007fb8a25d5f5a
Event: 4,397 Thread 0x00007fb8b44cb800 Exception <a 'java/lang/NoSuchMethodError'{0x00000000c7225540}: method resolution failed> (0x00000000c7225540) thrown at [/build/openjdk-lts-Ae5PRQ/openjdk-lts-10.0.2+13/src/hotspot/share/prims/methodHandles.cpp, line 1226]
Event: 4,445 Thread 0x00007fb8b44cb800 Exception <a 'java/lang/NoSuchMethodError'{0x00000000c790e478}: java.lang.invoke.DirectMethodHandle$Holder.invokeStatic(Ljava/lang/Object;Ljava/lang/Object;)I> (0x00000000c790e478) thrown at [/build/openjdk-lts-Ae5PRQ/openjdk-lts-10.0.2+13/src/hotspot/sha
Event: 4,454 Thread 0x00007fb8b44cb800 Exception <a 'java/lang/NoSuchMethodError'{0x00000000c791b638}: java.lang.Object.of([Ljava/lang/Object;)Ljava/util/stream/Stream;> (0x00000000c791b638) thrown at [/build/openjdk-lts-Ae5PRQ/openjdk-lts-10.0.2+13/src/hotspot/share/interpreter/linkResolver.c
Event: 4,652 Thread 0x00007fb8b44cb800 Exception <a 'java/lang/ClassNotFoundException'{0x00000000c78f2768}: sun/util/logging/resources/spi/loggingProvider> (0x00000000c78f2768) thrown at [/build/openjdk-lts-Ae5PRQ/openjdk-lts-10.0.2+13/src/hotspot/share/classfile/systemDictionary.cpp, line 233
Event: 4,668 Thread 0x00007fb8b44cb800 Exception <a 'java/lang/NoSuchMethodError'{0x00000000c7705450}: java.lang.Object.lambda$union$2(Ljava/util/regex/Pattern$CharPredicate;I)Z> (0x00000000c7705450) thrown at [/build/openjdk-lts-Ae5PRQ/openjdk-lts-10.0.2+13/src/hotspot/share/interpreter/linkR

Events (10 events):
Event: 8,041 loading class com/grack/javausb/jna/libusb_transfer
Event: 8,041 loading class com/grack/javausb/jna/libusb_transfer done
Event: 8,043 loading class com/grack/javausb/jna/libusb_iso_packet_descriptor_structure
Event: 8,043 loading class com/grack/javausb/jna/libusb_iso_packet_descriptor_structure done
Event: 8,044 loading class com/sun/jna/Native$Buffers
Event: 8,044 loading class com/sun/jna/Native$Buffers done
Event: 8,049 loading class humer/peter/jna_libusb_project/Main$7
Event: 8,049 loading class humer/peter/jna_libusb_project/Main$7 done
Event: 8,055 loading class com/grack/javausb/USBNative$libusb_transfer_type
Event: 8,055 loading class com/grack/javausb/USBNative$libusb_transfer_type done


Dynamic libraries:
c3c00000-c7a00000 rw-p 00000000 00:00 0 
c7a00000-100000000 ---p 00000000 00:00 0 
100000000-1002a0000 rw-p 00000000 00:00 0 
1002a0000-140000000 ---p 00000000 00:00 0 
55b51c8d3000-55b51c8d4000 r-xp 00000000 08:07 3281594                    /usr/lib/jvm/java-11-openjdk-amd64/bin/java
55b51cad4000-55b51cad5000 r--p 00001000 08:07 3281594                    /usr/lib/jvm/java-11-openjdk-amd64/bin/java
55b51cad5000-55b51cad6000 rw-p 00002000 08:07 3281594                    /usr/lib/jvm/java-11-openjdk-amd64/bin/java
55b51e3d3000-55b51e3f4000 rw-p 00000000 00:00 0                          [heap]
7fb854134000-7fb8541b4000 rw-p 00000000 00:00 0 
7fb8541b4000-7fb854334000 ---p 00000000 00:00 0 
7fb854334000-7fb854335000 ---p 00000000 00:00 0 
7fb854335000-7fb854b35000 rw-p 00000000 00:00 0 
7fb854b35000-7fb854b52000 r-xp 00000000 08:07 1973216                    /lib/x86_64-linux-gnu/libudev.so.1.6.9
7fb854b52000-7fb854d51000 ---p 0001d000 08:07 1973216                    /lib/x86_64-linux-gnu/libudev.so.1.6.9
7fb854d51000-7fb854d52000 r--p 0001c000 08:07 1973216                    /lib/x86_64-linux-gnu/libudev.so.1.6.9
7fb854d52000-7fb854d53000 rw-p 0001d000 08:07 1973216                    /lib/x86_64-linux-gnu/libudev.so.1.6.9
7fb854d53000-7fb854d6a000 r-xp 00000000 08:07 1970999                    /lib/x86_64-linux-gnu/libusb-1.0.so.0.1.0
7fb854d6a000-7fb854f69000 ---p 00017000 08:07 1970999                    /lib/x86_64-linux-gnu/libusb-1.0.so.0.1.0
7fb854f69000-7fb854f6a000 r--p 00016000 08:07 1970999                    /lib/x86_64-linux-gnu/libusb-1.0.so.0.1.0
7fb854f6a000-7fb854f6b000 rw-p 00017000 08:07 1970999                    /lib/x86_64-linux-gnu/libusb-1.0.so.0.1.0
7fb854f9a000-7fb854f9e000 ---p 00000000 00:00 0 
7fb854f9e000-7fb8551bc000 rw-p 00000000 00:00 0 
7fb8551bc000-7fb8551d4000 r-xp 00000000 08:07 7764583                    /home/peter/.cache/JNA/temp/jna4155009769420777828.tmp (deleted)
7fb8551d4000-7fb8553d4000 ---p 00018000 08:07 7764583                    /home/peter/.cache/JNA/temp/jna4155009769420777828.tmp (deleted)
7fb8553d4000-7fb8553d5000 rw-p 00018000 08:07 7764583                    /home/peter/.cache/JNA/temp/jna4155009769420777828.tmp (deleted)
7fb8553d5000-7fb8553d9000 ---p 00000000 00:00 0 
7fb8553d9000-7fb8556d6000 rw-p 00000000 00:00 0 
7fb8556d6000-7fb8556da000 ---p 00000000 00:00 0 
7fb8556da000-7fb8559d7000 rw-p 00000000 00:00 0 
7fb8559d7000-7fb8559db000 ---p 00000000 00:00 0 
7fb8559db000-7fb855ad8000 rw-p 00000000 00:00 0 
7fb855ad8000-7fb855adc000 ---p 00000000 00:00 0 
7fb855adc000-7fb855dd9000 rw-p 00000000 00:00 0 
7fb855dd9000-7fb855fd9000 rw-p 00000000 00:00 0 
7fb855fd9000-7fb855fde000 r-xp 00000000 08:07 3284531                    /usr/lib/x86_64-linux-gnu/libXfixes.so.3.1.0
7fb855fde000-7fb8561dd000 ---p 00005000 08:07 3284531                    /usr/lib/x86_64-linux-gnu/libXfixes.so.3.1.0
7fb8561dd000-7fb8561de000 r--p 00004000 08:07 3284531                    /usr/lib/x86_64-linux-gnu/libXfixes.so.3.1.0
7fb8561de000-7fb8561df000 rw-p 00005000 08:07 3284531                    /usr/lib/x86_64-linux-gnu/libXfixes.so.3.1.0
7fb8561df000-7fb8561e8000 r-xp 00000000 08:07 3284523                    /usr/lib/x86_64-linux-gnu/libXcursor.so.1.0.2
7fb8561e8000-7fb8563e7000 ---p 00009000 08:07 3284523                    /usr/lib/x86_64-linux-gnu/libXcursor.so.1.0.2
7fb8563e7000-7fb8563e8000 r--p 00008000 08:07 3284523                    /usr/lib/x86_64-linux-gnu/libXcursor.so.1.0.2
7fb8563e8000-7fb8563e9000 rw-p 00009000 08:07 3284523                    /usr/lib/x86_64-linux-gnu/libXcursor.so.1.0.2
7fb8563e9000-7fb8563ea000 ---p 00000000 00:00 0 
7fb8563ea000-7fb856bea000 rw-p 00000000 00:00 0 
7fb856bea000-7fb856beb000 ---p 00000000 00:00 0 
7fb856beb000-7fb8573eb000 rw-p 00000000 00:00 0 
7fb8573eb000-7fb8573ec000 ---p 00000000 00:00 0 
7fb8573ec000-7fb857bec000 rw-p 00000000 00:00 0 
7fb857bec000-7fb857bf8000 r-xp 00000000 08:07 3671758                    /usr/lib/x86_64-linux-gnu/gio/modules/libdconfsettings.so
7fb857bf8000-7fb857df7000 ---p 0000c000 08:07 3671758                    /usr/lib/x86_64-linux-gnu/gio/modules/libdconfsettings.so
7fb857df7000-7fb857df8000 r--p 0000b000 08:07 3671758                    /usr/lib/x86_64-linux-gnu/gio/modules/libdconfsettings.so
7fb857df8000-7fb857df9000 rw-p 0000c000 08:07 3671758                    /usr/lib/x86_64-linux-gnu/gio/modules/libdconfsettings.so
7fb857df9000-7fb857dff000 r-xp 00000000 08:07 1979063                    /lib/x86_64-linux-gnu/libuuid.so.1.3.0
7fb857dff000-7fb857ffe000 ---p 00006000 08:07 1979063                    /lib/x86_64-linux-gnu/libuuid.so.1.3.0
7fb857ffe000-7fb857fff000 r--p 00005000 08:07 1979063                    /lib/x86_64-linux-gnu/libuuid.so.1.3.0
7fb857fff000-7fb858000000 rw-p 00006000 08:07 1979063                    /lib/x86_64-linux-gnu/libuuid.so.1.3.0
7fb858000000-7fb858021000 rw-p 00000000 00:00 0 
7fb858021000-7fb85c000000 ---p 00000000 00:00 0 
7fb85c00d000-7fb85c011000 ---p 00000000 00:00 0 
7fb85c011000-7fb85c10e000 rw-p 00000000 00:00 0 
7fb85c10e000-7fb85c155000 r-xp 00000000 08:07 1971002                    /lib/x86_64-linux-gnu/libblkid.so.1.1.0
7fb85c155000-7fb85c355000 ---p 00047000 08:07 1971002                    /lib/x86_64-linux-gnu/libblkid.so.1.1.0
7fb85c355000-7fb85c359000 r--p 00047000 08:07 1971002                    /lib/x86_64-linux-gnu/libblkid.so.1.1.0
7fb85c359000-7fb85c35a000 rw-p 0004b000 08:07 1971002                    /lib/x86_64-linux-gnu/libblkid.so.1.1.0
7fb85c35a000-7fb85c35b000 rw-p 00000000 00:00 0 
7fb85c35b000-7fb85c3cb000 r-xp 00000000 08:07 1970955                    /lib/x86_64-linux-gnu/libpcre.so.3.13.3
7fb85c3cb000-7fb85c5cb000 ---p 00070000 08:07 1970955                    /lib/x86_64-linux-gnu/libpcre.so.3.13.3
7fb85c5cb000-7fb85c5cc000 r--p 00070000 08:07 1970955                    /lib/x86_64-linux-gnu/libpcre.so.3.13.3
7fb85c5cc000-7fb85c5cd000 rw-p 00071000 08:07 1970955                    /lib/x86_64-linux-gnu/libpcre.so.3.13.3
7fb85c5cd000-7fb85c5d4000 r-xp 00000000 08:07 3284907                    /usr/lib/x86_64-linux-gnu/libffi.so.6.0.4
7fb85c5d4000-7fb85c7d3000 ---p 00007000 08:07 3284907                    /usr/lib/x86_64-linux-gnu/libffi.so.6.0.4
7fb85c7d3000-7fb85c7d4000 r--p 00006000 08:07 3284907                    /usr/lib/x86_64-linux-gnu/libffi.so.6.0.4
7fb85c7d4000-7fb85c7d5000 rw-p 00007000 08:07 3284907                    /usr/lib/x86_64-linux-gnu/libffi.so.6.0.4
7fb85c7d5000-7fb85c826000 r-xp 00000000 08:07 1970866                    /lib/x86_64-linux-gnu/libmount.so.1.1.0
7fb85c826000-7fb85ca25000 ---p 00051000 08:07 1970866                    /lib/x86_64-linux-gnu/libmount.so.1.1.0
7fb85ca25000-7fb85ca27000 r--p 00050000 08:07 1970866                    /lib/x86_64-linux-gnu/libmount.so.1.1.0
7fb85ca27000-7fb85ca28000 rw-p 00052000 08:07 1970866                    /lib/x86_64-linux-gnu/libmount.so.1.1.0
7fb85ca28000-7fb85ca29000 rw-p 00000000 00:00 0 
7fb85ca29000-7fb85ca40000 r-xp 00000000 08:07 1970972                    /lib/x86_64-linux-gnu/libresolv-2.27.so
7fb85ca40000-7fb85cc40000 ---p 00017000 08:07 1970972                    /lib/x86_64-linux-gnu/libresolv-2.27.so
7fb85cc40000-7fb85cc41000 r--p 00017000 08:07 1970972                    /lib/x86_64-linux-gnu/libresolv-2.27.so
7fb85cc41000-7fb85cc42000 rw-p 00018000 08:07 1970972                    /lib/x86_64-linux-gnu/libresolv-2.27.so
7fb85cc42000-7fb85cc44000 rw-p 00000000 00:00 0 
7fb85cc44000-7fb85cc69000 r-xp 00000000 08:07 1970978                    /lib/x86_64-linux-gnu/libselinux.so.1
7fb85cc69000-7fb85ce68000 ---p 00025000 08:07 1970978                    /lib/x86_64-linux-gnu/libselinux.so.1
7fb85ce68000-7fb85ce69000 r--p 00024000 08:07 1970978                    /lib/x86_64-linux-gnu/libselinux.so.1
7fb85ce69000-7fb85ce6a000 rw-p 00025000 08:07 1970978                    /lib/x86_64-linux-gnu/libselinux.so.1
7fb85ce6a000-7fb85ce6c000 rw-p 00000000 00:00 0 
7fb85ce6c000-7fb85cf7f000 r-xp 00000000 08:07 3277285                    /usr/lib/x86_64-linux-gnu/libglib-2.0.so.0.5600.3
7fb85cf7f000-7fb85d17f000 ---p 00113000 08:07 3277285                    /usr/lib/x86_64-linux-gnu/libglib-2.0.so.0.5600.3
7fb85d17f000-7fb85d180000 r--p 00113000 08:07 3277285                    /usr/lib/x86_64-linux-gnu/libglib-2.0.so.0.5600.3
7fb85d180000-7fb85d181000 rw-p 00114000 08:07 3277285                    /usr/lib/x86_64-linux-gnu/libglib-2.0.so.0.5600.3
7fb85d181000-7fb85d182000 rw-p 00000000 00:00 0 
7fb85d182000-7fb85d185000 r-xp 00000000 08:07 3277315                    /usr/lib/x86_64-linux-gnu/libgmodule-2.0.so.0.5600.3
7fb85d185000-7fb85d384000 ---p 00003000 08:07 3277315                    /usr/lib/x86_64-linux-gnu/libgmodule-2.0.so.0.5600.3
7fb85d384000-7fb85d385000 r--p 00002000 08:07 3277315                    /usr/lib/x86_64-linux-gnu/libgmodule-2.0.so.0.5600.3
7fb85d385000-7fb85d386000 rw-p 00003000 08:07 3277315                    /usr/lib/x86_64-linux-gnu/libgmodule-2.0.so.0.5600.3
7fb85d386000-7fb85d3d8000 r-xp 00000000 08:07 3277316                    /usr/lib/x86_64-linux-gnu/libgobject-2.0.so.0.5600.3
7fb85d3d8000-7fb85d5d8000 ---p 00052000 08:07 3277316                    /usr/lib/x86_64-linux-gnu/libgobject-2.0.so.0.5600.3
7fb85d5d8000-7fb85d5d9000 r--p 00052000 08:07 3277316                    /usr/lib/x86_64-linux-gnu/libgobject-2.0.so.0.5600.3
7fb85d5d9000-7fb85d5da000 rw-p 00053000 08:07 3277316                    /usr/lib/x86_64-linux-gnu/libgobject-2.0.so.0.5600.3
7fb85d5da000-7fb85d76f000 r-xp 00000000 08:07 3277258                    /usr/lib/x86_64-linux-gnu/libgio-2.0.so.0.5600.3
7fb85d76f000-7fb85d96f000 ---p 00195000 08:07 3277258                    /usr/lib/x86_64-linux-gnu/libgio-2.0.so.0.5600.3
7fb85d96f000-7fb85d976000 r--p 00195000 08:07 3277258                    /usr/lib/x86_64-linux-gnu/libgio-2.0.so.0.5600.3
7fb85d976000-7fb85d977000 rw-p 0019c000 08:07 3277258                    /usr/lib/x86_64-linux-gnu/libgio-2.0.so.0.5600.3
7fb85d977000-7fb85d979000 rw-p 00000000 00:00 0 
7fb85d979000-7fb85d983000 r-xp 00000000 08:07 3284547                    /usr/lib/x86_64-linux-gnu/libXrandr.so.2.2.0
7fb85d983000-7fb85db82000 ---p 0000a000 08:07 3284547                    /usr/lib/x86_64-linux-gnu/libXrandr.so.2.2.0
7fb85db82000-7fb85db83000 r--p 00009000 08:07 3284547                    /usr/lib/x86_64-linux-gnu/libXrandr.so.2.2.0
7fb85db83000-7fb85db84000 rw-p 0000a000 08:07 3284547                    /usr/lib/x86_64-linux-gnu/libXrandr.so.2.2.0
7fb85db84000-7fb85dbb5000 r-xp 00000000 08:07 3285257                    /usr/lib/x86_64-linux-gnu/libpng16.so.16.34.0
7fb85dbb5000-7fb85ddb4000 ---p 00031000 08:07 3285257                    /usr/lib/x86_64-linux-gnu/libpng16.so.16.34.0
7fb85ddb4000-7fb85ddb5000 r--p 00030000 08:07 3285257                    /usr/lib/x86_64-linux-gnu/libpng16.so.16.34.0
7fb85ddb5000-7fb85ddb6000 rw-p 00031000 08:07 3285257                    /usr/lib/x86_64-linux-gnu/libpng16.so.16.34.0
7fb85ddb6000-7fb85de63000 r-xp 00000000 08:07 3284937                    /usr/lib/x86_64-linux-gnu/libfreetype.so.6.15.0
7fb85de63000-7fb85e062000 ---p 000ad000 08:07 3284937                    /usr/lib/x86_64-linux-gnu/libfreetype.so.6.15.0
7fb85e062000-7fb85e069000 r--p 000ac000 08:07 3284937                    /usr/lib/x86_64-linux-gnu/libfreetype.so.6.15.0
7fb85e069000-7fb85e06a000 rw-p 000b3000 08:07 3284937                    /usr/lib/x86_64-linux-gnu/libfreetype.so.6.15.0
7fb85e06a000-7fb85e0ff000 r-xp 00000000 08:07 3281657                    /usr/lib/jvm/java-11-openjdk-amd64/lib/libfontmanager.so
7fb85e0ff000-7fb85e2ff000 ---p 00095000 08:07 3281657                    /usr/lib/jvm/java-11-openjdk-amd64/lib/libfontmanager.so
7fb85e2ff000-7fb85e300000 r--p 00095000 08:07 3281657                    /usr/lib/jvm/java-11-openjdk-amd64/lib/libfontmanager.so
7fb85e300000-7fb85e301000 rw-p 00096000 08:07 3281657                    /usr/lib/jvm/java-11-openjdk-amd64/lib/libfontmanager.so
7fb85e301000-7fb85e502000 rw-p 00000000 00:00 0 
7fb85e502000-7fb85e515000 r-xp 00000000 08:07 1970829                    /lib/x86_64-linux-gnu/libbsd.so.0.8.7
7fb85e515000-7fb85e714000 ---p 00013000 08:07 1970829                    /lib/x86_64-linux-gnu/libbsd.so.0.8.7
7fb85e714000-7fb85e715000 r--p 00012000 08:07 1970829                    /lib/x86_64-linux-gnu/libbsd.so.0.8.7
7fb85e715000-7fb85e716000 rw-p 00013000 08:07 1970829                    /lib/x86_64-linux-gnu/libbsd.so.0.8.7
7fb85e716000-7fb85e717000 rw-p 00000000 00:00 0 
7fb85e717000-7fb85e71c000 r-xp 00000000 08:07 3284527                    /usr/lib/x86_64-linux-gnu/libXdmcp.so.6.0.0
7fb85e71c000-7fb85e91b000 ---p 00005000 08:07 3284527                    /usr/lib/x86_64-linux-gnu/libXdmcp.so.6.0.0
7fb85e91b000-7fb85e91c000 r--p 00004000 08:07 3284527                    /usr/lib/x86_64-linux-gnu/libXdmcp.so.6.0.0
7fb85e91c000-7fb85e91d000 rw-p 00005000 08:07 3284527                    /usr/lib/x86_64-linux-gnu/libXdmcp.so.6.0.0
7fb85e91d000-7fb85e91f000 r-xp 00000000 08:07 3284516                    /usr/lib/x86_64-linux-gnu/libXau.so.6.0.0
7fb85e91f000-7fb85eb1f000 ---p 00002000 08:07 3284516                    /usr/lib/x86_64-linux-gnu/libXau.so.6.0.0
7fb85eb1f000-7fb85eb20000 r--p 00002000 08:07 3284516                    /usr/lib/x86_64-linux-gnu/libXau.so.6.0.0
7fb85eb20000-7fb85eb21000 rw-p 00003000 08:07 3284516                    /usr/lib/x86_64-linux-gnu/libXau.so.6.0.0
7fb85eb21000-7fb85eb47000 r-xp 00000000 08:07 3285855                    /usr/lib/x86_64-linux-gnu/libxcb.so.1.1.0
7fb85eb47000-7fb85ed47000 ---p 00026000 08:07 3285855                    /usr/lib/x86_64-linux-gnu/libxcb.so.1.1.0
7fb85ed47000-7fb85ed48000 r--p 00026000 08:07 3285855                    /usr/lib/x86_64-linux-gnu/libxcb.so.1.1.0
7fb85ed48000-7fb85ed49000 rw-p 00027000 08:07 3285855                    /usr/lib/x86_64-linux-gnu/libxcb.so.1.1.0
7fb85ed49000-7fb85ed58000 r-xp 00000000 08:07 3284537                    /usr/lib/x86_64-linux-gnu/libXi.so.6.1.0
7fb85ed58000-7fb85ef57000 ---p 0000f000 08:07 3284537                    /usr/lib/x86_64-linux-gnu/libXi.so.6.1.0
7fb85ef57000-7fb85ef58000 r--p 0000e000 08:07 3284537                    /usr/lib/x86_64-linux-gnu/libXi.so.6.1.0
7fb85ef58000-7fb85ef59000 rw-p 0000f000 08:07 3284537                    /usr/lib/x86_64-linux-gnu/libXi.so.6.1.0
7fb85ef59000-7fb85ef5e000 r-xp 00000000 08:07 3284555                    /usr/lib/x86_64-linux-gnu/libXtst.so.6.1.0
7fb85ef5e000-7fb85f15d000 ---p 00005000 08:07 3284555                    /usr/lib/x86_64-linux-gnu/libXtst.so.6.1.0
7fb85f15d000-7fb85f15e000 r--p 00004000 08:07 3284555                    /usr/lib/x86_64-linux-gnu/libXtst.so.6.1.0
7fb85f15e000-7fb85f15f000 rw-p 00005000 08:07 3284555                    /usr/lib/x86_64-linux-gnu/libXtst.so.6.1.0
7fb85f15f000-7fb85f168000 r-xp 00000000 08:07 3284549                    /usr/lib/x86_64-linux-gnu/libXrender.so.1.3.0
7fb85f168000-7fb85f367000 ---p 00009000 08:07 3284549                    /usr/lib/x86_64-linux-gnu/libXrender.so.1.3.0
7fb85f367000-7fb85f368000 r--p 00008000 08:07 3284549                    /usr/lib/x86_64-linux-gnu/libXrender.so.1.3.0
7fb85f368000-7fb85f369000 rw-p 00009000 08:07 3284549                    /usr/lib/x86_64-linux-gnu/libXrender.so.1.3.0
7fb85f369000-7fb85f49c000 r-xp 00000000 08:07 3276918                    /usr/lib/x86_64-linux-gnu/libX11.so.6.3.0
7fb85f49c000-7fb85f69c000 ---p 00133000 08:07 3276918                    /usr/lib/x86_64-linux-gnu/libX11.so.6.3.0
7fb85f69c000-7fb85f69d000 r--p 00133000 08:07 3276918                    /usr/lib/x86_64-linux-gnu/libX11.so.6.3.0
7fb85f69d000-7fb85f6a1000 rw-p 00134000 08:07 3276918                    /usr/lib/x86_64-linux-gnu/libX11.so.6.3.0
7fb85f6a1000-7fb85f6b2000 r-xp 00000000 08:07 3284529                    /usr/lib/x86_64-linux-gnu/libXext.so.6.4.0
7fb85f6b2000-7fb85f8b1000 ---p 00011000 08:07 3284529                    /usr/lib/x86_64-linux-gnu/libXext.so.6.4.0
7fb85f8b1000-7fb85f8b2000 r--p 00010000 08:07 3284529                    /usr/lib/x86_64-linux-gnu/libXext.so.6.4.0
7fb85f8b2000-7fb85f8b3000 rw-p 00011000 08:07 3284529                    /usr/lib/x86_64-linux-gnu/libXext.so.6.4.0
7fb85f8b3000-7fb85f912000 r-xp 00000000 08:07 3281654                    /usr/lib/jvm/java-11-openjdk-amd64/lib/libawt_xawt.so
7fb85f912000-7fb85fb11000 ---p 0005f000 08:07 3281654                    /usr/lib/jvm/java-11-openjdk-amd64/lib/libawt_xawt.so
7fb85fb11000-7fb85fb12000 r--p 0005e000 08:07 3281654                    /usr/lib/jvm/java-11-openjdk-amd64/lib/libawt_xawt.so
7fb85fb12000-7fb85fb15000 rw-p 0005f000 08:07 3281654                    /usr/lib/jvm/java-11-openjdk-amd64/lib/libawt_xawt.so
7fb85fb15000-7fb85fb17000 rw-p 00000000 00:00 0 
7fb85fb17000-7fb85fbb7000 r-xp 00000000 08:07 3281652                    /usr/lib/jvm/java-11-openjdk-amd64/lib/libawt.so
7fb85fbb7000-7fb85fdb7000 ---p 000a0000 08:07 3281652                    /usr/lib/jvm/java-11-openjdk-amd64/lib/libawt.so
7fb85fdb7000-7fb85fdb8000 r--p 000a0000 08:07 3281652                    /usr/lib/jvm/java-11-openjdk-amd64/lib/libawt.so
7fb85fdb8000-7fb85fdc3000 rw-p 000a1000 08:07 3281652                    /usr/lib/jvm/java-11-openjdk-amd64/lib/libawt.so
7fb85fdc3000-7fb85fde8000 rw-p 00000000 00:00 0 
7fb85fde8000-7fb85fdff000 r-xp 00000000 08:07 3290743                    /usr/lib/jvm/java-11-openjdk-amd64/lib/libnet.so
7fb85fdff000-7fb85fffe000 ---p 00017000 08:07 3290743                    /usr/lib/jvm/java-11-openjdk-amd64/lib/libnet.so
7fb85fffe000-7fb85ffff000 r--p 00016000 08:07 3290743                    /usr/lib/jvm/java-11-openjdk-amd64/lib/libnet.so
7fb85ffff000-7fb860000000 rw-p 00017000 08:07 3290743                    /usr/lib/jvm/java-11-openjdk-amd64/lib/libnet.so
7fb860000000-7fb860db5000 rw-p 00000000 00:00 0 
7fb860db5000-7fb864000000 ---p 00000000 00:00 0 
7fb864000000-7fb864430000 rw-p 00000000 00:00 0 
7fb864430000-7fb868000000 ---p 00000000 00:00 0 
7fb868000000-7fb868021000 rw-p 00000000 00:00 0 
7fb868021000-7fb86c000000 ---p 00000000 00:00 0 
7fb86c000000-7fb86c021000 rw-p 00000000 00:00 0 
7fb86c021000-7fb870000000 ---p 00000000 00:00 0 
7fb870000000-7fb870021000 rw-p 00000000 00:00 0 
7fb870021000-7fb874000000 ---p 00000000 00:00 0 
7fb874000000-7fb874021000 rw-p 00000000 00:00 0 
7fb874021000-7fb878000000 ---p 00000000 00:00 0 
7fb878000000-7fb878244000 rw-p 00000000 00:00 0 
7fb878244000-7fb87c000000 ---p 00000000 00:00 0 
7fb87c000000-7fb87c021000 rw-p 00000000 00:00 0 
7fb87c021000-7fb880000000 ---p 00000000 00:00 0 
7fb880000000-7fb880021000 rw-p 00000000 00:00 0 
7fb880021000-7fb884000000 ---p 00000000 00:00 0 
7fb884000000-7fb884021000 rw-p 00000000 00:00 0 
7fb884021000-7fb888000000 ---p 00000000 00:00 0 
7fb888000000-7fb888021000 rw-p 00000000 00:00 0 
7fb888021000-7fb88c000000 ---p 00000000 00:00 0 
7fb88c000000-7fb88c021000 rw-p 00000000 00:00 0 
7fb88c021000-7fb890000000 ---p 00000000 00:00 0 
7fb890002000-7fb89000d000 r--s 00000000 08:07 786527                     /var/cache/fontconfig/945677eb7aeaf62f1d50efc3fb3ec7d8-le64.cache-7
7fb89000d000-7fb89000f000 r--s 00000000 08:07 786529                     /var/cache/fontconfig/99e8ed0e538f840c565b6ed5dad60d56-le64.cache-7
7fb89000f000-7fb890014000 r--s 00000000 08:07 786496                     /var/cache/fontconfig/2300eef321c393bfd76478a5c0e95b23-le64.cache-7
7fb890014000-7fb890015000 r--s 00000000 08:07 786490                     /var/cache/fontconfig/0d8c3b2ac0904cb8a57a757ad11a4a08-le64.cache-7
7fb890015000-7fb89002a000 r--s 00000000 08:07 786487                     /var/cache/fontconfig/04aabc0a78ac019cf9454389977116d2-le64.cache-7
7fb89002a000-7fb89002b000 r--s 00000000 08:07 786494                     /var/cache/fontconfig/1ac9eb803944fde146138c791f5cc56a-le64.cache-7
7fb89002b000-7fb89002f000 r--s 00000000 08:07 786502                     /var/cache/fontconfig/385c0604a188198f04d133e54aba7fe7-le64.cache-7
7fb89002f000-7fb890030000 r--s 00000000 08:07 786548                     /var/cache/fontconfig/dc05db6664285cc2f12bf69c139ae4c3-le64.cache-7
7fb890030000-7fb890032000 r--s 00000000 08:07 786491                     /var/cache/fontconfig/14a5e22175779b556eaa434240950366-le64.cache-7
7fb890032000-7fb890033000 r--s 00000000 08:07 786518                     /var/cache/fontconfig/660208299946a285a940457d1287da33-le64.cache-7
7fb890033000-7fb890035000 r--s 00000000 08:07 786509                     /var/cache/fontconfig/4f3e3037c9980c83b53a9351efadef62-le64.cache-7
7fb890035000-7fb890037000 r--s 00000000 08:07 786523                     /var/cache/fontconfig/767a8244fc0220cfb567a839d0392e0b-le64.cache-7
7fb890037000-7fb890038000 r--s 00000000 08:07 789903                     /var/cache/fontconfig/4794a0821666d79190d59a36cb4f44b5-le64.cache-7
7fb890038000-7fb890084000 r--s 00000000 08:07 789900                     /var/cache/fontconfig/0bd3dc0958fa2205aaaa8ebb13e2872b-le64.cache-7
7fb890084000-7fb89008b000 r--s 00000000 08:07 786526                     /var/cache/fontconfig/8801497958630a81b71ace7c5f9b32a8-le64.cache-7
7fb89008b000-7fb890090000 r--s 00000000 08:07 786549                     /var/cache/fontconfig/def309198bfa603429122923fa2bb2d4-le64.cache-7
7fb890090000-7fb890091000 r--s 00000000 08:07 786536                     /var/cache/fontconfig/b872e6e592da6075ffa4ab0a1fcc0c75-le64.cache-7
7fb890091000-7fb890092000 r--s 00000000 08:07 786554                     /var/cache/fontconfig/f6d4eedfaab2589bde49f7a3ff831d22-le64.cache-7
7fb890092000-7fb890093000 r--s 00000000 08:07 786516                     /var/cache/fontconfig/589f83ef4c36d296ce6e1c846f468f08-le64.cache-7
7fb890093000-7fb890094000 r--s 00000000 08:07 786538                     /var/cache/fontconfig/bab58bb527bb656aaa9f116d68a48d89-le64.cache-7
7fb890094000-7fb890099000 r--s 00000000 08:07 789886                     /var/cache/fontconfig/9d2451b1fd30e5bffe8383fd27c35478-le64.cache-7
7fb890099000-7fb89009f000 r--s 00000000 08:07 789885                     /var/cache/fontconfig/3047814df9a2f067bd2d96a2b9c36e5a-le64.cache-7
7fb89009f000-7fb8900a3000 ---p 00000000 00:00 0 
7fb8900a3000-7fb8901a0000 rw-p 00000000 00:00 0 
7fb8901a0000-7fb8901b1000 r-xp 00000000 08:07 3290744                    /usr/lib/jvm/java-11-openjdk-amd64/lib/libnio.so
7fb8901b1000-7fb8903b0000 ---p 00011000 08:07 3290744                    /usr/lib/jvm/java-11-openjdk-amd64/lib/libnio.so
7fb8903b0000-7fb8903b1000 r--p 00010000 08:07 3290744                    /usr/lib/jvm/java-11-openjdk-amd64/lib/libnio.so
7fb8903b1000-7fb8903b2000 rw-p 00011000 08:07 3290744                    /usr/lib/jvm/java-11-openjdk-amd64/lib/libnio.so
7fb8903b2000-7fb8903b6000 ---p 00000000 00:00 0 
7fb8903b6000-7fb8904b3000 rw-p 00000000 00:00 0 
7fb8904b3000-7fb8904b4000 ---p 00000000 00:00 0 
7fb8904b4000-7fb8905b5000 rw-p 00000000 00:00 0 
7fb8905b5000-7fb8905b9000 ---p 00000000 00:00 0 
7fb8905b9000-7fb8906b6000 rw-p 00000000 00:00 0 
7fb8906b6000-7fb8906ba000 ---p 00000000 00:00 0 
7fb8906ba000-7fb8907b7000 rw-p 00000000 00:00 0 
7fb8907b7000-7fb8907bb000 ---p 00000000 00:00 0 
7fb8907bb000-7fb8908b8000 rw-p 00000000 00:00 0 
7fb8908b8000-7fb8908bc000 ---p 00000000 00:00 0 
7fb8908bc000-7fb8909b9000 rw-p 00000000 00:00 0 
7fb8909b9000-7fb8909bd000 ---p 00000000 00:00 0 
7fb8909bd000-7fb890aba000 rw-p 00000000 00:00 0 
7fb890aba000-7fb890df0000 r--p 00000000 08:07 3283381                    /usr/lib/locale/locale-archive
7fb890df0000-7fb890df4000 ---p 00000000 00:00 0 
7fb890df4000-7fb890ef1000 rw-p 00000000 00:00 0 
7fb890ef1000-7fb890ef5000 ---p 00000000 00:00 0 
7fb890ef5000-7fb890ff2000 rw-p 00000000 00:00 0 
7fb890ff2000-7fb890ff3000 ---p 00000000 00:00 0 
7fb890ff3000-7fb8918f4000 rw-p 00000000 00:00 0 
7fb8918f4000-7fb8918f5000 ---p 00000000 00:00 0 
7fb8918f5000-7fb8919f6000 rw-p 00000000 00:00 0 
7fb8919f6000-7fb8919f7000 ---p 00000000 00:00 0 
7fb8919f7000-7fb891af8000 rw-p 00000000 00:00 0 
7fb891af8000-7fb891af9000 ---p 00000000 00:00 0 
7fb891af9000-7fb893dfc000 rw-p 00000000 00:00 0 
7fb893dfc000-7fb893dfd000 ---p 00000000 00:00 0 
7fb893dfd000-7fb893efe000 rw-p 00000000 00:00 0 
7fb893efe000-7fb893eff000 ---p 00000000 00:00 0 
7fb893eff000-7fb894000000 rw-p 00000000 00:00 0 
7fb894000000-7fb894021000 rw-p 00000000 00:00 0 
7fb894021000-7fb898000000 ---p 00000000 00:00 0 
7fb898000000-7fb898001000 r--s 00000000 08:07 786495                     /var/cache/fontconfig/2171a34dccabdb6bcbbc728186263178-le64.cache-7
7fb898001000-7fb898002000 r--s 00000000 08:07 786539                     /var/cache/fontconfig/c5c45a61289222e0d30b1a26ef4effbe-le64.cache-7
7fb898002000-7fb898003000 r--s 00000000 08:07 786534                     /var/cache/fontconfig/aec30016f93e1b46d1a973dce0d74068-le64.cache-7
7fb898003000-7fb898004000 r--s 00000000 08:07 786503                     /var/cache/fontconfig/3f589640d34b7dc9042c8d453f7c8b9c-le64.cache-7
7fb898004000-7fb89800a000 r--s 00000000 08:07 786535                     /var/cache/fontconfig/b47c4e1ecd0709278f4910c18777a504-le64.cache-7
7fb89800a000-7fb89801d000 r--s 00000000 08:07 786545                     /var/cache/fontconfig/d52a8644073d54c13679302ca1180695-le64.cache-7
7fb89801d000-7fb898029000 r--s 00000000 08:07 786546                     /var/cache/fontconfig/d589a48862398ed80a3d6066f4f56f4c-le64.cache-7
7fb898029000-7fb898037000 r--s 00000000 08:07 786530                     /var/cache/fontconfig/9b89f8e3dae116d678bbf48e5f21f69b-le64.cache-7
7fb898037000-7fb898080000 r--p 00000000 08:07 3820125                    /usr/share/glib-2.0/schemas/gschemas.compiled
7fb898080000-7fb8981ee000 rw-p 00000000 00:00 0 
7fb8981ee000-7fb899006000 ---p 00000000 00:00 0 
7fb899006000-7fb8990fe000 rw-p 00000000 00:00 0 
7fb8990fe000-7fb899f16000 ---p 00000000 00:00 0 
7fb899f16000-7fb899f35000 rw-p 00000000 00:00 0 
7fb899f35000-7fb89a0f8000 ---p 00000000 00:00 0 
7fb89a0f8000-7fb89a117000 rw-p 00000000 00:00 0 
7fb89a117000-7fb89a2da000 ---p 00000000 00:00 0 
7fb89a2da000-7fb89a2f9000 rw-p 00000000 00:00 0 
7fb89a2f9000-7fb89a4bc000 ---p 00000000 00:00 0 
7fb89a4bc000-7fb89a6be000 rw-p 00000000 00:00 0 
7fb89a6be000-7fb89a6bf000 ---p 00000000 00:00 0 
7fb89a6bf000-7fb89a7c0000 rw-p 00000000 00:00 0 
7fb89a7c0000-7fb89a7c1000 ---p 00000000 00:00 0 
7fb89a7c1000-7fb89a8c7000 rw-p 00000000 00:00 0 
7fb89a8c7000-7fb89a9ad000 ---p 00000000 00:00 0 
7fb89a9ad000-7fb89a9b4000 rw-p 00000000 00:00 0 
7fb89a9b4000-7fb89aa98000 ---p 00000000 00:00 0 
7fb89aa98000-7fb89ad08000 rwxp 00000000 00:00 0 
7fb89ad08000-7fb89b027000 ---p 00000000 00:00 0 
7fb89b027000-7fb89b337000 rwxp 00000000 00:00 0 
7fb89b337000-7fb8a255f000 ---p 00000000 00:00 0 
7fb8a255f000-7fb8a27cf000 rwxp 00000000 00:00 0 
7fb8a27cf000-7fb8a9a98000 ---p 00000000 00:00 0 
7fb8a9a98000-7fb8b2f73000 r--s 00000000 08:07 3290753                    /usr/lib/jvm/java-11-openjdk-amd64/lib/modules
7fb8b2f73000-7fb8b2f78000 r-xp 00000000 08:07 3290735                    /usr/lib/jvm/java-11-openjdk-amd64/lib/libjimage.so
7fb8b2f78000-7fb8b3177000 ---p 00005000 08:07 3290735                    /usr/lib/jvm/java-11-openjdk-amd64/lib/libjimage.so
7fb8b3177000-7fb8b3178000 r--p 00004000 08:07 3290735                    /usr/lib/jvm/java-11-openjdk-amd64/lib/libjimage.so
7fb8b3178000-7fb8b3179000 rw-p 00005000 08:07 3290735                    /usr/lib/jvm/java-11-openjdk-amd64/lib/libjimage.so
7fb8b3179000-7fb8b3180000 r-xp 00000000 08:07 3290752                    /usr/lib/jvm/java-11-openjdk-amd64/lib/libzip.so
7fb8b3180000-7fb8b337f000 ---p 00007000 08:07 3290752                    /usr/lib/jvm/java-11-openjdk-amd64/lib/libzip.so
7fb8b337f000-7fb8b3380000 r--p 00006000 08:07 3290752                    /usr/lib/jvm/java-11-openjdk-amd64/lib/libzip.so
7fb8b3380000-7fb8b3381000 rw-p 00007000 08:07 3290752                    /usr/lib/jvm/java-11-openjdk-amd64/lib/libzip.so
7fb8b3381000-7fb8b338c000 r-xp 00000000 08:07 1970923                    /lib/x86_64-linux-gnu/libnss_files-2.27.so
7fb8b338c000-7fb8b358b000 ---p 0000b000 08:07 1970923                    /lib/x86_64-linux-gnu/libnss_files-2.27.so
7fb8b358b000-7fb8b358c000 r--p 0000a000 08:07 1970923                    /lib/x86_64-linux-gnu/libnss_files-2.27.so
7fb8b358c000-7fb8b358d000 rw-p 0000b000 08:07 1970923                    /lib/x86_64-linux-gnu/libnss_files-2.27.so
7fb8b358d000-7fb8b3593000 rw-p 00000000 00:00 0 
7fb8b3593000-7fb8b35aa000 r-xp 00000000 08:07 1970917                    /lib/x86_64-linux-gnu/libnsl-2.27.so
7fb8b35aa000-7fb8b37a9000 ---p 00017000 08:07 1970917                    /lib/x86_64-linux-gnu/libnsl-2.27.so
7fb8b37a9000-7fb8b37aa000 r--p 00016000 08:07 1970917                    /lib/x86_64-linux-gnu/libnsl-2.27.so
7fb8b37aa000-7fb8b37ab000 rw-p 00017000 08:07 1970917                    /lib/x86_64-linux-gnu/libnsl-2.27.so
7fb8b37ab000-7fb8b37ad000 rw-p 00000000 00:00 0 
7fb8b37ad000-7fb8b37b8000 r-xp 00000000 08:07 1970934                    /lib/x86_64-linux-gnu/libnss_nis-2.27.so
7fb8b37b8000-7fb8b39b7000 ---p 0000b000 08:07 1970934                    /lib/x86_64-linux-gnu/libnss_nis-2.27.so
7fb8b39b7000-7fb8b39b8000 r--p 0000a000 08:07 1970934                    /lib/x86_64-linux-gnu/libnss_nis-2.27.so
7fb8b39b8000-7fb8b39b9000 rw-p 0000b000 08:07 1970934                    /lib/x86_64-linux-gnu/libnss_nis-2.27.so
7fb8b39b9000-7fb8b39c1000 r-xp 00000000 08:07 1970919                    /lib/x86_64-linux-gnu/libnss_compat-2.27.so
7fb8b39c1000-7fb8b3bc1000 ---p 00008000 08:07 1970919                    /lib/x86_64-linux-gnu/libnss_compat-2.27.so
7fb8b3bc1000-7fb8b3bc2000 r--p 00008000 08:07 1970919                    /lib/x86_64-linux-gnu/libnss_compat-2.27.so
7fb8b3bc2000-7fb8b3bc3000 rw-p 00009000 08:07 1970919                    /lib/x86_64-linux-gnu/libnss_compat-2.27.so
7fb8b3bc3000-7fb8b3bef000 r-xp 00000000 08:07 3282326                    /usr/lib/jvm/java-11-openjdk-amd64/lib/libjava.so
7fb8b3bef000-7fb8b3dee000 ---p 0002c000 08:07 3282326                    /usr/lib/jvm/java-11-openjdk-amd64/lib/libjava.so
7fb8b3dee000-7fb8b3def000 r--p 0002b000 08:07 3282326                    /usr/lib/jvm/java-11-openjdk-amd64/lib/libjava.so
7fb8b3def000-7fb8b3df1000 rw-p 0002c000 08:07 3282326                    /usr/lib/jvm/java-11-openjdk-amd64/lib/libjava.so
7fb8b3df1000-7fb8b3dfe000 r-xp 00000000 08:07 3290751                    /usr/lib/jvm/java-11-openjdk-amd64/lib/libverify.so
7fb8b3dfe000-7fb8b3ffd000 ---p 0000d000 08:07 3290751                    /usr/lib/jvm/java-11-openjdk-amd64/lib/libverify.so
7fb8b3ffd000-7fb8b3fff000 r--p 0000c000 08:07 3290751                    /usr/lib/jvm/java-11-openjdk-amd64/lib/libverify.so
7fb8b3fff000-7fb8b4000000 rw-p 0000e000 08:07 3290751                    /usr/lib/jvm/java-11-openjdk-amd64/lib/libverify.so
7fb8b4000000-7fb8b44cf000 rw-p 00000000 00:00 0 
7fb8b44cf000-7fb8b8000000 ---p 00000000 00:00 0 
7fb8b8000000-7fb8b8001000 r--s 00000000 08:07 786492                     /var/cache/fontconfig/16c2fda60d1b4b719f4b3d06fd951d25-le64.cache-7
7fb8b8001000-7fb8b8002000 r--s 00000000 08:07 786533                     /var/cache/fontconfig/a48eab177a16e4f3713381162db2f3e9-le64.cache-7
7fb8b8002000-7fb8b8003000 r--s 00000000 08:07 786512                     /var/cache/fontconfig/564b2e68ac9bc4e36a6f7f6d6125ec1c-le64.cache-7
7fb8b8003000-7fb8b8004000 r--s 00000000 08:07 786513                     /var/cache/fontconfig/56cf4f4769d0f4abc89a4895d7bd3ae1-le64.cache-7
7fb8b8004000-7fb8b8005000 r--s 00000000 08:07 786537                     /var/cache/fontconfig/b9d506c9ac06c20b433354fa67a72993-le64.cache-7
7fb8b8005000-7fb8b8006000 r--s 00000000 08:07 786500                     /var/cache/fontconfig/370e5b74bf5dafc30834de68e24a87a4-le64.cache-7
7fb8b8006000-7fb8b8007000 r--s 00000000 08:07 789884                     /var/cache/fontconfig/6b2c5944714ca7831b25bed9e85cb5c8-le64.cache-7
7fb8b8007000-7fb8b800a000 r--s 00000000 08:07 789843                     /var/cache/fontconfig/f259c2cffa685e28062317905db73c4a-le64.cache-7
7fb8b800a000-7fb8b802a000 r--p 00000000 08:07 3939603                    /usr/share/locale-langpack/de/LC_MESSAGES/glib20.mo
7fb8b802a000-7fb8b8050000 r--p 00000000 08:07 3939447                    /usr/share/locale-langpack/de/LC_MESSAGES/libc.mo
7fb8b8050000-7fb8b80ab000 rw-p 00000000 00:00 0 
7fb8b80ab000-7fb8b80b2000 r-xp 00000000 08:07 1970974                    /lib/x86_64-linux-gnu/librt-2.27.so
7fb8b80b2000-7fb8b82b1000 ---p 00007000 08:07 1970974                    /lib/x86_64-linux-gnu/librt-2.27.so
7fb8b82b1000-7fb8b82b2000 r--p 00006000 08:07 1970974                    /lib/x86_64-linux-gnu/librt-2.27.so
7fb8b82b2000-7fb8b82b3000 rw-p 00007000 08:07 1970974                    /lib/x86_64-linux-gnu/librt-2.27.so
7fb8b82b3000-7fb8b82ca000 r-xp 00000000 08:07 1966116                    /lib/x86_64-linux-gnu/libgcc_s.so.1
7fb8b82ca000-7fb8b84c9000 ---p 00017000 08:07 1966116                    /lib/x86_64-linux-gnu/libgcc_s.so.1
7fb8b84c9000-7fb8b84ca000 r--p 00016000 08:07 1966116                    /lib/x86_64-linux-gnu/libgcc_s.so.1
7fb8b84ca000-7fb8b84cb000 rw-p 00017000 08:07 1966116                    /lib/x86_64-linux-gnu/libgcc_s.so.1
7fb8b84cb000-7fb8b8668000 r-xp 00000000 08:07 1970896                    /lib/x86_64-linux-gnu/libm-2.27.so
7fb8b8668000-7fb8b8867000 ---p 0019d000 08:07 1970896                    /lib/x86_64-linux-gnu/libm-2.27.so
7fb8b8867000-7fb8b8868000 r--p 0019c000 08:07 1970896                    /lib/x86_64-linux-gnu/libm-2.27.so
7fb8b8868000-7fb8b8869000 rw-p 0019d000 08:07 1970896                    /lib/x86_64-linux-gnu/libm-2.27.so
7fb8b8869000-7fb8b89e2000 r-xp 00000000 08:07 3297157                    /usr/lib/x86_64-linux-gnu/libstdc++.so.6.0.25
7fb8b89e2000-7fb8b8be2000 ---p 00179000 08:07 3297157                    /usr/lib/x86_64-linux-gnu/libstdc++.so.6.0.25
7fb8b8be2000-7fb8b8bec000 r--p 00179000 08:07 3297157                    /usr/lib/x86_64-linux-gnu/libstdc++.so.6.0.25
7fb8b8bec000-7fb8b8bee000 rw-p 00183000 08:07 3297157                    /usr/lib/x86_64-linux-gnu/libstdc++.so.6.0.25
7fb8b8bee000-7fb8b8bf2000 rw-p 00000000 00:00 0 
7fb8b8bf2000-7fb8b9b8f000 r-xp 00000000 08:07 3290756                    /usr/lib/jvm/java-11-openjdk-amd64/lib/server/libjvm.so
7fb8b9b8f000-7fb8b9d8f000 ---p 00f9d000 08:07 3290756                    /usr/lib/jvm/java-11-openjdk-amd64/lib/server/libjvm.so
7fb8b9d8f000-7fb8b9e53000 r--p 00f9d000 08:07 3290756                    /usr/lib/jvm/java-11-openjdk-amd64/lib/server/libjvm.so
7fb8b9e53000-7fb8b9e8b000 rw-p 01061000 08:07 3290756                    /usr/lib/jvm/java-11-openjdk-amd64/lib/server/libjvm.so
7fb8b9e8b000-7fb8b9ed4000 rw-p 00000000 00:00 0 
7fb8b9ed4000-7fb8b9eee000 r-xp 00000000 08:07 1970966                    /lib/x86_64-linux-gnu/libpthread-2.27.so
7fb8b9eee000-7fb8ba0ed000 ---p 0001a000 08:07 1970966                    /lib/x86_64-linux-gnu/libpthread-2.27.so
7fb8ba0ed000-7fb8ba0ee000 r--p 00019000 08:07 1970966                    /lib/x86_64-linux-gnu/libpthread-2.27.so
7fb8ba0ee000-7fb8ba0ef000 rw-p 0001a000 08:07 1970966                    /lib/x86_64-linux-gnu/libpthread-2.27.so
7fb8ba0ef000-7fb8ba0f3000 rw-p 00000000 00:00 0 
7fb8ba0f3000-7fb8ba0f6000 r-xp 00000000 08:07 1970856                    /lib/x86_64-linux-gnu/libdl-2.27.so
7fb8ba0f6000-7fb8ba2f5000 ---p 00003000 08:07 1970856                    /lib/x86_64-linux-gnu/libdl-2.27.so
7fb8ba2f5000-7fb8ba2f6000 r--p 00002000 08:07 1970856                    /lib/x86_64-linux-gnu/libdl-2.27.so
7fb8ba2f6000-7fb8ba2f7000 rw-p 00003000 08:07 1970856                    /lib/x86_64-linux-gnu/libdl-2.27.so
7fb8ba2f7000-7fb8ba313000 r-xp 00000000 08:07 1971007                    /lib/x86_64-linux-gnu/libz.so.1.2.11
7fb8ba313000-7fb8ba512000 ---p 0001c000 08:07 1971007                    /lib/x86_64-linux-gnu/libz.so.1.2.11
7fb8ba512000-7fb8ba513000 r--p 0001b000 08:07 1971007                    /lib/x86_64-linux-gnu/libz.so.1.2.11
7fb8ba513000-7fb8ba514000 rw-p 0001c000 08:07 1971007                    /lib/x86_64-linux-gnu/libz.so.1.2.11
7fb8ba514000-7fb8ba6fb000 r-xp 00000000 08:07 1970833                    /lib/x86_64-linux-gnu/libc-2.27.so
7fb8ba6fb000-7fb8ba8fb000 ---p 001e7000 08:07 1970833                    /lib/x86_64-linux-gnu/libc-2.27.so
7fb8ba8fb000-7fb8ba8ff000 r--p 001e7000 08:07 1970833                    /lib/x86_64-linux-gnu/libc-2.27.so
7fb8ba8ff000-7fb8ba901000 rw-p 001eb000 08:07 1970833                    /lib/x86_64-linux-gnu/libc-2.27.so
7fb8ba901000-7fb8ba905000 rw-p 00000000 00:00 0 
7fb8ba905000-7fb8ba914000 r-xp 00000000 08:07 3281648                    /usr/lib/jvm/java-11-openjdk-amd64/lib/jli/libjli.so
7fb8ba914000-7fb8bab13000 ---p 0000f000 08:07 3281648                    /usr/lib/jvm/java-11-openjdk-amd64/lib/jli/libjli.so
7fb8bab13000-7fb8bab14000 r--p 0000e000 08:07 3281648                    /usr/lib/jvm/java-11-openjdk-amd64/lib/jli/libjli.so
7fb8bab14000-7fb8bab15000 rw-p 0000f000 08:07 3281648                    /usr/lib/jvm/java-11-openjdk-amd64/lib/jli/libjli.so
7fb8bab15000-7fb8bab3c000 r-xp 00000000 08:07 1970805                    /lib/x86_64-linux-gnu/ld-2.27.so
7fb8bab3c000-7fb8bab3d000 r--s 00000000 08:07 786544                     /var/cache/fontconfig/d5178ab6d91b49bf20a416737dcea9e8-le64.cache-7
7fb8bab3d000-7fb8bab3e000 r--s 00000000 08:07 789883                     /var/cache/fontconfig/551ecf3b0e8b0bca0f25c0944f561853-le64.cache-7
7fb8bab3e000-7fb8bab40000 r--s 00000000 08:07 789842                     /var/cache/fontconfig/550f3886151c940c12a5ed35f6a00586-le64.cache-7
7fb8bab40000-7fb8bab43000 r--s 00000000 08:07 789841                     /var/cache/fontconfig/674d1711f2d1d2a09646eb0bdcadee49-le64.cache-7
7fb8bab43000-7fb8bab44000 r--s 00000000 08:07 786504                     /var/cache/fontconfig/3f7329c5293ffd510edef78f73874cfd-le64.cache-7
7fb8bab44000-7fb8bab45000 r--s 00000000 08:07 786498                     /var/cache/fontconfig/30829fa25452a46451e813d634d7f916-le64.cache-7
7fb8bab45000-7fb8bab46000 r--s 00000000 08:07 786489                     /var/cache/fontconfig/0c9eb80ebd1c36541ebe2852d3bb0c49-le64.cache-7
7fb8bab46000-7fb8bab47000 r--s 00000000 08:07 786508                     /var/cache/fontconfig/4d9c95eba1cb85bbcf2878543262124a-le64.cache-7
7fb8bab47000-7fb8bab48000 r--s 00000000 08:07 786525                     /var/cache/fontconfig/85e0a52ce643a7ba2ae53e5d6949cead-le64.cache-7
7fb8bab48000-7fb8bab51000 r--s 00000000 08:07 786542                     /var/cache/fontconfig/d0972c3d32f097851eb916381fc38920-le64.cache-7
7fb8bab51000-7fb8bac08000 rw-p 00000000 00:00 0 
7fb8bac08000-7fb8bac0c000 ---p 00000000 00:00 0 
7fb8bac0c000-7fb8bad0b000 rw-p 00000000 00:00 0 
7fb8bad0b000-7fb8bad0c000 r--s 00000000 08:07 786506                     /var/cache/fontconfig/49f0de54bdd920fe4f0dfd4cbac43e6b-le64.cache-7
7fb8bad0c000-7fb8bad0d000 r--s 00000000 08:07 786555                     /var/cache/fontconfig/f6e6e0a5c3d2f6ae0c0c2e0ecd42a997-le64.cache-7
7fb8bad0d000-7fb8bad0f000 r--s 00000000 08:07 786520                     /var/cache/fontconfig/6afa1bb216ce958c1589e297e8008489-le64.cache-7
7fb8bad0f000-7fb8bad12000 r--s 00000000 08:07 795646                     /var/cache/fontconfig/e13b20fdb08344e0e664864cc2ede53d-le64.cache-7
7fb8bad12000-7fb8bad16000 r--s 00000000 08:07 786524                     /var/cache/fontconfig/7ef2298fde41cc6eeb7af42e48b7d293-le64.cache-7
7fb8bad16000-7fb8bad1b000 r--p 00000000 08:07 7817627                    /home/peter/.config/dconf/user
7fb8bad1b000-7fb8bad1c000 r--s 00000000 00:33 36                         /run/user/1000/dconf/user
7fb8bad1c000-7fb8bad23000 r--s 00000000 08:07 3671694                    /usr/lib/x86_64-linux-gnu/gconv/gconv-modules.cache
7fb8bad23000-7fb8bad29000 rw-p 00000000 00:00 0 
7fb8bad29000-7fb8bad30000 ---p 00000000 00:00 0 
7fb8bad30000-7fb8bad38000 rw-s 00000000 08:07 5903407                    /tmp/hsperfdata_peter/16861
7fb8bad38000-7fb8bad39000 ---p 00000000 00:00 0 
7fb8bad39000-7fb8bad3a000 r--p 00000000 00:00 0 
7fb8bad3a000-7fb8bad3c000 rw-p 00000000 00:00 0 
7fb8bad3c000-7fb8bad3d000 r--p 00027000 08:07 1970805                    /lib/x86_64-linux-gnu/ld-2.27.so
7fb8bad3d000-7fb8bad3e000 rw-p 00028000 08:07 1970805                    /lib/x86_64-linux-gnu/ld-2.27.so
7fb8bad3e000-7fb8bad3f000 rw-p 00000000 00:00 0 
7ffc754c8000-7ffc754e9000 rw-p 00000000 00:00 0                          [stack]
7ffc75595000-7ffc75598000 r--p 00000000 00:00 0                          [vvar]
7ffc75598000-7ffc7559a000 r-xp 00000000 00:00 0                          [vdso]
ffffffffff600000-ffffffffff601000 r-xp 00000000 00:00 0                  [vsyscall]


VM Arguments:
java_command: humer.peter.jna_libusb_project.Main
java_class_path (initial): /home/peter/NetBeansProjects/Linux_LibUsb_over_JNA/target/classes:/home/peter/.m2/repository/net/java/dev/jna/jna/5.3.0/jna-5.3.0.jar:/home/peter/.m2/repository/com/google/guava/guava/21.0/guava-21.0.jar:/home/peter/.m2/repository/org/slf4j/slf4j-api/2.0.0-alpha0/slf4j-api-2.0.0-alpha0.jar
Launcher Type: SUN_STANDARD

Logging:
Log output configuration:
#0: stdout all=warning uptime,level,tags
#1: stderr all=off uptime,level,tags

Environment Variables:
JAVA_HOME=/usr/lib/jvm/java-11-openjdk-amd64
PATH=/usr/local/sbin:/usr/local/bin:/usr/sbin:/usr/bin:/sbin:/bin:/usr/games:/usr/local/games:/usr/lib/jvm/java-8-oracle/bin:/usr/lib/jvm/java-8-oracle/db/bin:/usr/lib/jvm/java-8-oracle/jre/bin
SHELL=/bin/bash
DISPLAY=:0

Signal Handlers:
SIGSEGV: [libjvm.so+0xd28b70], sa_mask[0]=11111111011111111101111111111110, sa_flags=SA_RESTART|SA_SIGINFO
SIGBUS: [libjvm.so+0xd28b70], sa_mask[0]=11111111011111111101111111111110, sa_flags=SA_RESTART|SA_SIGINFO
SIGFPE: [libjvm.so+0xd28b70], sa_mask[0]=11111111011111111101111111111110, sa_flags=SA_RESTART|SA_SIGINFO
SIGPIPE: SIG_IGN, sa_mask[0]=00000000000010000000000000000000, sa_flags=SA_RESTART
SIGXFSZ: [libjvm.so+0xb2a1f0], sa_mask[0]=11111111011111111101111111111110, sa_flags=SA_RESTART|SA_SIGINFO
SIGILL: [libjvm.so+0xd28b70], sa_mask[0]=11111111011111111101111111111110, sa_flags=SA_RESTART|SA_SIGINFO
SIGUSR2: [libjvm.so+0xb2a030], sa_mask[0]=00100000000000000000000000000000, sa_flags=SA_RESTART|SA_SIGINFO
SIGHUP: [libjvm.so+0xb2a180], sa_mask[0]=11111111011111111101111111111110, sa_flags=SA_RESTART|SA_SIGINFO
SIGINT: SIG_IGN, sa_mask[0]=00000000000000000000000000000000, sa_flags=none
SIGTERM: [libjvm.so+0xb2a180], sa_mask[0]=11111111011111111101111111111110, sa_flags=SA_RESTART|SA_SIGINFO
SIGQUIT: [libjvm.so+0xb2a180], sa_mask[0]=11111111011111111101111111111110, sa_flags=SA_RESTART|SA_SIGINFO


---------------  S Y S T E M  ---------------

OS:DISTRIB_ID=LinuxMint
DISTRIB_RELEASE=19
DISTRIB_CODENAME=tara
DISTRIB_DESCRIPTION="Linux Mint 19 Tara"
uname:Linux 4.15.0-43-generic #46-Ubuntu SMP Thu Dec 6 14:45:28 UTC 2018 x86_64
libc:glibc 2.27 NPTL 2.27 
rlimit: STACK 8192k, CORE 0k, NPROC 14935, NOFILE 1048576, AS infinity, DATA infinity, FSIZE infinity
load average:1,82 1,55 1,56

/proc/meminfo:
MemTotal:        3943432 kB
MemFree:          177676 kB
MemAvailable:     863052 kB
Buffers:           90652 kB
Cached:           978996 kB
SwapCached:        35064 kB
Active:          2945840 kB
Inactive:         596688 kB
Active(anon):    2461820 kB
Inactive(anon):   218772 kB
Active(file):     484020 kB
Inactive(file):   377916 kB
Unevictable:           0 kB
Mlocked:               0 kB
SwapTotal:       2929660 kB
SwapFree:        2507756 kB
Dirty:               428 kB
Writeback:             0 kB
AnonPages:       2464728 kB
Mapped:           355624 kB
Shmem:            207712 kB
Slab:             111148 kB
SReclaimable:      64364 kB
SUnreclaim:        46784 kB
KernelStack:       12000 kB
PageTables:        46420 kB
NFS_Unstable:          0 kB
Bounce:                0 kB
WritebackTmp:          0 kB
CommitLimit:     4901376 kB
Committed_AS:    6975320 kB
VmallocTotal:   34359738367 kB
VmallocUsed:           0 kB
VmallocChunk:          0 kB
HardwareCorrupted:     0 kB
AnonHugePages:         0 kB
ShmemHugePages:        0 kB
ShmemPmdMapped:        0 kB
CmaTotal:              0 kB
CmaFree:               0 kB
HugePages_Total:       0
HugePages_Free:        0
HugePages_Rsvd:        0
HugePages_Surp:        0
Hugepagesize:       2048 kB
DirectMap4k:      172096 kB
DirectMap2M:     3926016 kB

container (cgroup) information:
container_type: cgroupv1
cpu_cpuset_cpus: 0-1
cpu_memory_nodes: 0
active_processor_count: 2
cpu_quota: -1
cpu_period: 100000
cpu_shares: -1
memory_limit_in_bytes: -1
memory_and_swap_limit_in_bytes: -2
memory_soft_limit_in_bytes: -1
memory_usage_in_bytes: 3620069376
memory_max_usage_in_bytes: 0


CPU:total 2 (initial active 2) (2 cores per cpu, 1 threads per core) family 6 model 76 stepping 4, cmov, cx8, fxsr, mmx, sse, sse2, sse3, ssse3, sse4.1, sse4.2, popcnt, aes, clmul, erms, 3dnowpref, tsc, tscinvbit
CPU Model and flags from /proc/cpuinfo:
model name	: Intel(R) Celeron(R) CPU  N3060  @ 1.60GHz
flags		: fpu vme de pse tsc msr pae mce cx8 apic sep mtrr pge mca cmov pat pse36 clflush dts acpi mmx fxsr sse sse2 ss ht tm pbe syscall nx rdtscp lm constant_tsc arch_perfmon pebs bts rep_good nopl xtopology tsc_reliable nonstop_tsc cpuid aperfmperf tsc_known_freq pni pclmulqdq dtes64 monitor ds_cpl vmx est tm2 ssse3 cx16 xtpr pdcm sse4_1 sse4_2 movbe popcnt tsc_deadline_timer aes rdrand lahf_lm 3dnowprefetch epb pti ibrs ibpb stibp tpr_shadow vnmi flexpriority ept vpid tsc_adjust smep erms dtherm ida arat

Memory: 4k page, physical 3943432k(177676k free), swap 2929660k(2507756k free)

vm_info: OpenJDK 64-Bit Server VM (10.0.2+13-Ubuntu-1ubuntu0.18.04.4) for linux-amd64 JRE (10.0.2+13-Ubuntu-1ubuntu0.18.04.4), built on Nov 13 2018 12:53:39 by "buildd" with gcc 7.3.0

END.
