#
# A fatal error has been detected by the Java Runtime Environment:
#
#  SIGSEGV (0xb) at pc=0x00007f80d0b1c5bd, pid=17724, tid=17753
#
# JRE version: OpenJDK Runtime Environment (10.0.2+13) (build 10.0.2+13-Ubuntu-1ubuntu0.18.04.4)
# Java VM: OpenJDK 64-Bit Server VM (10.0.2+13-Ubuntu-1ubuntu0.18.04.4, mixed mode, tiered, compressed oops, g1 gc, linux-amd64)
# Problematic frame:
# C  [libc.so.6+0x945bd]
[timeout occurred during error reporting in step "printing problematic frame"] after 30 s.
# Core dump will be written. Default location: Core dumps may be processed with "/usr/share/apport/apport %p %s %c %d %P" (or dumping to /home/peter/NetBeansProjects/Linux_LibUsb_over_JNA/core.17724)
#
# If you would like to submit a bug report, please visit:
#   http://bugreport.java.com/bugreport/crash.jsp
#

---------------  S U M M A R Y ------------

Command Line: humer.peter.jna_libusb_project.Main

Host: 
[timeout occurred during error reporting in step "printing summary machine and OS info"] after 30 s.
Time: Tue Nov  5 17:39:28 2019 CET elapsed time: 103 seconds (0d 0h 1m 43s)

---------------  T H R E A D  ---------------

Current thread (0x00007f80c84a3000):  JavaThread "AWT-EventQueue-0" [_thread_in_Java, id=17753, stack(0x00007f806beff000,0x00007f806c000000)]

Stack: [0x00007f806beff000,0x00007f806c000000],  sp=0x00007f806bff58e0,  free space=986k
Native frames: (J=compiled Java code, A=aot compiled Java code, j=interpreted, Vv=VM code, C=native code)
C  [libc.so.6+0x945bd]
------ Timeout during error reporting after 120 s. ------
