#
# A fatal error has been detected by the Java Runtime Environment:
#
#  SIGSEGV (0xb) at pc=0x00007f0530069daa, pid=5986, tid=6016
#
# JRE version: OpenJDK Runtime Environment (10.0.2+13) (build 10.0.2+13-Ubuntu-1ubuntu0.18.04.4)
# Java VM: OpenJDK 64-Bit Server VM (10.0.2+13-Ubuntu-1ubuntu0.18.04.4, mixed mode, tiered, compressed oops, g1 gc, linux-amd64)
# Problematic frame:
# C  [libusb-1.0.so.0.1.0+0xadaa]  libusb_control_transfer+0x1a
#
# Core dump will be written. Default location: Core dumps may be processed with "/usr/share/apport/apport %p %s %c %d %P" (or dumping to /home/peter/NetBeansProjects/Linux_LibUsb_over_JNA/core.5986)
#
# If you would like to submit a bug report, please visit:
#   http://bugreport.java.com/bugreport/crash.jsp
# The crash happened outside the Java Virtual Machine in native code.
# See problematic frame for where to report the bug.
#

---------------  S U M M A R Y ------------

Command Line: humer.peter.jna_libusb_project.Main

Host: Intel(R) Celeron(R) CPU  N3060  @ 1.60GHz, 2 cores, 3G, Linux Mint 19 Tara
Time: Sat Nov  2 15:41:13 2019 CET elapsed time: 5 seconds (0d 0h 0m 5s)

---------------  T H R E A D  ---------------

Current thread (0x00007f05884cc800):  JavaThread "AWT-EventQueue-0" [_thread_in_native, id=6016, stack(0x00007f0530c92000,0x00007f0530d93000)]

Stack: [0x00007f0530c92000,0x00007f0530d93000],  sp=0x00007f0530d8cbc0,  free space=1002k
Native frames: (J=compiled Java code, A=aot compiled Java code, j=interpreted, Vv=VM code, C=native code)
C  [libusb-1.0.so.0.1.0+0xadaa]  libusb_control_transfer+0x1a

Java frames: (J=compiled Java code, j=interpreted, Vv=VM code)
j  com.sun.jna.Native.invokeInt(Lcom/sun/jna/Function;JI[Ljava/lang/Object;)I+0
j  com.sun.jna.Function.invoke([Ljava/lang/Object;Ljava/lang/Class;ZI)Ljava/lang/Object;+211
j  com.sun.jna.Function.invoke(Ljava/lang/reflect/Method;[Ljava/lang/Class;Ljava/lang/Class;[Ljava/lang/Object;Ljava/util/Map;)Ljava/lang/Object;+271
j  com.sun.jna.Library$Handler.invoke(Ljava/lang/Object;Ljava/lang/reflect/Method;[Ljava/lang/Object;)Ljava/lang/Object;+390
j  com.sun.proxy.$Proxy0.libusb_get_string_descriptor_ascii(Llibusbone/LibusboneLibrary$libusb_device_handle;B[BI)I+35
j  libusbone.UsbDevice.get_string_ascii(B)Ljava/lang/String;+17
j  libusbone.UsbDevice.getProduct()Ljava/lang/String;+8
j  humer.peter.jna_libusb_project.Main.usb_searchActionPerformed(Ljava/awt/event/ActionEvent;)V+169
j  humer.peter.jna_libusb_project.Main.access$000(Lhumer/peter/jna_libusb_project/Main;Ljava/awt/event/ActionEvent;)V+2
j  humer.peter.jna_libusb_project.Main$1.actionPerformed(Ljava/awt/event/ActionEvent;)V+5
j  javax.swing.AbstractButton.fireActionPerformed(Ljava/awt/event/ActionEvent;)V+83 java.desktop@10.0.2
j  javax.swing.AbstractButton$Handler.actionPerformed(Ljava/awt/event/ActionEvent;)V+5 java.desktop@10.0.2
j  javax.swing.DefaultButtonModel.fireActionPerformed(Ljava/awt/event/ActionEvent;)V+34 java.desktop@10.0.2
j  javax.swing.DefaultButtonModel.setPressed(Z)V+117 java.desktop@10.0.2
j  javax.swing.plaf.basic.BasicButtonListener.mouseReleased(Ljava/awt/event/MouseEvent;)V+35 java.desktop@10.0.2
j  java.awt.Component.processMouseEvent(Ljava/awt/event/MouseEvent;)V+64 java.desktop@10.0.2
j  javax.swing.JComponent.processMouseEvent(Ljava/awt/event/MouseEvent;)V+23 java.desktop@10.0.2
j  java.awt.Component.processEvent(Ljava/awt/AWTEvent;)V+81 java.desktop@10.0.2
j  java.awt.Container.processEvent(Ljava/awt/AWTEvent;)V+18 java.desktop@10.0.2
j  java.awt.Component.dispatchEventImpl(Ljava/awt/AWTEvent;)V+496 java.desktop@10.0.2
j  java.awt.Container.dispatchEventImpl(Ljava/awt/AWTEvent;)V+42 java.desktop@10.0.2
j  java.awt.Component.dispatchEvent(Ljava/awt/AWTEvent;)V+2 java.desktop@10.0.2
j  java.awt.LightweightDispatcher.retargetMouseEvent(Ljava/awt/Component;ILjava/awt/event/MouseEvent;)V+349 java.desktop@10.0.2
j  java.awt.LightweightDispatcher.processMouseEvent(Ljava/awt/event/MouseEvent;)Z+155 java.desktop@10.0.2
j  java.awt.LightweightDispatcher.dispatchEvent(Ljava/awt/AWTEvent;)Z+50 java.desktop@10.0.2
j  java.awt.Container.dispatchEventImpl(Ljava/awt/AWTEvent;)V+12 java.desktop@10.0.2
j  java.awt.Window.dispatchEventImpl(Ljava/awt/AWTEvent;)V+19 java.desktop@10.0.2
j  java.awt.Component.dispatchEvent(Ljava/awt/AWTEvent;)V+2 java.desktop@10.0.2
j  java.awt.EventQueue.dispatchEventImpl(Ljava/awt/AWTEvent;Ljava/lang/Object;)V+41 java.desktop@10.0.2
j  java.awt.EventQueue.access$600(Ljava/awt/EventQueue;Ljava/awt/AWTEvent;Ljava/lang/Object;)V+3 java.desktop@10.0.2
j  java.awt.EventQueue$4.run()Ljava/lang/Void;+32 java.desktop@10.0.2
j  java.awt.EventQueue$4.run()Ljava/lang/Object;+1 java.desktop@10.0.2
v  ~StubRoutines::call_stub
j  java.security.AccessController.doPrivileged(Ljava/security/PrivilegedAction;Ljava/security/AccessControlContext;)Ljava/lang/Object;+0 java.base@10.0.2
j  java.security.ProtectionDomain$JavaSecurityAccessImpl.doIntersectionPrivilege(Ljava/security/PrivilegedAction;Ljava/security/AccessControlContext;Ljava/security/AccessControlContext;)Ljava/lang/Object;+18 java.base@10.0.2
j  java.security.ProtectionDomain$JavaSecurityAccessImpl.doIntersectionPrivilege(Ljava/security/PrivilegedAction;Ljava/security/AccessControlContext;)Ljava/lang/Object;+6 java.base@10.0.2
j  java.awt.EventQueue$5.run()Ljava/lang/Void;+11 java.desktop@10.0.2
j  java.awt.EventQueue$5.run()Ljava/lang/Object;+1 java.desktop@10.0.2
v  ~StubRoutines::call_stub
j  java.security.AccessController.doPrivileged(Ljava/security/PrivilegedAction;Ljava/security/AccessControlContext;)Ljava/lang/Object;+0 java.base@10.0.2
j  java.security.ProtectionDomain$JavaSecurityAccessImpl.doIntersectionPrivilege(Ljava/security/PrivilegedAction;Ljava/security/AccessControlContext;Ljava/security/AccessControlContext;)Ljava/lang/Object;+18 java.base@10.0.2
j  java.awt.EventQueue.dispatchEvent(Ljava/awt/AWTEvent;)V+73 java.desktop@10.0.2
j  java.awt.EventDispatchThread.pumpOneEventForFilters(I)V+78 java.desktop@10.0.2
j  java.awt.EventDispatchThread.pumpEventsForFilter(ILjava/awt/Conditional;Ljava/awt/EventFilter;)V+35 java.desktop@10.0.2
j  java.awt.EventDispatchThread.pumpEventsForHierarchy(ILjava/awt/Conditional;Ljava/awt/Component;)V+11 java.desktop@10.0.2
j  java.awt.EventDispatchThread.pumpEvents(ILjava/awt/Conditional;)V+4 java.desktop@10.0.2
j  java.awt.EventDispatchThread.pumpEvents(Ljava/awt/Conditional;)V+3 java.desktop@10.0.2
j  java.awt.EventDispatchThread.run()V+9 java.desktop@10.0.2
v  ~StubRoutines::call_stub

siginfo: si_signo: 11 (SIGSEGV), si_code: 1 (SEGV_MAPERR), si_addr: 0x0000000000000040

Register to memory mapping:

RAX=
[error occurred during error reporting (printing register info), id 0xb]

Registers:
RAX=0x00000000fffffffe, RBX=0x00007f0530d8cc40, RCX=0x0000000000000300, RDX=0x0000000000000006
RSP=0x00007f0530d8cbc0, RBP=0x0000000000000000, RSI=0x0000000000000080, RDI=0x0000000000000000
R8 =0x0000000000000000, R9 =0x00007f0530d8cc40, R10=0x00007f0530d8ccd0, R11=0x00007f0530066e50
R12=0x0000000000000300, R13=0x0000000000000080, R14=0x0000000000000000, R15=0x00007f0530d8cea0
RIP=0x00007f0530069daa, EFLAGS=0x0000000000010206, CSGSFS=0x002b000000000033, ERR=0x0000000000000004
  TRAPNO=0x000000000000000e

Top of Stack: (sp=0x00007f0530d8cbc0)
0x00007f0530d8cbc0:   0000000000000003 00007f05884d11b8
0x00007f0530d8cbd0:   00007f056c425978 00007f05884cc800
0x00007f0530d8cbe0:   00007f05884d1100 00007f053830f550
0x00007f0530d8cbf0:   00007f053830f560 00007f0530d8cc40 

Instructions: (pc=0x00007f0530069daa)
0x00007f0530069d8a:   e8 c1 8c ff ff 90 41 57 41 56 49 89 fe 41 55 41
0x00007f0530069d9a:   54 41 89 f5 55 53 41 89 cc 44 89 c5 48 83 ec 38
0x00007f0530069daa:   48 8b 47 40 8b 5c 24 70 89 54 24 08 64 48 8b 34
0x00007f0530069dba:   25 28 00 00 00 48 89 74 24 28 31 f6 48 8b 40 30 


---------------  P R O C E S S  ---------------

Threads class SMR info:
_java_thread_list=0x00007f05501837c0, length=15, elements={
0x00007f05880e2000, 0x00007f05880e4000, 0x00007f05880f7800, 0x00007f05880f9800,
0x00007f05880fb800, 0x00007f05880fd800, 0x00007f05881bd800, 0x00007f0588186000,
0x00007f0588391800, 0x00007f0588393000, 0x00007f0588470800, 0x00007f05884cc800,
0x00007f0588011800, 0x00007f0550050000, 0x00007f055018f800
}

Java Threads: ( => current thread )
  0x00007f05880e2000 JavaThread "Reference Handler" daemon [_thread_blocked, id=6000, stack(0x00007f056c19c000,0x00007f056c29d000)]
  0x00007f05880e4000 JavaThread "Finalizer" daemon [_thread_blocked, id=6001, stack(0x00007f056c09b000,0x00007f056c19c000)]
  0x00007f05880f7800 JavaThread "Signal Dispatcher" daemon [_thread_blocked, id=6002, stack(0x00007f0547bc9000,0x00007f0547cca000)]
  0x00007f05880f9800 JavaThread "C2 CompilerThread0" daemon [_thread_blocked, id=6003, stack(0x00007f0547ac8000,0x00007f0547bc9000)]
  0x00007f05880fb800 JavaThread "C1 CompilerThread1" daemon [_thread_blocked, id=6004, stack(0x00007f05479c7000,0x00007f0547ac8000)]
  0x00007f05880fd800 JavaThread "Sweeper thread" daemon [_thread_blocked, id=6005, stack(0x00007f05478c6000,0x00007f05479c7000)]
  0x00007f05881bd800 JavaThread "Service Thread" daemon [_thread_blocked, id=6006, stack(0x00007f05477c5000,0x00007f05478c6000)]
  0x00007f0588186000 JavaThread "Common-Cleaner" daemon [_thread_blocked, id=6008, stack(0x00007f05475c2000,0x00007f05476c3000)]
  0x00007f0588391800 JavaThread "Java2D Disposer" daemon [_thread_blocked, id=6013, stack(0x00007f0531395000,0x00007f0531496000)]
  0x00007f0588393000 JavaThread "AWT-XAWT" daemon [_thread_in_native, id=6014, stack(0x00007f0531294000,0x00007f0531395000)]
  0x00007f0588470800 JavaThread "AWT-Shutdown" [_thread_blocked, id=6015, stack(0x00007f0530d93000,0x00007f0530e94000)]
=>0x00007f05884cc800 JavaThread "AWT-EventQueue-0" [_thread_in_native, id=6016, stack(0x00007f0530c92000,0x00007f0530d93000)]
  0x00007f0588011800 JavaThread "DestroyJavaVM" [_thread_blocked, id=5987, stack(0x00007f0591e28000,0x00007f0591f29000)]
  0x00007f0550050000 JavaThread "TimerQueue" daemon [_thread_blocked, id=6017, stack(0x00007f0530890000,0x00007f0530991000)]
  0x00007f055018f800 JavaThread "process reaper" daemon [_thread_blocked, id=6019, stack(0x00007f0530c70000,0x00007f0530c92000)]

Other Threads:
  0x00007f05880d8800 VMThread "VM Thread" [stack: 0x00007f056c29f000,0x00007f056c39f000] [id=5999]
  0x00007f05881bf800 WatcherThread [stack: 0x00007f05476c5000,0x00007f05477c5000] [id=6007]
  0x00007f0588028000 GCTaskThread "GC Thread#0" [stack: 0x00007f058df68000,0x00007f058e068000] [id=5988]
  0x00007f0588029800 GCTaskThread "GC Thread#1" [stack: 0x00007f058de66000,0x00007f058df66000] [id=5989]
  0x00007f0588040000 ConcurrentGCThread "G1 Main Marker" [stack: 0x00007f058c6ac000,0x00007f058c7ac000] [id=5991]
  0x00007f0588042000 ConcurrentGCThread "G1 Conc#0" [stack: 0x00007f058c5aa000,0x00007f058c6aa000] [id=5995]
  0x00007f0588075000 ConcurrentGCThread "G1 Refine#0" [stack: 0x00007f058c2a6000,0x00007f058c3a6000] [id=5996]
  0x00007f0588077000 ConcurrentGCThread "G1 Refine#1" [stack: 0x00007f058c1a4000,0x00007f058c2a4000] [id=5997]
  0x00007f0588078800 ConcurrentGCThread "G1 Young RemSet Sampling" [stack: 0x00007f058c0a2000,0x00007f058c1a2000] [id=5998]

Threads with active compile tasks:
C1 CompilerThread11470       3       sun.util.logging.internal.LoggingProviderImpl$JULWrapper::log (14 bytes)

VM state:not at safepoint (normal execution)

VM Mutex/Monitor currently owned by a thread: None

Heap address: 0x00000000c3c00000, size: 964 MB, Compressed Oops mode: 32-bit
Narrow klass base: 0x0000000000000000, Narrow klass shift: 3
Compressed class space size: 1073741824 Address: 0x0000000100000000

Heap:
 garbage-first heap   total 63488K, used 4920K [0x00000000c3c00000, 0x0000000100000000)
  region size 1024K, 4 young (4096K), 2 survivors (2048K)
 Metaspace       used 21457K, capacity 22056K, committed 22320K, reserved 1069056K
  class space    used 2284K, capacity 2584K, committed 2688K, reserved 1048576K
Heap Regions: E=young(eden), S=young(survivor), O=old, HS=humongous(starts), HC=humongous(continues), CS=collection set, F=free, A=archive, TS=gc time stamp, AC=allocation context, TAMS=top-at-mark-start (previous, next)
|   0|0x00000000c3c00000, 0x00000000c3d00000, 0x00000000c3d00000|100%| O|  |TS  0|AC  0|TAMS 0x00000000c3d00000, 0x00000000c3d00000|
|   1|0x00000000c3d00000, 0x00000000c3dce200, 0x00000000c3e00000| 80%| O|  |TS  0|AC  0|TAMS 0x00000000c3dce200, 0x00000000c3dce200|
|   2|0x00000000c3e00000, 0x00000000c3e00000, 0x00000000c3f00000|  0%| F|  |TS  0|AC  0|TAMS 0x00000000c3e00000, 0x00000000c3e00000|
|   3|0x00000000c3f00000, 0x00000000c3f00000, 0x00000000c4000000|  0%| F|  |TS  0|AC  0|TAMS 0x00000000c3f00000, 0x00000000c3f00000|
|   4|0x00000000c4000000, 0x00000000c4000000, 0x00000000c4100000|  0%| F|  |TS  0|AC  0|TAMS 0x00000000c4000000, 0x00000000c4000000|
|   5|0x00000000c4100000, 0x00000000c4100000, 0x00000000c4200000|  0%| F|  |TS  0|AC  0|TAMS 0x00000000c4100000, 0x00000000c4100000|
|   6|0x00000000c4200000, 0x00000000c4200000, 0x00000000c4300000|  0%| F|  |TS  0|AC  0|TAMS 0x00000000c4200000, 0x00000000c4200000|
|   7|0x00000000c4300000, 0x00000000c4300000, 0x00000000c4400000|  0%| F|  |TS  0|AC  0|TAMS 0x00000000c4300000, 0x00000000c4300000|
|   8|0x00000000c4400000, 0x00000000c4400000, 0x00000000c4500000|  0%| F|  |TS  0|AC  0|TAMS 0x00000000c4400000, 0x00000000c4400000|
|   9|0x00000000c4500000, 0x00000000c4500000, 0x00000000c4600000|  0%| F|  |TS  0|AC  0|TAMS 0x00000000c4500000, 0x00000000c4500000|
|  10|0x00000000c4600000, 0x00000000c4600000, 0x00000000c4700000|  0%| F|  |TS  0|AC  0|TAMS 0x00000000c4600000, 0x00000000c4600000|
|  11|0x00000000c4700000, 0x00000000c4700000, 0x00000000c4800000|  0%| F|  |TS  0|AC  0|TAMS 0x00000000c4700000, 0x00000000c4700000|
|  12|0x00000000c4800000, 0x00000000c4800000, 0x00000000c4900000|  0%| F|  |TS  0|AC  0|TAMS 0x00000000c4800000, 0x00000000c4800000|
|  13|0x00000000c4900000, 0x00000000c4900000, 0x00000000c4a00000|  0%| F|  |TS  0|AC  0|TAMS 0x00000000c4900000, 0x00000000c4900000|
|  14|0x00000000c4a00000, 0x00000000c4a00000, 0x00000000c4b00000|  0%| F|  |TS  0|AC  0|TAMS 0x00000000c4a00000, 0x00000000c4a00000|
|  15|0x00000000c4b00000, 0x00000000c4b00000, 0x00000000c4c00000|  0%| F|  |TS  0|AC  0|TAMS 0x00000000c4b00000, 0x00000000c4b00000|
|  16|0x00000000c4c00000, 0x00000000c4c00000, 0x00000000c4d00000|  0%| F|  |TS  0|AC  0|TAMS 0x00000000c4c00000, 0x00000000c4c00000|
|  17|0x00000000c4d00000, 0x00000000c4d00000, 0x00000000c4e00000|  0%| F|  |TS  0|AC  0|TAMS 0x00000000c4d00000, 0x00000000c4d00000|
|  18|0x00000000c4e00000, 0x00000000c4e00000, 0x00000000c4f00000|  0%| F|  |TS  0|AC  0|TAMS 0x00000000c4e00000, 0x00000000c4e00000|
|  19|0x00000000c4f00000, 0x00000000c4f00000, 0x00000000c5000000|  0%| F|  |TS  0|AC  0|TAMS 0x00000000c4f00000, 0x00000000c4f00000|
|  20|0x00000000c5000000, 0x00000000c5000000, 0x00000000c5100000|  0%| F|  |TS  0|AC  0|TAMS 0x00000000c5000000, 0x00000000c5000000|
|  21|0x00000000c5100000, 0x00000000c5100000, 0x00000000c5200000|  0%| F|  |TS  0|AC  0|TAMS 0x00000000c5100000, 0x00000000c5100000|
|  22|0x00000000c5200000, 0x00000000c5200000, 0x00000000c5300000|  0%| F|  |TS  0|AC  0|TAMS 0x00000000c5200000, 0x00000000c5200000|
|  23|0x00000000c5300000, 0x00000000c5300000, 0x00000000c5400000|  0%| F|  |TS  0|AC  0|TAMS 0x00000000c5300000, 0x00000000c5300000|
|  24|0x00000000c5400000, 0x00000000c5400000, 0x00000000c5500000|  0%| F|  |TS  0|AC  0|TAMS 0x00000000c5400000, 0x00000000c5400000|
|  25|0x00000000c5500000, 0x00000000c5500000, 0x00000000c5600000|  0%| F|  |TS  0|AC  0|TAMS 0x00000000c5500000, 0x00000000c5500000|
|  26|0x00000000c5600000, 0x00000000c5600000, 0x00000000c5700000|  0%| F|  |TS  0|AC  0|TAMS 0x00000000c5600000, 0x00000000c5600000|
|  27|0x00000000c5700000, 0x00000000c5700000, 0x00000000c5800000|  0%| F|  |TS  0|AC  0|TAMS 0x00000000c5700000, 0x00000000c5700000|
|  28|0x00000000c5800000, 0x00000000c5800000, 0x00000000c5900000|  0%| F|  |TS  0|AC  0|TAMS 0x00000000c5800000, 0x00000000c5800000|
|  29|0x00000000c5900000, 0x00000000c5900000, 0x00000000c5a00000|  0%| F|  |TS  0|AC  0|TAMS 0x00000000c5900000, 0x00000000c5900000|
|  30|0x00000000c5a00000, 0x00000000c5a00000, 0x00000000c5b00000|  0%| F|  |TS  0|AC  0|TAMS 0x00000000c5a00000, 0x00000000c5a00000|
|  31|0x00000000c5b00000, 0x00000000c5b00000, 0x00000000c5c00000|  0%| F|  |TS  0|AC  0|TAMS 0x00000000c5b00000, 0x00000000c5b00000|
|  32|0x00000000c5c00000, 0x00000000c5c00000, 0x00000000c5d00000|  0%| F|  |TS  0|AC  0|TAMS 0x00000000c5c00000, 0x00000000c5c00000|
|  33|0x00000000c5d00000, 0x00000000c5d00000, 0x00000000c5e00000|  0%| F|  |TS  0|AC  0|TAMS 0x00000000c5d00000, 0x00000000c5d00000|
|  34|0x00000000c5e00000, 0x00000000c5e00000, 0x00000000c5f00000|  0%| F|  |TS  0|AC  0|TAMS 0x00000000c5e00000, 0x00000000c5e00000|
|  35|0x00000000c5f00000, 0x00000000c5f00000, 0x00000000c6000000|  0%| F|  |TS  0|AC  0|TAMS 0x00000000c5f00000, 0x00000000c5f00000|
|  36|0x00000000c6000000, 0x00000000c6000000, 0x00000000c6100000|  0%| F|  |TS  0|AC  0|TAMS 0x00000000c6000000, 0x00000000c6000000|
|  37|0x00000000c6100000, 0x00000000c6100000, 0x00000000c6200000|  0%| F|  |TS  0|AC  0|TAMS 0x00000000c6100000, 0x00000000c6100000|
|  38|0x00000000c6200000, 0x00000000c6200000, 0x00000000c6300000|  0%| F|  |TS  0|AC  0|TAMS 0x00000000c6200000, 0x00000000c6200000|
|  39|0x00000000c6300000, 0x00000000c6300000, 0x00000000c6400000|  0%| F|  |TS  0|AC  0|TAMS 0x00000000c6300000, 0x00000000c6300000|
|  40|0x00000000c6400000, 0x00000000c6400000, 0x00000000c6500000|  0%| F|  |TS  0|AC  0|TAMS 0x00000000c6400000, 0x00000000c6400000|
|  41|0x00000000c6500000, 0x00000000c6500000, 0x00000000c6600000|  0%| F|  |TS  0|AC  0|TAMS 0x00000000c6500000, 0x00000000c6500000|
|  42|0x00000000c6600000, 0x00000000c6600000, 0x00000000c6700000|  0%| F|  |TS  0|AC  0|TAMS 0x00000000c6600000, 0x00000000c6600000|
|  43|0x00000000c6700000, 0x00000000c6700000, 0x00000000c6800000|  0%| F|  |TS  0|AC  0|TAMS 0x00000000c6700000, 0x00000000c6700000|
|  44|0x00000000c6800000, 0x00000000c6800000, 0x00000000c6900000|  0%| F|  |TS  0|AC  0|TAMS 0x00000000c6800000, 0x00000000c6800000|
|  45|0x00000000c6900000, 0x00000000c6900000, 0x00000000c6a00000|  0%| F|  |TS  0|AC  0|TAMS 0x00000000c6900000, 0x00000000c6900000|
|  46|0x00000000c6a00000, 0x00000000c6a00000, 0x00000000c6b00000|  0%| F|  |TS  0|AC  0|TAMS 0x00000000c6a00000, 0x00000000c6a00000|
|  47|0x00000000c6b00000, 0x00000000c6b00000, 0x00000000c6c00000|  0%| F|  |TS  0|AC  0|TAMS 0x00000000c6b00000, 0x00000000c6b00000|
|  48|0x00000000c6c00000, 0x00000000c6c00000, 0x00000000c6d00000|  0%| F|  |TS  0|AC  0|TAMS 0x00000000c6c00000, 0x00000000c6c00000|
|  49|0x00000000c6d00000, 0x00000000c6d00000, 0x00000000c6e00000|  0%| F|  |TS  0|AC  0|TAMS 0x00000000c6d00000, 0x00000000c6d00000|
|  50|0x00000000c6e00000, 0x00000000c6e00000, 0x00000000c6f00000|  0%| F|  |TS  0|AC  0|TAMS 0x00000000c6e00000, 0x00000000c6e00000|
|  51|0x00000000c6f00000, 0x00000000c6f00000, 0x00000000c7000000|  0%| F|  |TS  0|AC  0|TAMS 0x00000000c6f00000, 0x00000000c6f00000|
|  52|0x00000000c7000000, 0x00000000c7100000, 0x00000000c7100000|100%| S|CS|TS  0|AC  0|TAMS 0x00000000c7000000, 0x00000000c7000000|
|  53|0x00000000c7100000, 0x00000000c7200000, 0x00000000c7200000|100%| S|CS|TS  0|AC  0|TAMS 0x00000000c7100000, 0x00000000c7100000|
|  54|0x00000000c7200000, 0x00000000c7200000, 0x00000000c7300000|  0%| F|  |TS  0|AC  0|TAMS 0x00000000c7200000, 0x00000000c7200000|
|  55|0x00000000c7300000, 0x00000000c7300000, 0x00000000c7400000|  0%| F|  |TS  0|AC  0|TAMS 0x00000000c7300000, 0x00000000c7300000|
|  56|0x00000000c7400000, 0x00000000c7400000, 0x00000000c7500000|  0%| F|  |TS  0|AC  0|TAMS 0x00000000c7400000, 0x00000000c7400000|
|  57|0x00000000c7500000, 0x00000000c7500000, 0x00000000c7600000|  0%| F|  |TS  0|AC  0|TAMS 0x00000000c7500000, 0x00000000c7500000|
|  58|0x00000000c7600000, 0x00000000c7600000, 0x00000000c7700000|  0%| F|  |TS  0|AC  0|TAMS 0x00000000c7600000, 0x00000000c7600000|
|  59|0x00000000c7700000, 0x00000000c7700000, 0x00000000c7800000|  0%| F|  |TS  0|AC  0|TAMS 0x00000000c7700000, 0x00000000c7700000|
|  60|0x00000000c7800000, 0x00000000c7900000, 0x00000000c7900000|100%| E|  |TS  0|AC  0|TAMS 0x00000000c7800000, 0x00000000c7800000|
|  61|0x00000000c7900000, 0x00000000c7a00000, 0x00000000c7a00000|100%| E|CS|TS  0|AC  0|TAMS 0x00000000c7900000, 0x00000000c7900000|

Card table byte_map: [0x00007f058d89e000,0x00007f058da80000] byte_map_base: 0x00007f058d280000

Marking Bits (Prev, Next): (CMBitMap*) 0x00007f058803f6f8, (CMBitMap*) 0x00007f058803f6c0
 Prev Bits: [0x00007f056ec15000, 0x00007f056fb25000)
 Next Bits: [0x00007f058c7ac000, 0x00007f058d6bc000)

Polling page: 0x00007f0591f58000

CodeHeap 'non-profiled nmethods': size=120036Kb used=571Kb max_used=571Kb free=119464Kb
 bounds [0x00007f05775ec000, 0x00007f057785c000, 0x00007f057eb25000]
CodeHeap 'profiled nmethods': size=120032Kb used=2612Kb max_used=2612Kb free=117419Kb
 bounds [0x00007f05700b4000, 0x00007f0570344000, 0x00007f05775ec000]
CodeHeap 'non-nmethods': size=5692Kb used=1256Kb max_used=1270Kb free=4435Kb
 bounds [0x00007f056fb25000, 0x00007f056fd95000, 0x00007f05700b4000]
 total_blobs=2422 nmethods=1467 adapters=617
 compilation: enabled

Compilation events (10 events):
Event: 4,966 Thread 0x00007f05880fb800 nmethod 1454 0x00007f0570336910 code [0x00007f0570336ae0, 0x00007f0570336de8]
Event: 4,967 Thread 0x00007f05880fb800 1455       3       java.lang.reflect.ProxyGenerator::codeLocalLoadStore (90 bytes)
Event: 4,969 Thread 0x00007f05880fb800 nmethod 1455 0x00007f0570336f10 code [0x00007f05703371c0, 0x00007f0570337fe8]
Event: 4,974 Thread 0x00007f05880fb800 1461       3       java.io.DataOutputStream::writeUTF (435 bytes)
Event: 4,979 Thread 0x00007f05880fb800 nmethod 1461 0x00007f0570338490 code [0x00007f05703388e0, 0x00007f057033ad98]
Event: 4,979 Thread 0x00007f05880fb800 1463       3       java.lang.ref.WeakReference::<init> (7 bytes)
Event: 4,980 Thread 0x00007f05880fb800 nmethod 1463 0x00007f057033ba90 code [0x00007f057033bc60, 0x00007f057033bfb0]
Event: 4,980 Thread 0x00007f05880fb800 1458       3       java.lang.reflect.ProxyGenerator$ConstantPool::getMethodRef (33 bytes)
Event: 4,982 Thread 0x00007f05880f9800 nmethod 1341 0x00007f0577678710 code [0x00007f05776788e0, 0x00007f05776791f8]
Event: 4,982 Thread 0x00007f05880f9800 1456  s    4       java.io.ByteArrayOutputStream::write (32 bytes)

GC Heap History (6 events):
Event: 1,661 GC heap before
{Heap before GC invocations=0 (full 0):
 garbage-first heap   total 63488K, used 7168K [0x00000000c3c00000, 0x0000000100000000)
  region size 1024K, 7 young (7168K), 0 survivors (0K)
 Metaspace       used 11402K, capacity 11746K, committed 12032K, reserved 1060864K
  class space    used 1075K, capacity 1275K, committed 1280K, reserved 1048576K
}
Event: 1,672 GC heap after
{Heap after GC invocations=1 (full 0):
 garbage-first heap   total 63488K, used 1745K [0x00000000c3c00000, 0x0000000100000000)
  region size 1024K, 1 young (1024K), 1 survivors (1024K)
 Metaspace       used 11402K, capacity 11746K, committed 12032K, reserved 1060864K
  class space    used 1075K, capacity 1275K, committed 1280K, reserved 1048576K
}
Event: 2,107 GC heap before
{Heap before GC invocations=1 (full 0):
 garbage-first heap   total 63488K, used 6865K [0x00000000c3c00000, 0x0000000100000000)
  region size 1024K, 6 young (6144K), 1 survivors (1024K)
 Metaspace       used 12238K, capacity 12721K, committed 13056K, reserved 1060864K
  class space    used 1196K, capacity 1455K, committed 1536K, reserved 1048576K
}
Event: 2,117 GC heap after
{Heap after GC invocations=2 (full 0):
 garbage-first heap   total 63488K, used 2464K [0x00000000c3c00000, 0x0000000100000000)
  region size 1024K, 1 young (1024K), 1 survivors (1024K)
 Metaspace       used 12238K, capacity 12721K, committed 13056K, reserved 1060864K
  class space    used 1196K, capacity 1455K, committed 1536K, reserved 1048576K
}
Event: 4,756 GC heap before
{Heap before GC invocations=2 (full 0):
 garbage-first heap   total 63488K, used 8608K [0x00000000c3c00000, 0x0000000100000000)
  region size 1024K, 8 young (8192K), 1 survivors (1024K)
 Metaspace       used 20440K, capacity 20964K, committed 21296K, reserved 1069056K
  class space    used 2154K, capacity 2432K, committed 2432K, reserved 1048576K
}
Event: 4,767 GC heap after
{Heap after GC invocations=3 (full 0):
 garbage-first heap   total 63488K, used 3896K [0x00000000c3c00000, 0x0000000100000000)
  region size 1024K, 2 young (2048K), 2 survivors (2048K)
 Metaspace       used 20440K, capacity 20964K, committed 21296K, reserved 1069056K
  class space    used 2154K, capacity 2432K, committed 2432K, reserved 1048576K
}

Deoptimization events (10 events):
Event: 4,587 Thread 0x00007f05884cc800 Uncommon trap: reason=bimorphic_or_optimized_type_check action=maybe_recompile pc=0x00007f05776592e4 method=java.util.HashMap.putVal(ILjava/lang/Object;Ljava/lang/Object;ZZ)Ljava/lang/Object; @ 253 c2
Event: 4,587 Thread 0x00007f05884cc800 Uncommon trap: reason=bimorphic_or_optimized_type_check action=maybe_recompile pc=0x00007f05776592e4 method=java.util.HashMap.putVal(ILjava/lang/Object;Ljava/lang/Object;ZZ)Ljava/lang/Object; @ 253 c2
Event: 4,588 Thread 0x00007f05884cc800 Uncommon trap: reason=bimorphic_or_optimized_type_check action=maybe_recompile pc=0x00007f05776592e4 method=java.util.HashMap.putVal(ILjava/lang/Object;Ljava/lang/Object;ZZ)Ljava/lang/Object; @ 253 c2
Event: 4,588 Thread 0x00007f05884cc800 Uncommon trap: reason=bimorphic_or_optimized_type_check action=maybe_recompile pc=0x00007f05776592e4 method=java.util.HashMap.putVal(ILjava/lang/Object;Ljava/lang/Object;ZZ)Ljava/lang/Object; @ 253 c2
Event: 4,660 Thread 0x00007f05884cc800 Uncommon trap: reason=unstable_if action=reinterpret pc=0x00007f0577605d74 method=java.lang.StringLatin1.replace([BCC)Ljava/lang/String; @ 19 c2
Event: 4,660 Thread 0x00007f05884cc800 Uncommon trap: reason=unstable_if action=reinterpret pc=0x00007f057761f718 method=jdk.internal.org.objectweb.asm.Type.getArgumentsAndReturnSizes(Ljava/lang/String;)I @ 88 c2
Event: 4,727 Thread 0x00007f05884cc800 Uncommon trap: reason=unstable_if action=reinterpret pc=0x00007f05776371bc method=java.lang.AbstractStringBuilder.append(Ljava/lang/String;)Ljava/lang/AbstractStringBuilder; @ 1 c2
Event: 4,818 Thread 0x00007f05884cc800 Uncommon trap: reason=unstable_if action=reinterpret pc=0x00007f057762dc04 method=java.lang.invoke.InvokerBytecodeGenerator.isStaticallyNameable(Ljava/lang/Class;)Z @ 12 c2
Event: 4,818 Thread 0x00007f05884cc800 Uncommon trap: reason=unstable_if action=reinterpret pc=0x00007f057761a208 method=jdk.internal.org.objectweb.asm.Frame.execute(IILjdk/internal/org/objectweb/asm/ClassWriter;Ljdk/internal/org/objectweb/asm/Item;)V @ 2219 c2
Event: 4,936 Thread 0x00007f05884cc800 Uncommon trap: reason=unstable_if action=reinterpret pc=0x00007f05775f528c method=java.lang.String.isLatin1()Z @ 10 c2

Classes redefined (0 events):
No events

Internal exceptions (10 events):
Event: 4,655 Thread 0x00007f05884cc800 Exception <a 'java/lang/NoSuchMethodError'{0x00000000c75c3550}: method resolution failed> (0x00000000c75c3550) thrown at [/build/openjdk-lts-Ae5PRQ/openjdk-lts-10.0.2+13/src/hotspot/share/prims/methodHandles.cpp, line 1226]
Event: 4,661 Thread 0x00007f05884cc800 Exception <a 'java/lang/NoSuchMethodError'{0x00000000c75cd3b0}: java.lang.invoke.DirectMethodHandle$Holder.invokeStatic(Ljava/lang/Object;Ljava/lang/Object;Ljava/lang/Object;I)Ljava/lang/Object;> (0x00000000c75cd3b0) thrown at [/build/openjdk-lts-Ae5PRQ/o
Event: 4,662 Thread 0x00007f05884cc800 Exception <a 'java/lang/NoSuchMethodError'{0x00000000c75d1470}: java.lang.invoke.DirectMethodHandle$Holder.invokeSpecial(Ljava/lang/Object;Ljava/lang/Object;Ljava/lang/Object;Ljava/lang/Object;I)Ljava/lang/Object;> (0x00000000c75d1470) thrown at [/build/o
Event: 4,727 Thread 0x00007f05884cc800 Implicit null exception at 0x00007f0577636c74 to 0x00007f05776371a6
Event: 4,728 Thread 0x00007f05884cc800 Exception <a 'java/lang/UnsatisfiedLinkError'{0x00000000c736c190}: liblibusb-1.0.so: Kann die Shared-Object-Datei nicht öffnen: Datei oder Verzeichnis nicht gefunden> (0x00000000c736c190) thrown at [/build/openjdk-lts-Ae5PRQ/openjdk-lts-10.0.2+13/src/hot
Event: 4,729 Thread 0x00007f05884cc800 Exception <a 'java/lang/UnsatisfiedLinkError'{0x00000000c736e098}: liblibusb-1.0.so: Kann die Shared-Object-Datei nicht öffnen: Datei oder Verzeichnis nicht gefunden> (0x00000000c736e098) thrown at [/build/openjdk-lts-Ae5PRQ/openjdk-lts-10.0.2+13/src/hot
Event: 4,754 Thread 0x00007f05884cc800 Exception <a 'java/lang/NoSuchMethodError'{0x00000000c72a76a0}: method resolution failed> (0x00000000c72a76a0) thrown at [/build/openjdk-lts-Ae5PRQ/openjdk-lts-10.0.2+13/src/hotspot/share/prims/methodHandles.cpp, line 1226]
Event: 4,782 Thread 0x00007f05884cc800 Exception <a 'java/lang/NoSuchMethodError'{0x00000000c791da88}: java.lang.invoke.DirectMethodHandle$Holder.invokeStatic(Ljava/lang/Object;Ljava/lang/Object;)I> (0x00000000c791da88) thrown at [/build/openjdk-lts-Ae5PRQ/openjdk-lts-10.0.2+13/src/hotspot/sha
Event: 4,813 Thread 0x00007f05884cc800 Exception <a 'java/lang/NoSuchMethodError'{0x00000000c792ac40}: java.lang.Object.of([Ljava/lang/Object;)Ljava/util/stream/Stream;> (0x00000000c792ac40) thrown at [/build/openjdk-lts-Ae5PRQ/openjdk-lts-10.0.2+13/src/hotspot/share/interpreter/linkResolver.c
Event: 4,895 Thread 0x00007f05884cc800 Exception <a 'java/lang/NoSuchMethodError'{0x00000000c7860428}: java.lang.Object.lambda$union$2(Ljava/util/regex/Pattern$CharPredicate;I)Z> (0x00000000c7860428) thrown at [/build/openjdk-lts-Ae5PRQ/openjdk-lts-10.0.2+13/src/hotspot/share/interpreter/linkR

Events (10 events):
Event: 4,977 loading class com/sun/jna/Structure$StructField
Event: 4,977 loading class com/sun/jna/Structure$StructField done
Event: 4,978 loading class jdk/internal/reflect/UnsafeByteFieldAccessorImpl
Event: 4,978 loading class jdk/internal/reflect/UnsafeByteFieldAccessorImpl done
Event: 4,978 loading class com/sun/jna/Union
Event: 4,978 loading class com/sun/jna/Union done
Event: 4,979 loading class jdk/internal/reflect/UnsafeShortFieldAccessorImpl
Event: 4,979 loading class jdk/internal/reflect/UnsafeShortFieldAccessorImpl done
Event: 4,981 loading class com/sun/jna/Structure$StructureSet
Event: 4,981 loading class com/sun/jna/Structure$StructureSet done


Dynamic libraries:
c3c00000-c7a00000 rw-p 00000000 00:00 0 
c7a00000-100000000 ---p 00000000 00:00 0 
100000000-1002a0000 rw-p 00000000 00:00 0 
1002a0000-140000000 ---p 00000000 00:00 0 
560678c58000-560678c59000 r-xp 00000000 08:07 3281594                    /usr/lib/jvm/java-11-openjdk-amd64/bin/java
560678e59000-560678e5a000 r--p 00001000 08:07 3281594                    /usr/lib/jvm/java-11-openjdk-amd64/bin/java
560678e5a000-560678e5b000 rw-p 00002000 08:07 3281594                    /usr/lib/jvm/java-11-openjdk-amd64/bin/java
560679868000-560679889000 rw-p 00000000 00:00 0                          [heap]
7f052b5e1000-7f052b5e2000 ---p 00000000 00:00 0 
7f052b5e2000-7f052bde2000 rw-p 00000000 00:00 0 
7f052bde2000-7f052bdff000 r-xp 00000000 08:07 1973216                    /lib/x86_64-linux-gnu/libudev.so.1.6.9
7f052bdff000-7f052bffe000 ---p 0001d000 08:07 1973216                    /lib/x86_64-linux-gnu/libudev.so.1.6.9
7f052bffe000-7f052bfff000 r--p 0001c000 08:07 1973216                    /lib/x86_64-linux-gnu/libudev.so.1.6.9
7f052bfff000-7f052c000000 rw-p 0001d000 08:07 1973216                    /lib/x86_64-linux-gnu/libudev.so.1.6.9
7f052c000000-7f052c021000 rw-p 00000000 00:00 0 
7f052c021000-7f0530000000 ---p 00000000 00:00 0 
7f053005f000-7f0530076000 r-xp 00000000 08:07 1970999                    /lib/x86_64-linux-gnu/libusb-1.0.so.0.1.0
7f0530076000-7f0530275000 ---p 00017000 08:07 1970999                    /lib/x86_64-linux-gnu/libusb-1.0.so.0.1.0
7f0530275000-7f0530276000 r--p 00016000 08:07 1970999                    /lib/x86_64-linux-gnu/libusb-1.0.so.0.1.0
7f0530276000-7f0530277000 rw-p 00017000 08:07 1970999                    /lib/x86_64-linux-gnu/libusb-1.0.so.0.1.0
7f0530277000-7f05303a3000 rw-p 00000000 00:00 0 
7f05303a3000-7f0530477000 ---p 00000000 00:00 0 
7f0530477000-7f053048f000 r-xp 00000000 08:07 7762076                    /home/peter/.cache/JNA/temp/jna17660389729911512171.tmp (deleted)
7f053048f000-7f053068f000 ---p 00018000 08:07 7762076                    /home/peter/.cache/JNA/temp/jna17660389729911512171.tmp (deleted)
7f053068f000-7f0530690000 rw-p 00018000 08:07 7762076                    /home/peter/.cache/JNA/temp/jna17660389729911512171.tmp (deleted)
7f0530690000-7f0530890000 rw-p 00000000 00:00 0 
7f0530890000-7f0530894000 ---p 00000000 00:00 0 
7f0530894000-7f0530b91000 rw-p 00000000 00:00 0 
7f0530b91000-7f0530b9c000 r--s 00000000 08:07 786527                     /var/cache/fontconfig/945677eb7aeaf62f1d50efc3fb3ec7d8-le64.cache-7
7f0530b9c000-7f0530b9e000 r--s 00000000 08:07 786529                     /var/cache/fontconfig/99e8ed0e538f840c565b6ed5dad60d56-le64.cache-7
7f0530b9e000-7f0530ba3000 r--s 00000000 08:07 786496                     /var/cache/fontconfig/2300eef321c393bfd76478a5c0e95b23-le64.cache-7
7f0530ba3000-7f0530ba4000 r--s 00000000 08:07 786490                     /var/cache/fontconfig/0d8c3b2ac0904cb8a57a757ad11a4a08-le64.cache-7
7f0530ba4000-7f0530bb9000 r--s 00000000 08:07 786487                     /var/cache/fontconfig/04aabc0a78ac019cf9454389977116d2-le64.cache-7
7f0530bb9000-7f0530bba000 r--s 00000000 08:07 786494                     /var/cache/fontconfig/1ac9eb803944fde146138c791f5cc56a-le64.cache-7
7f0530bba000-7f0530bbe000 r--s 00000000 08:07 786502                     /var/cache/fontconfig/385c0604a188198f04d133e54aba7fe7-le64.cache-7
7f0530bbe000-7f0530bbf000 r--s 00000000 08:07 786548                     /var/cache/fontconfig/dc05db6664285cc2f12bf69c139ae4c3-le64.cache-7
7f0530bbf000-7f0530bc1000 r--s 00000000 08:07 786491                     /var/cache/fontconfig/14a5e22175779b556eaa434240950366-le64.cache-7
7f0530bc1000-7f0530bc3000 r--s 00000000 08:07 786509                     /var/cache/fontconfig/4f3e3037c9980c83b53a9351efadef62-le64.cache-7
7f0530bc3000-7f0530bc5000 r--s 00000000 08:07 786523                     /var/cache/fontconfig/767a8244fc0220cfb567a839d0392e0b-le64.cache-7
7f0530bc5000-7f0530c11000 r--s 00000000 08:07 789900                     /var/cache/fontconfig/0bd3dc0958fa2205aaaa8ebb13e2872b-le64.cache-7
7f0530c11000-7f0530c18000 r--s 00000000 08:07 786526                     /var/cache/fontconfig/8801497958630a81b71ace7c5f9b32a8-le64.cache-7
7f0530c18000-7f0530c1d000 r--s 00000000 08:07 786549                     /var/cache/fontconfig/def309198bfa603429122923fa2bb2d4-le64.cache-7
7f0530c70000-7f0530c74000 ---p 00000000 00:00 0 
7f0530c74000-7f0530c92000 rw-p 00000000 00:00 0 
7f0530c92000-7f0530c96000 ---p 00000000 00:00 0 
7f0530c96000-7f0530d93000 rw-p 00000000 00:00 0 
7f0530d93000-7f0530d97000 ---p 00000000 00:00 0 
7f0530d97000-7f0531094000 rw-p 00000000 00:00 0 
7f0531094000-7f0531294000 rw-p 00000000 00:00 0 
7f0531294000-7f0531298000 ---p 00000000 00:00 0 
7f0531298000-7f0531395000 rw-p 00000000 00:00 0 
7f0531395000-7f0531399000 ---p 00000000 00:00 0 
7f0531399000-7f0531496000 rw-p 00000000 00:00 0 
7f0531496000-7f053149b000 r-xp 00000000 08:07 3284531                    /usr/lib/x86_64-linux-gnu/libXfixes.so.3.1.0
7f053149b000-7f053169a000 ---p 00005000 08:07 3284531                    /usr/lib/x86_64-linux-gnu/libXfixes.so.3.1.0
7f053169a000-7f053169b000 r--p 00004000 08:07 3284531                    /usr/lib/x86_64-linux-gnu/libXfixes.so.3.1.0
7f053169b000-7f053169c000 rw-p 00005000 08:07 3284531                    /usr/lib/x86_64-linux-gnu/libXfixes.so.3.1.0
7f053169c000-7f05316a5000 r-xp 00000000 08:07 3284523                    /usr/lib/x86_64-linux-gnu/libXcursor.so.1.0.2
7f05316a5000-7f05318a4000 ---p 00009000 08:07 3284523                    /usr/lib/x86_64-linux-gnu/libXcursor.so.1.0.2
7f05318a4000-7f05318a5000 r--p 00008000 08:07 3284523                    /usr/lib/x86_64-linux-gnu/libXcursor.so.1.0.2
7f05318a5000-7f05318a6000 rw-p 00009000 08:07 3284523                    /usr/lib/x86_64-linux-gnu/libXcursor.so.1.0.2
7f05318a6000-7f05318a7000 ---p 00000000 00:00 0 
7f05318a7000-7f05320a7000 rw-p 00000000 00:00 0 
7f05320a7000-7f05320a8000 ---p 00000000 00:00 0 
7f05320a8000-7f05328a8000 rw-p 00000000 00:00 0 
7f05328a8000-7f05328a9000 ---p 00000000 00:00 0 
7f05328a9000-7f05330a9000 rw-p 00000000 00:00 0 
7f05330a9000-7f05330b5000 r-xp 00000000 08:07 3671758                    /usr/lib/x86_64-linux-gnu/gio/modules/libdconfsettings.so
7f05330b5000-7f05332b4000 ---p 0000c000 08:07 3671758                    /usr/lib/x86_64-linux-gnu/gio/modules/libdconfsettings.so
7f05332b4000-7f05332b5000 r--p 0000b000 08:07 3671758                    /usr/lib/x86_64-linux-gnu/gio/modules/libdconfsettings.so
7f05332b5000-7f05332b6000 rw-p 0000c000 08:07 3671758                    /usr/lib/x86_64-linux-gnu/gio/modules/libdconfsettings.so
7f05332b6000-7f05332bc000 r-xp 00000000 08:07 1979063                    /lib/x86_64-linux-gnu/libuuid.so.1.3.0
7f05332bc000-7f05334bb000 ---p 00006000 08:07 1979063                    /lib/x86_64-linux-gnu/libuuid.so.1.3.0
7f05334bb000-7f05334bc000 r--p 00005000 08:07 1979063                    /lib/x86_64-linux-gnu/libuuid.so.1.3.0
7f05334bc000-7f05334bd000 rw-p 00006000 08:07 1979063                    /lib/x86_64-linux-gnu/libuuid.so.1.3.0
7f05334bd000-7f0533504000 r-xp 00000000 08:07 1971002                    /lib/x86_64-linux-gnu/libblkid.so.1.1.0
7f0533504000-7f0533704000 ---p 00047000 08:07 1971002                    /lib/x86_64-linux-gnu/libblkid.so.1.1.0
7f0533704000-7f0533708000 r--p 00047000 08:07 1971002                    /lib/x86_64-linux-gnu/libblkid.so.1.1.0
7f0533708000-7f0533709000 rw-p 0004b000 08:07 1971002                    /lib/x86_64-linux-gnu/libblkid.so.1.1.0
7f0533709000-7f053370a000 rw-p 00000000 00:00 0 
7f053370a000-7f053377a000 r-xp 00000000 08:07 1970955                    /lib/x86_64-linux-gnu/libpcre.so.3.13.3
7f053377a000-7f053397a000 ---p 00070000 08:07 1970955                    /lib/x86_64-linux-gnu/libpcre.so.3.13.3
7f053397a000-7f053397b000 r--p 00070000 08:07 1970955                    /lib/x86_64-linux-gnu/libpcre.so.3.13.3
7f053397b000-7f053397c000 rw-p 00071000 08:07 1970955                    /lib/x86_64-linux-gnu/libpcre.so.3.13.3
7f053397c000-7f0533983000 r-xp 00000000 08:07 3284907                    /usr/lib/x86_64-linux-gnu/libffi.so.6.0.4
7f0533983000-7f0533b82000 ---p 00007000 08:07 3284907                    /usr/lib/x86_64-linux-gnu/libffi.so.6.0.4
7f0533b82000-7f0533b83000 r--p 00006000 08:07 3284907                    /usr/lib/x86_64-linux-gnu/libffi.so.6.0.4
7f0533b83000-7f0533b84000 rw-p 00007000 08:07 3284907                    /usr/lib/x86_64-linux-gnu/libffi.so.6.0.4
7f0533b84000-7f0533bd5000 r-xp 00000000 08:07 1970866                    /lib/x86_64-linux-gnu/libmount.so.1.1.0
7f0533bd5000-7f0533dd4000 ---p 00051000 08:07 1970866                    /lib/x86_64-linux-gnu/libmount.so.1.1.0
7f0533dd4000-7f0533dd6000 r--p 00050000 08:07 1970866                    /lib/x86_64-linux-gnu/libmount.so.1.1.0
7f0533dd6000-7f0533dd7000 rw-p 00052000 08:07 1970866                    /lib/x86_64-linux-gnu/libmount.so.1.1.0
7f0533dd7000-7f0533dd8000 rw-p 00000000 00:00 0 
7f0533dd8000-7f0533dfd000 r-xp 00000000 08:07 1970978                    /lib/x86_64-linux-gnu/libselinux.so.1
7f0533dfd000-7f0533ffc000 ---p 00025000 08:07 1970978                    /lib/x86_64-linux-gnu/libselinux.so.1
7f0533ffc000-7f0533ffd000 r--p 00024000 08:07 1970978                    /lib/x86_64-linux-gnu/libselinux.so.1
7f0533ffd000-7f0533ffe000 rw-p 00025000 08:07 1970978                    /lib/x86_64-linux-gnu/libselinux.so.1
7f0533ffe000-7f0534000000 rw-p 00000000 00:00 0 
7f0534000000-7f0534dcf000 rw-p 00000000 00:00 0 
7f0534dcf000-7f0538000000 ---p 00000000 00:00 0 
7f0538000000-7f0538521000 rw-p 00000000 00:00 0 
7f0538521000-7f053c000000 ---p 00000000 00:00 0 
7f053c000000-7f053c021000 rw-p 00000000 00:00 0 
7f053c021000-7f0540000000 ---p 00000000 00:00 0 
7f0540000000-7f0540021000 rw-p 00000000 00:00 0 
7f0540021000-7f0544000000 ---p 00000000 00:00 0 
7f0544000000-7f0544001000 r--s 00000000 08:07 786518                     /var/cache/fontconfig/660208299946a285a940457d1287da33-le64.cache-7
7f0544001000-7f0544018000 r-xp 00000000 08:07 1970972                    /lib/x86_64-linux-gnu/libresolv-2.27.so
7f0544018000-7f0544218000 ---p 00017000 08:07 1970972                    /lib/x86_64-linux-gnu/libresolv-2.27.so
7f0544218000-7f0544219000 r--p 00017000 08:07 1970972                    /lib/x86_64-linux-gnu/libresolv-2.27.so
7f0544219000-7f054421a000 rw-p 00018000 08:07 1970972                    /lib/x86_64-linux-gnu/libresolv-2.27.so
7f054421a000-7f054421c000 rw-p 00000000 00:00 0 
7f054421c000-7f054432f000 r-xp 00000000 08:07 3277285                    /usr/lib/x86_64-linux-gnu/libglib-2.0.so.0.5600.3
7f054432f000-7f054452f000 ---p 00113000 08:07 3277285                    /usr/lib/x86_64-linux-gnu/libglib-2.0.so.0.5600.3
7f054452f000-7f0544530000 r--p 00113000 08:07 3277285                    /usr/lib/x86_64-linux-gnu/libglib-2.0.so.0.5600.3
7f0544530000-7f0544531000 rw-p 00114000 08:07 3277285                    /usr/lib/x86_64-linux-gnu/libglib-2.0.so.0.5600.3
7f0544531000-7f0544532000 rw-p 00000000 00:00 0 
7f0544532000-7f0544535000 r-xp 00000000 08:07 3277315                    /usr/lib/x86_64-linux-gnu/libgmodule-2.0.so.0.5600.3
7f0544535000-7f0544734000 ---p 00003000 08:07 3277315                    /usr/lib/x86_64-linux-gnu/libgmodule-2.0.so.0.5600.3
7f0544734000-7f0544735000 r--p 00002000 08:07 3277315                    /usr/lib/x86_64-linux-gnu/libgmodule-2.0.so.0.5600.3
7f0544735000-7f0544736000 rw-p 00003000 08:07 3277315                    /usr/lib/x86_64-linux-gnu/libgmodule-2.0.so.0.5600.3
7f0544736000-7f0544788000 r-xp 00000000 08:07 3277316                    /usr/lib/x86_64-linux-gnu/libgobject-2.0.so.0.5600.3
7f0544788000-7f0544988000 ---p 00052000 08:07 3277316                    /usr/lib/x86_64-linux-gnu/libgobject-2.0.so.0.5600.3
7f0544988000-7f0544989000 r--p 00052000 08:07 3277316                    /usr/lib/x86_64-linux-gnu/libgobject-2.0.so.0.5600.3
7f0544989000-7f054498a000 rw-p 00053000 08:07 3277316                    /usr/lib/x86_64-linux-gnu/libgobject-2.0.so.0.5600.3
7f054498a000-7f0544b1f000 r-xp 00000000 08:07 3277258                    /usr/lib/x86_64-linux-gnu/libgio-2.0.so.0.5600.3
7f0544b1f000-7f0544d1f000 ---p 00195000 08:07 3277258                    /usr/lib/x86_64-linux-gnu/libgio-2.0.so.0.5600.3
7f0544d1f000-7f0544d26000 r--p 00195000 08:07 3277258                    /usr/lib/x86_64-linux-gnu/libgio-2.0.so.0.5600.3
7f0544d26000-7f0544d27000 rw-p 0019c000 08:07 3277258                    /usr/lib/x86_64-linux-gnu/libgio-2.0.so.0.5600.3
7f0544d27000-7f0544d29000 rw-p 00000000 00:00 0 
7f0544d29000-7f0544d33000 r-xp 00000000 08:07 3284547                    /usr/lib/x86_64-linux-gnu/libXrandr.so.2.2.0
7f0544d33000-7f0544f32000 ---p 0000a000 08:07 3284547                    /usr/lib/x86_64-linux-gnu/libXrandr.so.2.2.0
7f0544f32000-7f0544f33000 r--p 00009000 08:07 3284547                    /usr/lib/x86_64-linux-gnu/libXrandr.so.2.2.0
7f0544f33000-7f0544f34000 rw-p 0000a000 08:07 3284547                    /usr/lib/x86_64-linux-gnu/libXrandr.so.2.2.0
7f0544f34000-7f0544f65000 r-xp 00000000 08:07 3285257                    /usr/lib/x86_64-linux-gnu/libpng16.so.16.34.0
7f0544f65000-7f0545164000 ---p 00031000 08:07 3285257                    /usr/lib/x86_64-linux-gnu/libpng16.so.16.34.0
7f0545164000-7f0545165000 r--p 00030000 08:07 3285257                    /usr/lib/x86_64-linux-gnu/libpng16.so.16.34.0
7f0545165000-7f0545166000 rw-p 00031000 08:07 3285257                    /usr/lib/x86_64-linux-gnu/libpng16.so.16.34.0
7f0545166000-7f0545213000 r-xp 00000000 08:07 3284937                    /usr/lib/x86_64-linux-gnu/libfreetype.so.6.15.0
7f0545213000-7f0545412000 ---p 000ad000 08:07 3284937                    /usr/lib/x86_64-linux-gnu/libfreetype.so.6.15.0
7f0545412000-7f0545419000 r--p 000ac000 08:07 3284937                    /usr/lib/x86_64-linux-gnu/libfreetype.so.6.15.0
7f0545419000-7f054541a000 rw-p 000b3000 08:07 3284937                    /usr/lib/x86_64-linux-gnu/libfreetype.so.6.15.0
7f054541a000-7f05454af000 r-xp 00000000 08:07 3281657                    /usr/lib/jvm/java-11-openjdk-amd64/lib/libfontmanager.so
7f05454af000-7f05456af000 ---p 00095000 08:07 3281657                    /usr/lib/jvm/java-11-openjdk-amd64/lib/libfontmanager.so
7f05456af000-7f05456b0000 r--p 00095000 08:07 3281657                    /usr/lib/jvm/java-11-openjdk-amd64/lib/libfontmanager.so
7f05456b0000-7f05456b1000 rw-p 00096000 08:07 3281657                    /usr/lib/jvm/java-11-openjdk-amd64/lib/libfontmanager.so
7f05456b1000-7f05458b2000 rw-p 00000000 00:00 0 
7f05458b2000-7f05458c5000 r-xp 00000000 08:07 1970829                    /lib/x86_64-linux-gnu/libbsd.so.0.8.7
7f05458c5000-7f0545ac4000 ---p 00013000 08:07 1970829                    /lib/x86_64-linux-gnu/libbsd.so.0.8.7
7f0545ac4000-7f0545ac5000 r--p 00012000 08:07 1970829                    /lib/x86_64-linux-gnu/libbsd.so.0.8.7
7f0545ac5000-7f0545ac6000 rw-p 00013000 08:07 1970829                    /lib/x86_64-linux-gnu/libbsd.so.0.8.7
7f0545ac6000-7f0545ac7000 rw-p 00000000 00:00 0 
7f0545ac7000-7f0545acc000 r-xp 00000000 08:07 3284527                    /usr/lib/x86_64-linux-gnu/libXdmcp.so.6.0.0
7f0545acc000-7f0545ccb000 ---p 00005000 08:07 3284527                    /usr/lib/x86_64-linux-gnu/libXdmcp.so.6.0.0
7f0545ccb000-7f0545ccc000 r--p 00004000 08:07 3284527                    /usr/lib/x86_64-linux-gnu/libXdmcp.so.6.0.0
7f0545ccc000-7f0545ccd000 rw-p 00005000 08:07 3284527                    /usr/lib/x86_64-linux-gnu/libXdmcp.so.6.0.0
7f0545ccd000-7f0545ccf000 r-xp 00000000 08:07 3284516                    /usr/lib/x86_64-linux-gnu/libXau.so.6.0.0
7f0545ccf000-7f0545ecf000 ---p 00002000 08:07 3284516                    /usr/lib/x86_64-linux-gnu/libXau.so.6.0.0
7f0545ecf000-7f0545ed0000 r--p 00002000 08:07 3284516                    /usr/lib/x86_64-linux-gnu/libXau.so.6.0.0
7f0545ed0000-7f0545ed1000 rw-p 00003000 08:07 3284516                    /usr/lib/x86_64-linux-gnu/libXau.so.6.0.0
7f0545ed1000-7f0545ef7000 r-xp 00000000 08:07 3285855                    /usr/lib/x86_64-linux-gnu/libxcb.so.1.1.0
7f0545ef7000-7f05460f7000 ---p 00026000 08:07 3285855                    /usr/lib/x86_64-linux-gnu/libxcb.so.1.1.0
7f05460f7000-7f05460f8000 r--p 00026000 08:07 3285855                    /usr/lib/x86_64-linux-gnu/libxcb.so.1.1.0
7f05460f8000-7f05460f9000 rw-p 00027000 08:07 3285855                    /usr/lib/x86_64-linux-gnu/libxcb.so.1.1.0
7f05460f9000-7f0546108000 r-xp 00000000 08:07 3284537                    /usr/lib/x86_64-linux-gnu/libXi.so.6.1.0
7f0546108000-7f0546307000 ---p 0000f000 08:07 3284537                    /usr/lib/x86_64-linux-gnu/libXi.so.6.1.0
7f0546307000-7f0546308000 r--p 0000e000 08:07 3284537                    /usr/lib/x86_64-linux-gnu/libXi.so.6.1.0
7f0546308000-7f0546309000 rw-p 0000f000 08:07 3284537                    /usr/lib/x86_64-linux-gnu/libXi.so.6.1.0
7f0546309000-7f054630e000 r-xp 00000000 08:07 3284555                    /usr/lib/x86_64-linux-gnu/libXtst.so.6.1.0
7f054630e000-7f054650d000 ---p 00005000 08:07 3284555                    /usr/lib/x86_64-linux-gnu/libXtst.so.6.1.0
7f054650d000-7f054650e000 r--p 00004000 08:07 3284555                    /usr/lib/x86_64-linux-gnu/libXtst.so.6.1.0
7f054650e000-7f054650f000 rw-p 00005000 08:07 3284555                    /usr/lib/x86_64-linux-gnu/libXtst.so.6.1.0
7f054650f000-7f0546518000 r-xp 00000000 08:07 3284549                    /usr/lib/x86_64-linux-gnu/libXrender.so.1.3.0
7f0546518000-7f0546717000 ---p 00009000 08:07 3284549                    /usr/lib/x86_64-linux-gnu/libXrender.so.1.3.0
7f0546717000-7f0546718000 r--p 00008000 08:07 3284549                    /usr/lib/x86_64-linux-gnu/libXrender.so.1.3.0
7f0546718000-7f0546719000 rw-p 00009000 08:07 3284549                    /usr/lib/x86_64-linux-gnu/libXrender.so.1.3.0
7f0546719000-7f054684c000 r-xp 00000000 08:07 3276918                    /usr/lib/x86_64-linux-gnu/libX11.so.6.3.0
7f054684c000-7f0546a4c000 ---p 00133000 08:07 3276918                    /usr/lib/x86_64-linux-gnu/libX11.so.6.3.0
7f0546a4c000-7f0546a4d000 r--p 00133000 08:07 3276918                    /usr/lib/x86_64-linux-gnu/libX11.so.6.3.0
7f0546a4d000-7f0546a51000 rw-p 00134000 08:07 3276918                    /usr/lib/x86_64-linux-gnu/libX11.so.6.3.0
7f0546a51000-7f0546a62000 r-xp 00000000 08:07 3284529                    /usr/lib/x86_64-linux-gnu/libXext.so.6.4.0
7f0546a62000-7f0546c61000 ---p 00011000 08:07 3284529                    /usr/lib/x86_64-linux-gnu/libXext.so.6.4.0
7f0546c61000-7f0546c62000 r--p 00010000 08:07 3284529                    /usr/lib/x86_64-linux-gnu/libXext.so.6.4.0
7f0546c62000-7f0546c63000 rw-p 00011000 08:07 3284529                    /usr/lib/x86_64-linux-gnu/libXext.so.6.4.0
7f0546c63000-7f0546cc2000 r-xp 00000000 08:07 3281654                    /usr/lib/jvm/java-11-openjdk-amd64/lib/libawt_xawt.so
7f0546cc2000-7f0546ec1000 ---p 0005f000 08:07 3281654                    /usr/lib/jvm/java-11-openjdk-amd64/lib/libawt_xawt.so
7f0546ec1000-7f0546ec2000 r--p 0005e000 08:07 3281654                    /usr/lib/jvm/java-11-openjdk-amd64/lib/libawt_xawt.so
7f0546ec2000-7f0546ec5000 rw-p 0005f000 08:07 3281654                    /usr/lib/jvm/java-11-openjdk-amd64/lib/libawt_xawt.so
7f0546ec5000-7f0546ec7000 rw-p 00000000 00:00 0 
7f0546ec7000-7f0546f67000 r-xp 00000000 08:07 3281652                    /usr/lib/jvm/java-11-openjdk-amd64/lib/libawt.so
7f0546f67000-7f0547167000 ---p 000a0000 08:07 3281652                    /usr/lib/jvm/java-11-openjdk-amd64/lib/libawt.so
7f0547167000-7f0547168000 r--p 000a0000 08:07 3281652                    /usr/lib/jvm/java-11-openjdk-amd64/lib/libawt.so
7f0547168000-7f0547173000 rw-p 000a1000 08:07 3281652                    /usr/lib/jvm/java-11-openjdk-amd64/lib/libawt.so
7f0547173000-7f0547198000 rw-p 00000000 00:00 0 
7f0547198000-7f05471af000 r-xp 00000000 08:07 3290743                    /usr/lib/jvm/java-11-openjdk-amd64/lib/libnet.so
7f05471af000-7f05473ae000 ---p 00017000 08:07 3290743                    /usr/lib/jvm/java-11-openjdk-amd64/lib/libnet.so
7f05473ae000-7f05473af000 r--p 00016000 08:07 3290743                    /usr/lib/jvm/java-11-openjdk-amd64/lib/libnet.so
7f05473af000-7f05473b0000 rw-p 00017000 08:07 3290743                    /usr/lib/jvm/java-11-openjdk-amd64/lib/libnet.so
7f05473b0000-7f05473c1000 r-xp 00000000 08:07 3290744                    /usr/lib/jvm/java-11-openjdk-amd64/lib/libnio.so
7f05473c1000-7f05475c0000 ---p 00011000 08:07 3290744                    /usr/lib/jvm/java-11-openjdk-amd64/lib/libnio.so
7f05475c0000-7f05475c1000 r--p 00010000 08:07 3290744                    /usr/lib/jvm/java-11-openjdk-amd64/lib/libnio.so
7f05475c1000-7f05475c2000 rw-p 00011000 08:07 3290744                    /usr/lib/jvm/java-11-openjdk-amd64/lib/libnio.so
7f05475c2000-7f05475c6000 ---p 00000000 00:00 0 
7f05475c6000-7f05476c3000 rw-p 00000000 00:00 0 
7f05476c3000-7f05476c4000 ---p 00000000 00:00 0 
7f05476c4000-7f05477c5000 rw-p 00000000 00:00 0 
7f05477c5000-7f05477c9000 ---p 00000000 00:00 0 
7f05477c9000-7f05478c6000 rw-p 00000000 00:00 0 
7f05478c6000-7f05478ca000 ---p 00000000 00:00 0 
7f05478ca000-7f05479c7000 rw-p 00000000 00:00 0 
7f05479c7000-7f05479cb000 ---p 00000000 00:00 0 
7f05479cb000-7f0547ac8000 rw-p 00000000 00:00 0 
7f0547ac8000-7f0547acc000 ---p 00000000 00:00 0 
7f0547acc000-7f0547bc9000 rw-p 00000000 00:00 0 
7f0547bc9000-7f0547bcd000 ---p 00000000 00:00 0 
7f0547bcd000-7f0547cca000 rw-p 00000000 00:00 0 
7f0547cca000-7f0548000000 r--p 00000000 08:07 3283381                    /usr/lib/locale/locale-archive
7f0548000000-7f0548021000 rw-p 00000000 00:00 0 
7f0548021000-7f054c000000 ---p 00000000 00:00 0 
7f054c000000-7f054c021000 rw-p 00000000 00:00 0 
7f054c021000-7f0550000000 ---p 00000000 00:00 0 
7f0550000000-7f0550249000 rw-p 00000000 00:00 0 
7f0550249000-7f0554000000 ---p 00000000 00:00 0 
7f0554000000-7f0554021000 rw-p 00000000 00:00 0 
7f0554021000-7f0558000000 ---p 00000000 00:00 0 
7f0558000000-7f0558021000 rw-p 00000000 00:00 0 
7f0558021000-7f055c000000 ---p 00000000 00:00 0 
7f055c000000-7f055c021000 rw-p 00000000 00:00 0 
7f055c021000-7f0560000000 ---p 00000000 00:00 0 
7f0560000000-7f0560021000 rw-p 00000000 00:00 0 
7f0560021000-7f0564000000 ---p 00000000 00:00 0 
7f0564000000-7f0564021000 rw-p 00000000 00:00 0 
7f0564021000-7f0568000000 ---p 00000000 00:00 0 
7f0568000000-7f0568021000 rw-p 00000000 00:00 0 
7f0568021000-7f056c000000 ---p 00000000 00:00 0 
7f056c000000-7f056c001000 r--s 00000000 08:07 789903                     /var/cache/fontconfig/4794a0821666d79190d59a36cb4f44b5-le64.cache-7
7f056c001000-7f056c002000 r--s 00000000 08:07 786536                     /var/cache/fontconfig/b872e6e592da6075ffa4ab0a1fcc0c75-le64.cache-7
7f056c002000-7f056c003000 r--s 00000000 08:07 786554                     /var/cache/fontconfig/f6d4eedfaab2589bde49f7a3ff831d22-le64.cache-7
7f056c003000-7f056c004000 r--s 00000000 08:07 786516                     /var/cache/fontconfig/589f83ef4c36d296ce6e1c846f468f08-le64.cache-7
7f056c004000-7f056c005000 r--s 00000000 08:07 786538                     /var/cache/fontconfig/bab58bb527bb656aaa9f116d68a48d89-le64.cache-7
7f056c005000-7f056c006000 r--s 00000000 08:07 786495                     /var/cache/fontconfig/2171a34dccabdb6bcbbc728186263178-le64.cache-7
7f056c006000-7f056c007000 r--s 00000000 08:07 786539                     /var/cache/fontconfig/c5c45a61289222e0d30b1a26ef4effbe-le64.cache-7
7f056c007000-7f056c008000 r--s 00000000 08:07 786534                     /var/cache/fontconfig/aec30016f93e1b46d1a973dce0d74068-le64.cache-7
7f056c008000-7f056c009000 r--s 00000000 08:07 786503                     /var/cache/fontconfig/3f589640d34b7dc9042c8d453f7c8b9c-le64.cache-7
7f056c009000-7f056c00a000 r--s 00000000 08:07 786492                     /var/cache/fontconfig/16c2fda60d1b4b719f4b3d06fd951d25-le64.cache-7
7f056c00a000-7f056c00b000 r--s 00000000 08:07 786533                     /var/cache/fontconfig/a48eab177a16e4f3713381162db2f3e9-le64.cache-7
7f056c00b000-7f056c00c000 r--s 00000000 08:07 786512                     /var/cache/fontconfig/564b2e68ac9bc4e36a6f7f6d6125ec1c-le64.cache-7
7f056c00c000-7f056c011000 r--s 00000000 08:07 789886                     /var/cache/fontconfig/9d2451b1fd30e5bffe8383fd27c35478-le64.cache-7
7f056c011000-7f056c017000 r--s 00000000 08:07 789885                     /var/cache/fontconfig/3047814df9a2f067bd2d96a2b9c36e5a-le64.cache-7
7f056c017000-7f056c018000 r--s 00000000 08:07 786513                     /var/cache/fontconfig/56cf4f4769d0f4abc89a4895d7bd3ae1-le64.cache-7
7f056c018000-7f056c019000 r--s 00000000 08:07 786537                     /var/cache/fontconfig/b9d506c9ac06c20b433354fa67a72993-le64.cache-7
7f056c019000-7f056c01f000 r--s 00000000 08:07 786535                     /var/cache/fontconfig/b47c4e1ecd0709278f4910c18777a504-le64.cache-7
7f056c01f000-7f056c032000 r--s 00000000 08:07 786545                     /var/cache/fontconfig/d52a8644073d54c13679302ca1180695-le64.cache-7
7f056c032000-7f056c052000 r--p 00000000 08:07 3939603                    /usr/share/locale-langpack/de/LC_MESSAGES/glib20.mo
7f056c052000-7f056c09b000 r--p 00000000 08:07 3820125                    /usr/share/glib-2.0/schemas/gschemas.compiled
7f056c09b000-7f056c09f000 ---p 00000000 00:00 0 
7f056c09f000-7f056c19c000 rw-p 00000000 00:00 0 
7f056c19c000-7f056c1a0000 ---p 00000000 00:00 0 
7f056c1a0000-7f056c29d000 rw-p 00000000 00:00 0 
7f056c29d000-7f056c29e000 ---p 00000000 00:00 0 
7f056c29e000-7f056ed0d000 rw-p 00000000 00:00 0 
7f056ed0d000-7f056fb25000 ---p 00000000 00:00 0 
7f056fb25000-7f056fd95000 rwxp 00000000 00:00 0 
7f056fd95000-7f05700b4000 ---p 00000000 00:00 0 
7f05700b4000-7f0570344000 rwxp 00000000 00:00 0 
7f0570344000-7f05775ec000 ---p 00000000 00:00 0 
7f05775ec000-7f057785c000 rwxp 00000000 00:00 0 
7f057785c000-7f057eb25000 ---p 00000000 00:00 0 
7f057eb25000-7f0588000000 r--s 00000000 08:07 3290753                    /usr/lib/jvm/java-11-openjdk-amd64/lib/modules
7f0588000000-7f05884d8000 rw-p 00000000 00:00 0 
7f05884d8000-7f058c000000 ---p 00000000 00:00 0 
7f058c000000-7f058c001000 r--s 00000000 08:07 786500                     /var/cache/fontconfig/370e5b74bf5dafc30834de68e24a87a4-le64.cache-7
7f058c001000-7f058c002000 r--s 00000000 08:07 789884                     /var/cache/fontconfig/6b2c5944714ca7831b25bed9e85cb5c8-le64.cache-7
7f058c002000-7f058c005000 r--s 00000000 08:07 789843                     /var/cache/fontconfig/f259c2cffa685e28062317905db73c4a-le64.cache-7
7f058c005000-7f058c011000 r--s 00000000 08:07 786546                     /var/cache/fontconfig/d589a48862398ed80a3d6066f4f56f4c-le64.cache-7
7f058c011000-7f058c01f000 r--s 00000000 08:07 786530                     /var/cache/fontconfig/9b89f8e3dae116d678bbf48e5f21f69b-le64.cache-7
7f058c01f000-7f058c045000 r--p 00000000 08:07 3939447                    /usr/share/locale-langpack/de/LC_MESSAGES/libc.mo
7f058c045000-7f058c0a0000 rw-p 00000000 00:00 0 
7f058c0a0000-7f058c0a1000 ---p 00000000 00:00 0 
7f058c0a1000-7f058c1a2000 rw-p 00000000 00:00 0 
7f058c1a2000-7f058c1a3000 ---p 00000000 00:00 0 
7f058c1a3000-7f058c2a4000 rw-p 00000000 00:00 0 
7f058c2a4000-7f058c2a5000 ---p 00000000 00:00 0 
7f058c2a5000-7f058c5a8000 rw-p 00000000 00:00 0 
7f058c5a8000-7f058c5a9000 ---p 00000000 00:00 0 
7f058c5a9000-7f058c6aa000 rw-p 00000000 00:00 0 
7f058c6aa000-7f058c6ab000 ---p 00000000 00:00 0 
7f058c6ab000-7f058c8a4000 rw-p 00000000 00:00 0 
7f058c8a4000-7f058d6bc000 ---p 00000000 00:00 0 
7f058d6bc000-7f058d6db000 rw-p 00000000 00:00 0 
7f058d6db000-7f058d89e000 ---p 00000000 00:00 0 
7f058d89e000-7f058d8bd000 rw-p 00000000 00:00 0 
7f058d8bd000-7f058da80000 ---p 00000000 00:00 0 
7f058da80000-7f058da9f000 rw-p 00000000 00:00 0 
7f058da9f000-7f058dc62000 ---p 00000000 00:00 0 
7f058dc62000-7f058de64000 rw-p 00000000 00:00 0 
7f058de64000-7f058de65000 ---p 00000000 00:00 0 
7f058de65000-7f058df66000 rw-p 00000000 00:00 0 
7f058df66000-7f058df67000 ---p 00000000 00:00 0 
7f058df67000-7f058e06d000 rw-p 00000000 00:00 0 
7f058e06d000-7f058e153000 ---p 00000000 00:00 0 
7f058e153000-7f058e159000 rw-p 00000000 00:00 0 
7f058e159000-7f058e23e000 ---p 00000000 00:00 0 
7f058e23e000-7f058e243000 r-xp 00000000 08:07 3290735                    /usr/lib/jvm/java-11-openjdk-amd64/lib/libjimage.so
7f058e243000-7f058e442000 ---p 00005000 08:07 3290735                    /usr/lib/jvm/java-11-openjdk-amd64/lib/libjimage.so
7f058e442000-7f058e443000 r--p 00004000 08:07 3290735                    /usr/lib/jvm/java-11-openjdk-amd64/lib/libjimage.so
7f058e443000-7f058e444000 rw-p 00005000 08:07 3290735                    /usr/lib/jvm/java-11-openjdk-amd64/lib/libjimage.so
7f058e444000-7f058e44b000 r-xp 00000000 08:07 3290752                    /usr/lib/jvm/java-11-openjdk-amd64/lib/libzip.so
7f058e44b000-7f058e64a000 ---p 00007000 08:07 3290752                    /usr/lib/jvm/java-11-openjdk-amd64/lib/libzip.so
7f058e64a000-7f058e64b000 r--p 00006000 08:07 3290752                    /usr/lib/jvm/java-11-openjdk-amd64/lib/libzip.so
7f058e64b000-7f058e64c000 rw-p 00007000 08:07 3290752                    /usr/lib/jvm/java-11-openjdk-amd64/lib/libzip.so
7f058e64c000-7f058e657000 r-xp 00000000 08:07 1970923                    /lib/x86_64-linux-gnu/libnss_files-2.27.so
7f058e657000-7f058e856000 ---p 0000b000 08:07 1970923                    /lib/x86_64-linux-gnu/libnss_files-2.27.so
7f058e856000-7f058e857000 r--p 0000a000 08:07 1970923                    /lib/x86_64-linux-gnu/libnss_files-2.27.so
7f058e857000-7f058e858000 rw-p 0000b000 08:07 1970923                    /lib/x86_64-linux-gnu/libnss_files-2.27.so
7f058e858000-7f058e85e000 rw-p 00000000 00:00 0 
7f058e85e000-7f058e875000 r-xp 00000000 08:07 1970917                    /lib/x86_64-linux-gnu/libnsl-2.27.so
7f058e875000-7f058ea74000 ---p 00017000 08:07 1970917                    /lib/x86_64-linux-gnu/libnsl-2.27.so
7f058ea74000-7f058ea75000 r--p 00016000 08:07 1970917                    /lib/x86_64-linux-gnu/libnsl-2.27.so
7f058ea75000-7f058ea76000 rw-p 00017000 08:07 1970917                    /lib/x86_64-linux-gnu/libnsl-2.27.so
7f058ea76000-7f058ea78000 rw-p 00000000 00:00 0 
7f058ea78000-7f058ea83000 r-xp 00000000 08:07 1970934                    /lib/x86_64-linux-gnu/libnss_nis-2.27.so
7f058ea83000-7f058ec82000 ---p 0000b000 08:07 1970934                    /lib/x86_64-linux-gnu/libnss_nis-2.27.so
7f058ec82000-7f058ec83000 r--p 0000a000 08:07 1970934                    /lib/x86_64-linux-gnu/libnss_nis-2.27.so
7f058ec83000-7f058ec84000 rw-p 0000b000 08:07 1970934                    /lib/x86_64-linux-gnu/libnss_nis-2.27.so
7f058ec84000-7f058ec8c000 r-xp 00000000 08:07 1970919                    /lib/x86_64-linux-gnu/libnss_compat-2.27.so
7f058ec8c000-7f058ee8c000 ---p 00008000 08:07 1970919                    /lib/x86_64-linux-gnu/libnss_compat-2.27.so
7f058ee8c000-7f058ee8d000 r--p 00008000 08:07 1970919                    /lib/x86_64-linux-gnu/libnss_compat-2.27.so
7f058ee8d000-7f058ee8e000 rw-p 00009000 08:07 1970919                    /lib/x86_64-linux-gnu/libnss_compat-2.27.so
7f058ee8e000-7f058eeba000 r-xp 00000000 08:07 3282326                    /usr/lib/jvm/java-11-openjdk-amd64/lib/libjava.so
7f058eeba000-7f058f0b9000 ---p 0002c000 08:07 3282326                    /usr/lib/jvm/java-11-openjdk-amd64/lib/libjava.so
7f058f0b9000-7f058f0ba000 r--p 0002b000 08:07 3282326                    /usr/lib/jvm/java-11-openjdk-amd64/lib/libjava.so
7f058f0ba000-7f058f0bc000 rw-p 0002c000 08:07 3282326                    /usr/lib/jvm/java-11-openjdk-amd64/lib/libjava.so
7f058f0bc000-7f058f0c9000 r-xp 00000000 08:07 3290751                    /usr/lib/jvm/java-11-openjdk-amd64/lib/libverify.so
7f058f0c9000-7f058f2c8000 ---p 0000d000 08:07 3290751                    /usr/lib/jvm/java-11-openjdk-amd64/lib/libverify.so
7f058f2c8000-7f058f2ca000 r--p 0000c000 08:07 3290751                    /usr/lib/jvm/java-11-openjdk-amd64/lib/libverify.so
7f058f2ca000-7f058f2cb000 rw-p 0000e000 08:07 3290751                    /usr/lib/jvm/java-11-openjdk-amd64/lib/libverify.so
7f058f2cb000-7f058f2d2000 r-xp 00000000 08:07 1970974                    /lib/x86_64-linux-gnu/librt-2.27.so
7f058f2d2000-7f058f4d1000 ---p 00007000 08:07 1970974                    /lib/x86_64-linux-gnu/librt-2.27.so
7f058f4d1000-7f058f4d2000 r--p 00006000 08:07 1970974                    /lib/x86_64-linux-gnu/librt-2.27.so
7f058f4d2000-7f058f4d3000 rw-p 00007000 08:07 1970974                    /lib/x86_64-linux-gnu/librt-2.27.so
7f058f4d3000-7f058f4ea000 r-xp 00000000 08:07 1966116                    /lib/x86_64-linux-gnu/libgcc_s.so.1
7f058f4ea000-7f058f6e9000 ---p 00017000 08:07 1966116                    /lib/x86_64-linux-gnu/libgcc_s.so.1
7f058f6e9000-7f058f6ea000 r--p 00016000 08:07 1966116                    /lib/x86_64-linux-gnu/libgcc_s.so.1
7f058f6ea000-7f058f6eb000 rw-p 00017000 08:07 1966116                    /lib/x86_64-linux-gnu/libgcc_s.so.1
7f058f6eb000-7f058f888000 r-xp 00000000 08:07 1970896                    /lib/x86_64-linux-gnu/libm-2.27.so
7f058f888000-7f058fa87000 ---p 0019d000 08:07 1970896                    /lib/x86_64-linux-gnu/libm-2.27.so
7f058fa87000-7f058fa88000 r--p 0019c000 08:07 1970896                    /lib/x86_64-linux-gnu/libm-2.27.so
7f058fa88000-7f058fa89000 rw-p 0019d000 08:07 1970896                    /lib/x86_64-linux-gnu/libm-2.27.so
7f058fa89000-7f058fc02000 r-xp 00000000 08:07 3297157                    /usr/lib/x86_64-linux-gnu/libstdc++.so.6.0.25
7f058fc02000-7f058fe02000 ---p 00179000 08:07 3297157                    /usr/lib/x86_64-linux-gnu/libstdc++.so.6.0.25
7f058fe02000-7f058fe0c000 r--p 00179000 08:07 3297157                    /usr/lib/x86_64-linux-gnu/libstdc++.so.6.0.25
7f058fe0c000-7f058fe0e000 rw-p 00183000 08:07 3297157                    /usr/lib/x86_64-linux-gnu/libstdc++.so.6.0.25
7f058fe0e000-7f058fe12000 rw-p 00000000 00:00 0 
7f058fe12000-7f0590daf000 r-xp 00000000 08:07 3290756                    /usr/lib/jvm/java-11-openjdk-amd64/lib/server/libjvm.so
7f0590daf000-7f0590faf000 ---p 00f9d000 08:07 3290756                    /usr/lib/jvm/java-11-openjdk-amd64/lib/server/libjvm.so
7f0590faf000-7f0591073000 r--p 00f9d000 08:07 3290756                    /usr/lib/jvm/java-11-openjdk-amd64/lib/server/libjvm.so
7f0591073000-7f05910ab000 rw-p 01061000 08:07 3290756                    /usr/lib/jvm/java-11-openjdk-amd64/lib/server/libjvm.so
7f05910ab000-7f05910f4000 rw-p 00000000 00:00 0 
7f05910f4000-7f059110e000 r-xp 00000000 08:07 1970966                    /lib/x86_64-linux-gnu/libpthread-2.27.so
7f059110e000-7f059130d000 ---p 0001a000 08:07 1970966                    /lib/x86_64-linux-gnu/libpthread-2.27.so
7f059130d000-7f059130e000 r--p 00019000 08:07 1970966                    /lib/x86_64-linux-gnu/libpthread-2.27.so
7f059130e000-7f059130f000 rw-p 0001a000 08:07 1970966                    /lib/x86_64-linux-gnu/libpthread-2.27.so
7f059130f000-7f0591313000 rw-p 00000000 00:00 0 
7f0591313000-7f0591316000 r-xp 00000000 08:07 1970856                    /lib/x86_64-linux-gnu/libdl-2.27.so
7f0591316000-7f0591515000 ---p 00003000 08:07 1970856                    /lib/x86_64-linux-gnu/libdl-2.27.so
7f0591515000-7f0591516000 r--p 00002000 08:07 1970856                    /lib/x86_64-linux-gnu/libdl-2.27.so
7f0591516000-7f0591517000 rw-p 00003000 08:07 1970856                    /lib/x86_64-linux-gnu/libdl-2.27.so
7f0591517000-7f0591533000 r-xp 00000000 08:07 1971007                    /lib/x86_64-linux-gnu/libz.so.1.2.11
7f0591533000-7f0591732000 ---p 0001c000 08:07 1971007                    /lib/x86_64-linux-gnu/libz.so.1.2.11
7f0591732000-7f0591733000 r--p 0001b000 08:07 1971007                    /lib/x86_64-linux-gnu/libz.so.1.2.11
7f0591733000-7f0591734000 rw-p 0001c000 08:07 1971007                    /lib/x86_64-linux-gnu/libz.so.1.2.11
7f0591734000-7f059191b000 r-xp 00000000 08:07 1970833                    /lib/x86_64-linux-gnu/libc-2.27.so
7f059191b000-7f0591b1b000 ---p 001e7000 08:07 1970833                    /lib/x86_64-linux-gnu/libc-2.27.so
7f0591b1b000-7f0591b1f000 r--p 001e7000 08:07 1970833                    /lib/x86_64-linux-gnu/libc-2.27.so
7f0591b1f000-7f0591b21000 rw-p 001eb000 08:07 1970833                    /lib/x86_64-linux-gnu/libc-2.27.so
7f0591b21000-7f0591b25000 rw-p 00000000 00:00 0 
7f0591b25000-7f0591b34000 r-xp 00000000 08:07 3281648                    /usr/lib/jvm/java-11-openjdk-amd64/lib/jli/libjli.so
7f0591b34000-7f0591d33000 ---p 0000f000 08:07 3281648                    /usr/lib/jvm/java-11-openjdk-amd64/lib/jli/libjli.so
7f0591d33000-7f0591d34000 r--p 0000e000 08:07 3281648                    /usr/lib/jvm/java-11-openjdk-amd64/lib/jli/libjli.so
7f0591d34000-7f0591d35000 rw-p 0000f000 08:07 3281648                    /usr/lib/jvm/java-11-openjdk-amd64/lib/jli/libjli.so
7f0591d35000-7f0591d5c000 r-xp 00000000 08:07 1970805                    /lib/x86_64-linux-gnu/ld-2.27.so
7f0591d5c000-7f0591d5d000 r--s 00000000 08:07 786544                     /var/cache/fontconfig/d5178ab6d91b49bf20a416737dcea9e8-le64.cache-7
7f0591d5d000-7f0591d5e000 r--s 00000000 08:07 789883                     /var/cache/fontconfig/551ecf3b0e8b0bca0f25c0944f561853-le64.cache-7
7f0591d5e000-7f0591d60000 r--s 00000000 08:07 789842                     /var/cache/fontconfig/550f3886151c940c12a5ed35f6a00586-le64.cache-7
7f0591d60000-7f0591d63000 r--s 00000000 08:07 789841                     /var/cache/fontconfig/674d1711f2d1d2a09646eb0bdcadee49-le64.cache-7
7f0591d63000-7f0591d64000 r--s 00000000 08:07 786504                     /var/cache/fontconfig/3f7329c5293ffd510edef78f73874cfd-le64.cache-7
7f0591d64000-7f0591d65000 r--s 00000000 08:07 786498                     /var/cache/fontconfig/30829fa25452a46451e813d634d7f916-le64.cache-7
7f0591d65000-7f0591d66000 r--s 00000000 08:07 786489                     /var/cache/fontconfig/0c9eb80ebd1c36541ebe2852d3bb0c49-le64.cache-7
7f0591d66000-7f0591d67000 r--s 00000000 08:07 786508                     /var/cache/fontconfig/4d9c95eba1cb85bbcf2878543262124a-le64.cache-7
7f0591d67000-7f0591d68000 r--s 00000000 08:07 786525                     /var/cache/fontconfig/85e0a52ce643a7ba2ae53e5d6949cead-le64.cache-7
7f0591d68000-7f0591d71000 r--s 00000000 08:07 786542                     /var/cache/fontconfig/d0972c3d32f097851eb916381fc38920-le64.cache-7
7f0591d71000-7f0591e28000 rw-p 00000000 00:00 0 
7f0591e28000-7f0591e2c000 ---p 00000000 00:00 0 
7f0591e2c000-7f0591f2b000 rw-p 00000000 00:00 0 
7f0591f2b000-7f0591f2c000 r--s 00000000 08:07 786506                     /var/cache/fontconfig/49f0de54bdd920fe4f0dfd4cbac43e6b-le64.cache-7
7f0591f2c000-7f0591f2d000 r--s 00000000 08:07 786555                     /var/cache/fontconfig/f6e6e0a5c3d2f6ae0c0c2e0ecd42a997-le64.cache-7
7f0591f2d000-7f0591f2f000 r--s 00000000 08:07 786520                     /var/cache/fontconfig/6afa1bb216ce958c1589e297e8008489-le64.cache-7
7f0591f2f000-7f0591f32000 r--s 00000000 08:07 795646                     /var/cache/fontconfig/e13b20fdb08344e0e664864cc2ede53d-le64.cache-7
7f0591f32000-7f0591f36000 r--s 00000000 08:07 786524                     /var/cache/fontconfig/7ef2298fde41cc6eeb7af42e48b7d293-le64.cache-7
7f0591f36000-7f0591f3b000 r--p 00000000 08:07 7762883                    /home/peter/.config/dconf/user
7f0591f3b000-7f0591f3c000 r--s 00000000 00:33 33                         /run/user/1000/dconf/user
7f0591f3c000-7f0591f43000 r--s 00000000 08:07 3671694                    /usr/lib/x86_64-linux-gnu/gconv/gconv-modules.cache
7f0591f43000-7f0591f49000 rw-p 00000000 00:00 0 
7f0591f49000-7f0591f50000 ---p 00000000 00:00 0 
7f0591f50000-7f0591f58000 rw-s 00000000 08:07 5903471                    /tmp/hsperfdata_peter/5986
7f0591f58000-7f0591f59000 ---p 00000000 00:00 0 
7f0591f59000-7f0591f5a000 r--p 00000000 00:00 0 
7f0591f5a000-7f0591f5c000 rw-p 00000000 00:00 0 
7f0591f5c000-7f0591f5d000 r--p 00027000 08:07 1970805                    /lib/x86_64-linux-gnu/ld-2.27.so
7f0591f5d000-7f0591f5e000 rw-p 00028000 08:07 1970805                    /lib/x86_64-linux-gnu/ld-2.27.so
7f0591f5e000-7f0591f5f000 rw-p 00000000 00:00 0 
7ffdfcb9c000-7ffdfcbbd000 rw-p 00000000 00:00 0                          [stack]
7ffdfcbdf000-7ffdfcbe2000 r--p 00000000 00:00 0                          [vvar]
7ffdfcbe2000-7ffdfcbe4000 r-xp 00000000 00:00 0                          [vdso]
ffffffffff600000-ffffffffff601000 r-xp 00000000 00:00 0                  [vsyscall]


VM Arguments:
java_command: humer.peter.jna_libusb_project.Main
java_class_path (initial): /home/peter/NetBeansProjects/Linux_LibUsb_over_JNA/target/classes:/home/peter/.m2/repository/net/java/dev/jna/jna/5.3.0/jna-5.3.0.jar:/home/peter/.m2/repository/org/slf4j/slf4j-api/2.0.0-alpha0/slf4j-api-2.0.0-alpha0.jar
Launcher Type: SUN_STANDARD

Logging:
Log output configuration:
#0: stdout all=warning uptime,level,tags
#1: stderr all=off uptime,level,tags

Environment Variables:
JAVA_HOME=/usr/lib/jvm/java-11-openjdk-amd64
PATH=/usr/local/sbin:/usr/local/bin:/usr/sbin:/usr/bin:/sbin:/bin:/usr/games:/usr/local/games:/usr/lib/jvm/java-8-oracle/bin:/usr/lib/jvm/java-8-oracle/db/bin:/usr/lib/jvm/java-8-oracle/jre/bin
SHELL=/bin/bash
DISPLAY=:0

Signal Handlers:
SIGSEGV: [libjvm.so+0xd28b70], sa_mask[0]=11111111011111111101111111111110, sa_flags=SA_RESTART|SA_SIGINFO
SIGBUS: [libjvm.so+0xd28b70], sa_mask[0]=11111111011111111101111111111110, sa_flags=SA_RESTART|SA_SIGINFO
SIGFPE: [libjvm.so+0xd28b70], sa_mask[0]=11111111011111111101111111111110, sa_flags=SA_RESTART|SA_SIGINFO
SIGPIPE: SIG_IGN, sa_mask[0]=00000000000010000000000000000000, sa_flags=SA_RESTART
SIGXFSZ: [libjvm.so+0xb2a1f0], sa_mask[0]=11111111011111111101111111111110, sa_flags=SA_RESTART|SA_SIGINFO
SIGILL: [libjvm.so+0xd28b70], sa_mask[0]=11111111011111111101111111111110, sa_flags=SA_RESTART|SA_SIGINFO
SIGUSR2: [libjvm.so+0xb2a030], sa_mask[0]=00100000000000000000000000000000, sa_flags=SA_RESTART|SA_SIGINFO
SIGHUP: [libjvm.so+0xb2a180], sa_mask[0]=11111111011111111101111111111110, sa_flags=SA_RESTART|SA_SIGINFO
SIGINT: SIG_IGN, sa_mask[0]=00000000000000000000000000000000, sa_flags=none
SIGTERM: [libjvm.so+0xb2a180], sa_mask[0]=11111111011111111101111111111110, sa_flags=SA_RESTART|SA_SIGINFO
SIGQUIT: [libjvm.so+0xb2a180], sa_mask[0]=11111111011111111101111111111110, sa_flags=SA_RESTART|SA_SIGINFO


---------------  S Y S T E M  ---------------

OS:DISTRIB_ID=LinuxMint
DISTRIB_RELEASE=19
DISTRIB_CODENAME=tara
DISTRIB_DESCRIPTION="Linux Mint 19 Tara"
uname:Linux 4.15.0-43-generic #46-Ubuntu SMP Thu Dec 6 14:45:28 UTC 2018 x86_64
libc:glibc 2.27 NPTL 2.27 
rlimit: STACK 8192k, CORE 0k, NPROC 14935, NOFILE 1048576, AS infinity, DATA infinity, FSIZE infinity
load average:1,87 1,33 1,19

/proc/meminfo:
MemTotal:        3943428 kB
MemFree:          269420 kB
MemAvailable:     444856 kB
Buffers:           47288 kB
Cached:           499244 kB
SwapCached:         1276 kB
Active:          2745156 kB
Inactive:         715288 kB
Active(anon):    2519584 kB
Inactive(anon):   588352 kB
Active(file):     225572 kB
Inactive(file):   126936 kB
Unevictable:           0 kB
Mlocked:               0 kB
SwapTotal:       2929660 kB
SwapFree:        2838780 kB
Dirty:               416 kB
Writeback:             0 kB
AnonPages:       2913340 kB
Mapped:           292572 kB
Shmem:            194024 kB
Slab:             105176 kB
SReclaimable:      63340 kB
SUnreclaim:        41836 kB
KernelStack:       11680 kB
PageTables:        44616 kB
NFS_Unstable:          0 kB
Bounce:                0 kB
WritebackTmp:          0 kB
CommitLimit:     4901372 kB
Committed_AS:    7114592 kB
VmallocTotal:   34359738367 kB
VmallocUsed:           0 kB
VmallocChunk:          0 kB
HardwareCorrupted:     0 kB
AnonHugePages:         0 kB
ShmemHugePages:        0 kB
ShmemPmdMapped:        0 kB
CmaTotal:              0 kB
CmaFree:               0 kB
HugePages_Total:       0
HugePages_Free:        0
HugePages_Rsvd:        0
HugePages_Surp:        0
Hugepagesize:       2048 kB
DirectMap4k:      147520 kB
DirectMap2M:     3950592 kB

container (cgroup) information:
container_type: cgroupv1
cpu_cpuset_cpus: 0-1
cpu_memory_nodes: 0
active_processor_count: 2
cpu_quota: -1
cpu_period: 100000
cpu_shares: -1
memory_limit_in_bytes: -1
memory_and_swap_limit_in_bytes: -2
memory_soft_limit_in_bytes: -1
memory_usage_in_bytes: 3543646208
memory_max_usage_in_bytes: 0


CPU:total 2 (initial active 2) (2 cores per cpu, 1 threads per core) family 6 model 76 stepping 4, cmov, cx8, fxsr, mmx, sse, sse2, sse3, ssse3, sse4.1, sse4.2, popcnt, aes, clmul, erms, 3dnowpref, tsc, tscinvbit
CPU Model and flags from /proc/cpuinfo:
model name	: Intel(R) Celeron(R) CPU  N3060  @ 1.60GHz
flags		: fpu vme de pse tsc msr pae mce cx8 apic sep mtrr pge mca cmov pat pse36 clflush dts acpi mmx fxsr sse sse2 ss ht tm pbe syscall nx rdtscp lm constant_tsc arch_perfmon pebs bts rep_good nopl xtopology tsc_reliable nonstop_tsc cpuid aperfmperf tsc_known_freq pni pclmulqdq dtes64 monitor ds_cpl vmx est tm2 ssse3 cx16 xtpr pdcm sse4_1 sse4_2 movbe popcnt tsc_deadline_timer aes rdrand lahf_lm 3dnowprefetch epb pti ibrs ibpb stibp tpr_shadow vnmi flexpriority ept vpid tsc_adjust smep erms dtherm ida arat

Memory: 4k page, physical 3943428k(269420k free), swap 2929660k(2838780k free)

vm_info: OpenJDK 64-Bit Server VM (10.0.2+13-Ubuntu-1ubuntu0.18.04.4) for linux-amd64 JRE (10.0.2+13-Ubuntu-1ubuntu0.18.04.4), built on Nov 13 2018 12:53:39 by "buildd" with gcc 7.3.0

END.
