#
# A fatal error has been detected by the Java Runtime Environment:
#
#  SIGSEGV (0xb) at pc=0x00007fb63c183646, pid=11098, tid=11127
#
# JRE version: OpenJDK Runtime Environment (10.0.2+13) (build 10.0.2+13-Ubuntu-1ubuntu0.18.04.4)
# Java VM: OpenJDK 64-Bit Server VM (10.0.2+13-Ubuntu-1ubuntu0.18.04.4, mixed mode, tiered, compressed oops, g1 gc, linux-amd64)
# Problematic frame:
# C  [libc.so.6+0xb1646]
#
# Core dump will be written. Default location: Core dumps may be processed with "/usr/share/apport/apport %p %s %c %d %P" (or dumping to /home/peter/NetBeansProjects/Linux_LibUsb_over_JNA/core.11098)
#
# If you would like to submit a bug report, please visit:
#   http://bugreport.java.com/bugreport/crash.jsp
# The crash happened outside the Java Virtual Machine in native code.
# See problematic frame for where to report the bug.
#

---------------  S U M M A R Y ------------

Command Line: humer.peter.jna_libusb_project.Main

Host: Intel(R) Celeron(R) CPU  N3060  @ 1.60GHz, 2 cores, 3G, Linux Mint 19 Tara
Time: Tue Nov  5 14:02:01 2019 CET elapsed time: 8 seconds (0d 0h 0m 8s)

---------------  T H R E A D  ---------------

Current thread (0x00007fb6344a1000):  JavaThread "AWT-EventQueue-0" [_thread_in_native, id=11127, stack(0x00007fb5d73fd000,0x00007fb5d74fe000)]

Stack: [0x00007fb5d73fd000,0x00007fb5d74fe000],  sp=0x00007fb5d74f69a8,  free space=998k
Native frames: (J=compiled Java code, A=aot compiled Java code, j=interpreted, Vv=VM code, C=native code)
C  [libc.so.6+0xb1646]
j  com.sun.jna.Native.getStringBytes(Lcom/sun/jna/Pointer;JJ)[B+0
j  com.sun.jna.Native.getString(Lcom/sun/jna/Pointer;JLjava/lang/String;)Ljava/lang/String;+6
j  com.sun.jna.Pointer.getString(JLjava/lang/String;)Ljava/lang/String;+3
j  com.sun.jna.Pointer.getString(J)Ljava/lang/String;+5
j  humer.peter.jna_libusb_project.Main$7.invoke(Lcom/sun/jna/Pointer;)V+91
v  ~StubRoutines::call_stub
V  [libjvm.so+0x83d38f]
V  [libjvm.so+0xbd60d6]
V  [libjvm.so+0xbd8662]
V  [libjvm.so+0x888459]  JVM_InvokeMethod+0x119
j  jdk.internal.reflect.NativeMethodAccessorImpl.invoke0(Ljava/lang/reflect/Method;Ljava/lang/Object;[Ljava/lang/Object;)Ljava/lang/Object;+0 java.base@10.0.2
j  jdk.internal.reflect.NativeMethodAccessorImpl.invoke(Ljava/lang/Object;[Ljava/lang/Object;)Ljava/lang/Object;+100 java.base@10.0.2
j  jdk.internal.reflect.DelegatingMethodAccessorImpl.invoke(Ljava/lang/Object;[Ljava/lang/Object;)Ljava/lang/Object;+6 java.base@10.0.2
j  java.lang.reflect.Method.invoke(Ljava/lang/Object;[Ljava/lang/Object;)Ljava/lang/Object;+59 java.base@10.0.2
j  com.sun.jna.CallbackReference$DefaultCallbackProxy.invokeCallback([Ljava/lang/Object;)Ljava/lang/Object;+127
j  com.sun.jna.CallbackReference$DefaultCallbackProxy.callback([Ljava/lang/Object;)Ljava/lang/Object;+2
v  ~StubRoutines::call_stub
V  [libjvm.so+0x83d38f]
V  [libjvm.so+0x858a2e]
V  [libjvm.so+0x8595a9]
C  [jna1880742112423028419.tmp+0xf043]
C  [jna1880742112423028419.tmp+0xf750]
C  [jna1880742112423028419.tmp+0x12d49]  ffi_closure_unix64_inner+0x1b9
C  [jna1880742112423028419.tmp+0x1373c]  ffi_closure_unix64+0x46

Java frames: (J=compiled Java code, j=interpreted, Vv=VM code)
j  com.sun.jna.Native.getStringBytes(Lcom/sun/jna/Pointer;JJ)[B+0
j  com.sun.jna.Native.getString(Lcom/sun/jna/Pointer;JLjava/lang/String;)Ljava/lang/String;+6
j  com.sun.jna.Pointer.getString(JLjava/lang/String;)Ljava/lang/String;+3
j  com.sun.jna.Pointer.getString(J)Ljava/lang/String;+5
j  humer.peter.jna_libusb_project.Main$7.invoke(Lcom/sun/jna/Pointer;)V+91
v  ~StubRoutines::call_stub
j  jdk.internal.reflect.NativeMethodAccessorImpl.invoke0(Ljava/lang/reflect/Method;Ljava/lang/Object;[Ljava/lang/Object;)Ljava/lang/Object;+0 java.base@10.0.2
j  jdk.internal.reflect.NativeMethodAccessorImpl.invoke(Ljava/lang/Object;[Ljava/lang/Object;)Ljava/lang/Object;+100 java.base@10.0.2
j  jdk.internal.reflect.DelegatingMethodAccessorImpl.invoke(Ljava/lang/Object;[Ljava/lang/Object;)Ljava/lang/Object;+6 java.base@10.0.2
j  java.lang.reflect.Method.invoke(Ljava/lang/Object;[Ljava/lang/Object;)Ljava/lang/Object;+59 java.base@10.0.2
j  com.sun.jna.CallbackReference$DefaultCallbackProxy.invokeCallback([Ljava/lang/Object;)Ljava/lang/Object;+127
j  com.sun.jna.CallbackReference$DefaultCallbackProxy.callback([Ljava/lang/Object;)Ljava/lang/Object;+2
v  ~StubRoutines::call_stub
j  com.sun.jna.Native.invokeInt(Lcom/sun/jna/Function;JI[Ljava/lang/Object;)I+0
j  com.sun.jna.Function.invoke([Ljava/lang/Object;Ljava/lang/Class;ZI)Ljava/lang/Object;+211
j  com.sun.jna.Function.invoke(Ljava/lang/reflect/Method;[Ljava/lang/Class;Ljava/lang/Class;[Ljava/lang/Object;Ljava/util/Map;)Ljava/lang/Object;+271
j  com.sun.jna.Library$Handler.invoke(Ljava/lang/Object;Ljava/lang/reflect/Method;[Ljava/lang/Object;)Ljava/lang/Object;+390
j  com.sun.proxy.$Proxy0.libusb_handle_events(Lcom/sun/jna/Pointer;)I+16
j  com.grack.javausb.USBNative.handle_events(Lcom/sun/jna/Pointer;)I+4
j  com.grack.javausb.USBOpenDevice.handle_events(Lcom/sun/jna/Pointer;)I+1
j  humer.peter.jna_libusb_project.Main.startIsoTransferActionPerformed(Ljava/awt/event/ActionEvent;)V+304
j  humer.peter.jna_libusb_project.Main.access$300(Lhumer/peter/jna_libusb_project/Main;Ljava/awt/event/ActionEvent;)V+2
j  humer.peter.jna_libusb_project.Main$4.actionPerformed(Ljava/awt/event/ActionEvent;)V+5
j  javax.swing.AbstractButton.fireActionPerformed(Ljava/awt/event/ActionEvent;)V+83 java.desktop@10.0.2
j  javax.swing.AbstractButton$Handler.actionPerformed(Ljava/awt/event/ActionEvent;)V+5 java.desktop@10.0.2
j  javax.swing.DefaultButtonModel.fireActionPerformed(Ljava/awt/event/ActionEvent;)V+34 java.desktop@10.0.2
j  javax.swing.DefaultButtonModel.setPressed(Z)V+117 java.desktop@10.0.2
j  javax.swing.plaf.basic.BasicButtonListener.mouseReleased(Ljava/awt/event/MouseEvent;)V+35 java.desktop@10.0.2
j  java.awt.Component.processMouseEvent(Ljava/awt/event/MouseEvent;)V+64 java.desktop@10.0.2
j  javax.swing.JComponent.processMouseEvent(Ljava/awt/event/MouseEvent;)V+23 java.desktop@10.0.2
j  java.awt.Component.processEvent(Ljava/awt/AWTEvent;)V+81 java.desktop@10.0.2
j  java.awt.Container.processEvent(Ljava/awt/AWTEvent;)V+18 java.desktop@10.0.2
j  java.awt.Component.dispatchEventImpl(Ljava/awt/AWTEvent;)V+496 java.desktop@10.0.2
J 1840 c1 java.awt.Container.dispatchEventImpl(Ljava/awt/AWTEvent;)V java.desktop@10.0.2 (129 bytes) @ 0x00007fb61c3ece1c [0x00007fb61c3ecce0+0x000000000000013c]
J 1839 c1 java.awt.Component.dispatchEvent(Ljava/awt/AWTEvent;)V java.desktop@10.0.2 (6 bytes) @ 0x00007fb61c3ec8b4 [0x00007fb61c3ec7c0+0x00000000000000f4]
j  java.awt.LightweightDispatcher.retargetMouseEvent(Ljava/awt/Component;ILjava/awt/event/MouseEvent;)V+349 java.desktop@10.0.2
j  java.awt.LightweightDispatcher.processMouseEvent(Ljava/awt/event/MouseEvent;)Z+155 java.desktop@10.0.2
j  java.awt.LightweightDispatcher.dispatchEvent(Ljava/awt/AWTEvent;)Z+50 java.desktop@10.0.2
J 1840 c1 java.awt.Container.dispatchEventImpl(Ljava/awt/AWTEvent;)V java.desktop@10.0.2 (129 bytes) @ 0x00007fb61c3ecdbc [0x00007fb61c3ecce0+0x00000000000000dc]
j  java.awt.Window.dispatchEventImpl(Ljava/awt/AWTEvent;)V+19 java.desktop@10.0.2
J 1839 c1 java.awt.Component.dispatchEvent(Ljava/awt/AWTEvent;)V java.desktop@10.0.2 (6 bytes) @ 0x00007fb61c3ec8b4 [0x00007fb61c3ec7c0+0x00000000000000f4]
j  java.awt.EventQueue.dispatchEventImpl(Ljava/awt/AWTEvent;Ljava/lang/Object;)V+41 java.desktop@10.0.2
j  java.awt.EventQueue.access$600(Ljava/awt/EventQueue;Ljava/awt/AWTEvent;Ljava/lang/Object;)V+3 java.desktop@10.0.2
j  java.awt.EventQueue$4.run()Ljava/lang/Void;+32 java.desktop@10.0.2
j  java.awt.EventQueue$4.run()Ljava/lang/Object;+1 java.desktop@10.0.2
v  ~StubRoutines::call_stub
J 1647  java.security.AccessController.doPrivileged(Ljava/security/PrivilegedAction;Ljava/security/AccessControlContext;)Ljava/lang/Object; java.base@10.0.2 (0 bytes) @ 0x00007fb62368d523 [0x00007fb62368d4c0+0x0000000000000063]
J 1658 c1 java.security.ProtectionDomain$JavaSecurityAccessImpl.doIntersectionPrivilege(Ljava/security/PrivilegedAction;Ljava/security/AccessControlContext;Ljava/security/AccessControlContext;)Ljava/lang/Object; java.base@10.0.2 (22 bytes) @ 0x00007fb61c399f2c [0x00007fb61c399c20+0x000000000000030c]
j  java.security.ProtectionDomain$JavaSecurityAccessImpl.doIntersectionPrivilege(Ljava/security/PrivilegedAction;Ljava/security/AccessControlContext;)Ljava/lang/Object;+6 java.base@10.0.2
j  java.awt.EventQueue$5.run()Ljava/lang/Void;+11 java.desktop@10.0.2
j  java.awt.EventQueue$5.run()Ljava/lang/Object;+1 java.desktop@10.0.2
v  ~StubRoutines::call_stub
J 1647  java.security.AccessController.doPrivileged(Ljava/security/PrivilegedAction;Ljava/security/AccessControlContext;)Ljava/lang/Object; java.base@10.0.2 (0 bytes) @ 0x00007fb62368d523 [0x00007fb62368d4c0+0x0000000000000063]
J 1658 c1 java.security.ProtectionDomain$JavaSecurityAccessImpl.doIntersectionPrivilege(Ljava/security/PrivilegedAction;Ljava/security/AccessControlContext;Ljava/security/AccessControlContext;)Ljava/lang/Object; java.base@10.0.2 (22 bytes) @ 0x00007fb61c399f2c [0x00007fb61c399c20+0x000000000000030c]
j  java.awt.EventQueue.dispatchEvent(Ljava/awt/AWTEvent;)V+73 java.desktop@10.0.2
j  java.awt.EventDispatchThread.pumpOneEventForFilters(I)V+78 java.desktop@10.0.2
j  java.awt.EventDispatchThread.pumpEventsForFilter(ILjava/awt/Conditional;Ljava/awt/EventFilter;)V+35 java.desktop@10.0.2
j  java.awt.EventDispatchThread.pumpEventsForHierarchy(ILjava/awt/Conditional;Ljava/awt/Component;)V+11 java.desktop@10.0.2
j  java.awt.EventDispatchThread.pumpEvents(ILjava/awt/Conditional;)V+4 java.desktop@10.0.2
j  java.awt.EventDispatchThread.pumpEvents(Ljava/awt/Conditional;)V+3 java.desktop@10.0.2
j  java.awt.EventDispatchThread.run()V+9 java.desktop@10.0.2
v  ~StubRoutines::call_stub

siginfo: si_signo: 11 (SIGSEGV), si_code: 1 (SEGV_MAPERR), si_addr: 0x0000000000000001

Register to memory mapping:

RAX=0x0000000000000001 is an unknown value
RBX={method} {0x00007fb5d7036b70} 'getStringBytes' '(Lcom/sun/jna/Pointer;JJ)[B' in 'com/sun/jna/Native'
RCX=0x0000000000000001 is an unknown value
RDX=0x00007fb5d74f6ab8 is pointing into the stack for thread: 0x00007fb6344a1000
RSP=0x00007fb5d74f69a8 is pointing into the stack for thread: 0x00007fb6344a1000
RBP=0x00007fb5d74f69f0 is pointing into the stack for thread: 0x00007fb6344a1000
RSI=0x00007fb5d74f6a88 is pointing into the stack for thread: 0x00007fb6344a1000
RDI=0x0000000000000001 is an unknown value
R8 =0x0000000000000000 is an unknown value
R9 =0x0000000000000000 is an unknown value
R10=0x00007fb61bb345ef is at code_begin+879 in an Interpreter codelet
method entry point (kind = native)  [0x00007fb61bb34280, 0x00007fb61bb34ca0]  2592 bytes
R11=0x00000000c704f790 is an oop
java.lang.Class 
{0x00000000c704f790} - klass: 'java/lang/Class'
R12=0x0000000000000001 is an unknown value
R13={method} {0x00007fb5d7036b70} 'getStringBytes' '(Lcom/sun/jna/Pointer;JJ)[B' in 'com/sun/jna/Native'
R14=0x00007fb5d74f6ab8 is pointing into the stack for thread: 0x00007fb6344a1000
R15=0x00007fb6344a1000 is a thread


Registers:
RAX=0x0000000000000001, RBX=0x00007fb5d7036b70, RCX=0x0000000000000001, RDX=0x00007fb5d74f6ab8
RSP=0x00007fb5d74f69a8, RBP=0x00007fb5d74f69f0, RSI=0x00007fb5d74f6a88, RDI=0x0000000000000001
R8 =0x0000000000000000, R9 =0x0000000000000000, R10=0x00007fb61bb345ef, R11=0x00000000c704f790
R12=0x0000000000000001, R13=0x00007fb5d7036b70, R14=0x00007fb5d74f6ab8, R15=0x00007fb6344a1000
RIP=0x00007fb63c183646, EFLAGS=0x0000000000010293, CSGSFS=0x002b000000000033, ERR=0x0000000000000004
  TRAPNO=0x000000000000000e

Top of Stack: (sp=0x00007fb5d74f69a8)
0x00007fb5d74f69a8:   00007fb5d6beb0a3 00007fb5d7036b70
0x00007fb5d74f69b8:   0000000000000000 0000000000000001
0x00007fb5d74f69c8:   00007fb6344a1200 0000000000000000
0x00007fb5d74f69d8:   0000000000000000 00007fb5d7036b70 

Instructions: (pc=0x00007fb63c183646)
0x00007fb63c183626:   ef c9 66 0f ef d2 66 0f ef db 48 89 f8 48 89 f9
0x00007fb63c183636:   48 81 e1 ff 0f 00 00 48 81 f9 cf 0f 00 00 77 6a
0x00007fb63c183646:   f3 0f 6f 20 66 0f 74 e0 66 0f d7 d4 85 d2 74 04
0x00007fb63c183656:   0f bc c2 c3 48 83 e0 f0 66 0f 74 48 10 66 0f 74 


---------------  P R O C E S S  ---------------

Threads class SMR info:
_java_thread_list=0x00007fb5f8219690, length=17, elements={
0x00007fb6340e2000, 0x00007fb6340ec000, 0x00007fb6340fd800, 0x00007fb6340ff800,
0x00007fb634101800, 0x00007fb634103800, 0x00007fb634180000, 0x00007fb63418e000,
0x00007fb634342000, 0x00007fb634344000, 0x00007fb6344a0000, 0x00007fb6344a1000,
0x00007fb634011800, 0x00007fb5f8046800, 0x00007fb5f814c000, 0x00007fb5f818d000,
0x00007fb5f822b000
}

Java Threads: ( => current thread )
  0x00007fb6340e2000 JavaThread "Reference Handler" daemon [_thread_blocked, id=11112, stack(0x00007fb618b25000,0x00007fb618c26000)]
  0x00007fb6340ec000 JavaThread "Finalizer" daemon [_thread_blocked, id=11113, stack(0x00007fb618a24000,0x00007fb618b25000)]
  0x00007fb6340fd800 JavaThread "Signal Dispatcher" daemon [_thread_blocked, id=11114, stack(0x00007fb6185ed000,0x00007fb6186ee000)]
  0x00007fb6340ff800 JavaThread "C2 CompilerThread0" daemon [_thread_in_native, id=11115, stack(0x00007fb6184ec000,0x00007fb6185ed000)]
  0x00007fb634101800 JavaThread "C1 CompilerThread1" daemon [_thread_blocked, id=11116, stack(0x00007fb6183eb000,0x00007fb6184ec000)]
  0x00007fb634103800 JavaThread "Sweeper thread" daemon [_thread_blocked, id=11117, stack(0x00007fb6182ea000,0x00007fb6183eb000)]
  0x00007fb634180000 JavaThread "Service Thread" daemon [_thread_blocked, id=11118, stack(0x00007fb6181e9000,0x00007fb6182ea000)]
  0x00007fb63418e000 JavaThread "Common-Cleaner" daemon [_thread_blocked, id=11120, stack(0x00007fb609eff000,0x00007fb60a000000)]
  0x00007fb634342000 JavaThread "Java2D Disposer" daemon [_thread_blocked, id=11124, stack(0x00007fb6080ee000,0x00007fb6081ef000)]
  0x00007fb634344000 JavaThread "AWT-XAWT" daemon [_thread_in_native, id=11125, stack(0x00007fb5dc2e5000,0x00007fb5dc3e6000)]
  0x00007fb6344a0000 JavaThread "AWT-Shutdown" [_thread_blocked, id=11126, stack(0x00007fb5d74fe000,0x00007fb5d75ff000)]
=>0x00007fb6344a1000 JavaThread "AWT-EventQueue-0" [_thread_in_native, id=11127, stack(0x00007fb5d73fd000,0x00007fb5d74fe000)]
  0x00007fb634011800 JavaThread "DestroyJavaVM" [_thread_blocked, id=11099, stack(0x00007fb63c7c6000,0x00007fb63c8c7000)]
  0x00007fb5f8046800 JavaThread "TimerQueue" daemon [_thread_blocked, id=11128, stack(0x00007fb5d70fc000,0x00007fb5d71fd000)]
  0x00007fb5f814c000 JavaThread "libusb native finalization thread" daemon [_thread_blocked, id=11130, stack(0x00007fb5d6dfb000,0x00007fb5d6efc000)]
  0x00007fb5f818d000 JavaThread "process reaper" daemon [_thread_blocked, id=11132, stack(0x00007fb6080a0000,0x00007fb6080c2000)]
  0x00007fb5f822b000 JavaThread "Timer-0" [_thread_blocked, id=11136, stack(0x00007fb5d5aaa000,0x00007fb5d5bab000)]

Other Threads:
  0x00007fb6340d8800 VMThread "VM Thread" [stack: 0x00007fb618c28000,0x00007fb618d28000] [id=11111]
  0x00007fb634182000 WatcherThread [stack: 0x00007fb6180e9000,0x00007fb6181e9000] [id=11119]
  0x00007fb634028000 GCTaskThread "GC Thread#0" [stack: 0x00007fb638906000,0x00007fb638a06000] [id=11100]
  0x00007fb634029800 GCTaskThread "GC Thread#1" [stack: 0x00007fb638804000,0x00007fb638904000] [id=11101]
  0x00007fb634040000 ConcurrentGCThread "G1 Main Marker" [stack: 0x00007fb619c05000,0x00007fb619d05000] [id=11102]
  0x00007fb634042000 ConcurrentGCThread "G1 Conc#0" [stack: 0x00007fb619b03000,0x00007fb619c03000] [id=11103]
  0x00007fb634075000 ConcurrentGCThread "G1 Refine#0" [stack: 0x00007fb6197ff000,0x00007fb6198ff000] [id=11104]
  0x00007fb634077000 ConcurrentGCThread "G1 Refine#1" [stack: 0x00007fb6196fd000,0x00007fb6197fd000] [id=11106]
  0x00007fb634078800 ConcurrentGCThread "G1 Young RemSet Sampling" [stack: 0x00007fb6195fb000,0x00007fb6196fb000] [id=11107]

Threads with active compile tasks:
C2 CompilerThread01859 %     4       sun.java2d.marlin.DRenderer::_endRendering @ 784 (2480 bytes)

VM state:not at safepoint (normal execution)

VM Mutex/Monitor currently owned by a thread: None

Heap address: 0x00000000c3c00000, size: 964 MB, Compressed Oops mode: 32-bit
Narrow klass base: 0x0000000000000000, Narrow klass shift: 3
Compressed class space size: 1073741824 Address: 0x0000000100000000

Heap:
 garbage-first heap   total 63488K, used 8359K [0x00000000c3c00000, 0x0000000100000000)
  region size 1024K, 7 young (7168K), 2 survivors (2048K)
 Metaspace       used 23164K, capacity 23755K, committed 24192K, reserved 1071104K
  class space    used 2421K, capacity 2686K, committed 2688K, reserved 1048576K
Heap Regions: E=young(eden), S=young(survivor), O=old, HS=humongous(starts), HC=humongous(continues), CS=collection set, F=free, A=archive, TS=gc time stamp, AC=allocation context, TAMS=top-at-mark-start (previous, next)
|   0|0x00000000c3c00000, 0x00000000c3d00000, 0x00000000c3d00000|100%| O|  |TS  0|AC  0|TAMS 0x00000000c3d00000, 0x00000000c3d00000|
|   1|0x00000000c3d00000, 0x00000000c3e00000, 0x00000000c3e00000|100%| O|  |TS  0|AC  0|TAMS 0x00000000c3e00000, 0x00000000c3e00000|
|   2|0x00000000c3e00000, 0x00000000c3e29e00, 0x00000000c3f00000| 16%| O|  |TS  0|AC  0|TAMS 0x00000000c3e29e00, 0x00000000c3e29e00|
|   3|0x00000000c3f00000, 0x00000000c3f00000, 0x00000000c4000000|  0%| F|  |TS  0|AC  0|TAMS 0x00000000c3f00000, 0x00000000c3f00000|
|   4|0x00000000c4000000, 0x00000000c4000000, 0x00000000c4100000|  0%| F|  |TS  0|AC  0|TAMS 0x00000000c4000000, 0x00000000c4000000|
|   5|0x00000000c4100000, 0x00000000c4100000, 0x00000000c4200000|  0%| F|  |TS  0|AC  0|TAMS 0x00000000c4100000, 0x00000000c4100000|
|   6|0x00000000c4200000, 0x00000000c4200000, 0x00000000c4300000|  0%| F|  |TS  0|AC  0|TAMS 0x00000000c4200000, 0x00000000c4200000|
|   7|0x00000000c4300000, 0x00000000c4300000, 0x00000000c4400000|  0%| F|  |TS  0|AC  0|TAMS 0x00000000c4300000, 0x00000000c4300000|
|   8|0x00000000c4400000, 0x00000000c4400000, 0x00000000c4500000|  0%| F|  |TS  0|AC  0|TAMS 0x00000000c4400000, 0x00000000c4400000|
|   9|0x00000000c4500000, 0x00000000c4500000, 0x00000000c4600000|  0%| F|  |TS  0|AC  0|TAMS 0x00000000c4500000, 0x00000000c4500000|
|  10|0x00000000c4600000, 0x00000000c4600000, 0x00000000c4700000|  0%| F|  |TS  0|AC  0|TAMS 0x00000000c4600000, 0x00000000c4600000|
|  11|0x00000000c4700000, 0x00000000c4700000, 0x00000000c4800000|  0%| F|  |TS  0|AC  0|TAMS 0x00000000c4700000, 0x00000000c4700000|
|  12|0x00000000c4800000, 0x00000000c4800000, 0x00000000c4900000|  0%| F|  |TS  0|AC  0|TAMS 0x00000000c4800000, 0x00000000c4800000|
|  13|0x00000000c4900000, 0x00000000c4900000, 0x00000000c4a00000|  0%| F|  |TS  0|AC  0|TAMS 0x00000000c4900000, 0x00000000c4900000|
|  14|0x00000000c4a00000, 0x00000000c4a00000, 0x00000000c4b00000|  0%| F|  |TS  0|AC  0|TAMS 0x00000000c4a00000, 0x00000000c4a00000|
|  15|0x00000000c4b00000, 0x00000000c4b00000, 0x00000000c4c00000|  0%| F|  |TS  0|AC  0|TAMS 0x00000000c4b00000, 0x00000000c4b00000|
|  16|0x00000000c4c00000, 0x00000000c4c00000, 0x00000000c4d00000|  0%| F|  |TS  0|AC  0|TAMS 0x00000000c4c00000, 0x00000000c4c00000|
|  17|0x00000000c4d00000, 0x00000000c4d00000, 0x00000000c4e00000|  0%| F|  |TS  0|AC  0|TAMS 0x00000000c4d00000, 0x00000000c4d00000|
|  18|0x00000000c4e00000, 0x00000000c4e00000, 0x00000000c4f00000|  0%| F|  |TS  0|AC  0|TAMS 0x00000000c4e00000, 0x00000000c4e00000|
|  19|0x00000000c4f00000, 0x00000000c4f00000, 0x00000000c5000000|  0%| F|  |TS  0|AC  0|TAMS 0x00000000c4f00000, 0x00000000c4f00000|
|  20|0x00000000c5000000, 0x00000000c5000000, 0x00000000c5100000|  0%| F|  |TS  0|AC  0|TAMS 0x00000000c5000000, 0x00000000c5000000|
|  21|0x00000000c5100000, 0x00000000c5100000, 0x00000000c5200000|  0%| F|  |TS  0|AC  0|TAMS 0x00000000c5100000, 0x00000000c5100000|
|  22|0x00000000c5200000, 0x00000000c5200000, 0x00000000c5300000|  0%| F|  |TS  0|AC  0|TAMS 0x00000000c5200000, 0x00000000c5200000|
|  23|0x00000000c5300000, 0x00000000c5300000, 0x00000000c5400000|  0%| F|  |TS  0|AC  0|TAMS 0x00000000c5300000, 0x00000000c5300000|
|  24|0x00000000c5400000, 0x00000000c5400000, 0x00000000c5500000|  0%| F|  |TS  0|AC  0|TAMS 0x00000000c5400000, 0x00000000c5400000|
|  25|0x00000000c5500000, 0x00000000c5500000, 0x00000000c5600000|  0%| F|  |TS  0|AC  0|TAMS 0x00000000c5500000, 0x00000000c5500000|
|  26|0x00000000c5600000, 0x00000000c5600000, 0x00000000c5700000|  0%| F|  |TS  0|AC  0|TAMS 0x00000000c5600000, 0x00000000c5600000|
|  27|0x00000000c5700000, 0x00000000c5700000, 0x00000000c5800000|  0%| F|  |TS  0|AC  0|TAMS 0x00000000c5700000, 0x00000000c5700000|
|  28|0x00000000c5800000, 0x00000000c5800000, 0x00000000c5900000|  0%| F|  |TS  0|AC  0|TAMS 0x00000000c5800000, 0x00000000c5800000|
|  29|0x00000000c5900000, 0x00000000c5900000, 0x00000000c5a00000|  0%| F|  |TS  0|AC  0|TAMS 0x00000000c5900000, 0x00000000c5900000|
|  30|0x00000000c5a00000, 0x00000000c5a00000, 0x00000000c5b00000|  0%| F|  |TS  0|AC  0|TAMS 0x00000000c5a00000, 0x00000000c5a00000|
|  31|0x00000000c5b00000, 0x00000000c5b00000, 0x00000000c5c00000|  0%| F|  |TS  0|AC  0|TAMS 0x00000000c5b00000, 0x00000000c5b00000|
|  32|0x00000000c5c00000, 0x00000000c5c00000, 0x00000000c5d00000|  0%| F|  |TS  0|AC  0|TAMS 0x00000000c5c00000, 0x00000000c5c00000|
|  33|0x00000000c5d00000, 0x00000000c5d00000, 0x00000000c5e00000|  0%| F|  |TS  0|AC  0|TAMS 0x00000000c5d00000, 0x00000000c5d00000|
|  34|0x00000000c5e00000, 0x00000000c5e00000, 0x00000000c5f00000|  0%| F|  |TS  0|AC  0|TAMS 0x00000000c5e00000, 0x00000000c5e00000|
|  35|0x00000000c5f00000, 0x00000000c5f00000, 0x00000000c6000000|  0%| F|  |TS  0|AC  0|TAMS 0x00000000c5f00000, 0x00000000c5f00000|
|  36|0x00000000c6000000, 0x00000000c6000000, 0x00000000c6100000|  0%| F|  |TS  0|AC  0|TAMS 0x00000000c6000000, 0x00000000c6000000|
|  37|0x00000000c6100000, 0x00000000c6100000, 0x00000000c6200000|  0%| F|  |TS  0|AC  0|TAMS 0x00000000c6100000, 0x00000000c6100000|
|  38|0x00000000c6200000, 0x00000000c6200000, 0x00000000c6300000|  0%| F|  |TS  0|AC  0|TAMS 0x00000000c6200000, 0x00000000c6200000|
|  39|0x00000000c6300000, 0x00000000c6300000, 0x00000000c6400000|  0%| F|  |TS  0|AC  0|TAMS 0x00000000c6300000, 0x00000000c6300000|
|  40|0x00000000c6400000, 0x00000000c6400000, 0x00000000c6500000|  0%| F|  |TS  0|AC  0|TAMS 0x00000000c6400000, 0x00000000c6400000|
|  41|0x00000000c6500000, 0x00000000c6500000, 0x00000000c6600000|  0%| F|  |TS  0|AC  0|TAMS 0x00000000c6500000, 0x00000000c6500000|
|  42|0x00000000c6600000, 0x00000000c6600000, 0x00000000c6700000|  0%| F|  |TS  0|AC  0|TAMS 0x00000000c6600000, 0x00000000c6600000|
|  43|0x00000000c6700000, 0x00000000c6700000, 0x00000000c6800000|  0%| F|  |TS  0|AC  0|TAMS 0x00000000c6700000, 0x00000000c6700000|
|  44|0x00000000c6800000, 0x00000000c6800000, 0x00000000c6900000|  0%| F|  |TS  0|AC  0|TAMS 0x00000000c6800000, 0x00000000c6800000|
|  45|0x00000000c6900000, 0x00000000c6900000, 0x00000000c6a00000|  0%| F|  |TS  0|AC  0|TAMS 0x00000000c6900000, 0x00000000c6900000|
|  46|0x00000000c6a00000, 0x00000000c6a00000, 0x00000000c6b00000|  0%| F|  |TS  0|AC  0|TAMS 0x00000000c6a00000, 0x00000000c6a00000|
|  47|0x00000000c6b00000, 0x00000000c6b00000, 0x00000000c6c00000|  0%| F|  |TS  0|AC  0|TAMS 0x00000000c6b00000, 0x00000000c6b00000|
|  48|0x00000000c6c00000, 0x00000000c6c00000, 0x00000000c6d00000|  0%| F|  |TS  0|AC  0|TAMS 0x00000000c6c00000, 0x00000000c6c00000|
|  49|0x00000000c6d00000, 0x00000000c6d00000, 0x00000000c6e00000|  0%| F|  |TS  0|AC  0|TAMS 0x00000000c6d00000, 0x00000000c6d00000|
|  50|0x00000000c6e00000, 0x00000000c6e00000, 0x00000000c6f00000|  0%| F|  |TS  0|AC  0|TAMS 0x00000000c6e00000, 0x00000000c6e00000|
|  51|0x00000000c6f00000, 0x00000000c7000000, 0x00000000c7000000|100%| S|CS|TS  0|AC  0|TAMS 0x00000000c6f00000, 0x00000000c6f00000|
|  52|0x00000000c7000000, 0x00000000c7100000, 0x00000000c7100000|100%| S|CS|TS  0|AC  0|TAMS 0x00000000c7000000, 0x00000000c7000000|
|  53|0x00000000c7100000, 0x00000000c7100000, 0x00000000c7200000|  0%| F|  |TS  0|AC  0|TAMS 0x00000000c7100000, 0x00000000c7100000|
|  54|0x00000000c7200000, 0x00000000c7200000, 0x00000000c7300000|  0%| F|  |TS  0|AC  0|TAMS 0x00000000c7200000, 0x00000000c7200000|
|  55|0x00000000c7300000, 0x00000000c7300000, 0x00000000c7400000|  0%| F|  |TS  0|AC  0|TAMS 0x00000000c7300000, 0x00000000c7300000|
|  56|0x00000000c7400000, 0x00000000c7400000, 0x00000000c7500000|  0%| F|  |TS  0|AC  0|TAMS 0x00000000c7400000, 0x00000000c7400000|
|  57|0x00000000c7500000, 0x00000000c7526140, 0x00000000c7600000| 14%| E|  |TS  0|AC  0|TAMS 0x00000000c7500000, 0x00000000c7500000|
|  58|0x00000000c7600000, 0x00000000c7700000, 0x00000000c7700000|100%| E|CS|TS  0|AC  0|TAMS 0x00000000c7600000, 0x00000000c7600000|
|  59|0x00000000c7700000, 0x00000000c7800000, 0x00000000c7800000|100%| E|CS|TS  0|AC  0|TAMS 0x00000000c7700000, 0x00000000c7700000|
|  60|0x00000000c7800000, 0x00000000c7900000, 0x00000000c7900000|100%| E|CS|TS  0|AC  0|TAMS 0x00000000c7800000, 0x00000000c7800000|
|  61|0x00000000c7900000, 0x00000000c7a00000, 0x00000000c7a00000|100%| E|CS|TS  0|AC  0|TAMS 0x00000000c7900000, 0x00000000c7900000|

Card table byte_map: [0x00007fb63823c000,0x00007fb63841e000] byte_map_base: 0x00007fb637c1e000

Marking Bits (Prev, Next): (CMBitMap*) 0x00007fb63403f738, (CMBitMap*) 0x00007fb63403f700
 Prev Bits: [0x00007fb619d05000, 0x00007fb61ac15000)
 Next Bits: [0x00007fb61ac15000, 0x00007fb61bb25000)

Polling page: 0x00007fb63c8f6000

CodeHeap 'non-profiled nmethods': size=120036Kb used=727Kb max_used=727Kb free=119308Kb
 bounds [0x00007fb6235ec000, 0x00007fb62385c000, 0x00007fb62ab25000]
CodeHeap 'profiled nmethods': size=120032Kb used=3463Kb max_used=3463Kb free=116568Kb
 bounds [0x00007fb61c0b4000, 0x00007fb61c424000, 0x00007fb6235ec000]
CodeHeap 'non-nmethods': size=5692Kb used=1276Kb max_used=1303Kb free=4415Kb
 bounds [0x00007fb61bb25000, 0x00007fb61bd95000, 0x00007fb61c0b4000]
 total_blobs=2927 nmethods=1890 adapters=639
 compilation: enabled

Compilation events (10 events):
Event: 8,863 Thread 0x00007fb634101800 1891       3       java.lang.AbstractStringBuilder::appendChars (133 bytes)
Event: 8,865 Thread 0x00007fb634101800 nmethod 1891 0x00007fb61c40fd90 code [0x00007fb61c40ffc0, 0x00007fb61c410638]
Event: 8,866 Thread 0x00007fb634101800 1892       3       java.util.Formatter$Flags::contains (22 bytes)
Event: 8,866 Thread 0x00007fb634101800 nmethod 1892 0x00007fb61c410890 code [0x00007fb61c410a40, 0x00007fb61c410c30]
Event: 8,868 Thread 0x00007fb634101800 1893       3       java.util.regex.Pattern$Branch::match (66 bytes)
Event: 8,869 Thread 0x00007fb634101800 nmethod 1893 0x00007fb61c410d10 code [0x00007fb61c410f00, 0x00007fb61c4113d8]
Event: 8,870 Thread 0x00007fb634101800 1894       1       java.util.Formatter::access$000 (5 bytes)
Event: 8,870 Thread 0x00007fb634101800 nmethod 1894 0x00007fb6236a1b90 code [0x00007fb6236a1d40, 0x00007fb6236a1e30]
Event: 8,870 Thread 0x00007fb634101800 1895       3       sun.nio.cs.UTF_8$Encoder::encodeArrayLoop (489 bytes)
Event: 8,876 Thread 0x00007fb634101800 nmethod 1895 0x00007fb61c411590 code [0x00007fb61c411b80, 0x00007fb61c414ec8]

GC Heap History (6 events):
Event: 1,732 GC heap before
{Heap before GC invocations=0 (full 0):
 garbage-first heap   total 63488K, used 7168K [0x00000000c3c00000, 0x0000000100000000)
  region size 1024K, 7 young (7168K), 0 survivors (0K)
 Metaspace       used 11359K, capacity 11661K, committed 11776K, reserved 1060864K
  class space    used 1066K, capacity 1230K, committed 1280K, reserved 1048576K
}
Event: 1,748 GC heap after
{Heap after GC invocations=1 (full 0):
 garbage-first heap   total 63488K, used 2060K [0x00000000c3c00000, 0x0000000100000000)
  region size 1024K, 1 young (1024K), 1 survivors (1024K)
 Metaspace       used 11359K, capacity 11661K, committed 11776K, reserved 1060864K
  class space    used 1066K, capacity 1230K, committed 1280K, reserved 1048576K
}
Event: 2,083 GC heap before
{Heap before GC invocations=1 (full 0):
 garbage-first heap   total 63488K, used 6156K [0x00000000c3c00000, 0x0000000100000000)
  region size 1024K, 5 young (5120K), 1 survivors (1024K)
 Metaspace       used 12143K, capacity 12599K, committed 12800K, reserved 1060864K
  class space    used 1176K, capacity 1421K, committed 1536K, reserved 1048576K
}
Event: 2,099 GC heap after
{Heap after GC invocations=2 (full 0):
 garbage-first heap   total 63488K, used 2658K [0x00000000c3c00000, 0x0000000100000000)
  region size 1024K, 1 young (1024K), 1 survivors (1024K)
 Metaspace       used 12143K, capacity 12599K, committed 12800K, reserved 1060864K
  class space    used 1176K, capacity 1421K, committed 1536K, reserved 1048576K
}
Event: 5,339 GC heap before
{Heap before GC invocations=2 (full 0):
 garbage-first heap   total 63488K, used 9826K [0x00000000c3c00000, 0x0000000100000000)
  region size 1024K, 9 young (9216K), 1 survivors (1024K)
 Metaspace       used 20565K, capacity 21076K, committed 21296K, reserved 1069056K
  class space    used 2166K, capacity 2432K, committed 2432K, reserved 1048576K
}
Event: 5,354 GC heap after
{Heap after GC invocations=3 (full 0):
 garbage-first heap   total 63488K, used 4263K [0x00000000c3c00000, 0x0000000100000000)
  region size 1024K, 2 young (2048K), 2 survivors (2048K)
 Metaspace       used 20565K, capacity 21076K, committed 21296K, reserved 1069056K
  class space    used 2166K, capacity 2432K, committed 2432K, reserved 1048576K
}

Deoptimization events (10 events):
Event: 5,124 Thread 0x00007fb6344a1000 Uncommon trap: reason=bimorphic_or_optimized_type_check action=maybe_recompile pc=0x00007fb62364bd5c method=java.util.HashMap.putVal(ILjava/lang/Object;Ljava/lang/Object;ZZ)Ljava/lang/Object; @ 253 c2
Event: 5,124 Thread 0x00007fb6344a1000 Uncommon trap: reason=bimorphic_or_optimized_type_check action=maybe_recompile pc=0x00007fb62364bd5c method=java.util.HashMap.putVal(ILjava/lang/Object;Ljava/lang/Object;ZZ)Ljava/lang/Object; @ 253 c2
Event: 5,124 Thread 0x00007fb6344a1000 Uncommon trap: reason=bimorphic_or_optimized_type_check action=maybe_recompile pc=0x00007fb62364bd5c method=java.util.HashMap.putVal(ILjava/lang/Object;Ljava/lang/Object;ZZ)Ljava/lang/Object; @ 253 c2
Event: 5,124 Thread 0x00007fb6344a1000 Uncommon trap: reason=bimorphic_or_optimized_type_check action=maybe_recompile pc=0x00007fb62364bd5c method=java.util.HashMap.putVal(ILjava/lang/Object;Ljava/lang/Object;ZZ)Ljava/lang/Object; @ 253 c2
Event: 5,207 Thread 0x00007fb6344a1000 Uncommon trap: reason=unstable_if action=reinterpret pc=0x00007fb623605874 method=java.lang.StringLatin1.replace([BCC)Ljava/lang/String; @ 19 c2
Event: 5,207 Thread 0x00007fb6344a1000 Uncommon trap: reason=unstable_if action=reinterpret pc=0x00007fb623622b18 method=jdk.internal.org.objectweb.asm.Type.getArgumentsAndReturnSizes(Ljava/lang/String;)I @ 88 c2
Event: 5,301 Thread 0x00007fb6344a1000 Uncommon trap: reason=unstable_if action=reinterpret pc=0x00007fb62366b970 method=java.lang.AbstractStringBuilder.append(Ljava/lang/String;)Ljava/lang/AbstractStringBuilder; @ 1 c2
Event: 5,404 Thread 0x00007fb6344a1000 Uncommon trap: reason=unstable_if action=reinterpret pc=0x00007fb62361d908 method=jdk.internal.org.objectweb.asm.Frame.execute(IILjdk/internal/org/objectweb/asm/ClassWriter;Ljdk/internal/org/objectweb/asm/Item;)V @ 2219 c2
Event: 5,449 Thread 0x00007fb6344a1000 Uncommon trap: reason=unstable_if action=reinterpret pc=0x00007fb62366efa8 method=java.util.Arrays.equals([Ljava/lang/Object;[Ljava/lang/Object;)Z @ 23 c2
Event: 5,623 Thread 0x00007fb6344a1000 Uncommon trap: reason=unstable_if action=reinterpret pc=0x00007fb6235f4f0c method=java.lang.String.isLatin1()Z @ 10 c2

Classes redefined (0 events):
No events

Internal exceptions (10 events):
Event: 5,210 Thread 0x00007fb6344a1000 Exception <a 'java/lang/NoSuchMethodError'{0x00000000c7278780}: java.lang.invoke.DirectMethodHandle$Holder.invokeStatic(Ljava/lang/Object;Ljava/lang/Object;Ljava/lang/Object;I)Ljava/lang/Object;> (0x00000000c7278780) thrown at [/build/openjdk-lts-Ae5PRQ/o
Event: 5,214 Thread 0x00007fb6344a1000 Exception <a 'java/lang/NoSuchMethodError'{0x00000000c727c5d8}: java.lang.invoke.DirectMethodHandle$Holder.invokeSpecial(Ljava/lang/Object;Ljava/lang/Object;Ljava/lang/Object;Ljava/lang/Object;I)Ljava/lang/Object;> (0x00000000c727c5d8) thrown at [/build/o
Event: 5,301 Thread 0x00007fb6344a1000 Implicit null exception at 0x00007fb62366b473 to 0x00007fb62366b95a
Event: 5,329 Thread 0x00007fb6344a1000 Exception <a 'java/lang/NoSuchMethodError'{0x00000000c7125320}: method resolution failed> (0x00000000c7125320) thrown at [/build/openjdk-lts-Ae5PRQ/openjdk-lts-10.0.2+13/src/hotspot/share/prims/methodHandles.cpp, line 1226]
Event: 5,369 Thread 0x00007fb6344a1000 Exception <a 'java/lang/NoSuchMethodError'{0x00000000c790e308}: java.lang.invoke.DirectMethodHandle$Holder.invokeStatic(Ljava/lang/Object;Ljava/lang/Object;)I> (0x00000000c790e308) thrown at [/build/openjdk-lts-Ae5PRQ/openjdk-lts-10.0.2+13/src/hotspot/sha
Event: 5,403 Thread 0x00007fb6344a1000 Exception <a 'java/lang/NoSuchMethodError'{0x00000000c791b4c8}: java.lang.Object.of([Ljava/lang/Object;)Ljava/util/stream/Stream;> (0x00000000c791b4c8) thrown at [/build/openjdk-lts-Ae5PRQ/openjdk-lts-10.0.2+13/src/hotspot/share/interpreter/linkResolver.c
Event: 5,570 Thread 0x00007fb6344a1000 Exception <a 'java/lang/ClassNotFoundException'{0x00000000c78ad1c0}: sun/util/logging/resources/spi/loggingProvider> (0x00000000c78ad1c0) thrown at [/build/openjdk-lts-Ae5PRQ/openjdk-lts-10.0.2+13/src/hotspot/share/classfile/systemDictionary.cpp, line 233
Event: 5,586 Thread 0x00007fb6344a1000 Exception <a 'java/lang/NoSuchMethodError'{0x00000000c78bfd78}: java.lang.Object.lambda$union$2(Ljava/util/regex/Pattern$CharPredicate;I)Z> (0x00000000c78bfd78) thrown at [/build/openjdk-lts-Ae5PRQ/openjdk-lts-10.0.2+13/src/hotspot/share/interpreter/linkR
Event: 8,860 Thread 0x00007fb6344a1000 Exception <a 'java/lang/NullPointerException'{0x00000000c7501688}> (0x00000000c7501688) thrown at [/build/openjdk-lts-Ae5PRQ/openjdk-lts-10.0.2+13/src/hotspot/share/interpreter/linkResolver.cpp, line 1324]
Event: 8,860 Thread 0x00007fb6344a1000 Exception <a 'java/lang/reflect/InvocationTargetException'{0x00000000c7501c00}> (0x00000000c7501c00) thrown at [/build/openjdk-lts-Ae5PRQ/openjdk-lts-10.0.2+13/src/hotspot/share/runtime/reflection.cpp, line 1222]

Events (10 events):
Event: 8,857 loading class java/util/Timer$1 done
Event: 8,859 Thread 0x00007fb5f822b000 Thread added: 0x00007fb5f822b000
Event: 8,861 loading class java/lang/Throwable$WrappedPrintWriter
Event: 8,861 loading class java/lang/Throwable$PrintStreamOrWriter
Event: 8,861 loading class java/lang/Throwable$PrintStreamOrWriter done
Event: 8,861 loading class java/lang/Throwable$WrappedPrintWriter done
Event: 8,867 Executing VM operation: RevokeBias
Event: 8,867 Executing VM operation: RevokeBias done
Event: 8,870 Thread 0x00007fb6344a1000 DEOPT PACKING pc=0x00007fb61c157d4a sp=0x00007fb5d74f6d70
Event: 8,870 Thread 0x00007fb6344a1000 DEOPT UNPACKING pc=0x00007fb61bb4c1ab sp=0x00007fb5d74f6230 mode 0


Dynamic libraries:
c3c00000-c7a00000 rw-p 00000000 00:00 0 
c7a00000-100000000 ---p 00000000 00:00 0 
100000000-1002a0000 rw-p 00000000 00:00 0 
1002a0000-140000000 ---p 00000000 00:00 0 
55d865d0b000-55d865d0c000 r-xp 00000000 08:07 3281594                    /usr/lib/jvm/java-11-openjdk-amd64/bin/java
55d865f0c000-55d865f0d000 r--p 00001000 08:07 3281594                    /usr/lib/jvm/java-11-openjdk-amd64/bin/java
55d865f0d000-55d865f0e000 rw-p 00002000 08:07 3281594                    /usr/lib/jvm/java-11-openjdk-amd64/bin/java
55d86784e000-55d86786f000 rw-p 00000000 00:00 0                          [heap]
7fb5d5aaa000-7fb5d5aae000 ---p 00000000 00:00 0 
7fb5d5aae000-7fb5d5cab000 rw-p 00000000 00:00 0 
7fb5d5cab000-7fb5d5dab000 ---p 00000000 00:00 0 
7fb5d5dab000-7fb5d5dac000 ---p 00000000 00:00 0 
7fb5d5dac000-7fb5d65ac000 rw-p 00000000 00:00 0 
7fb5d65ac000-7fb5d65c9000 r-xp 00000000 08:07 1973216                    /lib/x86_64-linux-gnu/libudev.so.1.6.9
7fb5d65c9000-7fb5d67c8000 ---p 0001d000 08:07 1973216                    /lib/x86_64-linux-gnu/libudev.so.1.6.9
7fb5d67c8000-7fb5d67c9000 r--p 0001c000 08:07 1973216                    /lib/x86_64-linux-gnu/libudev.so.1.6.9
7fb5d67c9000-7fb5d67ca000 rw-p 0001d000 08:07 1973216                    /lib/x86_64-linux-gnu/libudev.so.1.6.9
7fb5d67ca000-7fb5d67e1000 r-xp 00000000 08:07 1970999                    /lib/x86_64-linux-gnu/libusb-1.0.so.0.1.0
7fb5d67e1000-7fb5d69e0000 ---p 00017000 08:07 1970999                    /lib/x86_64-linux-gnu/libusb-1.0.so.0.1.0
7fb5d69e0000-7fb5d69e1000 r--p 00016000 08:07 1970999                    /lib/x86_64-linux-gnu/libusb-1.0.so.0.1.0
7fb5d69e1000-7fb5d69e2000 rw-p 00017000 08:07 1970999                    /lib/x86_64-linux-gnu/libusb-1.0.so.0.1.0
7fb5d69e2000-7fb5d6be2000 rw-p 00000000 00:00 0 
7fb5d6be2000-7fb5d6bfa000 r-xp 00000000 08:07 7817557                    /home/peter/.cache/JNA/temp/jna1880742112423028419.tmp (deleted)
7fb5d6bfa000-7fb5d6dfa000 ---p 00018000 08:07 7817557                    /home/peter/.cache/JNA/temp/jna1880742112423028419.tmp (deleted)
7fb5d6dfa000-7fb5d6dfb000 rw-p 00018000 08:07 7817557                    /home/peter/.cache/JNA/temp/jna1880742112423028419.tmp (deleted)
7fb5d6dfb000-7fb5d6dff000 ---p 00000000 00:00 0 
7fb5d6dff000-7fb5d70fc000 rw-p 00000000 00:00 0 
7fb5d70fc000-7fb5d7100000 ---p 00000000 00:00 0 
7fb5d7100000-7fb5d73fd000 rw-p 00000000 00:00 0 
7fb5d73fd000-7fb5d7401000 ---p 00000000 00:00 0 
7fb5d7401000-7fb5d74fe000 rw-p 00000000 00:00 0 
7fb5d74fe000-7fb5d7502000 ---p 00000000 00:00 0 
7fb5d7502000-7fb5d77ff000 rw-p 00000000 00:00 0 
7fb5d77ff000-7fb5d7800000 ---p 00000000 00:00 0 
7fb5d7800000-7fb5d8000000 rw-p 00000000 00:00 0 
7fb5d8000000-7fb5d8021000 rw-p 00000000 00:00 0 
7fb5d8021000-7fb5dc000000 ---p 00000000 00:00 0 
7fb5dc0e5000-7fb5dc2e5000 rw-p 00000000 00:00 0 
7fb5dc2e5000-7fb5dc2e9000 ---p 00000000 00:00 0 
7fb5dc2e9000-7fb5dc3e6000 rw-p 00000000 00:00 0 
7fb5dc3e6000-7fb5dc3eb000 r-xp 00000000 08:07 3284531                    /usr/lib/x86_64-linux-gnu/libXfixes.so.3.1.0
7fb5dc3eb000-7fb5dc5ea000 ---p 00005000 08:07 3284531                    /usr/lib/x86_64-linux-gnu/libXfixes.so.3.1.0
7fb5dc5ea000-7fb5dc5eb000 r--p 00004000 08:07 3284531                    /usr/lib/x86_64-linux-gnu/libXfixes.so.3.1.0
7fb5dc5eb000-7fb5dc5ec000 rw-p 00005000 08:07 3284531                    /usr/lib/x86_64-linux-gnu/libXfixes.so.3.1.0
7fb5dc5ec000-7fb5dc5f5000 r-xp 00000000 08:07 3284523                    /usr/lib/x86_64-linux-gnu/libXcursor.so.1.0.2
7fb5dc5f5000-7fb5dc7f4000 ---p 00009000 08:07 3284523                    /usr/lib/x86_64-linux-gnu/libXcursor.so.1.0.2
7fb5dc7f4000-7fb5dc7f5000 r--p 00008000 08:07 3284523                    /usr/lib/x86_64-linux-gnu/libXcursor.so.1.0.2
7fb5dc7f5000-7fb5dc7f6000 rw-p 00009000 08:07 3284523                    /usr/lib/x86_64-linux-gnu/libXcursor.so.1.0.2
7fb5dc7f6000-7fb5dc7f7000 ---p 00000000 00:00 0 
7fb5dc7f7000-7fb5dcff7000 rw-p 00000000 00:00 0 
7fb5dcff7000-7fb5dcff8000 ---p 00000000 00:00 0 
7fb5dcff8000-7fb5dd7f8000 rw-p 00000000 00:00 0 
7fb5dd7f8000-7fb5dd804000 r-xp 00000000 08:07 3671758                    /usr/lib/x86_64-linux-gnu/gio/modules/libdconfsettings.so
7fb5dd804000-7fb5dda03000 ---p 0000c000 08:07 3671758                    /usr/lib/x86_64-linux-gnu/gio/modules/libdconfsettings.so
7fb5dda03000-7fb5dda04000 r--p 0000b000 08:07 3671758                    /usr/lib/x86_64-linux-gnu/gio/modules/libdconfsettings.so
7fb5dda04000-7fb5dda05000 rw-p 0000c000 08:07 3671758                    /usr/lib/x86_64-linux-gnu/gio/modules/libdconfsettings.so
7fb5dda05000-7fb5dda0b000 r-xp 00000000 08:07 1979063                    /lib/x86_64-linux-gnu/libuuid.so.1.3.0
7fb5dda0b000-7fb5ddc0a000 ---p 00006000 08:07 1979063                    /lib/x86_64-linux-gnu/libuuid.so.1.3.0
7fb5ddc0a000-7fb5ddc0b000 r--p 00005000 08:07 1979063                    /lib/x86_64-linux-gnu/libuuid.so.1.3.0
7fb5ddc0b000-7fb5ddc0c000 rw-p 00006000 08:07 1979063                    /lib/x86_64-linux-gnu/libuuid.so.1.3.0
7fb5ddc0c000-7fb5ddc53000 r-xp 00000000 08:07 1971002                    /lib/x86_64-linux-gnu/libblkid.so.1.1.0
7fb5ddc53000-7fb5dde53000 ---p 00047000 08:07 1971002                    /lib/x86_64-linux-gnu/libblkid.so.1.1.0
7fb5dde53000-7fb5dde57000 r--p 00047000 08:07 1971002                    /lib/x86_64-linux-gnu/libblkid.so.1.1.0
7fb5dde57000-7fb5dde58000 rw-p 0004b000 08:07 1971002                    /lib/x86_64-linux-gnu/libblkid.so.1.1.0
7fb5dde58000-7fb5dde59000 rw-p 00000000 00:00 0 
7fb5dde59000-7fb5ddec9000 r-xp 00000000 08:07 1970955                    /lib/x86_64-linux-gnu/libpcre.so.3.13.3
7fb5ddec9000-7fb5de0c9000 ---p 00070000 08:07 1970955                    /lib/x86_64-linux-gnu/libpcre.so.3.13.3
7fb5de0c9000-7fb5de0ca000 r--p 00070000 08:07 1970955                    /lib/x86_64-linux-gnu/libpcre.so.3.13.3
7fb5de0ca000-7fb5de0cb000 rw-p 00071000 08:07 1970955                    /lib/x86_64-linux-gnu/libpcre.so.3.13.3
7fb5de0cb000-7fb5de0d2000 r-xp 00000000 08:07 3284907                    /usr/lib/x86_64-linux-gnu/libffi.so.6.0.4
7fb5de0d2000-7fb5de2d1000 ---p 00007000 08:07 3284907                    /usr/lib/x86_64-linux-gnu/libffi.so.6.0.4
7fb5de2d1000-7fb5de2d2000 r--p 00006000 08:07 3284907                    /usr/lib/x86_64-linux-gnu/libffi.so.6.0.4
7fb5de2d2000-7fb5de2d3000 rw-p 00007000 08:07 3284907                    /usr/lib/x86_64-linux-gnu/libffi.so.6.0.4
7fb5de2d3000-7fb5de324000 r-xp 00000000 08:07 1970866                    /lib/x86_64-linux-gnu/libmount.so.1.1.0
7fb5de324000-7fb5de523000 ---p 00051000 08:07 1970866                    /lib/x86_64-linux-gnu/libmount.so.1.1.0
7fb5de523000-7fb5de525000 r--p 00050000 08:07 1970866                    /lib/x86_64-linux-gnu/libmount.so.1.1.0
7fb5de525000-7fb5de526000 rw-p 00052000 08:07 1970866                    /lib/x86_64-linux-gnu/libmount.so.1.1.0
7fb5de526000-7fb5de527000 rw-p 00000000 00:00 0 
7fb5de527000-7fb5de53e000 r-xp 00000000 08:07 1970972                    /lib/x86_64-linux-gnu/libresolv-2.27.so
7fb5de53e000-7fb5de73e000 ---p 00017000 08:07 1970972                    /lib/x86_64-linux-gnu/libresolv-2.27.so
7fb5de73e000-7fb5de73f000 r--p 00017000 08:07 1970972                    /lib/x86_64-linux-gnu/libresolv-2.27.so
7fb5de73f000-7fb5de740000 rw-p 00018000 08:07 1970972                    /lib/x86_64-linux-gnu/libresolv-2.27.so
7fb5de740000-7fb5de742000 rw-p 00000000 00:00 0 
7fb5de742000-7fb5de767000 r-xp 00000000 08:07 1970978                    /lib/x86_64-linux-gnu/libselinux.so.1
7fb5de767000-7fb5de966000 ---p 00025000 08:07 1970978                    /lib/x86_64-linux-gnu/libselinux.so.1
7fb5de966000-7fb5de967000 r--p 00024000 08:07 1970978                    /lib/x86_64-linux-gnu/libselinux.so.1
7fb5de967000-7fb5de968000 rw-p 00025000 08:07 1970978                    /lib/x86_64-linux-gnu/libselinux.so.1
7fb5de968000-7fb5de96a000 rw-p 00000000 00:00 0 
7fb5de96a000-7fb5dea7d000 r-xp 00000000 08:07 3277285                    /usr/lib/x86_64-linux-gnu/libglib-2.0.so.0.5600.3
7fb5dea7d000-7fb5dec7d000 ---p 00113000 08:07 3277285                    /usr/lib/x86_64-linux-gnu/libglib-2.0.so.0.5600.3
7fb5dec7d000-7fb5dec7e000 r--p 00113000 08:07 3277285                    /usr/lib/x86_64-linux-gnu/libglib-2.0.so.0.5600.3
7fb5dec7e000-7fb5dec7f000 rw-p 00114000 08:07 3277285                    /usr/lib/x86_64-linux-gnu/libglib-2.0.so.0.5600.3
7fb5dec7f000-7fb5dec80000 rw-p 00000000 00:00 0 
7fb5dec80000-7fb5dec83000 r-xp 00000000 08:07 3277315                    /usr/lib/x86_64-linux-gnu/libgmodule-2.0.so.0.5600.3
7fb5dec83000-7fb5dee82000 ---p 00003000 08:07 3277315                    /usr/lib/x86_64-linux-gnu/libgmodule-2.0.so.0.5600.3
7fb5dee82000-7fb5dee83000 r--p 00002000 08:07 3277315                    /usr/lib/x86_64-linux-gnu/libgmodule-2.0.so.0.5600.3
7fb5dee83000-7fb5dee84000 rw-p 00003000 08:07 3277315                    /usr/lib/x86_64-linux-gnu/libgmodule-2.0.so.0.5600.3
7fb5dee84000-7fb5deed6000 r-xp 00000000 08:07 3277316                    /usr/lib/x86_64-linux-gnu/libgobject-2.0.so.0.5600.3
7fb5deed6000-7fb5df0d6000 ---p 00052000 08:07 3277316                    /usr/lib/x86_64-linux-gnu/libgobject-2.0.so.0.5600.3
7fb5df0d6000-7fb5df0d7000 r--p 00052000 08:07 3277316                    /usr/lib/x86_64-linux-gnu/libgobject-2.0.so.0.5600.3
7fb5df0d7000-7fb5df0d8000 rw-p 00053000 08:07 3277316                    /usr/lib/x86_64-linux-gnu/libgobject-2.0.so.0.5600.3
7fb5df0d8000-7fb5df26d000 r-xp 00000000 08:07 3277258                    /usr/lib/x86_64-linux-gnu/libgio-2.0.so.0.5600.3
7fb5df26d000-7fb5df46d000 ---p 00195000 08:07 3277258                    /usr/lib/x86_64-linux-gnu/libgio-2.0.so.0.5600.3
7fb5df46d000-7fb5df474000 r--p 00195000 08:07 3277258                    /usr/lib/x86_64-linux-gnu/libgio-2.0.so.0.5600.3
7fb5df474000-7fb5df475000 rw-p 0019c000 08:07 3277258                    /usr/lib/x86_64-linux-gnu/libgio-2.0.so.0.5600.3
7fb5df475000-7fb5df477000 rw-p 00000000 00:00 0 
7fb5df477000-7fb5df481000 r-xp 00000000 08:07 3284547                    /usr/lib/x86_64-linux-gnu/libXrandr.so.2.2.0
7fb5df481000-7fb5df680000 ---p 0000a000 08:07 3284547                    /usr/lib/x86_64-linux-gnu/libXrandr.so.2.2.0
7fb5df680000-7fb5df681000 r--p 00009000 08:07 3284547                    /usr/lib/x86_64-linux-gnu/libXrandr.so.2.2.0
7fb5df681000-7fb5df682000 rw-p 0000a000 08:07 3284547                    /usr/lib/x86_64-linux-gnu/libXrandr.so.2.2.0
7fb5df682000-7fb5df6b3000 r-xp 00000000 08:07 3285257                    /usr/lib/x86_64-linux-gnu/libpng16.so.16.34.0
7fb5df6b3000-7fb5df8b2000 ---p 00031000 08:07 3285257                    /usr/lib/x86_64-linux-gnu/libpng16.so.16.34.0
7fb5df8b2000-7fb5df8b3000 r--p 00030000 08:07 3285257                    /usr/lib/x86_64-linux-gnu/libpng16.so.16.34.0
7fb5df8b3000-7fb5df8b4000 rw-p 00031000 08:07 3285257                    /usr/lib/x86_64-linux-gnu/libpng16.so.16.34.0
7fb5df8b4000-7fb5df961000 r-xp 00000000 08:07 3284937                    /usr/lib/x86_64-linux-gnu/libfreetype.so.6.15.0
7fb5df961000-7fb5dfb60000 ---p 000ad000 08:07 3284937                    /usr/lib/x86_64-linux-gnu/libfreetype.so.6.15.0
7fb5dfb60000-7fb5dfb67000 r--p 000ac000 08:07 3284937                    /usr/lib/x86_64-linux-gnu/libfreetype.so.6.15.0
7fb5dfb67000-7fb5dfb68000 rw-p 000b3000 08:07 3284937                    /usr/lib/x86_64-linux-gnu/libfreetype.so.6.15.0
7fb5dfb68000-7fb5dfbfd000 r-xp 00000000 08:07 3281657                    /usr/lib/jvm/java-11-openjdk-amd64/lib/libfontmanager.so
7fb5dfbfd000-7fb5dfdfd000 ---p 00095000 08:07 3281657                    /usr/lib/jvm/java-11-openjdk-amd64/lib/libfontmanager.so
7fb5dfdfd000-7fb5dfdfe000 r--p 00095000 08:07 3281657                    /usr/lib/jvm/java-11-openjdk-amd64/lib/libfontmanager.so
7fb5dfdfe000-7fb5dfdff000 rw-p 00096000 08:07 3281657                    /usr/lib/jvm/java-11-openjdk-amd64/lib/libfontmanager.so
7fb5dfdff000-7fb5e0000000 rw-p 00000000 00:00 0 
7fb5e0000000-7fb5e0d6b000 rw-p 00000000 00:00 0 
7fb5e0d6b000-7fb5e4000000 ---p 00000000 00:00 0 
7fb5e4000000-7fb5e44c2000 rw-p 00000000 00:00 0 
7fb5e44c2000-7fb5e8000000 ---p 00000000 00:00 0 
7fb5e8000000-7fb5e8021000 rw-p 00000000 00:00 0 
7fb5e8021000-7fb5ec000000 ---p 00000000 00:00 0 
7fb5ec000000-7fb5ec021000 rw-p 00000000 00:00 0 
7fb5ec021000-7fb5f0000000 ---p 00000000 00:00 0 
7fb5f0000000-7fb5f0021000 rw-p 00000000 00:00 0 
7fb5f0021000-7fb5f4000000 ---p 00000000 00:00 0 
7fb5f4000000-7fb5f4021000 rw-p 00000000 00:00 0 
7fb5f4021000-7fb5f8000000 ---p 00000000 00:00 0 
7fb5f8000000-7fb5f8248000 rw-p 00000000 00:00 0 
7fb5f8248000-7fb5fc000000 ---p 00000000 00:00 0 
7fb5fc000000-7fb5fc021000 rw-p 00000000 00:00 0 
7fb5fc021000-7fb600000000 ---p 00000000 00:00 0 
7fb600000000-7fb600021000 rw-p 00000000 00:00 0 
7fb600021000-7fb604000000 ---p 00000000 00:00 0 
7fb604000000-7fb604021000 rw-p 00000000 00:00 0 
7fb604021000-7fb608000000 ---p 00000000 00:00 0 
7fb60809f000-7fb6080a0000 rwxp 00000000 00:00 0 
7fb6080a0000-7fb6080a4000 ---p 00000000 00:00 0 
7fb6080a4000-7fb6080c2000 rw-p 00000000 00:00 0 
7fb6080c2000-7fb6080cd000 r--s 00000000 08:07 786527                     /var/cache/fontconfig/945677eb7aeaf62f1d50efc3fb3ec7d8-le64.cache-7
7fb6080cd000-7fb6080cf000 r--s 00000000 08:07 786529                     /var/cache/fontconfig/99e8ed0e538f840c565b6ed5dad60d56-le64.cache-7
7fb6080cf000-7fb6080d4000 r--s 00000000 08:07 786496                     /var/cache/fontconfig/2300eef321c393bfd76478a5c0e95b23-le64.cache-7
7fb6080d4000-7fb6080d5000 r--s 00000000 08:07 786490                     /var/cache/fontconfig/0d8c3b2ac0904cb8a57a757ad11a4a08-le64.cache-7
7fb6080d5000-7fb6080ea000 r--s 00000000 08:07 786487                     /var/cache/fontconfig/04aabc0a78ac019cf9454389977116d2-le64.cache-7
7fb6080ea000-7fb6080ee000 r--s 00000000 08:07 786502                     /var/cache/fontconfig/385c0604a188198f04d133e54aba7fe7-le64.cache-7
7fb6080ee000-7fb6080f2000 ---p 00000000 00:00 0 
7fb6080f2000-7fb6081ef000 rw-p 00000000 00:00 0 
7fb6081ef000-7fb608202000 r-xp 00000000 08:07 1970829                    /lib/x86_64-linux-gnu/libbsd.so.0.8.7
7fb608202000-7fb608401000 ---p 00013000 08:07 1970829                    /lib/x86_64-linux-gnu/libbsd.so.0.8.7
7fb608401000-7fb608402000 r--p 00012000 08:07 1970829                    /lib/x86_64-linux-gnu/libbsd.so.0.8.7
7fb608402000-7fb608403000 rw-p 00013000 08:07 1970829                    /lib/x86_64-linux-gnu/libbsd.so.0.8.7
7fb608403000-7fb608404000 rw-p 00000000 00:00 0 
7fb608404000-7fb608409000 r-xp 00000000 08:07 3284527                    /usr/lib/x86_64-linux-gnu/libXdmcp.so.6.0.0
7fb608409000-7fb608608000 ---p 00005000 08:07 3284527                    /usr/lib/x86_64-linux-gnu/libXdmcp.so.6.0.0
7fb608608000-7fb608609000 r--p 00004000 08:07 3284527                    /usr/lib/x86_64-linux-gnu/libXdmcp.so.6.0.0
7fb608609000-7fb60860a000 rw-p 00005000 08:07 3284527                    /usr/lib/x86_64-linux-gnu/libXdmcp.so.6.0.0
7fb60860a000-7fb60860c000 r-xp 00000000 08:07 3284516                    /usr/lib/x86_64-linux-gnu/libXau.so.6.0.0
7fb60860c000-7fb60880c000 ---p 00002000 08:07 3284516                    /usr/lib/x86_64-linux-gnu/libXau.so.6.0.0
7fb60880c000-7fb60880d000 r--p 00002000 08:07 3284516                    /usr/lib/x86_64-linux-gnu/libXau.so.6.0.0
7fb60880d000-7fb60880e000 rw-p 00003000 08:07 3284516                    /usr/lib/x86_64-linux-gnu/libXau.so.6.0.0
7fb60880e000-7fb608834000 r-xp 00000000 08:07 3285855                    /usr/lib/x86_64-linux-gnu/libxcb.so.1.1.0
7fb608834000-7fb608a34000 ---p 00026000 08:07 3285855                    /usr/lib/x86_64-linux-gnu/libxcb.so.1.1.0
7fb608a34000-7fb608a35000 r--p 00026000 08:07 3285855                    /usr/lib/x86_64-linux-gnu/libxcb.so.1.1.0
7fb608a35000-7fb608a36000 rw-p 00027000 08:07 3285855                    /usr/lib/x86_64-linux-gnu/libxcb.so.1.1.0
7fb608a36000-7fb608a45000 r-xp 00000000 08:07 3284537                    /usr/lib/x86_64-linux-gnu/libXi.so.6.1.0
7fb608a45000-7fb608c44000 ---p 0000f000 08:07 3284537                    /usr/lib/x86_64-linux-gnu/libXi.so.6.1.0
7fb608c44000-7fb608c45000 r--p 0000e000 08:07 3284537                    /usr/lib/x86_64-linux-gnu/libXi.so.6.1.0
7fb608c45000-7fb608c46000 rw-p 0000f000 08:07 3284537                    /usr/lib/x86_64-linux-gnu/libXi.so.6.1.0
7fb608c46000-7fb608c4b000 r-xp 00000000 08:07 3284555                    /usr/lib/x86_64-linux-gnu/libXtst.so.6.1.0
7fb608c4b000-7fb608e4a000 ---p 00005000 08:07 3284555                    /usr/lib/x86_64-linux-gnu/libXtst.so.6.1.0
7fb608e4a000-7fb608e4b000 r--p 00004000 08:07 3284555                    /usr/lib/x86_64-linux-gnu/libXtst.so.6.1.0
7fb608e4b000-7fb608e4c000 rw-p 00005000 08:07 3284555                    /usr/lib/x86_64-linux-gnu/libXtst.so.6.1.0
7fb608e4c000-7fb608e55000 r-xp 00000000 08:07 3284549                    /usr/lib/x86_64-linux-gnu/libXrender.so.1.3.0
7fb608e55000-7fb609054000 ---p 00009000 08:07 3284549                    /usr/lib/x86_64-linux-gnu/libXrender.so.1.3.0
7fb609054000-7fb609055000 r--p 00008000 08:07 3284549                    /usr/lib/x86_64-linux-gnu/libXrender.so.1.3.0
7fb609055000-7fb609056000 rw-p 00009000 08:07 3284549                    /usr/lib/x86_64-linux-gnu/libXrender.so.1.3.0
7fb609056000-7fb609189000 r-xp 00000000 08:07 3276918                    /usr/lib/x86_64-linux-gnu/libX11.so.6.3.0
7fb609189000-7fb609389000 ---p 00133000 08:07 3276918                    /usr/lib/x86_64-linux-gnu/libX11.so.6.3.0
7fb609389000-7fb60938a000 r--p 00133000 08:07 3276918                    /usr/lib/x86_64-linux-gnu/libX11.so.6.3.0
7fb60938a000-7fb60938e000 rw-p 00134000 08:07 3276918                    /usr/lib/x86_64-linux-gnu/libX11.so.6.3.0
7fb60938e000-7fb60939f000 r-xp 00000000 08:07 3284529                    /usr/lib/x86_64-linux-gnu/libXext.so.6.4.0
7fb60939f000-7fb60959e000 ---p 00011000 08:07 3284529                    /usr/lib/x86_64-linux-gnu/libXext.so.6.4.0
7fb60959e000-7fb60959f000 r--p 00010000 08:07 3284529                    /usr/lib/x86_64-linux-gnu/libXext.so.6.4.0
7fb60959f000-7fb6095a0000 rw-p 00011000 08:07 3284529                    /usr/lib/x86_64-linux-gnu/libXext.so.6.4.0
7fb6095a0000-7fb6095ff000 r-xp 00000000 08:07 3281654                    /usr/lib/jvm/java-11-openjdk-amd64/lib/libawt_xawt.so
7fb6095ff000-7fb6097fe000 ---p 0005f000 08:07 3281654                    /usr/lib/jvm/java-11-openjdk-amd64/lib/libawt_xawt.so
7fb6097fe000-7fb6097ff000 r--p 0005e000 08:07 3281654                    /usr/lib/jvm/java-11-openjdk-amd64/lib/libawt_xawt.so
7fb6097ff000-7fb609802000 rw-p 0005f000 08:07 3281654                    /usr/lib/jvm/java-11-openjdk-amd64/lib/libawt_xawt.so
7fb609802000-7fb609804000 rw-p 00000000 00:00 0 
7fb609804000-7fb6098a4000 r-xp 00000000 08:07 3281652                    /usr/lib/jvm/java-11-openjdk-amd64/lib/libawt.so
7fb6098a4000-7fb609aa4000 ---p 000a0000 08:07 3281652                    /usr/lib/jvm/java-11-openjdk-amd64/lib/libawt.so
7fb609aa4000-7fb609aa5000 r--p 000a0000 08:07 3281652                    /usr/lib/jvm/java-11-openjdk-amd64/lib/libawt.so
7fb609aa5000-7fb609ab0000 rw-p 000a1000 08:07 3281652                    /usr/lib/jvm/java-11-openjdk-amd64/lib/libawt.so
7fb609ab0000-7fb609ad5000 rw-p 00000000 00:00 0 
7fb609ad5000-7fb609aec000 r-xp 00000000 08:07 3290743                    /usr/lib/jvm/java-11-openjdk-amd64/lib/libnet.so
7fb609aec000-7fb609ceb000 ---p 00017000 08:07 3290743                    /usr/lib/jvm/java-11-openjdk-amd64/lib/libnet.so
7fb609ceb000-7fb609cec000 r--p 00016000 08:07 3290743                    /usr/lib/jvm/java-11-openjdk-amd64/lib/libnet.so
7fb609cec000-7fb609ced000 rw-p 00017000 08:07 3290743                    /usr/lib/jvm/java-11-openjdk-amd64/lib/libnet.so
7fb609ced000-7fb609cfe000 r-xp 00000000 08:07 3290744                    /usr/lib/jvm/java-11-openjdk-amd64/lib/libnio.so
7fb609cfe000-7fb609efd000 ---p 00011000 08:07 3290744                    /usr/lib/jvm/java-11-openjdk-amd64/lib/libnio.so
7fb609efd000-7fb609efe000 r--p 00010000 08:07 3290744                    /usr/lib/jvm/java-11-openjdk-amd64/lib/libnio.so
7fb609efe000-7fb609eff000 rw-p 00011000 08:07 3290744                    /usr/lib/jvm/java-11-openjdk-amd64/lib/libnio.so
7fb609eff000-7fb609f03000 ---p 00000000 00:00 0 
7fb609f03000-7fb60c000000 rw-p 00000000 00:00 0 
7fb60c000000-7fb60c021000 rw-p 00000000 00:00 0 
7fb60c021000-7fb610000000 ---p 00000000 00:00 0 
7fb610000000-7fb610021000 rw-p 00000000 00:00 0 
7fb610021000-7fb614000000 ---p 00000000 00:00 0 
7fb614000000-7fb614021000 rw-p 00000000 00:00 0 
7fb614021000-7fb618000000 ---p 00000000 00:00 0 
7fb618000000-7fb618001000 r--s 00000000 08:07 786494                     /var/cache/fontconfig/1ac9eb803944fde146138c791f5cc56a-le64.cache-7
7fb618001000-7fb618002000 r--s 00000000 08:07 786548                     /var/cache/fontconfig/dc05db6664285cc2f12bf69c139ae4c3-le64.cache-7
7fb618002000-7fb618004000 r--s 00000000 08:07 786491                     /var/cache/fontconfig/14a5e22175779b556eaa434240950366-le64.cache-7
7fb618004000-7fb618005000 r--s 00000000 08:07 786518                     /var/cache/fontconfig/660208299946a285a940457d1287da33-le64.cache-7
7fb618005000-7fb618007000 r--s 00000000 08:07 786509                     /var/cache/fontconfig/4f3e3037c9980c83b53a9351efadef62-le64.cache-7
7fb618007000-7fb618009000 r--s 00000000 08:07 786523                     /var/cache/fontconfig/767a8244fc0220cfb567a839d0392e0b-le64.cache-7
7fb618009000-7fb61800a000 r--s 00000000 08:07 789903                     /var/cache/fontconfig/4794a0821666d79190d59a36cb4f44b5-le64.cache-7
7fb61800a000-7fb618056000 r--s 00000000 08:07 789900                     /var/cache/fontconfig/0bd3dc0958fa2205aaaa8ebb13e2872b-le64.cache-7
7fb618056000-7fb61805d000 r--s 00000000 08:07 786526                     /var/cache/fontconfig/8801497958630a81b71ace7c5f9b32a8-le64.cache-7
7fb61805d000-7fb618062000 r--s 00000000 08:07 786549                     /var/cache/fontconfig/def309198bfa603429122923fa2bb2d4-le64.cache-7
7fb618062000-7fb618063000 r--s 00000000 08:07 786536                     /var/cache/fontconfig/b872e6e592da6075ffa4ab0a1fcc0c75-le64.cache-7
7fb618063000-7fb618064000 r--s 00000000 08:07 786554                     /var/cache/fontconfig/f6d4eedfaab2589bde49f7a3ff831d22-le64.cache-7
7fb618064000-7fb618065000 r--s 00000000 08:07 786516                     /var/cache/fontconfig/589f83ef4c36d296ce6e1c846f468f08-le64.cache-7
7fb618065000-7fb618066000 r--s 00000000 08:07 786538                     /var/cache/fontconfig/bab58bb527bb656aaa9f116d68a48d89-le64.cache-7
7fb618066000-7fb618067000 r--s 00000000 08:07 786495                     /var/cache/fontconfig/2171a34dccabdb6bcbbc728186263178-le64.cache-7
7fb618067000-7fb618068000 r--s 00000000 08:07 786539                     /var/cache/fontconfig/c5c45a61289222e0d30b1a26ef4effbe-le64.cache-7
7fb618068000-7fb618069000 r--s 00000000 08:07 786534                     /var/cache/fontconfig/aec30016f93e1b46d1a973dce0d74068-le64.cache-7
7fb618069000-7fb61806a000 r--s 00000000 08:07 786503                     /var/cache/fontconfig/3f589640d34b7dc9042c8d453f7c8b9c-le64.cache-7
7fb61806a000-7fb61806b000 r--s 00000000 08:07 786492                     /var/cache/fontconfig/16c2fda60d1b4b719f4b3d06fd951d25-le64.cache-7
7fb61806b000-7fb61806c000 r--s 00000000 08:07 786533                     /var/cache/fontconfig/a48eab177a16e4f3713381162db2f3e9-le64.cache-7
7fb61806c000-7fb61806d000 r--s 00000000 08:07 786512                     /var/cache/fontconfig/564b2e68ac9bc4e36a6f7f6d6125ec1c-le64.cache-7
7fb61806d000-7fb618072000 r--s 00000000 08:07 789886                     /var/cache/fontconfig/9d2451b1fd30e5bffe8383fd27c35478-le64.cache-7
7fb618072000-7fb618078000 r--s 00000000 08:07 789885                     /var/cache/fontconfig/3047814df9a2f067bd2d96a2b9c36e5a-le64.cache-7
7fb618078000-7fb618079000 r--s 00000000 08:07 786513                     /var/cache/fontconfig/56cf4f4769d0f4abc89a4895d7bd3ae1-le64.cache-7
7fb618079000-7fb61807f000 r--s 00000000 08:07 786535                     /var/cache/fontconfig/b47c4e1ecd0709278f4910c18777a504-le64.cache-7
7fb61807f000-7fb618092000 r--s 00000000 08:07 786545                     /var/cache/fontconfig/d52a8644073d54c13679302ca1180695-le64.cache-7
7fb618092000-7fb61809e000 r--s 00000000 08:07 786546                     /var/cache/fontconfig/d589a48862398ed80a3d6066f4f56f4c-le64.cache-7
7fb61809e000-7fb6180e7000 r--p 00000000 08:07 3820125                    /usr/share/glib-2.0/schemas/gschemas.compiled
7fb6180e7000-7fb6180e8000 ---p 00000000 00:00 0 
7fb6180e8000-7fb6181e9000 rw-p 00000000 00:00 0 
7fb6181e9000-7fb6181ed000 ---p 00000000 00:00 0 
7fb6181ed000-7fb6182ea000 rw-p 00000000 00:00 0 
7fb6182ea000-7fb6182ee000 ---p 00000000 00:00 0 
7fb6182ee000-7fb6183eb000 rw-p 00000000 00:00 0 
7fb6183eb000-7fb6183ef000 ---p 00000000 00:00 0 
7fb6183ef000-7fb6184ec000 rw-p 00000000 00:00 0 
7fb6184ec000-7fb6184f0000 ---p 00000000 00:00 0 
7fb6184f0000-7fb6185ed000 rw-p 00000000 00:00 0 
7fb6185ed000-7fb6185f1000 ---p 00000000 00:00 0 
7fb6185f1000-7fb6186ee000 rw-p 00000000 00:00 0 
7fb6186ee000-7fb618a24000 r--p 00000000 08:07 3283381                    /usr/lib/locale/locale-archive
7fb618a24000-7fb618a28000 ---p 00000000 00:00 0 
7fb618a28000-7fb618b25000 rw-p 00000000 00:00 0 
7fb618b25000-7fb618b29000 ---p 00000000 00:00 0 
7fb618b29000-7fb618c26000 rw-p 00000000 00:00 0 
7fb618c26000-7fb618c27000 ---p 00000000 00:00 0 
7fb618c27000-7fb6195f9000 rw-p 00000000 00:00 0 
7fb6195f9000-7fb6195fa000 ---p 00000000 00:00 0 
7fb6195fa000-7fb6196fb000 rw-p 00000000 00:00 0 
7fb6196fb000-7fb6196fc000 ---p 00000000 00:00 0 
7fb6196fc000-7fb6197fd000 rw-p 00000000 00:00 0 
7fb6197fd000-7fb6197fe000 ---p 00000000 00:00 0 
7fb6197fe000-7fb619b01000 rw-p 00000000 00:00 0 
7fb619b01000-7fb619b02000 ---p 00000000 00:00 0 
7fb619b02000-7fb619c03000 rw-p 00000000 00:00 0 
7fb619c03000-7fb619c04000 ---p 00000000 00:00 0 
7fb619c04000-7fb619dfd000 rw-p 00000000 00:00 0 
7fb619dfd000-7fb61ac15000 ---p 00000000 00:00 0 
7fb61ac15000-7fb61ad0d000 rw-p 00000000 00:00 0 
7fb61ad0d000-7fb61bb25000 ---p 00000000 00:00 0 
7fb61bb25000-7fb61bd95000 rwxp 00000000 00:00 0 
7fb61bd95000-7fb61c0b4000 ---p 00000000 00:00 0 
7fb61c0b4000-7fb61c424000 rwxp 00000000 00:00 0 
7fb61c424000-7fb6235ec000 ---p 00000000 00:00 0 
7fb6235ec000-7fb62385c000 rwxp 00000000 00:00 0 
7fb62385c000-7fb62ab25000 ---p 00000000 00:00 0 
7fb62ab25000-7fb634000000 r--s 00000000 08:07 3290753                    /usr/lib/jvm/java-11-openjdk-amd64/lib/modules
7fb634000000-7fb6344b0000 rw-p 00000000 00:00 0 
7fb6344b0000-7fb638000000 ---p 00000000 00:00 0 
7fb638000000-7fb638001000 r--s 00000000 08:07 786537                     /var/cache/fontconfig/b9d506c9ac06c20b433354fa67a72993-le64.cache-7
7fb638001000-7fb638002000 r--s 00000000 08:07 786500                     /var/cache/fontconfig/370e5b74bf5dafc30834de68e24a87a4-le64.cache-7
7fb638002000-7fb638003000 r--s 00000000 08:07 789884                     /var/cache/fontconfig/6b2c5944714ca7831b25bed9e85cb5c8-le64.cache-7
7fb638003000-7fb638006000 r--s 00000000 08:07 789843                     /var/cache/fontconfig/f259c2cffa685e28062317905db73c4a-le64.cache-7
7fb638006000-7fb638014000 r--s 00000000 08:07 786530                     /var/cache/fontconfig/9b89f8e3dae116d678bbf48e5f21f69b-le64.cache-7
7fb638014000-7fb638034000 r--p 00000000 08:07 3939603                    /usr/share/locale-langpack/de/LC_MESSAGES/glib20.mo
7fb638034000-7fb63805a000 r--p 00000000 08:07 3939447                    /usr/share/locale-langpack/de/LC_MESSAGES/libc.mo
7fb63805a000-7fb638079000 rw-p 00000000 00:00 0 
7fb638079000-7fb63823c000 ---p 00000000 00:00 0 
7fb63823c000-7fb63825b000 rw-p 00000000 00:00 0 
7fb63825b000-7fb63841e000 ---p 00000000 00:00 0 
7fb63841e000-7fb63843d000 rw-p 00000000 00:00 0 
7fb63843d000-7fb638600000 ---p 00000000 00:00 0 
7fb638600000-7fb638802000 rw-p 00000000 00:00 0 
7fb638802000-7fb638803000 ---p 00000000 00:00 0 
7fb638803000-7fb638904000 rw-p 00000000 00:00 0 
7fb638904000-7fb638905000 ---p 00000000 00:00 0 
7fb638905000-7fb638a0b000 rw-p 00000000 00:00 0 
7fb638a0b000-7fb638af1000 ---p 00000000 00:00 0 
7fb638af1000-7fb638af8000 rw-p 00000000 00:00 0 
7fb638af8000-7fb638bdc000 ---p 00000000 00:00 0 
7fb638bdc000-7fb638be1000 r-xp 00000000 08:07 3290735                    /usr/lib/jvm/java-11-openjdk-amd64/lib/libjimage.so
7fb638be1000-7fb638de0000 ---p 00005000 08:07 3290735                    /usr/lib/jvm/java-11-openjdk-amd64/lib/libjimage.so
7fb638de0000-7fb638de1000 r--p 00004000 08:07 3290735                    /usr/lib/jvm/java-11-openjdk-amd64/lib/libjimage.so
7fb638de1000-7fb638de2000 rw-p 00005000 08:07 3290735                    /usr/lib/jvm/java-11-openjdk-amd64/lib/libjimage.so
7fb638de2000-7fb638de9000 r-xp 00000000 08:07 3290752                    /usr/lib/jvm/java-11-openjdk-amd64/lib/libzip.so
7fb638de9000-7fb638fe8000 ---p 00007000 08:07 3290752                    /usr/lib/jvm/java-11-openjdk-amd64/lib/libzip.so
7fb638fe8000-7fb638fe9000 r--p 00006000 08:07 3290752                    /usr/lib/jvm/java-11-openjdk-amd64/lib/libzip.so
7fb638fe9000-7fb638fea000 rw-p 00007000 08:07 3290752                    /usr/lib/jvm/java-11-openjdk-amd64/lib/libzip.so
7fb638fea000-7fb638ff5000 r-xp 00000000 08:07 1970923                    /lib/x86_64-linux-gnu/libnss_files-2.27.so
7fb638ff5000-7fb6391f4000 ---p 0000b000 08:07 1970923                    /lib/x86_64-linux-gnu/libnss_files-2.27.so
7fb6391f4000-7fb6391f5000 r--p 0000a000 08:07 1970923                    /lib/x86_64-linux-gnu/libnss_files-2.27.so
7fb6391f5000-7fb6391f6000 rw-p 0000b000 08:07 1970923                    /lib/x86_64-linux-gnu/libnss_files-2.27.so
7fb6391f6000-7fb6391fc000 rw-p 00000000 00:00 0 
7fb6391fc000-7fb639213000 r-xp 00000000 08:07 1970917                    /lib/x86_64-linux-gnu/libnsl-2.27.so
7fb639213000-7fb639412000 ---p 00017000 08:07 1970917                    /lib/x86_64-linux-gnu/libnsl-2.27.so
7fb639412000-7fb639413000 r--p 00016000 08:07 1970917                    /lib/x86_64-linux-gnu/libnsl-2.27.so
7fb639413000-7fb639414000 rw-p 00017000 08:07 1970917                    /lib/x86_64-linux-gnu/libnsl-2.27.so
7fb639414000-7fb639416000 rw-p 00000000 00:00 0 
7fb639416000-7fb639421000 r-xp 00000000 08:07 1970934                    /lib/x86_64-linux-gnu/libnss_nis-2.27.so
7fb639421000-7fb639620000 ---p 0000b000 08:07 1970934                    /lib/x86_64-linux-gnu/libnss_nis-2.27.so
7fb639620000-7fb639621000 r--p 0000a000 08:07 1970934                    /lib/x86_64-linux-gnu/libnss_nis-2.27.so
7fb639621000-7fb639622000 rw-p 0000b000 08:07 1970934                    /lib/x86_64-linux-gnu/libnss_nis-2.27.so
7fb639622000-7fb63962a000 r-xp 00000000 08:07 1970919                    /lib/x86_64-linux-gnu/libnss_compat-2.27.so
7fb63962a000-7fb63982a000 ---p 00008000 08:07 1970919                    /lib/x86_64-linux-gnu/libnss_compat-2.27.so
7fb63982a000-7fb63982b000 r--p 00008000 08:07 1970919                    /lib/x86_64-linux-gnu/libnss_compat-2.27.so
7fb63982b000-7fb63982c000 rw-p 00009000 08:07 1970919                    /lib/x86_64-linux-gnu/libnss_compat-2.27.so
7fb63982c000-7fb639858000 r-xp 00000000 08:07 3282326                    /usr/lib/jvm/java-11-openjdk-amd64/lib/libjava.so
7fb639858000-7fb639a57000 ---p 0002c000 08:07 3282326                    /usr/lib/jvm/java-11-openjdk-amd64/lib/libjava.so
7fb639a57000-7fb639a58000 r--p 0002b000 08:07 3282326                    /usr/lib/jvm/java-11-openjdk-amd64/lib/libjava.so
7fb639a58000-7fb639a5a000 rw-p 0002c000 08:07 3282326                    /usr/lib/jvm/java-11-openjdk-amd64/lib/libjava.so
7fb639a5a000-7fb639a67000 r-xp 00000000 08:07 3290751                    /usr/lib/jvm/java-11-openjdk-amd64/lib/libverify.so
7fb639a67000-7fb639c66000 ---p 0000d000 08:07 3290751                    /usr/lib/jvm/java-11-openjdk-amd64/lib/libverify.so
7fb639c66000-7fb639c68000 r--p 0000c000 08:07 3290751                    /usr/lib/jvm/java-11-openjdk-amd64/lib/libverify.so
7fb639c68000-7fb639c69000 rw-p 0000e000 08:07 3290751                    /usr/lib/jvm/java-11-openjdk-amd64/lib/libverify.so
7fb639c69000-7fb639c70000 r-xp 00000000 08:07 1970974                    /lib/x86_64-linux-gnu/librt-2.27.so
7fb639c70000-7fb639e6f000 ---p 00007000 08:07 1970974                    /lib/x86_64-linux-gnu/librt-2.27.so
7fb639e6f000-7fb639e70000 r--p 00006000 08:07 1970974                    /lib/x86_64-linux-gnu/librt-2.27.so
7fb639e70000-7fb639e71000 rw-p 00007000 08:07 1970974                    /lib/x86_64-linux-gnu/librt-2.27.so
7fb639e71000-7fb639e88000 r-xp 00000000 08:07 1966116                    /lib/x86_64-linux-gnu/libgcc_s.so.1
7fb639e88000-7fb63a087000 ---p 00017000 08:07 1966116                    /lib/x86_64-linux-gnu/libgcc_s.so.1
7fb63a087000-7fb63a088000 r--p 00016000 08:07 1966116                    /lib/x86_64-linux-gnu/libgcc_s.so.1
7fb63a088000-7fb63a089000 rw-p 00017000 08:07 1966116                    /lib/x86_64-linux-gnu/libgcc_s.so.1
7fb63a089000-7fb63a226000 r-xp 00000000 08:07 1970896                    /lib/x86_64-linux-gnu/libm-2.27.so
7fb63a226000-7fb63a425000 ---p 0019d000 08:07 1970896                    /lib/x86_64-linux-gnu/libm-2.27.so
7fb63a425000-7fb63a426000 r--p 0019c000 08:07 1970896                    /lib/x86_64-linux-gnu/libm-2.27.so
7fb63a426000-7fb63a427000 rw-p 0019d000 08:07 1970896                    /lib/x86_64-linux-gnu/libm-2.27.so
7fb63a427000-7fb63a5a0000 r-xp 00000000 08:07 3297157                    /usr/lib/x86_64-linux-gnu/libstdc++.so.6.0.25
7fb63a5a0000-7fb63a7a0000 ---p 00179000 08:07 3297157                    /usr/lib/x86_64-linux-gnu/libstdc++.so.6.0.25
7fb63a7a0000-7fb63a7aa000 r--p 00179000 08:07 3297157                    /usr/lib/x86_64-linux-gnu/libstdc++.so.6.0.25
7fb63a7aa000-7fb63a7ac000 rw-p 00183000 08:07 3297157                    /usr/lib/x86_64-linux-gnu/libstdc++.so.6.0.25
7fb63a7ac000-7fb63a7b0000 rw-p 00000000 00:00 0 
7fb63a7b0000-7fb63b74d000 r-xp 00000000 08:07 3290756                    /usr/lib/jvm/java-11-openjdk-amd64/lib/server/libjvm.so
7fb63b74d000-7fb63b94d000 ---p 00f9d000 08:07 3290756                    /usr/lib/jvm/java-11-openjdk-amd64/lib/server/libjvm.so
7fb63b94d000-7fb63ba11000 r--p 00f9d000 08:07 3290756                    /usr/lib/jvm/java-11-openjdk-amd64/lib/server/libjvm.so
7fb63ba11000-7fb63ba49000 rw-p 01061000 08:07 3290756                    /usr/lib/jvm/java-11-openjdk-amd64/lib/server/libjvm.so
7fb63ba49000-7fb63ba92000 rw-p 00000000 00:00 0 
7fb63ba92000-7fb63baac000 r-xp 00000000 08:07 1970966                    /lib/x86_64-linux-gnu/libpthread-2.27.so
7fb63baac000-7fb63bcab000 ---p 0001a000 08:07 1970966                    /lib/x86_64-linux-gnu/libpthread-2.27.so
7fb63bcab000-7fb63bcac000 r--p 00019000 08:07 1970966                    /lib/x86_64-linux-gnu/libpthread-2.27.so
7fb63bcac000-7fb63bcad000 rw-p 0001a000 08:07 1970966                    /lib/x86_64-linux-gnu/libpthread-2.27.so
7fb63bcad000-7fb63bcb1000 rw-p 00000000 00:00 0 
7fb63bcb1000-7fb63bcb4000 r-xp 00000000 08:07 1970856                    /lib/x86_64-linux-gnu/libdl-2.27.so
7fb63bcb4000-7fb63beb3000 ---p 00003000 08:07 1970856                    /lib/x86_64-linux-gnu/libdl-2.27.so
7fb63beb3000-7fb63beb4000 r--p 00002000 08:07 1970856                    /lib/x86_64-linux-gnu/libdl-2.27.so
7fb63beb4000-7fb63beb5000 rw-p 00003000 08:07 1970856                    /lib/x86_64-linux-gnu/libdl-2.27.so
7fb63beb5000-7fb63bed1000 r-xp 00000000 08:07 1971007                    /lib/x86_64-linux-gnu/libz.so.1.2.11
7fb63bed1000-7fb63c0d0000 ---p 0001c000 08:07 1971007                    /lib/x86_64-linux-gnu/libz.so.1.2.11
7fb63c0d0000-7fb63c0d1000 r--p 0001b000 08:07 1971007                    /lib/x86_64-linux-gnu/libz.so.1.2.11
7fb63c0d1000-7fb63c0d2000 rw-p 0001c000 08:07 1971007                    /lib/x86_64-linux-gnu/libz.so.1.2.11
7fb63c0d2000-7fb63c2b9000 r-xp 00000000 08:07 1970833                    /lib/x86_64-linux-gnu/libc-2.27.so
7fb63c2b9000-7fb63c4b9000 ---p 001e7000 08:07 1970833                    /lib/x86_64-linux-gnu/libc-2.27.so
7fb63c4b9000-7fb63c4bd000 r--p 001e7000 08:07 1970833                    /lib/x86_64-linux-gnu/libc-2.27.so
7fb63c4bd000-7fb63c4bf000 rw-p 001eb000 08:07 1970833                    /lib/x86_64-linux-gnu/libc-2.27.so
7fb63c4bf000-7fb63c4c3000 rw-p 00000000 00:00 0 
7fb63c4c3000-7fb63c4d2000 r-xp 00000000 08:07 3281648                    /usr/lib/jvm/java-11-openjdk-amd64/lib/jli/libjli.so
7fb63c4d2000-7fb63c6d1000 ---p 0000f000 08:07 3281648                    /usr/lib/jvm/java-11-openjdk-amd64/lib/jli/libjli.so
7fb63c6d1000-7fb63c6d2000 r--p 0000e000 08:07 3281648                    /usr/lib/jvm/java-11-openjdk-amd64/lib/jli/libjli.so
7fb63c6d2000-7fb63c6d3000 rw-p 0000f000 08:07 3281648                    /usr/lib/jvm/java-11-openjdk-amd64/lib/jli/libjli.so
7fb63c6d3000-7fb63c6fa000 r-xp 00000000 08:07 1970805                    /lib/x86_64-linux-gnu/ld-2.27.so
7fb63c6fa000-7fb63c6fb000 r--s 00000000 08:07 786544                     /var/cache/fontconfig/d5178ab6d91b49bf20a416737dcea9e8-le64.cache-7
7fb63c6fb000-7fb63c6fc000 r--s 00000000 08:07 789883                     /var/cache/fontconfig/551ecf3b0e8b0bca0f25c0944f561853-le64.cache-7
7fb63c6fc000-7fb63c6fe000 r--s 00000000 08:07 789842                     /var/cache/fontconfig/550f3886151c940c12a5ed35f6a00586-le64.cache-7
7fb63c6fe000-7fb63c701000 r--s 00000000 08:07 789841                     /var/cache/fontconfig/674d1711f2d1d2a09646eb0bdcadee49-le64.cache-7
7fb63c701000-7fb63c702000 r--s 00000000 08:07 786504                     /var/cache/fontconfig/3f7329c5293ffd510edef78f73874cfd-le64.cache-7
7fb63c702000-7fb63c703000 r--s 00000000 08:07 786498                     /var/cache/fontconfig/30829fa25452a46451e813d634d7f916-le64.cache-7
7fb63c703000-7fb63c704000 r--s 00000000 08:07 786489                     /var/cache/fontconfig/0c9eb80ebd1c36541ebe2852d3bb0c49-le64.cache-7
7fb63c704000-7fb63c705000 r--s 00000000 08:07 786508                     /var/cache/fontconfig/4d9c95eba1cb85bbcf2878543262124a-le64.cache-7
7fb63c705000-7fb63c706000 r--s 00000000 08:07 786525                     /var/cache/fontconfig/85e0a52ce643a7ba2ae53e5d6949cead-le64.cache-7
7fb63c706000-7fb63c70f000 r--s 00000000 08:07 786542                     /var/cache/fontconfig/d0972c3d32f097851eb916381fc38920-le64.cache-7
7fb63c70f000-7fb63c7c6000 rw-p 00000000 00:00 0 
7fb63c7c6000-7fb63c7ca000 ---p 00000000 00:00 0 
7fb63c7ca000-7fb63c8c9000 rw-p 00000000 00:00 0 
7fb63c8c9000-7fb63c8ca000 r--s 00000000 08:07 786506                     /var/cache/fontconfig/49f0de54bdd920fe4f0dfd4cbac43e6b-le64.cache-7
7fb63c8ca000-7fb63c8cb000 r--s 00000000 08:07 786555                     /var/cache/fontconfig/f6e6e0a5c3d2f6ae0c0c2e0ecd42a997-le64.cache-7
7fb63c8cb000-7fb63c8cd000 r--s 00000000 08:07 786520                     /var/cache/fontconfig/6afa1bb216ce958c1589e297e8008489-le64.cache-7
7fb63c8cd000-7fb63c8d0000 r--s 00000000 08:07 795646                     /var/cache/fontconfig/e13b20fdb08344e0e664864cc2ede53d-le64.cache-7
7fb63c8d0000-7fb63c8d4000 r--s 00000000 08:07 786524                     /var/cache/fontconfig/7ef2298fde41cc6eeb7af42e48b7d293-le64.cache-7
7fb63c8d4000-7fb63c8d9000 r--p 00000000 08:07 7762128                    /home/peter/.config/dconf/user
7fb63c8d9000-7fb63c8da000 r--s 00000000 00:33 32                         /run/user/1000/dconf/user
7fb63c8da000-7fb63c8e1000 r--s 00000000 08:07 3671694                    /usr/lib/x86_64-linux-gnu/gconv/gconv-modules.cache
7fb63c8e1000-7fb63c8e7000 rw-p 00000000 00:00 0 
7fb63c8e7000-7fb63c8ee000 ---p 00000000 00:00 0 
7fb63c8ee000-7fb63c8f6000 rw-s 00000000 08:07 5903463                    /tmp/hsperfdata_peter/11098
7fb63c8f6000-7fb63c8f7000 ---p 00000000 00:00 0 
7fb63c8f7000-7fb63c8f8000 r--p 00000000 00:00 0 
7fb63c8f8000-7fb63c8fa000 rw-p 00000000 00:00 0 
7fb63c8fa000-7fb63c8fb000 r--p 00027000 08:07 1970805                    /lib/x86_64-linux-gnu/ld-2.27.so
7fb63c8fb000-7fb63c8fc000 rw-p 00028000 08:07 1970805                    /lib/x86_64-linux-gnu/ld-2.27.so
7fb63c8fc000-7fb63c8fd000 rw-p 00000000 00:00 0 
7ffc5ba7a000-7ffc5ba9b000 rw-p 00000000 00:00 0                          [stack]
7ffc5bac9000-7ffc5bacc000 r--p 00000000 00:00 0                          [vvar]
7ffc5bacc000-7ffc5bace000 r-xp 00000000 00:00 0                          [vdso]
ffffffffff600000-ffffffffff601000 r-xp 00000000 00:00 0                  [vsyscall]


VM Arguments:
java_command: humer.peter.jna_libusb_project.Main
java_class_path (initial): /home/peter/NetBeansProjects/Linux_LibUsb_over_JNA/target/classes:/home/peter/.m2/repository/net/java/dev/jna/jna/5.3.0/jna-5.3.0.jar:/home/peter/.m2/repository/com/google/guava/guava/21.0/guava-21.0.jar:/home/peter/.m2/repository/org/slf4j/slf4j-api/2.0.0-alpha0/slf4j-api-2.0.0-alpha0.jar
Launcher Type: SUN_STANDARD

Logging:
Log output configuration:
#0: stdout all=warning uptime,level,tags
#1: stderr all=off uptime,level,tags

Environment Variables:
JAVA_HOME=/usr/lib/jvm/java-11-openjdk-amd64
PATH=/usr/local/sbin:/usr/local/bin:/usr/sbin:/usr/bin:/sbin:/bin:/usr/games:/usr/local/games:/usr/lib/jvm/java-8-oracle/bin:/usr/lib/jvm/java-8-oracle/db/bin:/usr/lib/jvm/java-8-oracle/jre/bin
SHELL=/bin/bash
DISPLAY=:0

Signal Handlers:
SIGSEGV: [libjvm.so+0xd28b70], sa_mask[0]=11111111011111111101111111111110, sa_flags=SA_RESTART|SA_SIGINFO
SIGBUS: [libjvm.so+0xd28b70], sa_mask[0]=11111111011111111101111111111110, sa_flags=SA_RESTART|SA_SIGINFO
SIGFPE: [libjvm.so+0xd28b70], sa_mask[0]=11111111011111111101111111111110, sa_flags=SA_RESTART|SA_SIGINFO
SIGPIPE: SIG_IGN, sa_mask[0]=00000000000010000000000000000000, sa_flags=SA_RESTART
SIGXFSZ: [libjvm.so+0xb2a1f0], sa_mask[0]=11111111011111111101111111111110, sa_flags=SA_RESTART|SA_SIGINFO
SIGILL: [libjvm.so+0xd28b70], sa_mask[0]=11111111011111111101111111111110, sa_flags=SA_RESTART|SA_SIGINFO
SIGUSR2: [libjvm.so+0xb2a030], sa_mask[0]=00100000000000000000000000000000, sa_flags=SA_RESTART|SA_SIGINFO
SIGHUP: [libjvm.so+0xb2a180], sa_mask[0]=11111111011111111101111111111110, sa_flags=SA_RESTART|SA_SIGINFO
SIGINT: SIG_IGN, sa_mask[0]=00000000000000000000000000000000, sa_flags=none
SIGTERM: [libjvm.so+0xb2a180], sa_mask[0]=11111111011111111101111111111110, sa_flags=SA_RESTART|SA_SIGINFO
SIGQUIT: [libjvm.so+0xb2a180], sa_mask[0]=11111111011111111101111111111110, sa_flags=SA_RESTART|SA_SIGINFO


---------------  S Y S T E M  ---------------

OS:DISTRIB_ID=LinuxMint
DISTRIB_RELEASE=19
DISTRIB_CODENAME=tara
DISTRIB_DESCRIPTION="Linux Mint 19 Tara"
uname:Linux 4.15.0-43-generic #46-Ubuntu SMP Thu Dec 6 14:45:28 UTC 2018 x86_64
libc:glibc 2.27 NPTL 2.27 
rlimit: STACK 8192k, CORE 0k, NPROC 14935, NOFILE 1048576, AS infinity, DATA infinity, FSIZE infinity
load average:1,88 1,27 1,26

/proc/meminfo:
MemTotal:        3943432 kB
MemFree:          121476 kB
MemAvailable:      89696 kB
Buffers:            3392 kB
Cached:           379408 kB
SwapCached:        13460 kB
Active:          2956328 kB
Inactive:         654300 kB
Active(anon):    2894792 kB
Inactive(anon):   579568 kB
Active(file):      61536 kB
Inactive(file):    74732 kB
Unevictable:           0 kB
Mlocked:               0 kB
SwapTotal:       2929660 kB
SwapFree:        2401020 kB
Dirty:               376 kB
Writeback:             0 kB
AnonPages:       3225668 kB
Mapped:           248240 kB
Shmem:            246520 kB
Slab:              94664 kB
SReclaimable:      48712 kB
SUnreclaim:        45952 kB
KernelStack:       13712 kB
PageTables:        50340 kB
NFS_Unstable:          0 kB
Bounce:                0 kB
WritebackTmp:          0 kB
CommitLimit:     4901376 kB
Committed_AS:    8011156 kB
VmallocTotal:   34359738367 kB
VmallocUsed:           0 kB
VmallocChunk:          0 kB
HardwareCorrupted:     0 kB
AnonHugePages:         0 kB
ShmemHugePages:        0 kB
ShmemPmdMapped:        0 kB
CmaTotal:              0 kB
CmaFree:               0 kB
HugePages_Total:       0
HugePages_Free:        0
HugePages_Rsvd:        0
HugePages_Surp:        0
Hugepagesize:       2048 kB
DirectMap4k:      165952 kB
DirectMap2M:     3932160 kB

container (cgroup) information:
container_type: cgroupv1
cpu_cpuset_cpus: 0-1
cpu_memory_nodes: 0
active_processor_count: 2
cpu_quota: -1
cpu_period: 100000
cpu_shares: -1
memory_limit_in_bytes: -1
memory_and_swap_limit_in_bytes: -2
memory_soft_limit_in_bytes: -1
memory_usage_in_bytes: 3696570368
memory_max_usage_in_bytes: 0


CPU:total 2 (initial active 2) (2 cores per cpu, 1 threads per core) family 6 model 76 stepping 4, cmov, cx8, fxsr, mmx, sse, sse2, sse3, ssse3, sse4.1, sse4.2, popcnt, aes, clmul, erms, 3dnowpref, tsc, tscinvbit
CPU Model and flags from /proc/cpuinfo:
model name	: Intel(R) Celeron(R) CPU  N3060  @ 1.60GHz
flags		: fpu vme de pse tsc msr pae mce cx8 apic sep mtrr pge mca cmov pat pse36 clflush dts acpi mmx fxsr sse sse2 ss ht tm pbe syscall nx rdtscp lm constant_tsc arch_perfmon pebs bts rep_good nopl xtopology tsc_reliable nonstop_tsc cpuid aperfmperf tsc_known_freq pni pclmulqdq dtes64 monitor ds_cpl vmx est tm2 ssse3 cx16 xtpr pdcm sse4_1 sse4_2 movbe popcnt tsc_deadline_timer aes rdrand lahf_lm 3dnowprefetch epb pti ibrs ibpb stibp tpr_shadow vnmi flexpriority ept vpid tsc_adjust smep erms dtherm ida arat

Memory: 4k page, physical 3943432k(121476k free), swap 2929660k(2401020k free)

vm_info: OpenJDK 64-Bit Server VM (10.0.2+13-Ubuntu-1ubuntu0.18.04.4) for linux-amd64 JRE (10.0.2+13-Ubuntu-1ubuntu0.18.04.4), built on Nov 13 2018 12:53:39 by "buildd" with gcc 7.3.0

END.
