#
# A fatal error has been detected by the Java Runtime Environment:
#
#  SIGSEGV (0xb) at pc=0x00007fbcfb98ecd4, pid=3703, tid=3740
#
# JRE version: OpenJDK Runtime Environment (10.0.2+13) (build 10.0.2+13-Ubuntu-1ubuntu0.18.04.4)
# Java VM: OpenJDK 64-Bit Server VM (10.0.2+13-Ubuntu-1ubuntu0.18.04.4, mixed mode, tiered, compressed oops, g1 gc, linux-amd64)
# Problematic frame:
# C  [libc.so.6+0x97cd4]  cfree+0x384
#
# Core dump will be written. Default location: Core dumps may be processed with "/usr/share/apport/apport %p %s %c %d %P" (or dumping to /home/peter/NetBeansProjects/Linux_LibUsb_over_JNA/core.3703)
#
# If you would like to submit a bug report, please visit:
#   http://bugreport.java.com/bugreport/crash.jsp
#

---------------  S U M M A R Y ------------

Command Line: humer.peter.jna_libusb_project.Main

Host: Intel(R) Celeron(R) CPU  N3060  @ 1.60GHz, 2 cores, 3G, Linux Mint 19 Tara
Time: Tue Nov  5 18:12:37 2019 CET elapsed time: 14 seconds (0d 0h 0m 14s)

---------------  T H R E A D  ---------------

Current thread is native thread

Stack: [0x00007fbc95399000,0x00007fbc9549a000],  sp=0x00007fbc95498d50,  free space=1023k
Native frames: (J=compiled Java code, A=aot compiled Java code, j=interpreted, Vv=VM code, C=native code)
C  [libc.so.6+0x97cd4]  cfree+0x384

[error occurred during error reporting (printing native stack), id 0xb]


siginfo: si_signo: 11 (SIGSEGV), si_code: 128 (SI_KERNEL), si_addr: 0x0000000000000000

Register to memory mapping:

RAX=
[error occurred during error reporting (printing register info), id 0xb]

Registers:
RAX=0xcc3dbd3b39ab8c0c, RBX=0x00007fbcb8000020, RCX=0x00000000000001c0, RDX=0x000000000024be0a
RSP=0x00007fbc95498d50, RBP=0x0000000000000000, RSI=0x0000000000006011, RDI=0x00007fbcb8258460
R8 =0x0000000000000000, R9 =0x0000000000000000, R10=0x0000000000000008, R11=0x0000000000000246
R12=0x00007fbcb8258460, R13=0x00007fbcb8252440, R14=0x0000000000006c30, R15=0x00007fbcb8259070
RIP=0x00007fbcfb98ecd4, EFLAGS=0x0000000000010246, CSGSFS=0x002b000000000033, ERR=0x0000000000000000
  TRAPNO=0x000000000000000d

Top of Stack: (sp=0x00007fbc95498d50)
0x00007fbc95498d50:   00007fbcfb2ae7f4 00007fbcb8258800
0x00007fbc95498d60:   0000000000000000 00007fbcb8258800
0x00007fbc95498d70:   00007fbcfb2ae7f4 1911a75a955abc00
0x00007fbc95498d80:   00007fbc95498db0 00007fbcf400df50 

Instructions: (pc=0x00007fbcfb98ecd4)
0x00007fbcfb98ecb4:   01 c6 49 8b 75 08 48 89 f0 48 83 e0 f8 49 3b 44
0x00007fbcfb98ecc4:   05 00 0f 85 87 04 00 00 49 8b 45 10 49 8b 55 18
0x00007fbcfb98ecd4:   4c 3b 68 18 0f 85 50 04 00 00 4c 3b 6a 10 0f 85
0x00007fbcfb98ece4:   46 04 00 00 48 81 fe ff 03 00 00 48 89 50 18 48 


---------------  P R O C E S S  ---------------

VM state:not at safepoint (normal execution)

VM Mutex/Monitor currently owned by a thread: None

Heap address: 0x00000000c3c00000, size: 964 MB, Compressed Oops mode: 32-bit
Narrow klass base: 0x0000000000000000, Narrow klass shift: 3
Compressed class space size: 1073741824 Address: 0x0000000100000000

Heap:
 garbage-first heap   total 63488K, used 6350K [0x00000000c3c00000, 0x0000000100000000)
  region size 1024K, 4 young (4096K), 2 survivors (2048K)
 Metaspace       used 23214K, capacity 23843K, committed 24320K, reserved 1071104K
  class space    used 2411K, capacity 2690K, committed 2816K, reserved 1048576K
Heap Regions: E=young(eden), S=young(survivor), O=old, HS=humongous(starts), HC=humongous(continues), CS=collection set, F=free, A=archive, TS=gc time stamp, AC=allocation context, TAMS=top-at-mark-start (previous, next)
|   0|0x00000000c3c00000, 0x00000000c3d00000, 0x00000000c3d00000|100%| O|  |TS  0|AC  0|TAMS 0x00000000c3d00000, 0x00000000c3d00000|
|   1|0x00000000c3d00000, 0x00000000c3e00000, 0x00000000c3e00000|100%| O|  |TS  0|AC  0|TAMS 0x00000000c3e00000, 0x00000000c3e00000|
|   2|0x00000000c3e00000, 0x00000000c3f00000, 0x00000000c3f00000|100%| O|  |TS  1|AC  0|TAMS 0x00000000c3e15808, 0x00000000c3e15808|
|   3|0x00000000c3f00000, 0x00000000c4000000, 0x00000000c4000000|100%| O|  |TS  1|AC  0|TAMS 0x00000000c3f00000, 0x00000000c3f00000|
|   4|0x00000000c4000000, 0x00000000c400e400, 0x00000000c4100000|  5%| O|  |TS  1|AC  0|TAMS 0x00000000c4000000, 0x00000000c4000000|
|   5|0x00000000c4100000, 0x00000000c4100000, 0x00000000c4200000|  0%| F|  |TS  0|AC  0|TAMS 0x00000000c4100000, 0x00000000c4100000|
|   6|0x00000000c4200000, 0x00000000c4200000, 0x00000000c4300000|  0%| F|  |TS  0|AC  0|TAMS 0x00000000c4200000, 0x00000000c4200000|
|   7|0x00000000c4300000, 0x00000000c4300000, 0x00000000c4400000|  0%| F|  |TS  0|AC  0|TAMS 0x00000000c4300000, 0x00000000c4300000|
|   8|0x00000000c4400000, 0x00000000c4400000, 0x00000000c4500000|  0%| F|  |TS  0|AC  0|TAMS 0x00000000c4400000, 0x00000000c4400000|
|   9|0x00000000c4500000, 0x00000000c4500000, 0x00000000c4600000|  0%| F|  |TS  0|AC  0|TAMS 0x00000000c4500000, 0x00000000c4500000|
|  10|0x00000000c4600000, 0x00000000c4600000, 0x00000000c4700000|  0%| F|  |TS  0|AC  0|TAMS 0x00000000c4600000, 0x00000000c4600000|
|  11|0x00000000c4700000, 0x00000000c4700000, 0x00000000c4800000|  0%| F|  |TS  0|AC  0|TAMS 0x00000000c4700000, 0x00000000c4700000|
|  12|0x00000000c4800000, 0x00000000c4800000, 0x00000000c4900000|  0%| F|  |TS  0|AC  0|TAMS 0x00000000c4800000, 0x00000000c4800000|
|  13|0x00000000c4900000, 0x00000000c4900000, 0x00000000c4a00000|  0%| F|  |TS  0|AC  0|TAMS 0x00000000c4900000, 0x00000000c4900000|
|  14|0x00000000c4a00000, 0x00000000c4a00000, 0x00000000c4b00000|  0%| F|  |TS  0|AC  0|TAMS 0x00000000c4a00000, 0x00000000c4a00000|
|  15|0x00000000c4b00000, 0x00000000c4b00000, 0x00000000c4c00000|  0%| F|  |TS  0|AC  0|TAMS 0x00000000c4b00000, 0x00000000c4b00000|
|  16|0x00000000c4c00000, 0x00000000c4c00000, 0x00000000c4d00000|  0%| F|  |TS  0|AC  0|TAMS 0x00000000c4c00000, 0x00000000c4c00000|
|  17|0x00000000c4d00000, 0x00000000c4d00000, 0x00000000c4e00000|  0%| F|  |TS  0|AC  0|TAMS 0x00000000c4d00000, 0x00000000c4d00000|
|  18|0x00000000c4e00000, 0x00000000c4e00000, 0x00000000c4f00000|  0%| F|  |TS  0|AC  0|TAMS 0x00000000c4e00000, 0x00000000c4e00000|
|  19|0x00000000c4f00000, 0x00000000c4f00000, 0x00000000c5000000|  0%| F|  |TS  0|AC  0|TAMS 0x00000000c4f00000, 0x00000000c4f00000|
|  20|0x00000000c5000000, 0x00000000c5000000, 0x00000000c5100000|  0%| F|  |TS  0|AC  0|TAMS 0x00000000c5000000, 0x00000000c5000000|
|  21|0x00000000c5100000, 0x00000000c5100000, 0x00000000c5200000|  0%| F|  |TS  0|AC  0|TAMS 0x00000000c5100000, 0x00000000c5100000|
|  22|0x00000000c5200000, 0x00000000c5200000, 0x00000000c5300000|  0%| F|  |TS  0|AC  0|TAMS 0x00000000c5200000, 0x00000000c5200000|
|  23|0x00000000c5300000, 0x00000000c5300000, 0x00000000c5400000|  0%| F|  |TS  0|AC  0|TAMS 0x00000000c5300000, 0x00000000c5300000|
|  24|0x00000000c5400000, 0x00000000c5400000, 0x00000000c5500000|  0%| F|  |TS  0|AC  0|TAMS 0x00000000c5400000, 0x00000000c5400000|
|  25|0x00000000c5500000, 0x00000000c5500000, 0x00000000c5600000|  0%| F|  |TS  0|AC  0|TAMS 0x00000000c5500000, 0x00000000c5500000|
|  26|0x00000000c5600000, 0x00000000c5600000, 0x00000000c5700000|  0%| F|  |TS  0|AC  0|TAMS 0x00000000c5600000, 0x00000000c5600000|
|  27|0x00000000c5700000, 0x00000000c5700000, 0x00000000c5800000|  0%| F|  |TS  0|AC  0|TAMS 0x00000000c5700000, 0x00000000c5700000|
|  28|0x00000000c5800000, 0x00000000c5800000, 0x00000000c5900000|  0%| F|  |TS  0|AC  0|TAMS 0x00000000c5800000, 0x00000000c5800000|
|  29|0x00000000c5900000, 0x00000000c5900000, 0x00000000c5a00000|  0%| F|  |TS  0|AC  0|TAMS 0x00000000c5900000, 0x00000000c5900000|
|  30|0x00000000c5a00000, 0x00000000c5a00000, 0x00000000c5b00000|  0%| F|  |TS  0|AC  0|TAMS 0x00000000c5a00000, 0x00000000c5a00000|
|  31|0x00000000c5b00000, 0x00000000c5b00000, 0x00000000c5c00000|  0%| F|  |TS  0|AC  0|TAMS 0x00000000c5b00000, 0x00000000c5b00000|
|  32|0x00000000c5c00000, 0x00000000c5c00000, 0x00000000c5d00000|  0%| F|  |TS  0|AC  0|TAMS 0x00000000c5c00000, 0x00000000c5c00000|
|  33|0x00000000c5d00000, 0x00000000c5d00000, 0x00000000c5e00000|  0%| F|  |TS  0|AC  0|TAMS 0x00000000c5d00000, 0x00000000c5d00000|
|  34|0x00000000c5e00000, 0x00000000c5e00000, 0x00000000c5f00000|  0%| F|  |TS  0|AC  0|TAMS 0x00000000c5e00000, 0x00000000c5e00000|
|  35|0x00000000c5f00000, 0x00000000c5f00000, 0x00000000c6000000|  0%| F|  |TS  0|AC  0|TAMS 0x00000000c5f00000, 0x00000000c5f00000|
|  36|0x00000000c6000000, 0x00000000c6000000, 0x00000000c6100000|  0%| F|  |TS  0|AC  0|TAMS 0x00000000c6000000, 0x00000000c6000000|
|  37|0x00000000c6100000, 0x00000000c6100000, 0x00000000c6200000|  0%| F|  |TS  0|AC  0|TAMS 0x00000000c6100000, 0x00000000c6100000|
|  38|0x00000000c6200000, 0x00000000c6200000, 0x00000000c6300000|  0%| F|  |TS  0|AC  0|TAMS 0x00000000c6200000, 0x00000000c6200000|
|  39|0x00000000c6300000, 0x00000000c6300000, 0x00000000c6400000|  0%| F|  |TS  0|AC  0|TAMS 0x00000000c6300000, 0x00000000c6300000|
|  40|0x00000000c6400000, 0x00000000c6400000, 0x00000000c6500000|  0%| F|  |TS  0|AC  0|TAMS 0x00000000c6400000, 0x00000000c6400000|
|  41|0x00000000c6500000, 0x00000000c6500000, 0x00000000c6600000|  0%| F|  |TS  0|AC  0|TAMS 0x00000000c6500000, 0x00000000c6500000|
|  42|0x00000000c6600000, 0x00000000c6600000, 0x00000000c6700000|  0%| F|  |TS  0|AC  0|TAMS 0x00000000c6600000, 0x00000000c6600000|
|  43|0x00000000c6700000, 0x00000000c6700000, 0x00000000c6800000|  0%| F|  |TS  0|AC  0|TAMS 0x00000000c6700000, 0x00000000c6700000|
|  44|0x00000000c6800000, 0x00000000c68255b8, 0x00000000c6900000| 14%| S|CS|TS  1|AC  0|TAMS 0x00000000c6800000, 0x00000000c6800000|
|  45|0x00000000c6900000, 0x00000000c6a00000, 0x00000000c6a00000|100%| S|CS|TS  1|AC  0|TAMS 0x00000000c6900000, 0x00000000c6900000|
|  46|0x00000000c6a00000, 0x00000000c6a00000, 0x00000000c6b00000|  0%| F|  |TS  1|AC  0|TAMS 0x00000000c6a00000, 0x00000000c6a00000|
|  47|0x00000000c6b00000, 0x00000000c6b00000, 0x00000000c6c00000|  0%| F|  |TS  1|AC  0|TAMS 0x00000000c6b00000, 0x00000000c6b00000|
|  48|0x00000000c6c00000, 0x00000000c6c00000, 0x00000000c6d00000|  0%| F|  |TS  1|AC  0|TAMS 0x00000000c6c00000, 0x00000000c6c00000|
|  49|0x00000000c6d00000, 0x00000000c6d00000, 0x00000000c6e00000|  0%| F|  |TS  1|AC  0|TAMS 0x00000000c6d00000, 0x00000000c6d00000|
|  50|0x00000000c6e00000, 0x00000000c6e00000, 0x00000000c6f00000|  0%| F|  |TS  1|AC  0|TAMS 0x00000000c6e00000, 0x00000000c6e00000|
|  51|0x00000000c6f00000, 0x00000000c6f00000, 0x00000000c7000000|  0%| F|  |TS  1|AC  0|TAMS 0x00000000c6f00000, 0x00000000c6f00000|
|  52|0x00000000c7000000, 0x00000000c7000000, 0x00000000c7100000|  0%| F|  |TS  1|AC  0|TAMS 0x00000000c7000000, 0x00000000c7000000|
|  53|0x00000000c7100000, 0x00000000c7100000, 0x00000000c7200000|  0%| F|  |TS  1|AC  0|TAMS 0x00000000c7100000, 0x00000000c7100000|
|  54|0x00000000c7200000, 0x00000000c7200000, 0x00000000c7300000|  0%| F|  |TS  1|AC  0|TAMS 0x00000000c7200000, 0x00000000c7200000|
|  55|0x00000000c7300000, 0x00000000c7300000, 0x00000000c7400000|  0%| F|  |TS  1|AC  0|TAMS 0x00000000c7300000, 0x00000000c7300000|
|  56|0x00000000c7400000, 0x00000000c7400000, 0x00000000c7500000|  0%| F|  |TS  1|AC  0|TAMS 0x00000000c7400000, 0x00000000c7400000|
|  57|0x00000000c7500000, 0x00000000c7500000, 0x00000000c7600000|  0%| F|  |TS  1|AC  0|TAMS 0x00000000c7500000, 0x00000000c7500000|
|  58|0x00000000c7600000, 0x00000000c7600000, 0x00000000c7700000|  0%| F|  |TS  1|AC  0|TAMS 0x00000000c7600000, 0x00000000c7600000|
|  59|0x00000000c7700000, 0x00000000c7700000, 0x00000000c7800000|  0%| F|  |TS  1|AC  0|TAMS 0x00000000c7700000, 0x00000000c7700000|
|  60|0x00000000c7800000, 0x00000000c7858e98, 0x00000000c7900000| 34%| E|  |TS  1|AC  0|TAMS 0x00000000c7800000, 0x00000000c7800000|
|  61|0x00000000c7900000, 0x00000000c7a00000, 0x00000000c7a00000|100%| E|CS|TS  1|AC  0|TAMS 0x00000000c7900000, 0x00000000c7900000|

Card table byte_map: [0x00007fbcdb55f000,0x00007fbcdb741000] byte_map_base: 0x00007fbcdaf41000

Marking Bits (Prev, Next): (CMBitMap*) 0x00007fbcf403f738, (CMBitMap*) 0x00007fbcf403f700
 Prev Bits: [0x00007fbcd955d000, 0x00007fbcda46d000)
 Next Bits: [0x00007fbcda46d000, 0x00007fbcdb37d000)

Polling page: 0x00007fbcfc11b000

CodeHeap 'non-profiled nmethods': size=120036Kb used=784Kb max_used=784Kb free=119251Kb
 bounds [0x00007fbce35ec000, 0x00007fbce385c000, 0x00007fbceab25000]
CodeHeap 'profiled nmethods': size=120032Kb used=3910Kb max_used=3910Kb free=116121Kb
 bounds [0x00007fbcdc0b4000, 0x00007fbcdc494000, 0x00007fbce35ec000]
CodeHeap 'non-nmethods': size=5692Kb used=1268Kb max_used=1294Kb free=4423Kb
 bounds [0x00007fbcdbb25000, 0x00007fbcdbd95000, 0x00007fbcdc0b4000]
 total_blobs=3084 nmethods=2006 adapters=640
 compilation: enabled

Compilation events (10 events):
Event: 10,409 Thread 0x00007fbcf40f9800 1889       4       com.sun.jna.Pointer::hashCode (18 bytes)
Event: 10,410 Thread 0x00007fbcf40f9800 nmethod 1889 0x00007fbce36aff10 code [0x00007fbce36b00a0, 0x00007fbce36b0118]
Event: 11,139 Thread 0x00007fbcf40fb800 2012       3       sun.awt.X11.XEvent::get_xmotion (22 bytes)
Event: 11,143 Thread 0x00007fbcf40fb800 nmethod 2012 0x00007fbcdc483810 code [0x00007fbcdc483a20, 0x00007fbcdc484078]
Event: 11,143 Thread 0x00007fbcf40fb800 2013       3       sun.awt.X11.XMotionEvent::<init> (30 bytes)
Event: 11,148 Thread 0x00007fbcf40fb800 nmethod 2013 0x00007fbcdc484290 code [0x00007fbcdc484480, 0x00007fbcdc484888]
Event: 11,150 Thread 0x00007fbcf40fb800 2014       3       sun.awt.X11.XMotionEvent::get_x_root (20 bytes)
Event: 11,151 Thread 0x00007fbcf40fb800 nmethod 2014 0x00007fbcdc484a10 code [0x00007fbcdc484c00, 0x00007fbcdc484fc8]
Event: 11,151 Thread 0x00007fbcf40fb800 2015       3       sun.awt.X11.XMotionEvent::get_y_root (20 bytes)
Event: 11,151 Thread 0x00007fbcf40fb800 nmethod 2015 0x00007fbcdc485190 code [0x00007fbcdc485380, 0x00007fbcdc485748]

GC Heap History (8 events):
Event: 1,524 GC heap before
{Heap before GC invocations=0 (full 0):
 garbage-first heap   total 63488K, used 7168K [0x00000000c3c00000, 0x0000000100000000)
  region size 1024K, 7 young (7168K), 0 survivors (0K)
 Metaspace       used 11400K, capacity 11758K, committed 12032K, reserved 1060864K
  class space    used 1071K, capacity 1262K, committed 1280K, reserved 1048576K
}
Event: 1,543 GC heap after
{Heap after GC invocations=1 (full 0):
 garbage-first heap   total 63488K, used 2024K [0x00000000c3c00000, 0x0000000100000000)
  region size 1024K, 1 young (1024K), 1 survivors (1024K)
 Metaspace       used 11400K, capacity 11758K, committed 12032K, reserved 1060864K
  class space    used 1071K, capacity 1262K, committed 1280K, reserved 1048576K
}
Event: 1,918 GC heap before
{Heap before GC invocations=1 (full 0):
 garbage-first heap   total 63488K, used 6120K [0x00000000c3c00000, 0x0000000100000000)
  region size 1024K, 5 young (5120K), 1 survivors (1024K)
 Metaspace       used 12263K, capacity 12771K, committed 13056K, reserved 1060864K
  class space    used 1186K, capacity 1433K, committed 1536K, reserved 1048576K
}
Event: 1,967 GC heap after
{Heap after GC invocations=2 (full 0):
 garbage-first heap   total 63488K, used 2667K [0x00000000c3c00000, 0x0000000100000000)
  region size 1024K, 1 young (1024K), 1 survivors (1024K)
 Metaspace       used 12263K, capacity 12771K, committed 13056K, reserved 1060864K
  class space    used 1186K, capacity 1433K, committed 1536K, reserved 1048576K
}
Event: 5,291 GC heap before
{Heap before GC invocations=2 (full 0):
 garbage-first heap   total 63488K, used 8811K [0x00000000c3c00000, 0x0000000100000000)
  region size 1024K, 8 young (8192K), 1 survivors (1024K)
 Metaspace       used 20522K, capacity 21011K, committed 21296K, reserved 1069056K
  class space    used 2165K, capacity 2432K, committed 2432K, reserved 1048576K
}
Event: 5,329 GC heap after
{Heap after GC invocations=3 (full 0):
 garbage-first heap   total 63488K, used 4182K [0x00000000c3c00000, 0x0000000100000000)
  region size 1024K, 2 young (2048K), 2 survivors (2048K)
 Metaspace       used 20522K, capacity 21011K, committed 21296K, reserved 1069056K
  class space    used 2165K, capacity 2432K, committed 2432K, reserved 1048576K
}
Event: 10,227 GC heap before
{Heap before GC invocations=4 (full 0):
 garbage-first heap   total 63488K, used 18518K [0x00000000c3c00000, 0x0000000100000000)
  region size 1024K, 16 young (16384K), 2 survivors (2048K)
 Metaspace       used 23197K, capacity 23837K, committed 24320K, reserved 1071104K
  class space    used 2410K, capacity 2689K, committed 2816K, reserved 1048576K
}
Event: 10,241 GC heap after
{Heap after GC invocations=5 (full 0):
 garbage-first heap   total 63488K, used 5326K [0x00000000c3c00000, 0x0000000100000000)
  region size 1024K, 2 young (2048K), 2 survivors (2048K)
 Metaspace       used 23197K, capacity 23837K, committed 24320K, reserved 1071104K
  class space    used 2410K, capacity 2689K, committed 2816K, reserved 1048576K
}

Deoptimization events (10 events):
Event: 4,993 Thread 0x00007fbcf44e3800 Uncommon trap: reason=bimorphic_or_optimized_type_check action=maybe_recompile pc=0x00007fbce3655e64 method=java.util.HashMap.putVal(ILjava/lang/Object;Ljava/lang/Object;ZZ)Ljava/lang/Object; @ 253 c2
Event: 4,993 Thread 0x00007fbcf44e3800 Uncommon trap: reason=bimorphic_or_optimized_type_check action=maybe_recompile pc=0x00007fbce3655e64 method=java.util.HashMap.putVal(ILjava/lang/Object;Ljava/lang/Object;ZZ)Ljava/lang/Object; @ 253 c2
Event: 5,085 Thread 0x00007fbcf44e3800 Uncommon trap: reason=unstable_if action=reinterpret pc=0x00007fbce3608b20 method=java.lang.StringLatin1.replace([BCC)Ljava/lang/String; @ 19 c2
Event: 5,087 Thread 0x00007fbcf44e3800 Uncommon trap: reason=unstable_if action=reinterpret pc=0x00007fbce361b924 method=jdk.internal.org.objectweb.asm.Type.getArgumentsAndReturnSizes(Ljava/lang/String;)I @ 88 c2
Event: 5,255 Thread 0x00007fbcf44e3800 Uncommon trap: reason=unstable_if action=reinterpret pc=0x00007fbce366c4f0 method=java.lang.AbstractStringBuilder.append(Ljava/lang/String;)Ljava/lang/AbstractStringBuilder; @ 1 c2
Event: 5,393 Thread 0x00007fbcf44e3800 Uncommon trap: reason=unstable_if action=reinterpret pc=0x00007fbce3614b08 method=jdk.internal.org.objectweb.asm.Frame.execute(IILjdk/internal/org/objectweb/asm/ClassWriter;Ljdk/internal/org/objectweb/asm/Item;)V @ 2219 c2
Event: 5,750 Thread 0x00007fbcf44e3800 Uncommon trap: reason=unstable_if action=reinterpret pc=0x00007fbce35f538c method=java.lang.String.isLatin1()Z @ 10 c2
Event: 5,981 Thread 0x00007fbcf44e3800 Uncommon trap: reason=unstable_if action=reinterpret pc=0x00007fbce3661990 method=sun.java2d.marlin.MarlinCache.copyAARowRLE_WithBlockFlags([I[IIII)V @ 462 c2
Event: 10,145 Thread 0x00007fbcf44e3800 Uncommon trap: reason=null_check action=make_not_entrant pc=0x00007fbce36a6660 method=com.sun.jna.Native.getNativeSize(Ljava/lang/Class;Ljava/lang/Object;)I @ 64 c2
Event: 10,246 Thread 0x00007fbcf44e3800 Uncommon trap: reason=null_check action=make_not_entrant pc=0x00007fbce36a96ac method=com.sun.jna.Native.getNativeSize(Ljava/lang/Class;)I @ 4 c2

Classes redefined (0 events):
No events

Internal exceptions (10 events):
Event: 5,088 Thread 0x00007fbcf44e3800 Exception <a 'java/lang/NoSuchMethodError'{0x00000000c73b3870}: java.lang.invoke.DirectMethodHandle$Holder.invokeStatic(Ljava/lang/Object;Ljava/lang/Object;Ljava/lang/Object;I)Ljava/lang/Object;> (0x00000000c73b3870) thrown at [/build/openjdk-lts-Ae5PRQ/o
Event: 5,094 Thread 0x00007fbcf44e3800 Exception <a 'java/lang/NoSuchMethodError'{0x00000000c73b76c8}: java.lang.invoke.DirectMethodHandle$Holder.invokeSpecial(Ljava/lang/Object;Ljava/lang/Object;Ljava/lang/Object;Ljava/lang/Object;I)Ljava/lang/Object;> (0x00000000c73b76c8) thrown at [/build/o
Event: 5,255 Thread 0x00007fbcf44e3800 Implicit null exception at 0x00007fbce366bff3 to 0x00007fbce366c4da
Event: 5,284 Thread 0x00007fbcf44e3800 Exception <a 'java/lang/NoSuchMethodError'{0x00000000c7258bd0}: method resolution failed> (0x00000000c7258bd0) thrown at [/build/openjdk-lts-Ae5PRQ/openjdk-lts-10.0.2+13/src/hotspot/share/prims/methodHandles.cpp, line 1226]
Event: 5,376 Thread 0x00007fbcf44e3800 Exception <a 'java/lang/NoSuchMethodError'{0x00000000c79127f8}: java.lang.invoke.DirectMethodHandle$Holder.invokeStatic(Ljava/lang/Object;Ljava/lang/Object;)I> (0x00000000c79127f8) thrown at [/build/openjdk-lts-Ae5PRQ/openjdk-lts-10.0.2+13/src/hotspot/sha
Event: 5,391 Thread 0x00007fbcf44e3800 Exception <a 'java/lang/NoSuchMethodError'{0x00000000c791f9b8}: java.lang.Object.of([Ljava/lang/Object;)Ljava/util/stream/Stream;> (0x00000000c791f9b8) thrown at [/build/openjdk-lts-Ae5PRQ/openjdk-lts-10.0.2+13/src/hotspot/share/interpreter/linkResolver.c
Event: 5,675 Thread 0x00007fbcf44e3800 Exception <a 'java/lang/ClassNotFoundException'{0x00000000c78b4038}: sun/util/logging/resources/spi/loggingProvider> (0x00000000c78b4038) thrown at [/build/openjdk-lts-Ae5PRQ/openjdk-lts-10.0.2+13/src/hotspot/share/classfile/systemDictionary.cpp, line 233
Event: 5,700 Thread 0x00007fbcf44e3800 Exception <a 'java/lang/NoSuchMethodError'{0x00000000c78c6b38}: java.lang.Object.lambda$union$2(Ljava/util/regex/Pattern$CharPredicate;I)Z> (0x00000000c78c6b38) thrown at [/build/openjdk-lts-Ae5PRQ/openjdk-lts-10.0.2+13/src/hotspot/share/interpreter/linkR
Event: 10,145 Thread 0x00007fbcf44e3800 Implicit null exception at 0x00007fbce36a56f3 to 0x00007fbce36a664a
Event: 10,246 Thread 0x00007fbcf44e3800 Implicit null exception at 0x00007fbce36a838d to 0x00007fbce36a9696

Events (10 events):
Event: 10,261 Executing VM operation: RevokeBias done
Event: 10,262 Executing VM operation: RevokeBias
Event: 10,262 Executing VM operation: RevokeBias done
Event: 10,263 Executing VM operation: RevokeBias
Event: 10,263 Executing VM operation: RevokeBias done
Event: 10,278 Executing VM operation: RevokeBias
Event: 10,283 Executing VM operation: RevokeBias done
Event: 14,575 Executing VM operation: RevokeBias
Event: 14,575 Executing VM operation: RevokeBias done
Event: 14,575 Thread 0x00007fbcb8258800 Thread exited: 0x00007fbcb8258800


Dynamic libraries:
c3c00000-c7a00000 rw-p 00000000 00:00 0 
c7a00000-100000000 ---p 00000000 00:00 0 
100000000-1002c0000 rw-p 00000000 00:00 0 
1002c0000-140000000 ---p 00000000 00:00 0 
565083149000-56508314a000 r-xp 00000000 08:07 3281594                    /usr/lib/jvm/java-11-openjdk-amd64/bin/java
56508334a000-56508334b000 r--p 00001000 08:07 3281594                    /usr/lib/jvm/java-11-openjdk-amd64/bin/java
56508334b000-56508334c000 rw-p 00002000 08:07 3281594                    /usr/lib/jvm/java-11-openjdk-amd64/bin/java
56508442f000-565084450000 rw-p 00000000 00:00 0                          [heap]
7fbc95399000-7fbc9539d000 ---p 00000000 00:00 0 
7fbc9539d000-7fbc9559a000 rw-p 00000000 00:00 0 
7fbc9559a000-7fbc9569a000 ---p 00000000 00:00 0 
7fbc9569a000-7fbc9569b000 ---p 00000000 00:00 0 
7fbc9569b000-7fbc95e9b000 rw-p 00000000 00:00 0 
7fbc95e9b000-7fbc95eb8000 r-xp 00000000 08:07 1973216                    /lib/x86_64-linux-gnu/libudev.so.1.6.9
7fbc95eb8000-7fbc960b7000 ---p 0001d000 08:07 1973216                    /lib/x86_64-linux-gnu/libudev.so.1.6.9
7fbc960b7000-7fbc960b8000 r--p 0001c000 08:07 1973216                    /lib/x86_64-linux-gnu/libudev.so.1.6.9
7fbc960b8000-7fbc960b9000 rw-p 0001d000 08:07 1973216                    /lib/x86_64-linux-gnu/libudev.so.1.6.9
7fbc960b9000-7fbc960d0000 r-xp 00000000 08:07 1970999                    /lib/x86_64-linux-gnu/libusb-1.0.so.0.1.0
7fbc960d0000-7fbc962cf000 ---p 00017000 08:07 1970999                    /lib/x86_64-linux-gnu/libusb-1.0.so.0.1.0
7fbc962cf000-7fbc962d0000 r--p 00016000 08:07 1970999                    /lib/x86_64-linux-gnu/libusb-1.0.so.0.1.0
7fbc962d0000-7fbc962d1000 rw-p 00017000 08:07 1970999                    /lib/x86_64-linux-gnu/libusb-1.0.so.0.1.0
7fbc962d1000-7fbc964d1000 rw-p 00000000 00:00 0 
7fbc964d1000-7fbc964e9000 r-xp 00000000 08:07 7739869                    /home/peter/.cache/JNA/temp/jna1842339851271507895.tmp (deleted)
7fbc964e9000-7fbc966e9000 ---p 00018000 08:07 7739869                    /home/peter/.cache/JNA/temp/jna1842339851271507895.tmp (deleted)
7fbc966e9000-7fbc966ea000 rw-p 00018000 08:07 7739869                    /home/peter/.cache/JNA/temp/jna1842339851271507895.tmp (deleted)
7fbc966ea000-7fbc966ee000 ---p 00000000 00:00 0 
7fbc966ee000-7fbc969eb000 rw-p 00000000 00:00 0 
7fbc969eb000-7fbc969ef000 ---p 00000000 00:00 0 
7fbc969ef000-7fbc96cec000 rw-p 00000000 00:00 0 
7fbc96cec000-7fbc96cf0000 ---p 00000000 00:00 0 
7fbc96cf0000-7fbc96ded000 rw-p 00000000 00:00 0 
7fbc96ded000-7fbc96df1000 ---p 00000000 00:00 0 
7fbc96df1000-7fbc970ee000 rw-p 00000000 00:00 0 
7fbc970ee000-7fbc972ee000 rw-p 00000000 00:00 0 
7fbc972ee000-7fbc972f2000 ---p 00000000 00:00 0 
7fbc972f2000-7fbc973ef000 rw-p 00000000 00:00 0 
7fbc973ef000-7fbc973f4000 r-xp 00000000 08:07 3284531                    /usr/lib/x86_64-linux-gnu/libXfixes.so.3.1.0
7fbc973f4000-7fbc975f3000 ---p 00005000 08:07 3284531                    /usr/lib/x86_64-linux-gnu/libXfixes.so.3.1.0
7fbc975f3000-7fbc975f4000 r--p 00004000 08:07 3284531                    /usr/lib/x86_64-linux-gnu/libXfixes.so.3.1.0
7fbc975f4000-7fbc975f5000 rw-p 00005000 08:07 3284531                    /usr/lib/x86_64-linux-gnu/libXfixes.so.3.1.0
7fbc975f5000-7fbc975fe000 r-xp 00000000 08:07 3284523                    /usr/lib/x86_64-linux-gnu/libXcursor.so.1.0.2
7fbc975fe000-7fbc977fd000 ---p 00009000 08:07 3284523                    /usr/lib/x86_64-linux-gnu/libXcursor.so.1.0.2
7fbc977fd000-7fbc977fe000 r--p 00008000 08:07 3284523                    /usr/lib/x86_64-linux-gnu/libXcursor.so.1.0.2
7fbc977fe000-7fbc977ff000 rw-p 00009000 08:07 3284523                    /usr/lib/x86_64-linux-gnu/libXcursor.so.1.0.2
7fbc977ff000-7fbc97800000 ---p 00000000 00:00 0 
7fbc97800000-7fbc98000000 rw-p 00000000 00:00 0 
7fbc98000000-7fbc98021000 rw-p 00000000 00:00 0 
7fbc98021000-7fbc9c000000 ---p 00000000 00:00 0 
7fbc9c0b4000-7fbc9c0b8000 ---p 00000000 00:00 0 
7fbc9c0b8000-7fbc9c0d6000 rw-p 00000000 00:00 0 
7fbc9c0d6000-7fbc9c0da000 ---p 00000000 00:00 0 
7fbc9c0da000-7fbc9c1d7000 rw-p 00000000 00:00 0 
7fbc9c1d7000-7fbc9c1d8000 ---p 00000000 00:00 0 
7fbc9c1d8000-7fbc9c9d8000 rw-p 00000000 00:00 0 
7fbc9c9d8000-7fbc9c9d9000 ---p 00000000 00:00 0 
7fbc9c9d9000-7fbc9d1d9000 rw-p 00000000 00:00 0 
7fbc9d1d9000-7fbc9d1e5000 r-xp 00000000 08:07 3671758                    /usr/lib/x86_64-linux-gnu/gio/modules/libdconfsettings.so
7fbc9d1e5000-7fbc9d3e4000 ---p 0000c000 08:07 3671758                    /usr/lib/x86_64-linux-gnu/gio/modules/libdconfsettings.so
7fbc9d3e4000-7fbc9d3e5000 r--p 0000b000 08:07 3671758                    /usr/lib/x86_64-linux-gnu/gio/modules/libdconfsettings.so
7fbc9d3e5000-7fbc9d3e6000 rw-p 0000c000 08:07 3671758                    /usr/lib/x86_64-linux-gnu/gio/modules/libdconfsettings.so
7fbc9d3e6000-7fbc9d3ec000 r-xp 00000000 08:07 1979063                    /lib/x86_64-linux-gnu/libuuid.so.1.3.0
7fbc9d3ec000-7fbc9d5eb000 ---p 00006000 08:07 1979063                    /lib/x86_64-linux-gnu/libuuid.so.1.3.0
7fbc9d5eb000-7fbc9d5ec000 r--p 00005000 08:07 1979063                    /lib/x86_64-linux-gnu/libuuid.so.1.3.0
7fbc9d5ec000-7fbc9d5ed000 rw-p 00006000 08:07 1979063                    /lib/x86_64-linux-gnu/libuuid.so.1.3.0
7fbc9d5ed000-7fbc9d634000 r-xp 00000000 08:07 1971002                    /lib/x86_64-linux-gnu/libblkid.so.1.1.0
7fbc9d634000-7fbc9d834000 ---p 00047000 08:07 1971002                    /lib/x86_64-linux-gnu/libblkid.so.1.1.0
7fbc9d834000-7fbc9d838000 r--p 00047000 08:07 1971002                    /lib/x86_64-linux-gnu/libblkid.so.1.1.0
7fbc9d838000-7fbc9d839000 rw-p 0004b000 08:07 1971002                    /lib/x86_64-linux-gnu/libblkid.so.1.1.0
7fbc9d839000-7fbc9d83a000 rw-p 00000000 00:00 0 
7fbc9d83a000-7fbc9d8aa000 r-xp 00000000 08:07 1970955                    /lib/x86_64-linux-gnu/libpcre.so.3.13.3
7fbc9d8aa000-7fbc9daaa000 ---p 00070000 08:07 1970955                    /lib/x86_64-linux-gnu/libpcre.so.3.13.3
7fbc9daaa000-7fbc9daab000 r--p 00070000 08:07 1970955                    /lib/x86_64-linux-gnu/libpcre.so.3.13.3
7fbc9daab000-7fbc9daac000 rw-p 00071000 08:07 1970955                    /lib/x86_64-linux-gnu/libpcre.so.3.13.3
7fbc9daac000-7fbc9dab3000 r-xp 00000000 08:07 3284907                    /usr/lib/x86_64-linux-gnu/libffi.so.6.0.4
7fbc9dab3000-7fbc9dcb2000 ---p 00007000 08:07 3284907                    /usr/lib/x86_64-linux-gnu/libffi.so.6.0.4
7fbc9dcb2000-7fbc9dcb3000 r--p 00006000 08:07 3284907                    /usr/lib/x86_64-linux-gnu/libffi.so.6.0.4
7fbc9dcb3000-7fbc9dcb4000 rw-p 00007000 08:07 3284907                    /usr/lib/x86_64-linux-gnu/libffi.so.6.0.4
7fbc9dcb4000-7fbc9dd05000 r-xp 00000000 08:07 1970866                    /lib/x86_64-linux-gnu/libmount.so.1.1.0
7fbc9dd05000-7fbc9df04000 ---p 00051000 08:07 1970866                    /lib/x86_64-linux-gnu/libmount.so.1.1.0
7fbc9df04000-7fbc9df06000 r--p 00050000 08:07 1970866                    /lib/x86_64-linux-gnu/libmount.so.1.1.0
7fbc9df06000-7fbc9df07000 rw-p 00052000 08:07 1970866                    /lib/x86_64-linux-gnu/libmount.so.1.1.0
7fbc9df07000-7fbc9df08000 rw-p 00000000 00:00 0 
7fbc9df08000-7fbc9df1f000 r-xp 00000000 08:07 1970972                    /lib/x86_64-linux-gnu/libresolv-2.27.so
7fbc9df1f000-7fbc9e11f000 ---p 00017000 08:07 1970972                    /lib/x86_64-linux-gnu/libresolv-2.27.so
7fbc9e11f000-7fbc9e120000 r--p 00017000 08:07 1970972                    /lib/x86_64-linux-gnu/libresolv-2.27.so
7fbc9e120000-7fbc9e121000 rw-p 00018000 08:07 1970972                    /lib/x86_64-linux-gnu/libresolv-2.27.so
7fbc9e121000-7fbc9e123000 rw-p 00000000 00:00 0 
7fbc9e123000-7fbc9e148000 r-xp 00000000 08:07 1970978                    /lib/x86_64-linux-gnu/libselinux.so.1
7fbc9e148000-7fbc9e347000 ---p 00025000 08:07 1970978                    /lib/x86_64-linux-gnu/libselinux.so.1
7fbc9e347000-7fbc9e348000 r--p 00024000 08:07 1970978                    /lib/x86_64-linux-gnu/libselinux.so.1
7fbc9e348000-7fbc9e349000 rw-p 00025000 08:07 1970978                    /lib/x86_64-linux-gnu/libselinux.so.1
7fbc9e349000-7fbc9e34b000 rw-p 00000000 00:00 0 
7fbc9e34b000-7fbc9e45e000 r-xp 00000000 08:07 3277285                    /usr/lib/x86_64-linux-gnu/libglib-2.0.so.0.5600.3
7fbc9e45e000-7fbc9e65e000 ---p 00113000 08:07 3277285                    /usr/lib/x86_64-linux-gnu/libglib-2.0.so.0.5600.3
7fbc9e65e000-7fbc9e65f000 r--p 00113000 08:07 3277285                    /usr/lib/x86_64-linux-gnu/libglib-2.0.so.0.5600.3
7fbc9e65f000-7fbc9e660000 rw-p 00114000 08:07 3277285                    /usr/lib/x86_64-linux-gnu/libglib-2.0.so.0.5600.3
7fbc9e660000-7fbc9e661000 rw-p 00000000 00:00 0 
7fbc9e661000-7fbc9e664000 r-xp 00000000 08:07 3277315                    /usr/lib/x86_64-linux-gnu/libgmodule-2.0.so.0.5600.3
7fbc9e664000-7fbc9e863000 ---p 00003000 08:07 3277315                    /usr/lib/x86_64-linux-gnu/libgmodule-2.0.so.0.5600.3
7fbc9e863000-7fbc9e864000 r--p 00002000 08:07 3277315                    /usr/lib/x86_64-linux-gnu/libgmodule-2.0.so.0.5600.3
7fbc9e864000-7fbc9e865000 rw-p 00003000 08:07 3277315                    /usr/lib/x86_64-linux-gnu/libgmodule-2.0.so.0.5600.3
7fbc9e865000-7fbc9e8b7000 r-xp 00000000 08:07 3277316                    /usr/lib/x86_64-linux-gnu/libgobject-2.0.so.0.5600.3
7fbc9e8b7000-7fbc9eab7000 ---p 00052000 08:07 3277316                    /usr/lib/x86_64-linux-gnu/libgobject-2.0.so.0.5600.3
7fbc9eab7000-7fbc9eab8000 r--p 00052000 08:07 3277316                    /usr/lib/x86_64-linux-gnu/libgobject-2.0.so.0.5600.3
7fbc9eab8000-7fbc9eab9000 rw-p 00053000 08:07 3277316                    /usr/lib/x86_64-linux-gnu/libgobject-2.0.so.0.5600.3
7fbc9eab9000-7fbc9ec4e000 r-xp 00000000 08:07 3277258                    /usr/lib/x86_64-linux-gnu/libgio-2.0.so.0.5600.3
7fbc9ec4e000-7fbc9ee4e000 ---p 00195000 08:07 3277258                    /usr/lib/x86_64-linux-gnu/libgio-2.0.so.0.5600.3
7fbc9ee4e000-7fbc9ee55000 r--p 00195000 08:07 3277258                    /usr/lib/x86_64-linux-gnu/libgio-2.0.so.0.5600.3
7fbc9ee55000-7fbc9ee56000 rw-p 0019c000 08:07 3277258                    /usr/lib/x86_64-linux-gnu/libgio-2.0.so.0.5600.3
7fbc9ee56000-7fbc9ee58000 rw-p 00000000 00:00 0 
7fbc9ee58000-7fbc9ee62000 r-xp 00000000 08:07 3284547                    /usr/lib/x86_64-linux-gnu/libXrandr.so.2.2.0
7fbc9ee62000-7fbc9f061000 ---p 0000a000 08:07 3284547                    /usr/lib/x86_64-linux-gnu/libXrandr.so.2.2.0
7fbc9f061000-7fbc9f062000 r--p 00009000 08:07 3284547                    /usr/lib/x86_64-linux-gnu/libXrandr.so.2.2.0
7fbc9f062000-7fbc9f063000 rw-p 0000a000 08:07 3284547                    /usr/lib/x86_64-linux-gnu/libXrandr.so.2.2.0
7fbc9f063000-7fbc9f094000 r-xp 00000000 08:07 3285257                    /usr/lib/x86_64-linux-gnu/libpng16.so.16.34.0
7fbc9f094000-7fbc9f293000 ---p 00031000 08:07 3285257                    /usr/lib/x86_64-linux-gnu/libpng16.so.16.34.0
7fbc9f293000-7fbc9f294000 r--p 00030000 08:07 3285257                    /usr/lib/x86_64-linux-gnu/libpng16.so.16.34.0
7fbc9f294000-7fbc9f295000 rw-p 00031000 08:07 3285257                    /usr/lib/x86_64-linux-gnu/libpng16.so.16.34.0
7fbc9f295000-7fbc9f342000 r-xp 00000000 08:07 3284937                    /usr/lib/x86_64-linux-gnu/libfreetype.so.6.15.0
7fbc9f342000-7fbc9f541000 ---p 000ad000 08:07 3284937                    /usr/lib/x86_64-linux-gnu/libfreetype.so.6.15.0
7fbc9f541000-7fbc9f548000 r--p 000ac000 08:07 3284937                    /usr/lib/x86_64-linux-gnu/libfreetype.so.6.15.0
7fbc9f548000-7fbc9f549000 rw-p 000b3000 08:07 3284937                    /usr/lib/x86_64-linux-gnu/libfreetype.so.6.15.0
7fbc9f549000-7fbc9f5de000 r-xp 00000000 08:07 3281657                    /usr/lib/jvm/java-11-openjdk-amd64/lib/libfontmanager.so
7fbc9f5de000-7fbc9f7de000 ---p 00095000 08:07 3281657                    /usr/lib/jvm/java-11-openjdk-amd64/lib/libfontmanager.so
7fbc9f7de000-7fbc9f7df000 r--p 00095000 08:07 3281657                    /usr/lib/jvm/java-11-openjdk-amd64/lib/libfontmanager.so
7fbc9f7df000-7fbc9f7e0000 rw-p 00096000 08:07 3281657                    /usr/lib/jvm/java-11-openjdk-amd64/lib/libfontmanager.so
7fbc9f7e0000-7fbc9f9e1000 rw-p 00000000 00:00 0 
7fbc9f9e1000-7fbc9f9f4000 r-xp 00000000 08:07 1970829                    /lib/x86_64-linux-gnu/libbsd.so.0.8.7
7fbc9f9f4000-7fbc9fbf3000 ---p 00013000 08:07 1970829                    /lib/x86_64-linux-gnu/libbsd.so.0.8.7
7fbc9fbf3000-7fbc9fbf4000 r--p 00012000 08:07 1970829                    /lib/x86_64-linux-gnu/libbsd.so.0.8.7
7fbc9fbf4000-7fbc9fbf5000 rw-p 00013000 08:07 1970829                    /lib/x86_64-linux-gnu/libbsd.so.0.8.7
7fbc9fbf5000-7fbc9fbf6000 rw-p 00000000 00:00 0 
7fbc9fbf6000-7fbc9fbfb000 r-xp 00000000 08:07 3284527                    /usr/lib/x86_64-linux-gnu/libXdmcp.so.6.0.0
7fbc9fbfb000-7fbc9fdfa000 ---p 00005000 08:07 3284527                    /usr/lib/x86_64-linux-gnu/libXdmcp.so.6.0.0
7fbc9fdfa000-7fbc9fdfb000 r--p 00004000 08:07 3284527                    /usr/lib/x86_64-linux-gnu/libXdmcp.so.6.0.0
7fbc9fdfb000-7fbc9fdfc000 rw-p 00005000 08:07 3284527                    /usr/lib/x86_64-linux-gnu/libXdmcp.so.6.0.0
7fbc9fdfc000-7fbc9fdfe000 r-xp 00000000 08:07 3284516                    /usr/lib/x86_64-linux-gnu/libXau.so.6.0.0
7fbc9fdfe000-7fbc9fffe000 ---p 00002000 08:07 3284516                    /usr/lib/x86_64-linux-gnu/libXau.so.6.0.0
7fbc9fffe000-7fbc9ffff000 r--p 00002000 08:07 3284516                    /usr/lib/x86_64-linux-gnu/libXau.so.6.0.0
7fbc9ffff000-7fbca0000000 rw-p 00003000 08:07 3284516                    /usr/lib/x86_64-linux-gnu/libXau.so.6.0.0
7fbca0000000-7fbca0c79000 rw-p 00000000 00:00 0 
7fbca0c79000-7fbca4000000 ---p 00000000 00:00 0 
7fbca4000000-7fbca4570000 rw-p 00000000 00:00 0 
7fbca4570000-7fbca8000000 ---p 00000000 00:00 0 
7fbca8000000-7fbca8021000 rw-p 00000000 00:00 0 
7fbca8021000-7fbcac000000 ---p 00000000 00:00 0 
7fbcac000000-7fbcac021000 rw-p 00000000 00:00 0 
7fbcac021000-7fbcb0000000 ---p 00000000 00:00 0 
7fbcb0000000-7fbcb00b3000 rw-p 00000000 00:00 0 
7fbcb00b3000-7fbcb4000000 ---p 00000000 00:00 0 
7fbcb4000000-7fbcb4021000 rw-p 00000000 00:00 0 
7fbcb4021000-7fbcb8000000 ---p 00000000 00:00 0 
7fbcb8000000-7fbcb8261000 rw-p 00000000 00:00 0 
7fbcb8261000-7fbcbc000000 ---p 00000000 00:00 0 
7fbcbc000000-7fbcbc021000 rw-p 00000000 00:00 0 
7fbcbc021000-7fbcc0000000 ---p 00000000 00:00 0 
7fbcc0000000-7fbcc0021000 rw-p 00000000 00:00 0 
7fbcc0021000-7fbcc4000000 ---p 00000000 00:00 0 
7fbcc4000000-7fbcc4021000 rw-p 00000000 00:00 0 
7fbcc4021000-7fbcc8000000 ---p 00000000 00:00 0 
7fbcc8006000-7fbcc8007000 rwxp 00000000 00:00 0 
7fbcc8007000-7fbcc8012000 r--s 00000000 08:07 786527                     /var/cache/fontconfig/945677eb7aeaf62f1d50efc3fb3ec7d8-le64.cache-7
7fbcc8012000-7fbcc8014000 r--s 00000000 08:07 786529                     /var/cache/fontconfig/99e8ed0e538f840c565b6ed5dad60d56-le64.cache-7
7fbcc8014000-7fbcc8019000 r--s 00000000 08:07 786496                     /var/cache/fontconfig/2300eef321c393bfd76478a5c0e95b23-le64.cache-7
7fbcc8019000-7fbcc801a000 r--s 00000000 08:07 786490                     /var/cache/fontconfig/0d8c3b2ac0904cb8a57a757ad11a4a08-le64.cache-7
7fbcc801a000-7fbcc802f000 r--s 00000000 08:07 786487                     /var/cache/fontconfig/04aabc0a78ac019cf9454389977116d2-le64.cache-7
7fbcc802f000-7fbcc8030000 r--s 00000000 08:07 786494                     /var/cache/fontconfig/1ac9eb803944fde146138c791f5cc56a-le64.cache-7
7fbcc8030000-7fbcc8034000 r--s 00000000 08:07 786502                     /var/cache/fontconfig/385c0604a188198f04d133e54aba7fe7-le64.cache-7
7fbcc8034000-7fbcc8035000 r--s 00000000 08:07 786548                     /var/cache/fontconfig/dc05db6664285cc2f12bf69c139ae4c3-le64.cache-7
7fbcc8035000-7fbcc8037000 r--s 00000000 08:07 786491                     /var/cache/fontconfig/14a5e22175779b556eaa434240950366-le64.cache-7
7fbcc8037000-7fbcc8038000 r--s 00000000 08:07 786518                     /var/cache/fontconfig/660208299946a285a940457d1287da33-le64.cache-7
7fbcc8038000-7fbcc803a000 r--s 00000000 08:07 786509                     /var/cache/fontconfig/4f3e3037c9980c83b53a9351efadef62-le64.cache-7
7fbcc803a000-7fbcc803c000 r--s 00000000 08:07 786523                     /var/cache/fontconfig/767a8244fc0220cfb567a839d0392e0b-le64.cache-7
7fbcc803c000-7fbcc803d000 r--s 00000000 08:07 789903                     /var/cache/fontconfig/4794a0821666d79190d59a36cb4f44b5-le64.cache-7
7fbcc803d000-7fbcc8089000 r--s 00000000 08:07 789900                     /var/cache/fontconfig/0bd3dc0958fa2205aaaa8ebb13e2872b-le64.cache-7
7fbcc8089000-7fbcc8090000 r--s 00000000 08:07 786526                     /var/cache/fontconfig/8801497958630a81b71ace7c5f9b32a8-le64.cache-7
7fbcc8090000-7fbcc8095000 r--s 00000000 08:07 786549                     /var/cache/fontconfig/def309198bfa603429122923fa2bb2d4-le64.cache-7
7fbcc8095000-7fbcc8096000 r--s 00000000 08:07 786536                     /var/cache/fontconfig/b872e6e592da6075ffa4ab0a1fcc0c75-le64.cache-7
7fbcc8096000-7fbcc8097000 r--s 00000000 08:07 786554                     /var/cache/fontconfig/f6d4eedfaab2589bde49f7a3ff831d22-le64.cache-7
7fbcc8097000-7fbcc8098000 r--s 00000000 08:07 786516                     /var/cache/fontconfig/589f83ef4c36d296ce6e1c846f468f08-le64.cache-7
7fbcc8098000-7fbcc8099000 r--s 00000000 08:07 786538                     /var/cache/fontconfig/bab58bb527bb656aaa9f116d68a48d89-le64.cache-7
7fbcc8099000-7fbcc809a000 r--s 00000000 08:07 786495                     /var/cache/fontconfig/2171a34dccabdb6bcbbc728186263178-le64.cache-7
7fbcc809a000-7fbcc809b000 r--s 00000000 08:07 786539                     /var/cache/fontconfig/c5c45a61289222e0d30b1a26ef4effbe-le64.cache-7
7fbcc809b000-7fbcc809c000 r--s 00000000 08:07 786534                     /var/cache/fontconfig/aec30016f93e1b46d1a973dce0d74068-le64.cache-7
7fbcc809c000-7fbcc809d000 r--s 00000000 08:07 786503                     /var/cache/fontconfig/3f589640d34b7dc9042c8d453f7c8b9c-le64.cache-7
7fbcc809d000-7fbcc809e000 r--s 00000000 08:07 786492                     /var/cache/fontconfig/16c2fda60d1b4b719f4b3d06fd951d25-le64.cache-7
7fbcc809e000-7fbcc809f000 r--s 00000000 08:07 786533                     /var/cache/fontconfig/a48eab177a16e4f3713381162db2f3e9-le64.cache-7
7fbcc809f000-7fbcc80a0000 r--s 00000000 08:07 786512                     /var/cache/fontconfig/564b2e68ac9bc4e36a6f7f6d6125ec1c-le64.cache-7
7fbcc80a0000-7fbcc80a5000 r--s 00000000 08:07 789886                     /var/cache/fontconfig/9d2451b1fd30e5bffe8383fd27c35478-le64.cache-7
7fbcc80a5000-7fbcc80ab000 r--s 00000000 08:07 789885                     /var/cache/fontconfig/3047814df9a2f067bd2d96a2b9c36e5a-le64.cache-7
7fbcc80ab000-7fbcc80ac000 r--s 00000000 08:07 786513                     /var/cache/fontconfig/56cf4f4769d0f4abc89a4895d7bd3ae1-le64.cache-7
7fbcc80ac000-7fbcc80ad000 r--s 00000000 08:07 786537                     /var/cache/fontconfig/b9d506c9ac06c20b433354fa67a72993-le64.cache-7
7fbcc80ad000-7fbcc80b3000 r--s 00000000 08:07 786535                     /var/cache/fontconfig/b47c4e1ecd0709278f4910c18777a504-le64.cache-7
7fbcc80b3000-7fbcc80c6000 r--s 00000000 08:07 786545                     /var/cache/fontconfig/d52a8644073d54c13679302ca1180695-le64.cache-7
7fbcc80c6000-7fbcc80c7000 r--s 00000000 08:07 786500                     /var/cache/fontconfig/370e5b74bf5dafc30834de68e24a87a4-le64.cache-7
7fbcc80c7000-7fbcc80d3000 r--s 00000000 08:07 786546                     /var/cache/fontconfig/d589a48862398ed80a3d6066f4f56f4c-le64.cache-7
7fbcc80d3000-7fbcc80f9000 r-xp 00000000 08:07 3285855                    /usr/lib/x86_64-linux-gnu/libxcb.so.1.1.0
7fbcc80f9000-7fbcc82f9000 ---p 00026000 08:07 3285855                    /usr/lib/x86_64-linux-gnu/libxcb.so.1.1.0
7fbcc82f9000-7fbcc82fa000 r--p 00026000 08:07 3285855                    /usr/lib/x86_64-linux-gnu/libxcb.so.1.1.0
7fbcc82fa000-7fbcc82fb000 rw-p 00027000 08:07 3285855                    /usr/lib/x86_64-linux-gnu/libxcb.so.1.1.0
7fbcc82fb000-7fbcc830a000 r-xp 00000000 08:07 3284537                    /usr/lib/x86_64-linux-gnu/libXi.so.6.1.0
7fbcc830a000-7fbcc8509000 ---p 0000f000 08:07 3284537                    /usr/lib/x86_64-linux-gnu/libXi.so.6.1.0
7fbcc8509000-7fbcc850a000 r--p 0000e000 08:07 3284537                    /usr/lib/x86_64-linux-gnu/libXi.so.6.1.0
7fbcc850a000-7fbcc850b000 rw-p 0000f000 08:07 3284537                    /usr/lib/x86_64-linux-gnu/libXi.so.6.1.0
7fbcc850b000-7fbcc8510000 r-xp 00000000 08:07 3284555                    /usr/lib/x86_64-linux-gnu/libXtst.so.6.1.0
7fbcc8510000-7fbcc870f000 ---p 00005000 08:07 3284555                    /usr/lib/x86_64-linux-gnu/libXtst.so.6.1.0
7fbcc870f000-7fbcc8710000 r--p 00004000 08:07 3284555                    /usr/lib/x86_64-linux-gnu/libXtst.so.6.1.0
7fbcc8710000-7fbcc8711000 rw-p 00005000 08:07 3284555                    /usr/lib/x86_64-linux-gnu/libXtst.so.6.1.0
7fbcc8711000-7fbcc871a000 r-xp 00000000 08:07 3284549                    /usr/lib/x86_64-linux-gnu/libXrender.so.1.3.0
7fbcc871a000-7fbcc8919000 ---p 00009000 08:07 3284549                    /usr/lib/x86_64-linux-gnu/libXrender.so.1.3.0
7fbcc8919000-7fbcc891a000 r--p 00008000 08:07 3284549                    /usr/lib/x86_64-linux-gnu/libXrender.so.1.3.0
7fbcc891a000-7fbcc891b000 rw-p 00009000 08:07 3284549                    /usr/lib/x86_64-linux-gnu/libXrender.so.1.3.0
7fbcc891b000-7fbcc8a4e000 r-xp 00000000 08:07 3276918                    /usr/lib/x86_64-linux-gnu/libX11.so.6.3.0
7fbcc8a4e000-7fbcc8c4e000 ---p 00133000 08:07 3276918                    /usr/lib/x86_64-linux-gnu/libX11.so.6.3.0
7fbcc8c4e000-7fbcc8c4f000 r--p 00133000 08:07 3276918                    /usr/lib/x86_64-linux-gnu/libX11.so.6.3.0
7fbcc8c4f000-7fbcc8c53000 rw-p 00134000 08:07 3276918                    /usr/lib/x86_64-linux-gnu/libX11.so.6.3.0
7fbcc8c53000-7fbcc8c64000 r-xp 00000000 08:07 3284529                    /usr/lib/x86_64-linux-gnu/libXext.so.6.4.0
7fbcc8c64000-7fbcc8e63000 ---p 00011000 08:07 3284529                    /usr/lib/x86_64-linux-gnu/libXext.so.6.4.0
7fbcc8e63000-7fbcc8e64000 r--p 00010000 08:07 3284529                    /usr/lib/x86_64-linux-gnu/libXext.so.6.4.0
7fbcc8e64000-7fbcc8e65000 rw-p 00011000 08:07 3284529                    /usr/lib/x86_64-linux-gnu/libXext.so.6.4.0
7fbcc8e65000-7fbcc8ec4000 r-xp 00000000 08:07 3281654                    /usr/lib/jvm/java-11-openjdk-amd64/lib/libawt_xawt.so
7fbcc8ec4000-7fbcc90c3000 ---p 0005f000 08:07 3281654                    /usr/lib/jvm/java-11-openjdk-amd64/lib/libawt_xawt.so
7fbcc90c3000-7fbcc90c4000 r--p 0005e000 08:07 3281654                    /usr/lib/jvm/java-11-openjdk-amd64/lib/libawt_xawt.so
7fbcc90c4000-7fbcc90c7000 rw-p 0005f000 08:07 3281654                    /usr/lib/jvm/java-11-openjdk-amd64/lib/libawt_xawt.so
7fbcc90c7000-7fbcc90c9000 rw-p 00000000 00:00 0 
7fbcc90c9000-7fbcc9169000 r-xp 00000000 08:07 3281652                    /usr/lib/jvm/java-11-openjdk-amd64/lib/libawt.so
7fbcc9169000-7fbcc9369000 ---p 000a0000 08:07 3281652                    /usr/lib/jvm/java-11-openjdk-amd64/lib/libawt.so
7fbcc9369000-7fbcc936a000 r--p 000a0000 08:07 3281652                    /usr/lib/jvm/java-11-openjdk-amd64/lib/libawt.so
7fbcc936a000-7fbcc9375000 rw-p 000a1000 08:07 3281652                    /usr/lib/jvm/java-11-openjdk-amd64/lib/libawt.so
7fbcc9375000-7fbcc939a000 rw-p 00000000 00:00 0 
7fbcc939a000-7fbcc93b1000 r-xp 00000000 08:07 3290743                    /usr/lib/jvm/java-11-openjdk-amd64/lib/libnet.so
7fbcc93b1000-7fbcc95b0000 ---p 00017000 08:07 3290743                    /usr/lib/jvm/java-11-openjdk-amd64/lib/libnet.so
7fbcc95b0000-7fbcc95b1000 r--p 00016000 08:07 3290743                    /usr/lib/jvm/java-11-openjdk-amd64/lib/libnet.so
7fbcc95b1000-7fbcc95b2000 rw-p 00017000 08:07 3290743                    /usr/lib/jvm/java-11-openjdk-amd64/lib/libnet.so
7fbcc95b2000-7fbcc95c3000 r-xp 00000000 08:07 3290744                    /usr/lib/jvm/java-11-openjdk-amd64/lib/libnio.so
7fbcc95c3000-7fbcc97c2000 ---p 00011000 08:07 3290744                    /usr/lib/jvm/java-11-openjdk-amd64/lib/libnio.so
7fbcc97c2000-7fbcc97c3000 r--p 00010000 08:07 3290744                    /usr/lib/jvm/java-11-openjdk-amd64/lib/libnio.so
7fbcc97c3000-7fbcc97c4000 rw-p 00011000 08:07 3290744                    /usr/lib/jvm/java-11-openjdk-amd64/lib/libnio.so
7fbcc97c4000-7fbcc97c8000 ---p 00000000 00:00 0 
7fbcc97c8000-7fbcc98c5000 rw-p 00000000 00:00 0 
7fbcc98c5000-7fbcc98c6000 ---p 00000000 00:00 0 
7fbcc98c6000-7fbcc99c7000 rw-p 00000000 00:00 0 
7fbcc99c7000-7fbcc99cb000 ---p 00000000 00:00 0 
7fbcc99cb000-7fbcc9ac8000 rw-p 00000000 00:00 0 
7fbcc9ac8000-7fbcc9acc000 ---p 00000000 00:00 0 
7fbcc9acc000-7fbcc9bc9000 rw-p 00000000 00:00 0 
7fbcc9bc9000-7fbcc9bcd000 ---p 00000000 00:00 0 
7fbcc9bcd000-7fbcc9cca000 rw-p 00000000 00:00 0 
7fbcc9cca000-7fbcca000000 r--p 00000000 08:07 3283381                    /usr/lib/locale/locale-archive
7fbcca000000-7fbccc000000 rw-p 00000000 00:00 0 
7fbccc000000-7fbccc021000 rw-p 00000000 00:00 0 
7fbccc021000-7fbcd0000000 ---p 00000000 00:00 0 
7fbcd0000000-7fbcd0021000 rw-p 00000000 00:00 0 
7fbcd0021000-7fbcd4000000 ---p 00000000 00:00 0 
7fbcd4000000-7fbcd4021000 rw-p 00000000 00:00 0 
7fbcd4021000-7fbcd8000000 ---p 00000000 00:00 0 
7fbcd8000000-7fbcd8003000 r--s 00000000 08:07 789843                     /var/cache/fontconfig/f259c2cffa685e28062317905db73c4a-le64.cache-7
7fbcd8003000-7fbcd8011000 r--s 00000000 08:07 786530                     /var/cache/fontconfig/9b89f8e3dae116d678bbf48e5f21f69b-le64.cache-7
7fbcd8011000-7fbcd8031000 r--p 00000000 08:07 3939603                    /usr/share/locale-langpack/de/LC_MESSAGES/glib20.mo
7fbcd8031000-7fbcd807a000 r--p 00000000 08:07 3820125                    /usr/share/glib-2.0/schemas/gschemas.compiled
7fbcd807a000-7fbcd807e000 ---p 00000000 00:00 0 
7fbcd807e000-7fbcd817b000 rw-p 00000000 00:00 0 
7fbcd817b000-7fbcd817f000 ---p 00000000 00:00 0 
7fbcd817f000-7fbcd827c000 rw-p 00000000 00:00 0 
7fbcd827c000-7fbcd8280000 ---p 00000000 00:00 0 
7fbcd8280000-7fbcd837d000 rw-p 00000000 00:00 0 
7fbcd837d000-7fbcd8381000 ---p 00000000 00:00 0 
7fbcd8381000-7fbcd847e000 rw-p 00000000 00:00 0 
7fbcd847e000-7fbcd847f000 ---p 00000000 00:00 0 
7fbcd847f000-7fbcd8e51000 rw-p 00000000 00:00 0 
7fbcd8e51000-7fbcd8e52000 ---p 00000000 00:00 0 
7fbcd8e52000-7fbcd8f53000 rw-p 00000000 00:00 0 
7fbcd8f53000-7fbcd8f54000 ---p 00000000 00:00 0 
7fbcd8f54000-7fbcd9055000 rw-p 00000000 00:00 0 
7fbcd9055000-7fbcd9056000 ---p 00000000 00:00 0 
7fbcd9056000-7fbcd9359000 rw-p 00000000 00:00 0 
7fbcd9359000-7fbcd935a000 ---p 00000000 00:00 0 
7fbcd935a000-7fbcd945b000 rw-p 00000000 00:00 0 
7fbcd945b000-7fbcd945c000 ---p 00000000 00:00 0 
7fbcd945c000-7fbcd9655000 rw-p 00000000 00:00 0 
7fbcd9655000-7fbcda46d000 ---p 00000000 00:00 0 
7fbcda46d000-7fbcda565000 rw-p 00000000 00:00 0 
7fbcda565000-7fbcdb37d000 ---p 00000000 00:00 0 
7fbcdb37d000-7fbcdb39c000 rw-p 00000000 00:00 0 
7fbcdb39c000-7fbcdb55f000 ---p 00000000 00:00 0 
7fbcdb55f000-7fbcdb57e000 rw-p 00000000 00:00 0 
7fbcdb57e000-7fbcdb741000 ---p 00000000 00:00 0 
7fbcdb741000-7fbcdb760000 rw-p 00000000 00:00 0 
7fbcdb760000-7fbcdb923000 ---p 00000000 00:00 0 
7fbcdb923000-7fbcdbb25000 rw-p 00000000 00:00 0 
7fbcdbb25000-7fbcdbd95000 rwxp 00000000 00:00 0 
7fbcdbd95000-7fbcdc0b4000 ---p 00000000 00:00 0 
7fbcdc0b4000-7fbcdc494000 rwxp 00000000 00:00 0 
7fbcdc494000-7fbce35ec000 ---p 00000000 00:00 0 
7fbce35ec000-7fbce385c000 rwxp 00000000 00:00 0 
7fbce385c000-7fbceab25000 ---p 00000000 00:00 0 
7fbceab25000-7fbcf4000000 r--s 00000000 08:07 3290753                    /usr/lib/jvm/java-11-openjdk-amd64/lib/modules
7fbcf4000000-7fbcf44e7000 rw-p 00000000 00:00 0 
7fbcf44e7000-7fbcf8000000 ---p 00000000 00:00 0 
7fbcf8000000-7fbcf8001000 r--s 00000000 08:07 789884                     /var/cache/fontconfig/6b2c5944714ca7831b25bed9e85cb5c8-le64.cache-7
7fbcf8001000-7fbcf8027000 r--p 00000000 08:07 3939447                    /usr/share/locale-langpack/de/LC_MESSAGES/libc.mo
7fbcf8027000-7fbcf8028000 ---p 00000000 00:00 0 
7fbcf8028000-7fbcf8129000 rw-p 00000000 00:00 0 
7fbcf8129000-7fbcf812a000 ---p 00000000 00:00 0 
7fbcf812a000-7fbcf8230000 rw-p 00000000 00:00 0 
7fbcf8230000-7fbcf8316000 ---p 00000000 00:00 0 
7fbcf8316000-7fbcf831e000 rw-p 00000000 00:00 0 
7fbcf831e000-7fbcf8401000 ---p 00000000 00:00 0 
7fbcf8401000-7fbcf8406000 r-xp 00000000 08:07 3290735                    /usr/lib/jvm/java-11-openjdk-amd64/lib/libjimage.so
7fbcf8406000-7fbcf8605000 ---p 00005000 08:07 3290735                    /usr/lib/jvm/java-11-openjdk-amd64/lib/libjimage.so
7fbcf8605000-7fbcf8606000 r--p 00004000 08:07 3290735                    /usr/lib/jvm/java-11-openjdk-amd64/lib/libjimage.so
7fbcf8606000-7fbcf8607000 rw-p 00005000 08:07 3290735                    /usr/lib/jvm/java-11-openjdk-amd64/lib/libjimage.so
7fbcf8607000-7fbcf860e000 r-xp 00000000 08:07 3290752                    /usr/lib/jvm/java-11-openjdk-amd64/lib/libzip.so
7fbcf860e000-7fbcf880d000 ---p 00007000 08:07 3290752                    /usr/lib/jvm/java-11-openjdk-amd64/lib/libzip.so
7fbcf880d000-7fbcf880e000 r--p 00006000 08:07 3290752                    /usr/lib/jvm/java-11-openjdk-amd64/lib/libzip.so
7fbcf880e000-7fbcf880f000 rw-p 00007000 08:07 3290752                    /usr/lib/jvm/java-11-openjdk-amd64/lib/libzip.so
7fbcf880f000-7fbcf881a000 r-xp 00000000 08:07 1970923                    /lib/x86_64-linux-gnu/libnss_files-2.27.so
7fbcf881a000-7fbcf8a19000 ---p 0000b000 08:07 1970923                    /lib/x86_64-linux-gnu/libnss_files-2.27.so
7fbcf8a19000-7fbcf8a1a000 r--p 0000a000 08:07 1970923                    /lib/x86_64-linux-gnu/libnss_files-2.27.so
7fbcf8a1a000-7fbcf8a1b000 rw-p 0000b000 08:07 1970923                    /lib/x86_64-linux-gnu/libnss_files-2.27.so
7fbcf8a1b000-7fbcf8a21000 rw-p 00000000 00:00 0 
7fbcf8a21000-7fbcf8a38000 r-xp 00000000 08:07 1970917                    /lib/x86_64-linux-gnu/libnsl-2.27.so
7fbcf8a38000-7fbcf8c37000 ---p 00017000 08:07 1970917                    /lib/x86_64-linux-gnu/libnsl-2.27.so
7fbcf8c37000-7fbcf8c38000 r--p 00016000 08:07 1970917                    /lib/x86_64-linux-gnu/libnsl-2.27.so
7fbcf8c38000-7fbcf8c39000 rw-p 00017000 08:07 1970917                    /lib/x86_64-linux-gnu/libnsl-2.27.so
7fbcf8c39000-7fbcf8c3b000 rw-p 00000000 00:00 0 
7fbcf8c3b000-7fbcf8c46000 r-xp 00000000 08:07 1970934                    /lib/x86_64-linux-gnu/libnss_nis-2.27.so
7fbcf8c46000-7fbcf8e45000 ---p 0000b000 08:07 1970934                    /lib/x86_64-linux-gnu/libnss_nis-2.27.so
7fbcf8e45000-7fbcf8e46000 r--p 0000a000 08:07 1970934                    /lib/x86_64-linux-gnu/libnss_nis-2.27.so
7fbcf8e46000-7fbcf8e47000 rw-p 0000b000 08:07 1970934                    /lib/x86_64-linux-gnu/libnss_nis-2.27.so
7fbcf8e47000-7fbcf8e4f000 r-xp 00000000 08:07 1970919                    /lib/x86_64-linux-gnu/libnss_compat-2.27.so
7fbcf8e4f000-7fbcf904f000 ---p 00008000 08:07 1970919                    /lib/x86_64-linux-gnu/libnss_compat-2.27.so
7fbcf904f000-7fbcf9050000 r--p 00008000 08:07 1970919                    /lib/x86_64-linux-gnu/libnss_compat-2.27.so
7fbcf9050000-7fbcf9051000 rw-p 00009000 08:07 1970919                    /lib/x86_64-linux-gnu/libnss_compat-2.27.so
7fbcf9051000-7fbcf907d000 r-xp 00000000 08:07 3282326                    /usr/lib/jvm/java-11-openjdk-amd64/lib/libjava.so
7fbcf907d000-7fbcf927c000 ---p 0002c000 08:07 3282326                    /usr/lib/jvm/java-11-openjdk-amd64/lib/libjava.so
7fbcf927c000-7fbcf927d000 r--p 0002b000 08:07 3282326                    /usr/lib/jvm/java-11-openjdk-amd64/lib/libjava.so
7fbcf927d000-7fbcf927f000 rw-p 0002c000 08:07 3282326                    /usr/lib/jvm/java-11-openjdk-amd64/lib/libjava.so
7fbcf927f000-7fbcf928c000 r-xp 00000000 08:07 3290751                    /usr/lib/jvm/java-11-openjdk-amd64/lib/libverify.so
7fbcf928c000-7fbcf948b000 ---p 0000d000 08:07 3290751                    /usr/lib/jvm/java-11-openjdk-amd64/lib/libverify.so
7fbcf948b000-7fbcf948d000 r--p 0000c000 08:07 3290751                    /usr/lib/jvm/java-11-openjdk-amd64/lib/libverify.so
7fbcf948d000-7fbcf948e000 rw-p 0000e000 08:07 3290751                    /usr/lib/jvm/java-11-openjdk-amd64/lib/libverify.so
7fbcf948e000-7fbcf9495000 r-xp 00000000 08:07 1970974                    /lib/x86_64-linux-gnu/librt-2.27.so
7fbcf9495000-7fbcf9694000 ---p 00007000 08:07 1970974                    /lib/x86_64-linux-gnu/librt-2.27.so
7fbcf9694000-7fbcf9695000 r--p 00006000 08:07 1970974                    /lib/x86_64-linux-gnu/librt-2.27.so
7fbcf9695000-7fbcf9696000 rw-p 00007000 08:07 1970974                    /lib/x86_64-linux-gnu/librt-2.27.so
7fbcf9696000-7fbcf96ad000 r-xp 00000000 08:07 1966116                    /lib/x86_64-linux-gnu/libgcc_s.so.1
7fbcf96ad000-7fbcf98ac000 ---p 00017000 08:07 1966116                    /lib/x86_64-linux-gnu/libgcc_s.so.1
7fbcf98ac000-7fbcf98ad000 r--p 00016000 08:07 1966116                    /lib/x86_64-linux-gnu/libgcc_s.so.1
7fbcf98ad000-7fbcf98ae000 rw-p 00017000 08:07 1966116                    /lib/x86_64-linux-gnu/libgcc_s.so.1
7fbcf98ae000-7fbcf9a4b000 r-xp 00000000 08:07 1970896                    /lib/x86_64-linux-gnu/libm-2.27.so
7fbcf9a4b000-7fbcf9c4a000 ---p 0019d000 08:07 1970896                    /lib/x86_64-linux-gnu/libm-2.27.so
7fbcf9c4a000-7fbcf9c4b000 r--p 0019c000 08:07 1970896                    /lib/x86_64-linux-gnu/libm-2.27.so
7fbcf9c4b000-7fbcf9c4c000 rw-p 0019d000 08:07 1970896                    /lib/x86_64-linux-gnu/libm-2.27.so
7fbcf9c4c000-7fbcf9dc5000 r-xp 00000000 08:07 3297157                    /usr/lib/x86_64-linux-gnu/libstdc++.so.6.0.25
7fbcf9dc5000-7fbcf9fc5000 ---p 00179000 08:07 3297157                    /usr/lib/x86_64-linux-gnu/libstdc++.so.6.0.25
7fbcf9fc5000-7fbcf9fcf000 r--p 00179000 08:07 3297157                    /usr/lib/x86_64-linux-gnu/libstdc++.so.6.0.25
7fbcf9fcf000-7fbcf9fd1000 rw-p 00183000 08:07 3297157                    /usr/lib/x86_64-linux-gnu/libstdc++.so.6.0.25
7fbcf9fd1000-7fbcf9fd5000 rw-p 00000000 00:00 0 
7fbcf9fd5000-7fbcfaf72000 r-xp 00000000 08:07 3290756                    /usr/lib/jvm/java-11-openjdk-amd64/lib/server/libjvm.so
7fbcfaf72000-7fbcfb172000 ---p 00f9d000 08:07 3290756                    /usr/lib/jvm/java-11-openjdk-amd64/lib/server/libjvm.so
7fbcfb172000-7fbcfb236000 r--p 00f9d000 08:07 3290756                    /usr/lib/jvm/java-11-openjdk-amd64/lib/server/libjvm.so
7fbcfb236000-7fbcfb26e000 rw-p 01061000 08:07 3290756                    /usr/lib/jvm/java-11-openjdk-amd64/lib/server/libjvm.so
7fbcfb26e000-7fbcfb2b7000 rw-p 00000000 00:00 0 
7fbcfb2b7000-7fbcfb2d1000 r-xp 00000000 08:07 1970966                    /lib/x86_64-linux-gnu/libpthread-2.27.so
7fbcfb2d1000-7fbcfb4d0000 ---p 0001a000 08:07 1970966                    /lib/x86_64-linux-gnu/libpthread-2.27.so
7fbcfb4d0000-7fbcfb4d1000 r--p 00019000 08:07 1970966                    /lib/x86_64-linux-gnu/libpthread-2.27.so
7fbcfb4d1000-7fbcfb4d2000 rw-p 0001a000 08:07 1970966                    /lib/x86_64-linux-gnu/libpthread-2.27.so
7fbcfb4d2000-7fbcfb4d6000 rw-p 00000000 00:00 0 
7fbcfb4d6000-7fbcfb4d9000 r-xp 00000000 08:07 1970856                    /lib/x86_64-linux-gnu/libdl-2.27.so
7fbcfb4d9000-7fbcfb6d8000 ---p 00003000 08:07 1970856                    /lib/x86_64-linux-gnu/libdl-2.27.so
7fbcfb6d8000-7fbcfb6d9000 r--p 00002000 08:07 1970856                    /lib/x86_64-linux-gnu/libdl-2.27.so
7fbcfb6d9000-7fbcfb6da000 rw-p 00003000 08:07 1970856                    /lib/x86_64-linux-gnu/libdl-2.27.so
7fbcfb6da000-7fbcfb6f6000 r-xp 00000000 08:07 1971007                    /lib/x86_64-linux-gnu/libz.so.1.2.11
7fbcfb6f6000-7fbcfb8f5000 ---p 0001c000 08:07 1971007                    /lib/x86_64-linux-gnu/libz.so.1.2.11
7fbcfb8f5000-7fbcfb8f6000 r--p 0001b000 08:07 1971007                    /lib/x86_64-linux-gnu/libz.so.1.2.11
7fbcfb8f6000-7fbcfb8f7000 rw-p 0001c000 08:07 1971007                    /lib/x86_64-linux-gnu/libz.so.1.2.11
7fbcfb8f7000-7fbcfbade000 r-xp 00000000 08:07 1970833                    /lib/x86_64-linux-gnu/libc-2.27.so
7fbcfbade000-7fbcfbcde000 ---p 001e7000 08:07 1970833                    /lib/x86_64-linux-gnu/libc-2.27.so
7fbcfbcde000-7fbcfbce2000 r--p 001e7000 08:07 1970833                    /lib/x86_64-linux-gnu/libc-2.27.so
7fbcfbce2000-7fbcfbce4000 rw-p 001eb000 08:07 1970833                    /lib/x86_64-linux-gnu/libc-2.27.so
7fbcfbce4000-7fbcfbce8000 rw-p 00000000 00:00 0 
7fbcfbce8000-7fbcfbcf7000 r-xp 00000000 08:07 3281648                    /usr/lib/jvm/java-11-openjdk-amd64/lib/jli/libjli.so
7fbcfbcf7000-7fbcfbef6000 ---p 0000f000 08:07 3281648                    /usr/lib/jvm/java-11-openjdk-amd64/lib/jli/libjli.so
7fbcfbef6000-7fbcfbef7000 r--p 0000e000 08:07 3281648                    /usr/lib/jvm/java-11-openjdk-amd64/lib/jli/libjli.so
7fbcfbef7000-7fbcfbef8000 rw-p 0000f000 08:07 3281648                    /usr/lib/jvm/java-11-openjdk-amd64/lib/jli/libjli.so
7fbcfbef8000-7fbcfbf1f000 r-xp 00000000 08:07 1970805                    /lib/x86_64-linux-gnu/ld-2.27.so
7fbcfbf1f000-7fbcfbf20000 r--s 00000000 08:07 786544                     /var/cache/fontconfig/d5178ab6d91b49bf20a416737dcea9e8-le64.cache-7
7fbcfbf20000-7fbcfbf21000 r--s 00000000 08:07 789883                     /var/cache/fontconfig/551ecf3b0e8b0bca0f25c0944f561853-le64.cache-7
7fbcfbf21000-7fbcfbf23000 r--s 00000000 08:07 789842                     /var/cache/fontconfig/550f3886151c940c12a5ed35f6a00586-le64.cache-7
7fbcfbf23000-7fbcfbf26000 r--s 00000000 08:07 789841                     /var/cache/fontconfig/674d1711f2d1d2a09646eb0bdcadee49-le64.cache-7
7fbcfbf26000-7fbcfbf27000 r--s 00000000 08:07 786504                     /var/cache/fontconfig/3f7329c5293ffd510edef78f73874cfd-le64.cache-7
7fbcfbf27000-7fbcfbf28000 r--s 00000000 08:07 786498                     /var/cache/fontconfig/30829fa25452a46451e813d634d7f916-le64.cache-7
7fbcfbf28000-7fbcfbf29000 r--s 00000000 08:07 786489                     /var/cache/fontconfig/0c9eb80ebd1c36541ebe2852d3bb0c49-le64.cache-7
7fbcfbf29000-7fbcfbf2a000 r--s 00000000 08:07 786508                     /var/cache/fontconfig/4d9c95eba1cb85bbcf2878543262124a-le64.cache-7
7fbcfbf2a000-7fbcfbf2b000 r--s 00000000 08:07 786525                     /var/cache/fontconfig/85e0a52ce643a7ba2ae53e5d6949cead-le64.cache-7
7fbcfbf2b000-7fbcfbf34000 r--s 00000000 08:07 786542                     /var/cache/fontconfig/d0972c3d32f097851eb916381fc38920-le64.cache-7
7fbcfbf34000-7fbcfbfeb000 rw-p 00000000 00:00 0 
7fbcfbfeb000-7fbcfbfef000 ---p 00000000 00:00 0 
7fbcfbfef000-7fbcfc0ee000 rw-p 00000000 00:00 0 
7fbcfc0ee000-7fbcfc0ef000 r--s 00000000 08:07 786506                     /var/cache/fontconfig/49f0de54bdd920fe4f0dfd4cbac43e6b-le64.cache-7
7fbcfc0ef000-7fbcfc0f0000 r--s 00000000 08:07 786555                     /var/cache/fontconfig/f6e6e0a5c3d2f6ae0c0c2e0ecd42a997-le64.cache-7
7fbcfc0f0000-7fbcfc0f2000 r--s 00000000 08:07 786520                     /var/cache/fontconfig/6afa1bb216ce958c1589e297e8008489-le64.cache-7
7fbcfc0f2000-7fbcfc0f5000 r--s 00000000 08:07 795646                     /var/cache/fontconfig/e13b20fdb08344e0e664864cc2ede53d-le64.cache-7
7fbcfc0f5000-7fbcfc0f9000 r--s 00000000 08:07 786524                     /var/cache/fontconfig/7ef2298fde41cc6eeb7af42e48b7d293-le64.cache-7
7fbcfc0f9000-7fbcfc0fe000 r--p 00000000 08:07 7764578                    /home/peter/.config/dconf/user
7fbcfc0fe000-7fbcfc0ff000 r--s 00000000 00:33 29                         /run/user/1000/dconf/user
7fbcfc0ff000-7fbcfc106000 r--s 00000000 08:07 3671694                    /usr/lib/x86_64-linux-gnu/gconv/gconv-modules.cache
7fbcfc106000-7fbcfc10c000 rw-p 00000000 00:00 0 
7fbcfc10c000-7fbcfc113000 ---p 00000000 00:00 0 
7fbcfc113000-7fbcfc11b000 rw-s 00000000 08:07 5903235                    /tmp/hsperfdata_peter/3703
7fbcfc11b000-7fbcfc11c000 ---p 00000000 00:00 0 
7fbcfc11c000-7fbcfc11d000 r--p 00000000 00:00 0 
7fbcfc11d000-7fbcfc11f000 rw-p 00000000 00:00 0 
7fbcfc11f000-7fbcfc120000 r--p 00027000 08:07 1970805                    /lib/x86_64-linux-gnu/ld-2.27.so
7fbcfc120000-7fbcfc121000 rw-p 00028000 08:07 1970805                    /lib/x86_64-linux-gnu/ld-2.27.so
7fbcfc121000-7fbcfc122000 rw-p 00000000 00:00 0 
7fff5b34e000-7fff5b36f000 rw-p 00000000 00:00 0                          [stack]
7fff5b3df000-7fff5b3e2000 r--p 00000000 00:00 0                          [vvar]
7fff5b3e2000-7fff5b3e4000 r-xp 00000000 00:00 0                          [vdso]
ffffffffff600000-ffffffffff601000 r-xp 00000000 00:00 0                  [vsyscall]


VM Arguments:
java_command: humer.peter.jna_libusb_project.Main
java_class_path (initial): /home/peter/NetBeansProjects/Linux_LibUsb_over_JNA/target/classes:/home/peter/.m2/repository/net/java/dev/jna/jna/5.3.0/jna-5.3.0.jar:/home/peter/.m2/repository/com/google/guava/guava/21.0/guava-21.0.jar:/home/peter/.m2/repository/org/slf4j/slf4j-api/2.0.0-alpha0/slf4j-api-2.0.0-alpha0.jar
Launcher Type: SUN_STANDARD

Logging:
Log output configuration:
#0: stdout all=warning uptime,level,tags
#1: stderr all=off uptime,level,tags

Environment Variables:
JAVA_HOME=/usr/lib/jvm/java-11-openjdk-amd64
PATH=/usr/local/sbin:/usr/local/bin:/usr/sbin:/usr/bin:/sbin:/bin:/usr/games:/usr/local/games:/usr/lib/jvm/java-8-oracle/bin:/usr/lib/jvm/java-8-oracle/db/bin:/usr/lib/jvm/java-8-oracle/jre/bin
SHELL=/bin/bash
DISPLAY=:0

Signal Handlers:
SIGSEGV: [libjvm.so+0xd28b70], sa_mask[0]=11111111011111111101111111111110, sa_flags=SA_RESTART|SA_SIGINFO
SIGBUS: [libjvm.so+0xd28b70], sa_mask[0]=11111111011111111101111111111110, sa_flags=SA_RESTART|SA_SIGINFO
SIGFPE: [libjvm.so+0xd28b70], sa_mask[0]=11111111011111111101111111111110, sa_flags=SA_RESTART|SA_SIGINFO
SIGPIPE: SIG_IGN, sa_mask[0]=00000000000010000000000000000000, sa_flags=SA_RESTART
SIGXFSZ: [libjvm.so+0xb2a1f0], sa_mask[0]=11111111011111111101111111111110, sa_flags=SA_RESTART|SA_SIGINFO
SIGILL: [libjvm.so+0xd28b70], sa_mask[0]=11111111011111111101111111111110, sa_flags=SA_RESTART|SA_SIGINFO
SIGUSR2: [libjvm.so+0xb2a030], sa_mask[0]=00100000000000000000000000000000, sa_flags=SA_RESTART|SA_SIGINFO
SIGHUP: [libjvm.so+0xb2a180], sa_mask[0]=11111111011111111101111111111110, sa_flags=SA_RESTART|SA_SIGINFO
SIGINT: SIG_IGN, sa_mask[0]=00000000000000000000000000000000, sa_flags=none
SIGTERM: [libjvm.so+0xb2a180], sa_mask[0]=11111111011111111101111111111110, sa_flags=SA_RESTART|SA_SIGINFO
SIGQUIT: [libjvm.so+0xb2a180], sa_mask[0]=11111111011111111101111111111110, sa_flags=SA_RESTART|SA_SIGINFO


---------------  S Y S T E M  ---------------

OS:DISTRIB_ID=LinuxMint
DISTRIB_RELEASE=19
DISTRIB_CODENAME=tara
DISTRIB_DESCRIPTION="Linux Mint 19 Tara"
uname:Linux 4.15.0-43-generic #46-Ubuntu SMP Thu Dec 6 14:45:28 UTC 2018 x86_64
libc:glibc 2.27 NPTL 2.27 
rlimit: STACK 8192k, CORE 0k, NPROC 14935, NOFILE 1048576, AS infinity, DATA infinity, FSIZE infinity
load average:3,65 2,92 2,37

/proc/meminfo:
MemTotal:        3943432 kB
MemFree:          371324 kB
MemAvailable:    1690704 kB
Buffers:          466508 kB
Cached:           998908 kB
SwapCached:            0 kB
Active:          2563004 kB
Inactive:         612216 kB
Active(anon):    1695012 kB
Inactive(anon):   133000 kB
Active(file):     867992 kB
Inactive(file):   479216 kB
Unevictable:           0 kB
Mlocked:               0 kB
SwapTotal:       2929660 kB
SwapFree:        2929660 kB
Dirty:               340 kB
Writeback:             0 kB
AnonPages:       1709816 kB
Mapped:           291780 kB
Shmem:            118204 kB
Slab:             302240 kB
SReclaimable:     265388 kB
SUnreclaim:        36852 kB
KernelStack:        8880 kB
PageTables:        35224 kB
NFS_Unstable:          0 kB
Bounce:                0 kB
WritebackTmp:          0 kB
CommitLimit:     4901376 kB
Committed_AS:    4865704 kB
VmallocTotal:   34359738367 kB
VmallocUsed:           0 kB
VmallocChunk:          0 kB
HardwareCorrupted:     0 kB
AnonHugePages:         0 kB
ShmemHugePages:        0 kB
ShmemPmdMapped:        0 kB
CmaTotal:              0 kB
CmaFree:               0 kB
HugePages_Total:       0
HugePages_Free:        0
HugePages_Rsvd:        0
HugePages_Surp:        0
Hugepagesize:       2048 kB
DirectMap4k:      129088 kB
DirectMap2M:     3969024 kB

container (cgroup) information:
container_type: cgroupv1
cpu_cpuset_cpus: 0-1
cpu_memory_nodes: 0
active_processor_count: 2
cpu_quota: -1
cpu_period: 100000
cpu_shares: -1
memory_limit_in_bytes: -1
memory_and_swap_limit_in_bytes: -2
memory_soft_limit_in_bytes: -1
memory_usage_in_bytes: 3251507200
memory_max_usage_in_bytes: 0


CPU:total 2 (initial active 2) (2 cores per cpu, 1 threads per core) family 6 model 76 stepping 4, cmov, cx8, fxsr, mmx, sse, sse2, sse3, ssse3, sse4.1, sse4.2, popcnt, aes, clmul, erms, 3dnowpref, tsc, tscinvbit
CPU Model and flags from /proc/cpuinfo:
model name	: Intel(R) Celeron(R) CPU  N3060  @ 1.60GHz
flags		: fpu vme de pse tsc msr pae mce cx8 apic sep mtrr pge mca cmov pat pse36 clflush dts acpi mmx fxsr sse sse2 ss ht tm pbe syscall nx rdtscp lm constant_tsc arch_perfmon pebs bts rep_good nopl xtopology tsc_reliable nonstop_tsc cpuid aperfmperf tsc_known_freq pni pclmulqdq dtes64 monitor ds_cpl vmx est tm2 ssse3 cx16 xtpr pdcm sse4_1 sse4_2 movbe popcnt tsc_deadline_timer aes rdrand lahf_lm 3dnowprefetch epb pti ibrs ibpb stibp tpr_shadow vnmi flexpriority ept vpid tsc_adjust smep erms dtherm ida arat

Memory: 4k page, physical 3943432k(371324k free), swap 2929660k(2929660k free)

vm_info: OpenJDK 64-Bit Server VM (10.0.2+13-Ubuntu-1ubuntu0.18.04.4) for linux-amd64 JRE (10.0.2+13-Ubuntu-1ubuntu0.18.04.4), built on Nov 13 2018 12:53:39 by "buildd" with gcc 7.3.0

END.
