#
# A fatal error has been detected by the Java Runtime Environment:
#
#  SIGSEGV (0xb) at pc=0x00007fa967255fa0, pid=4493, tid=4522
#
# JRE version: OpenJDK Runtime Environment (10.0.2+13) (build 10.0.2+13-Ubuntu-1ubuntu0.18.04.4)
# Java VM: OpenJDK 64-Bit Server VM (10.0.2+13-Ubuntu-1ubuntu0.18.04.4, mixed mode, tiered, compressed oops, g1 gc, linux-amd64)
# Problematic frame:
# C  [libpthread.so.0+0x9fa0]  pthread_mutex_lock+0x0
#
# Core dump will be written. Default location: Core dumps may be processed with "/usr/share/apport/apport %p %s %c %d %P" (or dumping to /home/peter/NetBeansProjects/Linux_LibUsb_over_JNA/core.4493)
#
# If you would like to submit a bug report, please visit:
#   http://bugreport.java.com/bugreport/crash.jsp
# The crash happened outside the Java Virtual Machine in native code.
# See problematic frame for where to report the bug.
#

---------------  S U M M A R Y ------------

Command Line: com.humer.peter.jna_libusb_project.Main

Host: Intel(R) Celeron(R) CPU  N3060  @ 1.60GHz, 2 cores, 3G, Linux Mint 19 Tara
Time: Sat Nov  2 14:28:42 2019 CET elapsed time: 5 seconds (0d 0h 0m 5s)

---------------  T H R E A D  ---------------

Current thread (0x00007fa9604a0800):  JavaThread "AWT-EventQueue-0" [_thread_in_native, id=4522, stack(0x00007fa902bfc000,0x00007fa902cfd000)]

Stack: [0x00007fa902bfc000,0x00007fa902cfd000],  sp=0x00007fa902cf6dd8,  free space=1003k
Native frames: (J=compiled Java code, A=aot compiled Java code, j=interpreted, Vv=VM code, C=native code)
C  [libpthread.so.0+0x9fa0]  pthread_mutex_lock+0x0

Java frames: (J=compiled Java code, j=interpreted, Vv=VM code)
j  com.sun.jna.Native.invokeVoid(Lcom/sun/jna/Function;JI[Ljava/lang/Object;)V+0
j  com.sun.jna.Function.invoke([Ljava/lang/Object;Ljava/lang/Class;ZI)Ljava/lang/Object;+42
j  com.sun.jna.Function.invoke(Ljava/lang/reflect/Method;[Ljava/lang/Class;Ljava/lang/Class;[Ljava/lang/Object;Ljava/util/Map;)Ljava/lang/Object;+271
j  com.sun.jna.Library$Handler.invoke(Ljava/lang/Object;Ljava/lang/reflect/Method;[Ljava/lang/Object;)Ljava/lang/Object;+390
j  com.sun.proxy.$Proxy0.libusb_free_device_list(Lcom/sun/jna/Pointer;Lcom/sun/jna/Pointer;I)V+27
j  se.marell.libusb.LibUsbSystem.visitUsbDevices(Lse/marell/libusb/UsbSystem$UsbDeviceVisitor;)Ljava/util/List;+262
j  com.humer.peter.jna_libusb_project.Main.usb_searchActionPerformed(Ljava/awt/event/ActionEvent;)V+34
j  com.humer.peter.jna_libusb_project.Main.access$000(Lcom/humer/peter/jna_libusb_project/Main;Ljava/awt/event/ActionEvent;)V+2
j  com.humer.peter.jna_libusb_project.Main$1.actionPerformed(Ljava/awt/event/ActionEvent;)V+5
j  javax.swing.AbstractButton.fireActionPerformed(Ljava/awt/event/ActionEvent;)V+83 java.desktop@10.0.2
j  javax.swing.AbstractButton$Handler.actionPerformed(Ljava/awt/event/ActionEvent;)V+5 java.desktop@10.0.2
j  javax.swing.DefaultButtonModel.fireActionPerformed(Ljava/awt/event/ActionEvent;)V+34 java.desktop@10.0.2
j  javax.swing.DefaultButtonModel.setPressed(Z)V+117 java.desktop@10.0.2
j  javax.swing.plaf.basic.BasicButtonListener.mouseReleased(Ljava/awt/event/MouseEvent;)V+35 java.desktop@10.0.2
j  java.awt.Component.processMouseEvent(Ljava/awt/event/MouseEvent;)V+64 java.desktop@10.0.2
j  javax.swing.JComponent.processMouseEvent(Ljava/awt/event/MouseEvent;)V+23 java.desktop@10.0.2
j  java.awt.Component.processEvent(Ljava/awt/AWTEvent;)V+81 java.desktop@10.0.2
j  java.awt.Container.processEvent(Ljava/awt/AWTEvent;)V+18 java.desktop@10.0.2
j  java.awt.Component.dispatchEventImpl(Ljava/awt/AWTEvent;)V+496 java.desktop@10.0.2
j  java.awt.Container.dispatchEventImpl(Ljava/awt/AWTEvent;)V+42 java.desktop@10.0.2
j  java.awt.Component.dispatchEvent(Ljava/awt/AWTEvent;)V+2 java.desktop@10.0.2
j  java.awt.LightweightDispatcher.retargetMouseEvent(Ljava/awt/Component;ILjava/awt/event/MouseEvent;)V+349 java.desktop@10.0.2
j  java.awt.LightweightDispatcher.processMouseEvent(Ljava/awt/event/MouseEvent;)Z+155 java.desktop@10.0.2
j  java.awt.LightweightDispatcher.dispatchEvent(Ljava/awt/AWTEvent;)Z+50 java.desktop@10.0.2
j  java.awt.Container.dispatchEventImpl(Ljava/awt/AWTEvent;)V+12 java.desktop@10.0.2
j  java.awt.Window.dispatchEventImpl(Ljava/awt/AWTEvent;)V+19 java.desktop@10.0.2
j  java.awt.Component.dispatchEvent(Ljava/awt/AWTEvent;)V+2 java.desktop@10.0.2
j  java.awt.EventQueue.dispatchEventImpl(Ljava/awt/AWTEvent;Ljava/lang/Object;)V+41 java.desktop@10.0.2
j  java.awt.EventQueue.access$600(Ljava/awt/EventQueue;Ljava/awt/AWTEvent;Ljava/lang/Object;)V+3 java.desktop@10.0.2
j  java.awt.EventQueue$4.run()Ljava/lang/Void;+32 java.desktop@10.0.2
j  java.awt.EventQueue$4.run()Ljava/lang/Object;+1 java.desktop@10.0.2
v  ~StubRoutines::call_stub
j  java.security.AccessController.doPrivileged(Ljava/security/PrivilegedAction;Ljava/security/AccessControlContext;)Ljava/lang/Object;+0 java.base@10.0.2
j  java.security.ProtectionDomain$JavaSecurityAccessImpl.doIntersectionPrivilege(Ljava/security/PrivilegedAction;Ljava/security/AccessControlContext;Ljava/security/AccessControlContext;)Ljava/lang/Object;+18 java.base@10.0.2
j  java.security.ProtectionDomain$JavaSecurityAccessImpl.doIntersectionPrivilege(Ljava/security/PrivilegedAction;Ljava/security/AccessControlContext;)Ljava/lang/Object;+6 java.base@10.0.2
j  java.awt.EventQueue$5.run()Ljava/lang/Void;+11 java.desktop@10.0.2
j  java.awt.EventQueue$5.run()Ljava/lang/Object;+1 java.desktop@10.0.2
v  ~StubRoutines::call_stub
j  java.security.AccessController.doPrivileged(Ljava/security/PrivilegedAction;Ljava/security/AccessControlContext;)Ljava/lang/Object;+0 java.base@10.0.2
j  java.security.ProtectionDomain$JavaSecurityAccessImpl.doIntersectionPrivilege(Ljava/security/PrivilegedAction;Ljava/security/AccessControlContext;Ljava/security/AccessControlContext;)Ljava/lang/Object;+18 java.base@10.0.2
j  java.awt.EventQueue.dispatchEvent(Ljava/awt/AWTEvent;)V+73 java.desktop@10.0.2
j  java.awt.EventDispatchThread.pumpOneEventForFilters(I)V+78 java.desktop@10.0.2
j  java.awt.EventDispatchThread.pumpEventsForFilter(ILjava/awt/Conditional;Ljava/awt/EventFilter;)V+35 java.desktop@10.0.2
j  java.awt.EventDispatchThread.pumpEventsForHierarchy(ILjava/awt/Conditional;Ljava/awt/Component;)V+11 java.desktop@10.0.2
j  java.awt.EventDispatchThread.pumpEvents(ILjava/awt/Conditional;)V+4 java.desktop@10.0.2
j  java.awt.EventDispatchThread.pumpEvents(Ljava/awt/Conditional;)V+3 java.desktop@10.0.2
j  java.awt.EventDispatchThread.run()V+9 java.desktop@10.0.2
v  ~StubRoutines::call_stub

siginfo: si_signo: 11 (SIGSEGV), si_code: 1 (SEGV_MAPERR), si_addr: 0x0000000000000011

Register to memory mapping:

RAX=0x00007fa967255fa0: pthread_mutex_lock+0x0000000000000000 in /lib/x86_64-linux-gnu/libpthread.so.0 at 0x00007fa96724c000
RBX=0x0000000000000001 is an unknown value
RCX=0x00007fa948215731 is at entry_point+465 in (nmethod*)0x00007fa948215390
RDX=0x0000000000000000 is an unknown value
RSP=0x00007fa902cf6dd8 is pointing into the stack for thread: 0x00007fa9604a0800
RBP=0x00007fa924122770 is an unknown value
RSI=0x00007fa924139920 is an unknown value
RDI=0x0000000000000001 is an unknown value
R8 =0x0000000000000008 is an unknown value
R9 =0x0000000000000008 is an unknown value
R10=0x00007fa902cf6d70 is pointing into the stack for thread: 0x00007fa9604a0800
R11=0x00007fa9020cead0: libusb_free_device_list+0x0000000000000000 in /usr/lib/x86_64-linux-gnu/libusb-1.0.so at 0x00007fa9020ca000
R12=0x00007fa902cf6f70 is pointing into the stack for thread: 0x00007fa9604a0800
R13=0x0000000000000004 is an unknown value
R14=0x0000000000000003 is an unknown value
R15=0x00007fa902cf6f40 is pointing into the stack for thread: 0x00007fa9604a0800


Registers:
RAX=0x00007fa967255fa0, RBX=0x0000000000000001, RCX=0x00007fa948215731, RDX=0x0000000000000000
RSP=0x00007fa902cf6dd8, RBP=0x00007fa924122770, RSI=0x00007fa924139920, RDI=0x0000000000000001
R8 =0x0000000000000008, R9 =0x0000000000000008, R10=0x00007fa902cf6d70, R11=0x00007fa9020cead0
R12=0x00007fa902cf6f70, R13=0x0000000000000004, R14=0x0000000000000003, R15=0x00007fa902cf6f40
RIP=0x00007fa967255fa0, EFLAGS=0x0000000000010206, CSGSFS=0x002b000000000033, ERR=0x0000000000000004
  TRAPNO=0x000000000000000e

Top of Stack: (sp=0x00007fa902cf6dd8)
0x00007fa902cf6dd8:   00007fa9020cea33 00000000c78b46f8
0x00007fa902cf6de8:   00007fa924122780 00007fa924122770
0x00007fa902cf6df8:   00007fa9020ceaf9 00007fa947b2e9c0
0x00007fa902cf6e08:   0000000000000018 00007fa902cf6e20 

Instructions: (pc=0x00007fa967255fa0)
0x00007fa967255f80:   00 00 0f 05 64 48 c7 04 25 f0 02 00 00 00 00 00
0x00007fa967255f90:   00 b8 83 00 00 00 e9 a8 fb ff ff 0f 1f 44 00 00
0x00007fa967255fa0:   8b 47 10 89 c2 81 e2 7f 01 00 00 90 83 e0 7c 0f
0x00007fa967255fb0:   85 9b 00 00 00 48 83 ec 08 85 d2 49 89 f8 8b 77 


---------------  P R O C E S S  ---------------

Threads class SMR info:
_java_thread_list=0x00007fa9240eb9f0, length=15, elements={
0x00007fa9600e2000, 0x00007fa9600e4000, 0x00007fa9600ed000, 0x00007fa9600f7800,
0x00007fa9600f9800, 0x00007fa9600fb800, 0x00007fa9601a8000, 0x00007fa9601b6000,
0x00007fa96037c800, 0x00007fa960380000, 0x00007fa96049f800, 0x00007fa9604a0800,
0x00007fa960011800, 0x00007fa924092800, 0x00007fa924105800
}

Java Threads: ( => current thread )
  0x00007fa9600e2000 JavaThread "Reference Handler" daemon [_thread_blocked, id=4507, stack(0x00007fa9442d6000,0x00007fa9443d7000)]
  0x00007fa9600e4000 JavaThread "Finalizer" daemon [_thread_blocked, id=4508, stack(0x00007fa9441d5000,0x00007fa9442d6000)]
  0x00007fa9600ed000 JavaThread "Signal Dispatcher" daemon [_thread_blocked, id=4509, stack(0x00007fa9440d4000,0x00007fa9441d5000)]
  0x00007fa9600f7800 JavaThread "C2 CompilerThread0" daemon [_thread_blocked, id=4510, stack(0x00007fa935bc9000,0x00007fa935cca000)]
  0x00007fa9600f9800 JavaThread "C1 CompilerThread1" daemon [_thread_blocked, id=4511, stack(0x00007fa935ac8000,0x00007fa935bc9000)]
  0x00007fa9600fb800 JavaThread "Sweeper thread" daemon [_thread_blocked, id=4512, stack(0x00007fa9359c7000,0x00007fa935ac8000)]
  0x00007fa9601a8000 JavaThread "Service Thread" daemon [_thread_blocked, id=4513, stack(0x00007fa9358c6000,0x00007fa9359c7000)]
  0x00007fa9601b6000 JavaThread "Common-Cleaner" daemon [_thread_blocked, id=4515, stack(0x00007fa9356c3000,0x00007fa9357c4000)]
  0x00007fa96037c800 JavaThread "Java2D Disposer" daemon [_thread_blocked, id=4519, stack(0x00007fa9340f9000,0x00007fa9341fa000)]
  0x00007fa960380000 JavaThread "AWT-XAWT" daemon [_thread_in_native, id=4520, stack(0x00007fa90829f000,0x00007fa9083a0000)]
  0x00007fa96049f800 JavaThread "AWT-Shutdown" [_thread_blocked, id=4521, stack(0x00007fa902cfd000,0x00007fa902dfe000)]
=>0x00007fa9604a0800 JavaThread "AWT-EventQueue-0" [_thread_in_native, id=4522, stack(0x00007fa902bfc000,0x00007fa902cfd000)]
  0x00007fa960011800 JavaThread "DestroyJavaVM" [_thread_blocked, id=4494, stack(0x00007fa967f80000,0x00007fa968081000)]
  0x00007fa924092800 JavaThread "TimerQueue" daemon [_thread_blocked, id=4523, stack(0x00007fa9028fb000,0x00007fa9029fc000)]
  0x00007fa924105800 JavaThread "process reaper" daemon [_thread_blocked, id=4526, stack(0x00007fa9340a1000,0x00007fa9340c3000)]

Other Threads:
  0x00007fa9600d8800 VMThread "VM Thread" [stack: 0x00007fa9443d9000,0x00007fa9444d9000] [id=4506]
  0x00007fa9601aa000 WatcherThread [stack: 0x00007fa9357c6000,0x00007fa9358c6000] [id=4514]
  0x00007fa960028000 GCTaskThread "GC Thread#0" [stack: 0x00007fa9640c0000,0x00007fa9641c0000] [id=4495]
  0x00007fa960029800 GCTaskThread "GC Thread#1" [stack: 0x00007fa947a25000,0x00007fa947b25000] [id=4496]
  0x00007fa960040000 ConcurrentGCThread "G1 Main Marker" [stack: 0x00007fa94535b000,0x00007fa94545b000] [id=4497]
  0x00007fa960042000 ConcurrentGCThread "G1 Conc#0" [stack: 0x00007fa945259000,0x00007fa945359000] [id=4498]
  0x00007fa960075000 ConcurrentGCThread "G1 Refine#0" [stack: 0x00007fa944f55000,0x00007fa945055000] [id=4499]
  0x00007fa960077000 ConcurrentGCThread "G1 Refine#1" [stack: 0x00007fa944e53000,0x00007fa944f53000] [id=4501]
  0x00007fa960078800 ConcurrentGCThread "G1 Young RemSet Sampling" [stack: 0x00007fa944d51000,0x00007fa944e51000] [id=4502]

Threads with active compile tasks:

VM state:not at safepoint (normal execution)

VM Mutex/Monitor currently owned by a thread: None

Heap address: 0x00000000c3c00000, size: 964 MB, Compressed Oops mode: 32-bit
Narrow klass base: 0x0000000000000000, Narrow klass shift: 3
Compressed class space size: 1073741824 Address: 0x0000000100000000

Heap:
 garbage-first heap   total 63488K, used 5027K [0x00000000c3c00000, 0x0000000100000000)
  region size 1024K, 4 young (4096K), 2 survivors (2048K)
 Metaspace       used 21698K, capacity 22299K, committed 22780K, reserved 1069056K
  class space    used 2303K, capacity 2583K, committed 2636K, reserved 1048576K
Heap Regions: E=young(eden), S=young(survivor), O=old, HS=humongous(starts), HC=humongous(continues), CS=collection set, F=free, A=archive, TS=gc time stamp, AC=allocation context, TAMS=top-at-mark-start (previous, next)
|   0|0x00000000c3c00000, 0x00000000c3d00000, 0x00000000c3d00000|100%| O|  |TS  0|AC  0|TAMS 0x00000000c3d00000, 0x00000000c3d00000|
|   1|0x00000000c3d00000, 0x00000000c3de8c00, 0x00000000c3e00000| 90%| O|  |TS  0|AC  0|TAMS 0x00000000c3de8c00, 0x00000000c3de8c00|
|   2|0x00000000c3e00000, 0x00000000c3e00000, 0x00000000c3f00000|  0%| F|  |TS  0|AC  0|TAMS 0x00000000c3e00000, 0x00000000c3e00000|
|   3|0x00000000c3f00000, 0x00000000c3f00000, 0x00000000c4000000|  0%| F|  |TS  0|AC  0|TAMS 0x00000000c3f00000, 0x00000000c3f00000|
|   4|0x00000000c4000000, 0x00000000c4000000, 0x00000000c4100000|  0%| F|  |TS  0|AC  0|TAMS 0x00000000c4000000, 0x00000000c4000000|
|   5|0x00000000c4100000, 0x00000000c4100000, 0x00000000c4200000|  0%| F|  |TS  0|AC  0|TAMS 0x00000000c4100000, 0x00000000c4100000|
|   6|0x00000000c4200000, 0x00000000c4200000, 0x00000000c4300000|  0%| F|  |TS  0|AC  0|TAMS 0x00000000c4200000, 0x00000000c4200000|
|   7|0x00000000c4300000, 0x00000000c4300000, 0x00000000c4400000|  0%| F|  |TS  0|AC  0|TAMS 0x00000000c4300000, 0x00000000c4300000|
|   8|0x00000000c4400000, 0x00000000c4400000, 0x00000000c4500000|  0%| F|  |TS  0|AC  0|TAMS 0x00000000c4400000, 0x00000000c4400000|
|   9|0x00000000c4500000, 0x00000000c4500000, 0x00000000c4600000|  0%| F|  |TS  0|AC  0|TAMS 0x00000000c4500000, 0x00000000c4500000|
|  10|0x00000000c4600000, 0x00000000c4600000, 0x00000000c4700000|  0%| F|  |TS  0|AC  0|TAMS 0x00000000c4600000, 0x00000000c4600000|
|  11|0x00000000c4700000, 0x00000000c4700000, 0x00000000c4800000|  0%| F|  |TS  0|AC  0|TAMS 0x00000000c4700000, 0x00000000c4700000|
|  12|0x00000000c4800000, 0x00000000c4800000, 0x00000000c4900000|  0%| F|  |TS  0|AC  0|TAMS 0x00000000c4800000, 0x00000000c4800000|
|  13|0x00000000c4900000, 0x00000000c4900000, 0x00000000c4a00000|  0%| F|  |TS  0|AC  0|TAMS 0x00000000c4900000, 0x00000000c4900000|
|  14|0x00000000c4a00000, 0x00000000c4a00000, 0x00000000c4b00000|  0%| F|  |TS  0|AC  0|TAMS 0x00000000c4a00000, 0x00000000c4a00000|
|  15|0x00000000c4b00000, 0x00000000c4b00000, 0x00000000c4c00000|  0%| F|  |TS  0|AC  0|TAMS 0x00000000c4b00000, 0x00000000c4b00000|
|  16|0x00000000c4c00000, 0x00000000c4c00000, 0x00000000c4d00000|  0%| F|  |TS  0|AC  0|TAMS 0x00000000c4c00000, 0x00000000c4c00000|
|  17|0x00000000c4d00000, 0x00000000c4d00000, 0x00000000c4e00000|  0%| F|  |TS  0|AC  0|TAMS 0x00000000c4d00000, 0x00000000c4d00000|
|  18|0x00000000c4e00000, 0x00000000c4e00000, 0x00000000c4f00000|  0%| F|  |TS  0|AC  0|TAMS 0x00000000c4e00000, 0x00000000c4e00000|
|  19|0x00000000c4f00000, 0x00000000c4f00000, 0x00000000c5000000|  0%| F|  |TS  0|AC  0|TAMS 0x00000000c4f00000, 0x00000000c4f00000|
|  20|0x00000000c5000000, 0x00000000c5000000, 0x00000000c5100000|  0%| F|  |TS  0|AC  0|TAMS 0x00000000c5000000, 0x00000000c5000000|
|  21|0x00000000c5100000, 0x00000000c5100000, 0x00000000c5200000|  0%| F|  |TS  0|AC  0|TAMS 0x00000000c5100000, 0x00000000c5100000|
|  22|0x00000000c5200000, 0x00000000c5200000, 0x00000000c5300000|  0%| F|  |TS  0|AC  0|TAMS 0x00000000c5200000, 0x00000000c5200000|
|  23|0x00000000c5300000, 0x00000000c5300000, 0x00000000c5400000|  0%| F|  |TS  0|AC  0|TAMS 0x00000000c5300000, 0x00000000c5300000|
|  24|0x00000000c5400000, 0x00000000c5400000, 0x00000000c5500000|  0%| F|  |TS  0|AC  0|TAMS 0x00000000c5400000, 0x00000000c5400000|
|  25|0x00000000c5500000, 0x00000000c5500000, 0x00000000c5600000|  0%| F|  |TS  0|AC  0|TAMS 0x00000000c5500000, 0x00000000c5500000|
|  26|0x00000000c5600000, 0x00000000c5600000, 0x00000000c5700000|  0%| F|  |TS  0|AC  0|TAMS 0x00000000c5600000, 0x00000000c5600000|
|  27|0x00000000c5700000, 0x00000000c5700000, 0x00000000c5800000|  0%| F|  |TS  0|AC  0|TAMS 0x00000000c5700000, 0x00000000c5700000|
|  28|0x00000000c5800000, 0x00000000c5800000, 0x00000000c5900000|  0%| F|  |TS  0|AC  0|TAMS 0x00000000c5800000, 0x00000000c5800000|
|  29|0x00000000c5900000, 0x00000000c5900000, 0x00000000c5a00000|  0%| F|  |TS  0|AC  0|TAMS 0x00000000c5900000, 0x00000000c5900000|
|  30|0x00000000c5a00000, 0x00000000c5a00000, 0x00000000c5b00000|  0%| F|  |TS  0|AC  0|TAMS 0x00000000c5a00000, 0x00000000c5a00000|
|  31|0x00000000c5b00000, 0x00000000c5b00000, 0x00000000c5c00000|  0%| F|  |TS  0|AC  0|TAMS 0x00000000c5b00000, 0x00000000c5b00000|
|  32|0x00000000c5c00000, 0x00000000c5c00000, 0x00000000c5d00000|  0%| F|  |TS  0|AC  0|TAMS 0x00000000c5c00000, 0x00000000c5c00000|
|  33|0x00000000c5d00000, 0x00000000c5d00000, 0x00000000c5e00000|  0%| F|  |TS  0|AC  0|TAMS 0x00000000c5d00000, 0x00000000c5d00000|
|  34|0x00000000c5e00000, 0x00000000c5e00000, 0x00000000c5f00000|  0%| F|  |TS  0|AC  0|TAMS 0x00000000c5e00000, 0x00000000c5e00000|
|  35|0x00000000c5f00000, 0x00000000c5f00000, 0x00000000c6000000|  0%| F|  |TS  0|AC  0|TAMS 0x00000000c5f00000, 0x00000000c5f00000|
|  36|0x00000000c6000000, 0x00000000c6000000, 0x00000000c6100000|  0%| F|  |TS  0|AC  0|TAMS 0x00000000c6000000, 0x00000000c6000000|
|  37|0x00000000c6100000, 0x00000000c6100000, 0x00000000c6200000|  0%| F|  |TS  0|AC  0|TAMS 0x00000000c6100000, 0x00000000c6100000|
|  38|0x00000000c6200000, 0x00000000c6200000, 0x00000000c6300000|  0%| F|  |TS  0|AC  0|TAMS 0x00000000c6200000, 0x00000000c6200000|
|  39|0x00000000c6300000, 0x00000000c6300000, 0x00000000c6400000|  0%| F|  |TS  0|AC  0|TAMS 0x00000000c6300000, 0x00000000c6300000|
|  40|0x00000000c6400000, 0x00000000c6400000, 0x00000000c6500000|  0%| F|  |TS  0|AC  0|TAMS 0x00000000c6400000, 0x00000000c6400000|
|  41|0x00000000c6500000, 0x00000000c6500000, 0x00000000c6600000|  0%| F|  |TS  0|AC  0|TAMS 0x00000000c6500000, 0x00000000c6500000|
|  42|0x00000000c6600000, 0x00000000c6600000, 0x00000000c6700000|  0%| F|  |TS  0|AC  0|TAMS 0x00000000c6600000, 0x00000000c6600000|
|  43|0x00000000c6700000, 0x00000000c6700000, 0x00000000c6800000|  0%| F|  |TS  0|AC  0|TAMS 0x00000000c6700000, 0x00000000c6700000|
|  44|0x00000000c6800000, 0x00000000c6800000, 0x00000000c6900000|  0%| F|  |TS  0|AC  0|TAMS 0x00000000c6800000, 0x00000000c6800000|
|  45|0x00000000c6900000, 0x00000000c6900000, 0x00000000c6a00000|  0%| F|  |TS  0|AC  0|TAMS 0x00000000c6900000, 0x00000000c6900000|
|  46|0x00000000c6a00000, 0x00000000c6a00000, 0x00000000c6b00000|  0%| F|  |TS  0|AC  0|TAMS 0x00000000c6a00000, 0x00000000c6a00000|
|  47|0x00000000c6b00000, 0x00000000c6b00000, 0x00000000c6c00000|  0%| F|  |TS  0|AC  0|TAMS 0x00000000c6b00000, 0x00000000c6b00000|
|  48|0x00000000c6c00000, 0x00000000c6c00000, 0x00000000c6d00000|  0%| F|  |TS  0|AC  0|TAMS 0x00000000c6c00000, 0x00000000c6c00000|
|  49|0x00000000c6d00000, 0x00000000c6d00000, 0x00000000c6e00000|  0%| F|  |TS  0|AC  0|TAMS 0x00000000c6d00000, 0x00000000c6d00000|
|  50|0x00000000c6e00000, 0x00000000c6e00000, 0x00000000c6f00000|  0%| F|  |TS  0|AC  0|TAMS 0x00000000c6e00000, 0x00000000c6e00000|
|  51|0x00000000c6f00000, 0x00000000c7000000, 0x00000000c7000000|100%| S|CS|TS  0|AC  0|TAMS 0x00000000c6f00000, 0x00000000c6f00000|
|  52|0x00000000c7000000, 0x00000000c7100000, 0x00000000c7100000|100%| S|CS|TS  0|AC  0|TAMS 0x00000000c7000000, 0x00000000c7000000|
|  53|0x00000000c7100000, 0x00000000c7100000, 0x00000000c7200000|  0%| F|  |TS  0|AC  0|TAMS 0x00000000c7100000, 0x00000000c7100000|
|  54|0x00000000c7200000, 0x00000000c7200000, 0x00000000c7300000|  0%| F|  |TS  0|AC  0|TAMS 0x00000000c7200000, 0x00000000c7200000|
|  55|0x00000000c7300000, 0x00000000c7300000, 0x00000000c7400000|  0%| F|  |TS  0|AC  0|TAMS 0x00000000c7300000, 0x00000000c7300000|
|  56|0x00000000c7400000, 0x00000000c7400000, 0x00000000c7500000|  0%| F|  |TS  0|AC  0|TAMS 0x00000000c7400000, 0x00000000c7400000|
|  57|0x00000000c7500000, 0x00000000c7500000, 0x00000000c7600000|  0%| F|  |TS  0|AC  0|TAMS 0x00000000c7500000, 0x00000000c7500000|
|  58|0x00000000c7600000, 0x00000000c7600000, 0x00000000c7700000|  0%| F|  |TS  0|AC  0|TAMS 0x00000000c7600000, 0x00000000c7600000|
|  59|0x00000000c7700000, 0x00000000c7700000, 0x00000000c7800000|  0%| F|  |TS  0|AC  0|TAMS 0x00000000c7700000, 0x00000000c7700000|
|  60|0x00000000c7800000, 0x00000000c78ba3c8, 0x00000000c7900000| 72%| E|  |TS  0|AC  0|TAMS 0x00000000c7800000, 0x00000000c7800000|
|  61|0x00000000c7900000, 0x00000000c7a00000, 0x00000000c7a00000|100%| E|CS|TS  0|AC  0|TAMS 0x00000000c7900000, 0x00000000c7900000|

Card table byte_map: [0x00007fa94745d000,0x00007fa94763f000] byte_map_base: 0x00007fa946e3f000

Marking Bits (Prev, Next): (CMBitMap*) 0x00007fa96003f6f8, (CMBitMap*) 0x00007fa96003f6c0
 Prev Bits: [0x00007fa94545b000, 0x00007fa94636b000)
 Next Bits: [0x00007fa94636b000, 0x00007fa94727b000)

Polling page: 0x00007fa9680b0000

CodeHeap 'non-profiled nmethods': size=120036Kb used=574Kb max_used=574Kb free=119461Kb
 bounds [0x00007fa94f5ec000, 0x00007fa94f85c000, 0x00007fa956b25000]
CodeHeap 'profiled nmethods': size=120032Kb used=2809Kb max_used=2809Kb free=117222Kb
 bounds [0x00007fa9480b4000, 0x00007fa948374000, 0x00007fa94f5ec000]
CodeHeap 'non-nmethods': size=5692Kb used=1258Kb max_used=1271Kb free=4433Kb
 bounds [0x00007fa947b25000, 0x00007fa947d95000, 0x00007fa9480b4000]
 total_blobs=2507 nmethods=1541 adapters=620
 compilation: enabled

Compilation events (10 events):
Event: 5,313 Thread 0x00007fa9600f9800 1540       3       java.util.regex.CharPredicates$$Lambda$142/421180117::is (5 bytes)
Event: 5,313 Thread 0x00007fa9600f9800 nmethod 1540 0x00007fa948370610 code [0x00007fa9483707e0, 0x00007fa948370af0]
Event: 5,313 Thread 0x00007fa9600f9800 1541       3       java.util.regex.CharPredicates::lambda$ASCII_DIGIT$15 (20 bytes)
Event: 5,314 Thread 0x00007fa9600f9800 nmethod 1541 0x00007fa948370c10 code [0x00007fa948370dc0, 0x00007fa948371050]
Event: 5,319 Thread 0x00007fa9600f9800 1542       3       java.util.regex.Matcher::end (67 bytes)
Event: 5,320 Thread 0x00007fa9600f9800 nmethod 1542 0x00007fa948371110 code [0x00007fa9483713a0, 0x00007fa948371e48]
Event: 5,321 Thread 0x00007fa9600f9800 1543       1       java.util.Formatter::access$000 (5 bytes)
Event: 5,321 Thread 0x00007fa9600f9800 nmethod 1543 0x00007fa94f67b610 code [0x00007fa94f67b7c0, 0x00007fa94f67b8b0]
Event: 5,322 Thread 0x00007fa9600f9800 1544       3       java.nio.charset.CoderResult::isOverflow (14 bytes)
Event: 5,322 Thread 0x00007fa9600f9800 nmethod 1544 0x00007fa948372290 code [0x00007fa948372440, 0x00007fa9483725f0]

GC Heap History (6 events):
Event: 1,454 GC heap before
{Heap before GC invocations=0 (full 0):
 garbage-first heap   total 63488K, used 7168K [0x00000000c3c00000, 0x0000000100000000)
  region size 1024K, 7 young (7168K), 0 survivors (0K)
 Metaspace       used 11376K, capacity 11697K, committed 11776K, reserved 1060864K
  class space    used 1076K, capacity 1262K, committed 1280K, reserved 1048576K
}
Event: 1,467 GC heap after
{Heap after GC invocations=1 (full 0):
 garbage-first heap   total 63488K, used 1735K [0x00000000c3c00000, 0x0000000100000000)
  region size 1024K, 1 young (1024K), 1 survivors (1024K)
 Metaspace       used 11376K, capacity 11697K, committed 11776K, reserved 1060864K
  class space    used 1076K, capacity 1262K, committed 1280K, reserved 1048576K
}
Event: 1,741 GC heap before
{Heap before GC invocations=1 (full 0):
 garbage-first heap   total 63488K, used 5831K [0x00000000c3c00000, 0x0000000100000000)
  region size 1024K, 5 young (5120K), 1 survivors (1024K)
 Metaspace       used 12173K, capacity 12606K, committed 12800K, reserved 1060864K
  class space    used 1183K, capacity 1422K, committed 1536K, reserved 1048576K
}
Event: 1,750 GC heap after
{Heap after GC invocations=2 (full 0):
 garbage-first heap   total 63488K, used 2441K [0x00000000c3c00000, 0x0000000100000000)
  region size 1024K, 1 young (1024K), 1 survivors (1024K)
 Metaspace       used 12173K, capacity 12606K, committed 12800K, reserved 1060864K
  class space    used 1183K, capacity 1422K, committed 1536K, reserved 1048576K
}
Event: 4,714 GC heap before
{Heap before GC invocations=2 (full 0):
 garbage-first heap   total 63488K, used 9609K [0x00000000c3c00000, 0x0000000100000000)
  region size 1024K, 9 young (9216K), 1 survivors (1024K)
 Metaspace       used 20596K, capacity 21073K, committed 21296K, reserved 1069056K
  class space    used 2171K, capacity 2430K, committed 2432K, reserved 1048576K
}
Event: 4,736 GC heap after
{Heap after GC invocations=3 (full 0):
 garbage-first heap   total 63488K, used 4003K [0x00000000c3c00000, 0x0000000100000000)
  region size 1024K, 2 young (2048K), 2 survivors (2048K)
 Metaspace       used 20596K, capacity 21073K, committed 21296K, reserved 1069056K
  class space    used 2171K, capacity 2430K, committed 2432K, reserved 1048576K
}

Deoptimization events (10 events):
Event: 4,504 Thread 0x00007fa9604a0800 Uncommon trap: reason=bimorphic_or_optimized_type_check action=maybe_recompile pc=0x00007fa94f649b5c method=java.util.HashMap.putVal(ILjava/lang/Object;Ljava/lang/Object;ZZ)Ljava/lang/Object; @ 253 c2
Event: 4,504 Thread 0x00007fa9604a0800 Uncommon trap: reason=bimorphic_or_optimized_type_check action=maybe_recompile pc=0x00007fa94f649b5c method=java.util.HashMap.putVal(ILjava/lang/Object;Ljava/lang/Object;ZZ)Ljava/lang/Object; @ 253 c2
Event: 4,504 Thread 0x00007fa9604a0800 Uncommon trap: reason=bimorphic_or_optimized_type_check action=maybe_recompile pc=0x00007fa94f649b5c method=java.util.HashMap.putVal(ILjava/lang/Object;Ljava/lang/Object;ZZ)Ljava/lang/Object; @ 253 c2
Event: 4,622 Thread 0x00007fa9604a0800 Uncommon trap: reason=unstable_if action=reinterpret pc=0x00007fa94f667bf4 method=java.lang.StringLatin1.replace([BCC)Ljava/lang/String; @ 19 c2
Event: 4,622 Thread 0x00007fa9604a0800 Uncommon trap: reason=unstable_if action=reinterpret pc=0x00007fa94f606074 method=java.lang.StringLatin1.replace([BCC)Ljava/lang/String; @ 19 c2
Event: 4,622 Thread 0x00007fa9604a0800 Uncommon trap: reason=unstable_if action=reinterpret pc=0x00007fa94f61e118 method=jdk.internal.org.objectweb.asm.Type.getArgumentsAndReturnSizes(Ljava/lang/String;)I @ 88 c2
Event: 4,697 Thread 0x00007fa9604a0800 Uncommon trap: reason=unstable_if action=reinterpret pc=0x00007fa94f664cf4 method=java.lang.AbstractStringBuilder.append(Ljava/lang/String;)Ljava/lang/AbstractStringBuilder; @ 1 c2
Event: 4,803 Thread 0x00007fa9604a0800 Uncommon trap: reason=unstable_if action=reinterpret pc=0x00007fa94f629b4c method=java.lang.invoke.InvokerBytecodeGenerator.isStaticallyNameable(Ljava/lang/Class;)Z @ 12 c2
Event: 4,803 Thread 0x00007fa9604a0800 Uncommon trap: reason=unstable_if action=reinterpret pc=0x00007fa94f619308 method=jdk.internal.org.objectweb.asm.Frame.execute(IILjdk/internal/org/objectweb/asm/ClassWriter;Ljdk/internal/org/objectweb/asm/Item;)V @ 2219 c2
Event: 5,172 Thread 0x00007fa9604a0800 Uncommon trap: reason=unstable_if action=reinterpret pc=0x00007fa94f5f520c method=java.lang.String.isLatin1()Z @ 10 c2

Classes redefined (0 events):
No events

Internal exceptions (10 events):
Event: 4,602 Thread 0x00007fa9604a0800 Exception <a 'java/lang/NoSuchMethodError'{0x00000000c7259f98}: java.lang.invoke.DirectMethodHandle$Holder.invokeStaticInit(Ljava/lang/Object;Ljava/lang/Object;JLjava/lang/Object;)Ljava/lang/Object;> (0x00000000c7259f98) thrown at [/build/openjdk-lts-Ae5P
Event: 4,616 Thread 0x00007fa9604a0800 Exception <a 'java/lang/NoSuchMethodError'{0x00000000c7260220}: java.lang.invoke.DirectMethodHandle$Holder.invokeStatic(Ljava/lang/Object;Ljava/lang/Object;J)Ljava/lang/Object;> (0x00000000c7260220) thrown at [/build/openjdk-lts-Ae5PRQ/openjdk-lts-10.0.2+
Event: 4,617 Thread 0x00007fa9604a0800 Exception <a 'java/lang/NoSuchMethodError'{0x00000000c7263aa8}: method resolution failed> (0x00000000c7263aa8) thrown at [/build/openjdk-lts-Ae5PRQ/openjdk-lts-10.0.2+13/src/hotspot/share/prims/methodHandles.cpp, line 1226]
Event: 4,623 Thread 0x00007fa9604a0800 Exception <a 'java/lang/NoSuchMethodError'{0x00000000c726db50}: java.lang.invoke.DirectMethodHandle$Holder.invokeStatic(Ljava/lang/Object;Ljava/lang/Object;Ljava/lang/Object;I)Ljava/lang/Object;> (0x00000000c726db50) thrown at [/build/openjdk-lts-Ae5PRQ/o
Event: 4,629 Thread 0x00007fa9604a0800 Exception <a 'java/lang/NoSuchMethodError'{0x00000000c72719a8}: java.lang.invoke.DirectMethodHandle$Holder.invokeSpecial(Ljava/lang/Object;Ljava/lang/Object;Ljava/lang/Object;Ljava/lang/Object;I)Ljava/lang/Object;> (0x00000000c72719a8) thrown at [/build/o
Event: 4,697 Thread 0x00007fa9604a0800 Implicit null exception at 0x00007fa94f6647f3 to 0x00007fa94f664cde
Event: 4,746 Thread 0x00007fa9604a0800 Exception <a 'java/lang/NoSuchMethodError'{0x00000000c7962d48}: method resolution failed> (0x00000000c7962d48) thrown at [/build/openjdk-lts-Ae5PRQ/openjdk-lts-10.0.2+13/src/hotspot/share/prims/methodHandles.cpp, line 1226]
Event: 4,759 Thread 0x00007fa9604a0800 Exception <a 'java/lang/NoSuchMethodError'{0x00000000c7976d30}: java.lang.invoke.DirectMethodHandle$Holder.invokeStatic(Ljava/lang/Object;Ljava/lang/Object;)I> (0x00000000c7976d30) thrown at [/build/openjdk-lts-Ae5PRQ/openjdk-lts-10.0.2+13/src/hotspot/sha
Event: 4,802 Thread 0x00007fa9604a0800 Exception <a 'java/lang/NoSuchMethodError'{0x00000000c7984140}: java.lang.Object.of([Ljava/lang/Object;)Ljava/util/stream/Stream;> (0x00000000c7984140) thrown at [/build/openjdk-lts-Ae5PRQ/openjdk-lts-10.0.2+13/src/hotspot/share/interpreter/linkResolver.c
Event: 5,110 Thread 0x00007fa9604a0800 Exception <a 'java/lang/NoSuchMethodError'{0x00000000c7871260}: java.lang.Object.lambda$union$2(Ljava/util/regex/Pattern$CharPredicate;I)Z> (0x00000000c7871260) thrown at [/build/openjdk-lts-Ae5PRQ/openjdk-lts-10.0.2+13/src/hotspot/share/interpreter/linkR

Events (10 events):
Event: 5,174 loading class java/util/Formatter$FormatString done
Event: 5,174 loading class java/util/Formatter$FormatSpecifier done
Event: 5,174 loading class java/util/Formatter$Flags
Event: 5,175 loading class java/util/Formatter$Flags done
Event: 5,187 loading class java/util/Formatter$Conversion
Event: 5,187 loading class java/util/Formatter$Conversion done
Event: 5,187 loading class java/util/Formatter$FixedString
Event: 5,188 loading class java/util/Formatter$FixedString done
Event: 5,189 loading class java/util/Formattable
Event: 5,190 loading class java/util/Formattable done


Dynamic libraries:
c3c00000-c7a00000 rw-p 00000000 00:00 0 
c7a00000-100000000 ---p 00000000 00:00 0 
100000000-100293000 rw-p 00000000 00:00 0 
100293000-140000000 ---p 00000000 00:00 0 
55c8021e6000-55c8021e7000 r-xp 00000000 08:07 3281594                    /usr/lib/jvm/java-11-openjdk-amd64/bin/java
55c8023e7000-55c8023e8000 r--p 00001000 08:07 3281594                    /usr/lib/jvm/java-11-openjdk-amd64/bin/java
55c8023e8000-55c8023e9000 rw-p 00002000 08:07 3281594                    /usr/lib/jvm/java-11-openjdk-amd64/bin/java
55c802fb1000-55c802fd2000 rw-p 00000000 00:00 0                          [heap]
7fa9016ab000-7fa9016ac000 ---p 00000000 00:00 0 
7fa9016ac000-7fa901eac000 rw-p 00000000 00:00 0 
7fa901eac000-7fa901ec9000 r-xp 00000000 08:07 1973216                    /lib/x86_64-linux-gnu/libudev.so.1.6.9
7fa901ec9000-7fa9020c8000 ---p 0001d000 08:07 1973216                    /lib/x86_64-linux-gnu/libudev.so.1.6.9
7fa9020c8000-7fa9020c9000 r--p 0001c000 08:07 1973216                    /lib/x86_64-linux-gnu/libudev.so.1.6.9
7fa9020c9000-7fa9020ca000 rw-p 0001d000 08:07 1973216                    /lib/x86_64-linux-gnu/libudev.so.1.6.9
7fa9020ca000-7fa9020e1000 r-xp 00000000 08:07 1970999                    /lib/x86_64-linux-gnu/libusb-1.0.so.0.1.0
7fa9020e1000-7fa9022e0000 ---p 00017000 08:07 1970999                    /lib/x86_64-linux-gnu/libusb-1.0.so.0.1.0
7fa9022e0000-7fa9022e1000 r--p 00016000 08:07 1970999                    /lib/x86_64-linux-gnu/libusb-1.0.so.0.1.0
7fa9022e1000-7fa9022e2000 rw-p 00017000 08:07 1970999                    /lib/x86_64-linux-gnu/libusb-1.0.so.0.1.0
7fa9022e2000-7fa90248e000 rw-p 00000000 00:00 0 
7fa90248e000-7fa9024e2000 ---p 00000000 00:00 0 
7fa9024e2000-7fa9024fa000 r-xp 00000000 08:07 7767274                    /home/peter/.cache/JNA/temp/jna13179894334486984261.tmp (deleted)
7fa9024fa000-7fa9026fa000 ---p 00018000 08:07 7767274                    /home/peter/.cache/JNA/temp/jna13179894334486984261.tmp (deleted)
7fa9026fa000-7fa9026fb000 rw-p 00018000 08:07 7767274                    /home/peter/.cache/JNA/temp/jna13179894334486984261.tmp (deleted)
7fa9026fb000-7fa9028fb000 rw-p 00000000 00:00 0 
7fa9028fb000-7fa9028ff000 ---p 00000000 00:00 0 
7fa9028ff000-7fa902bfc000 rw-p 00000000 00:00 0 
7fa902bfc000-7fa902c00000 ---p 00000000 00:00 0 
7fa902c00000-7fa902cfd000 rw-p 00000000 00:00 0 
7fa902cfd000-7fa902d01000 ---p 00000000 00:00 0 
7fa902d01000-7fa902ffe000 rw-p 00000000 00:00 0 
7fa902ffe000-7fa902fff000 ---p 00000000 00:00 0 
7fa902fff000-7fa9037ff000 rw-p 00000000 00:00 0 
7fa9037ff000-7fa903800000 ---p 00000000 00:00 0 
7fa903800000-7fa904000000 rw-p 00000000 00:00 0 
7fa904000000-7fa904021000 rw-p 00000000 00:00 0 
7fa904021000-7fa908000000 ---p 00000000 00:00 0 
7fa90809f000-7fa90829f000 rw-p 00000000 00:00 0 
7fa90829f000-7fa9082a3000 ---p 00000000 00:00 0 
7fa9082a3000-7fa9083a0000 rw-p 00000000 00:00 0 
7fa9083a0000-7fa9083a5000 r-xp 00000000 08:07 3284531                    /usr/lib/x86_64-linux-gnu/libXfixes.so.3.1.0
7fa9083a5000-7fa9085a4000 ---p 00005000 08:07 3284531                    /usr/lib/x86_64-linux-gnu/libXfixes.so.3.1.0
7fa9085a4000-7fa9085a5000 r--p 00004000 08:07 3284531                    /usr/lib/x86_64-linux-gnu/libXfixes.so.3.1.0
7fa9085a5000-7fa9085a6000 rw-p 00005000 08:07 3284531                    /usr/lib/x86_64-linux-gnu/libXfixes.so.3.1.0
7fa9085a6000-7fa9085af000 r-xp 00000000 08:07 3284523                    /usr/lib/x86_64-linux-gnu/libXcursor.so.1.0.2
7fa9085af000-7fa9087ae000 ---p 00009000 08:07 3284523                    /usr/lib/x86_64-linux-gnu/libXcursor.so.1.0.2
7fa9087ae000-7fa9087af000 r--p 00008000 08:07 3284523                    /usr/lib/x86_64-linux-gnu/libXcursor.so.1.0.2
7fa9087af000-7fa9087b0000 rw-p 00009000 08:07 3284523                    /usr/lib/x86_64-linux-gnu/libXcursor.so.1.0.2
7fa9087b0000-7fa9087b1000 ---p 00000000 00:00 0 
7fa9087b1000-7fa908fb1000 rw-p 00000000 00:00 0 
7fa908fb1000-7fa908fbd000 r-xp 00000000 08:07 3671758                    /usr/lib/x86_64-linux-gnu/gio/modules/libdconfsettings.so
7fa908fbd000-7fa9091bc000 ---p 0000c000 08:07 3671758                    /usr/lib/x86_64-linux-gnu/gio/modules/libdconfsettings.so
7fa9091bc000-7fa9091bd000 r--p 0000b000 08:07 3671758                    /usr/lib/x86_64-linux-gnu/gio/modules/libdconfsettings.so
7fa9091bd000-7fa9091be000 rw-p 0000c000 08:07 3671758                    /usr/lib/x86_64-linux-gnu/gio/modules/libdconfsettings.so
7fa9091be000-7fa9091c4000 r-xp 00000000 08:07 1979063                    /lib/x86_64-linux-gnu/libuuid.so.1.3.0
7fa9091c4000-7fa9093c3000 ---p 00006000 08:07 1979063                    /lib/x86_64-linux-gnu/libuuid.so.1.3.0
7fa9093c3000-7fa9093c4000 r--p 00005000 08:07 1979063                    /lib/x86_64-linux-gnu/libuuid.so.1.3.0
7fa9093c4000-7fa9093c5000 rw-p 00006000 08:07 1979063                    /lib/x86_64-linux-gnu/libuuid.so.1.3.0
7fa9093c5000-7fa90940c000 r-xp 00000000 08:07 1971002                    /lib/x86_64-linux-gnu/libblkid.so.1.1.0
7fa90940c000-7fa90960c000 ---p 00047000 08:07 1971002                    /lib/x86_64-linux-gnu/libblkid.so.1.1.0
7fa90960c000-7fa909610000 r--p 00047000 08:07 1971002                    /lib/x86_64-linux-gnu/libblkid.so.1.1.0
7fa909610000-7fa909611000 rw-p 0004b000 08:07 1971002                    /lib/x86_64-linux-gnu/libblkid.so.1.1.0
7fa909611000-7fa909612000 rw-p 00000000 00:00 0 
7fa909612000-7fa909682000 r-xp 00000000 08:07 1970955                    /lib/x86_64-linux-gnu/libpcre.so.3.13.3
7fa909682000-7fa909882000 ---p 00070000 08:07 1970955                    /lib/x86_64-linux-gnu/libpcre.so.3.13.3
7fa909882000-7fa909883000 r--p 00070000 08:07 1970955                    /lib/x86_64-linux-gnu/libpcre.so.3.13.3
7fa909883000-7fa909884000 rw-p 00071000 08:07 1970955                    /lib/x86_64-linux-gnu/libpcre.so.3.13.3
7fa909884000-7fa90988b000 r-xp 00000000 08:07 3284907                    /usr/lib/x86_64-linux-gnu/libffi.so.6.0.4
7fa90988b000-7fa909a8a000 ---p 00007000 08:07 3284907                    /usr/lib/x86_64-linux-gnu/libffi.so.6.0.4
7fa909a8a000-7fa909a8b000 r--p 00006000 08:07 3284907                    /usr/lib/x86_64-linux-gnu/libffi.so.6.0.4
7fa909a8b000-7fa909a8c000 rw-p 00007000 08:07 3284907                    /usr/lib/x86_64-linux-gnu/libffi.so.6.0.4
7fa909a8c000-7fa909add000 r-xp 00000000 08:07 1970866                    /lib/x86_64-linux-gnu/libmount.so.1.1.0
7fa909add000-7fa909cdc000 ---p 00051000 08:07 1970866                    /lib/x86_64-linux-gnu/libmount.so.1.1.0
7fa909cdc000-7fa909cde000 r--p 00050000 08:07 1970866                    /lib/x86_64-linux-gnu/libmount.so.1.1.0
7fa909cde000-7fa909cdf000 rw-p 00052000 08:07 1970866                    /lib/x86_64-linux-gnu/libmount.so.1.1.0
7fa909cdf000-7fa909ce0000 rw-p 00000000 00:00 0 
7fa909ce0000-7fa909cf7000 r-xp 00000000 08:07 1970972                    /lib/x86_64-linux-gnu/libresolv-2.27.so
7fa909cf7000-7fa909ef7000 ---p 00017000 08:07 1970972                    /lib/x86_64-linux-gnu/libresolv-2.27.so
7fa909ef7000-7fa909ef8000 r--p 00017000 08:07 1970972                    /lib/x86_64-linux-gnu/libresolv-2.27.so
7fa909ef8000-7fa909ef9000 rw-p 00018000 08:07 1970972                    /lib/x86_64-linux-gnu/libresolv-2.27.so
7fa909ef9000-7fa909efb000 rw-p 00000000 00:00 0 
7fa909efb000-7fa909f20000 r-xp 00000000 08:07 1970978                    /lib/x86_64-linux-gnu/libselinux.so.1
7fa909f20000-7fa90a11f000 ---p 00025000 08:07 1970978                    /lib/x86_64-linux-gnu/libselinux.so.1
7fa90a11f000-7fa90a120000 r--p 00024000 08:07 1970978                    /lib/x86_64-linux-gnu/libselinux.so.1
7fa90a120000-7fa90a121000 rw-p 00025000 08:07 1970978                    /lib/x86_64-linux-gnu/libselinux.so.1
7fa90a121000-7fa90a123000 rw-p 00000000 00:00 0 
7fa90a123000-7fa90a236000 r-xp 00000000 08:07 3277285                    /usr/lib/x86_64-linux-gnu/libglib-2.0.so.0.5600.3
7fa90a236000-7fa90a436000 ---p 00113000 08:07 3277285                    /usr/lib/x86_64-linux-gnu/libglib-2.0.so.0.5600.3
7fa90a436000-7fa90a437000 r--p 00113000 08:07 3277285                    /usr/lib/x86_64-linux-gnu/libglib-2.0.so.0.5600.3
7fa90a437000-7fa90a438000 rw-p 00114000 08:07 3277285                    /usr/lib/x86_64-linux-gnu/libglib-2.0.so.0.5600.3
7fa90a438000-7fa90a439000 rw-p 00000000 00:00 0 
7fa90a439000-7fa90a43c000 r-xp 00000000 08:07 3277315                    /usr/lib/x86_64-linux-gnu/libgmodule-2.0.so.0.5600.3
7fa90a43c000-7fa90a63b000 ---p 00003000 08:07 3277315                    /usr/lib/x86_64-linux-gnu/libgmodule-2.0.so.0.5600.3
7fa90a63b000-7fa90a63c000 r--p 00002000 08:07 3277315                    /usr/lib/x86_64-linux-gnu/libgmodule-2.0.so.0.5600.3
7fa90a63c000-7fa90a63d000 rw-p 00003000 08:07 3277315                    /usr/lib/x86_64-linux-gnu/libgmodule-2.0.so.0.5600.3
7fa90a63d000-7fa90a68f000 r-xp 00000000 08:07 3277316                    /usr/lib/x86_64-linux-gnu/libgobject-2.0.so.0.5600.3
7fa90a68f000-7fa90a88f000 ---p 00052000 08:07 3277316                    /usr/lib/x86_64-linux-gnu/libgobject-2.0.so.0.5600.3
7fa90a88f000-7fa90a890000 r--p 00052000 08:07 3277316                    /usr/lib/x86_64-linux-gnu/libgobject-2.0.so.0.5600.3
7fa90a890000-7fa90a891000 rw-p 00053000 08:07 3277316                    /usr/lib/x86_64-linux-gnu/libgobject-2.0.so.0.5600.3
7fa90a891000-7fa90aa26000 r-xp 00000000 08:07 3277258                    /usr/lib/x86_64-linux-gnu/libgio-2.0.so.0.5600.3
7fa90aa26000-7fa90ac26000 ---p 00195000 08:07 3277258                    /usr/lib/x86_64-linux-gnu/libgio-2.0.so.0.5600.3
7fa90ac26000-7fa90ac2d000 r--p 00195000 08:07 3277258                    /usr/lib/x86_64-linux-gnu/libgio-2.0.so.0.5600.3
7fa90ac2d000-7fa90ac2e000 rw-p 0019c000 08:07 3277258                    /usr/lib/x86_64-linux-gnu/libgio-2.0.so.0.5600.3
7fa90ac2e000-7fa90ac30000 rw-p 00000000 00:00 0 
7fa90ac30000-7fa90ac3a000 r-xp 00000000 08:07 3284547                    /usr/lib/x86_64-linux-gnu/libXrandr.so.2.2.0
7fa90ac3a000-7fa90ae39000 ---p 0000a000 08:07 3284547                    /usr/lib/x86_64-linux-gnu/libXrandr.so.2.2.0
7fa90ae39000-7fa90ae3a000 r--p 00009000 08:07 3284547                    /usr/lib/x86_64-linux-gnu/libXrandr.so.2.2.0
7fa90ae3a000-7fa90ae3b000 rw-p 0000a000 08:07 3284547                    /usr/lib/x86_64-linux-gnu/libXrandr.so.2.2.0
7fa90ae3b000-7fa90ae6c000 r-xp 00000000 08:07 3285257                    /usr/lib/x86_64-linux-gnu/libpng16.so.16.34.0
7fa90ae6c000-7fa90b06b000 ---p 00031000 08:07 3285257                    /usr/lib/x86_64-linux-gnu/libpng16.so.16.34.0
7fa90b06b000-7fa90b06c000 r--p 00030000 08:07 3285257                    /usr/lib/x86_64-linux-gnu/libpng16.so.16.34.0
7fa90b06c000-7fa90b06d000 rw-p 00031000 08:07 3285257                    /usr/lib/x86_64-linux-gnu/libpng16.so.16.34.0
7fa90b06d000-7fa90b11a000 r-xp 00000000 08:07 3284937                    /usr/lib/x86_64-linux-gnu/libfreetype.so.6.15.0
7fa90b11a000-7fa90b319000 ---p 000ad000 08:07 3284937                    /usr/lib/x86_64-linux-gnu/libfreetype.so.6.15.0
7fa90b319000-7fa90b320000 r--p 000ac000 08:07 3284937                    /usr/lib/x86_64-linux-gnu/libfreetype.so.6.15.0
7fa90b320000-7fa90b321000 rw-p 000b3000 08:07 3284937                    /usr/lib/x86_64-linux-gnu/libfreetype.so.6.15.0
7fa90b321000-7fa90b3b6000 r-xp 00000000 08:07 3281657                    /usr/lib/jvm/java-11-openjdk-amd64/lib/libfontmanager.so
7fa90b3b6000-7fa90b5b6000 ---p 00095000 08:07 3281657                    /usr/lib/jvm/java-11-openjdk-amd64/lib/libfontmanager.so
7fa90b5b6000-7fa90b5b7000 r--p 00095000 08:07 3281657                    /usr/lib/jvm/java-11-openjdk-amd64/lib/libfontmanager.so
7fa90b5b7000-7fa90b5b8000 rw-p 00096000 08:07 3281657                    /usr/lib/jvm/java-11-openjdk-amd64/lib/libfontmanager.so
7fa90b5b8000-7fa90b7b9000 rw-p 00000000 00:00 0 
7fa90b7b9000-7fa90b7cc000 r-xp 00000000 08:07 1970829                    /lib/x86_64-linux-gnu/libbsd.so.0.8.7
7fa90b7cc000-7fa90b9cb000 ---p 00013000 08:07 1970829                    /lib/x86_64-linux-gnu/libbsd.so.0.8.7
7fa90b9cb000-7fa90b9cc000 r--p 00012000 08:07 1970829                    /lib/x86_64-linux-gnu/libbsd.so.0.8.7
7fa90b9cc000-7fa90b9cd000 rw-p 00013000 08:07 1970829                    /lib/x86_64-linux-gnu/libbsd.so.0.8.7
7fa90b9cd000-7fa90b9ce000 rw-p 00000000 00:00 0 
7fa90b9ce000-7fa90b9d3000 r-xp 00000000 08:07 3284527                    /usr/lib/x86_64-linux-gnu/libXdmcp.so.6.0.0
7fa90b9d3000-7fa90bbd2000 ---p 00005000 08:07 3284527                    /usr/lib/x86_64-linux-gnu/libXdmcp.so.6.0.0
7fa90bbd2000-7fa90bbd3000 r--p 00004000 08:07 3284527                    /usr/lib/x86_64-linux-gnu/libXdmcp.so.6.0.0
7fa90bbd3000-7fa90bbd4000 rw-p 00005000 08:07 3284527                    /usr/lib/x86_64-linux-gnu/libXdmcp.so.6.0.0
7fa90bbd4000-7fa90bbd6000 r-xp 00000000 08:07 3284516                    /usr/lib/x86_64-linux-gnu/libXau.so.6.0.0
7fa90bbd6000-7fa90bdd6000 ---p 00002000 08:07 3284516                    /usr/lib/x86_64-linux-gnu/libXau.so.6.0.0
7fa90bdd6000-7fa90bdd7000 r--p 00002000 08:07 3284516                    /usr/lib/x86_64-linux-gnu/libXau.so.6.0.0
7fa90bdd7000-7fa90bdd8000 rw-p 00003000 08:07 3284516                    /usr/lib/x86_64-linux-gnu/libXau.so.6.0.0
7fa90bdd8000-7fa90bdfe000 r-xp 00000000 08:07 3285855                    /usr/lib/x86_64-linux-gnu/libxcb.so.1.1.0
7fa90bdfe000-7fa90bffe000 ---p 00026000 08:07 3285855                    /usr/lib/x86_64-linux-gnu/libxcb.so.1.1.0
7fa90bffe000-7fa90bfff000 r--p 00026000 08:07 3285855                    /usr/lib/x86_64-linux-gnu/libxcb.so.1.1.0
7fa90bfff000-7fa90c000000 rw-p 00027000 08:07 3285855                    /usr/lib/x86_64-linux-gnu/libxcb.so.1.1.0
7fa90c000000-7fa90cd8e000 rw-p 00000000 00:00 0 
7fa90cd8e000-7fa910000000 ---p 00000000 00:00 0 
7fa910000000-7fa910730000 rw-p 00000000 00:00 0 
7fa910730000-7fa914000000 ---p 00000000 00:00 0 
7fa914000000-7fa914021000 rw-p 00000000 00:00 0 
7fa914021000-7fa918000000 ---p 00000000 00:00 0 
7fa918000000-7fa918021000 rw-p 00000000 00:00 0 
7fa918021000-7fa91c000000 ---p 00000000 00:00 0 
7fa91c000000-7fa91c021000 rw-p 00000000 00:00 0 
7fa91c021000-7fa920000000 ---p 00000000 00:00 0 
7fa920000000-7fa920021000 rw-p 00000000 00:00 0 
7fa920021000-7fa924000000 ---p 00000000 00:00 0 
7fa924000000-7fa92428b000 rw-p 00000000 00:00 0 
7fa92428b000-7fa928000000 ---p 00000000 00:00 0 
7fa928000000-7fa928021000 rw-p 00000000 00:00 0 
7fa928021000-7fa92c000000 ---p 00000000 00:00 0 
7fa92c000000-7fa92c021000 rw-p 00000000 00:00 0 
7fa92c021000-7fa930000000 ---p 00000000 00:00 0 
7fa930000000-7fa930021000 rw-p 00000000 00:00 0 
7fa930021000-7fa934000000 ---p 00000000 00:00 0 
7fa9340a1000-7fa9340a5000 ---p 00000000 00:00 0 
7fa9340a5000-7fa9340c3000 rw-p 00000000 00:00 0 
7fa9340c3000-7fa9340ce000 r--s 00000000 08:07 786527                     /var/cache/fontconfig/945677eb7aeaf62f1d50efc3fb3ec7d8-le64.cache-7
7fa9340ce000-7fa9340d0000 r--s 00000000 08:07 786529                     /var/cache/fontconfig/99e8ed0e538f840c565b6ed5dad60d56-le64.cache-7
7fa9340d0000-7fa9340d5000 r--s 00000000 08:07 786496                     /var/cache/fontconfig/2300eef321c393bfd76478a5c0e95b23-le64.cache-7
7fa9340d5000-7fa9340d6000 r--s 00000000 08:07 786490                     /var/cache/fontconfig/0d8c3b2ac0904cb8a57a757ad11a4a08-le64.cache-7
7fa9340d6000-7fa9340eb000 r--s 00000000 08:07 786487                     /var/cache/fontconfig/04aabc0a78ac019cf9454389977116d2-le64.cache-7
7fa9340eb000-7fa9340ec000 r--s 00000000 08:07 786494                     /var/cache/fontconfig/1ac9eb803944fde146138c791f5cc56a-le64.cache-7
7fa9340ec000-7fa9340f0000 r--s 00000000 08:07 786502                     /var/cache/fontconfig/385c0604a188198f04d133e54aba7fe7-le64.cache-7
7fa9340f0000-7fa9340f1000 r--s 00000000 08:07 786548                     /var/cache/fontconfig/dc05db6664285cc2f12bf69c139ae4c3-le64.cache-7
7fa9340f1000-7fa9340f3000 r--s 00000000 08:07 786491                     /var/cache/fontconfig/14a5e22175779b556eaa434240950366-le64.cache-7
7fa9340f3000-7fa9340f4000 r--s 00000000 08:07 786518                     /var/cache/fontconfig/660208299946a285a940457d1287da33-le64.cache-7
7fa9340f4000-7fa9340f6000 r--s 00000000 08:07 786509                     /var/cache/fontconfig/4f3e3037c9980c83b53a9351efadef62-le64.cache-7
7fa9340f6000-7fa9340f8000 r--s 00000000 08:07 786523                     /var/cache/fontconfig/767a8244fc0220cfb567a839d0392e0b-le64.cache-7
7fa9340f8000-7fa9340f9000 r--s 00000000 08:07 789903                     /var/cache/fontconfig/4794a0821666d79190d59a36cb4f44b5-le64.cache-7
7fa9340f9000-7fa9340fd000 ---p 00000000 00:00 0 
7fa9340fd000-7fa9341fa000 rw-p 00000000 00:00 0 
7fa9341fa000-7fa934209000 r-xp 00000000 08:07 3284537                    /usr/lib/x86_64-linux-gnu/libXi.so.6.1.0
7fa934209000-7fa934408000 ---p 0000f000 08:07 3284537                    /usr/lib/x86_64-linux-gnu/libXi.so.6.1.0
7fa934408000-7fa934409000 r--p 0000e000 08:07 3284537                    /usr/lib/x86_64-linux-gnu/libXi.so.6.1.0
7fa934409000-7fa93440a000 rw-p 0000f000 08:07 3284537                    /usr/lib/x86_64-linux-gnu/libXi.so.6.1.0
7fa93440a000-7fa93440f000 r-xp 00000000 08:07 3284555                    /usr/lib/x86_64-linux-gnu/libXtst.so.6.1.0
7fa93440f000-7fa93460e000 ---p 00005000 08:07 3284555                    /usr/lib/x86_64-linux-gnu/libXtst.so.6.1.0
7fa93460e000-7fa93460f000 r--p 00004000 08:07 3284555                    /usr/lib/x86_64-linux-gnu/libXtst.so.6.1.0
7fa93460f000-7fa934610000 rw-p 00005000 08:07 3284555                    /usr/lib/x86_64-linux-gnu/libXtst.so.6.1.0
7fa934610000-7fa934619000 r-xp 00000000 08:07 3284549                    /usr/lib/x86_64-linux-gnu/libXrender.so.1.3.0
7fa934619000-7fa934818000 ---p 00009000 08:07 3284549                    /usr/lib/x86_64-linux-gnu/libXrender.so.1.3.0
7fa934818000-7fa934819000 r--p 00008000 08:07 3284549                    /usr/lib/x86_64-linux-gnu/libXrender.so.1.3.0
7fa934819000-7fa93481a000 rw-p 00009000 08:07 3284549                    /usr/lib/x86_64-linux-gnu/libXrender.so.1.3.0
7fa93481a000-7fa93494d000 r-xp 00000000 08:07 3276918                    /usr/lib/x86_64-linux-gnu/libX11.so.6.3.0
7fa93494d000-7fa934b4d000 ---p 00133000 08:07 3276918                    /usr/lib/x86_64-linux-gnu/libX11.so.6.3.0
7fa934b4d000-7fa934b4e000 r--p 00133000 08:07 3276918                    /usr/lib/x86_64-linux-gnu/libX11.so.6.3.0
7fa934b4e000-7fa934b52000 rw-p 00134000 08:07 3276918                    /usr/lib/x86_64-linux-gnu/libX11.so.6.3.0
7fa934b52000-7fa934b63000 r-xp 00000000 08:07 3284529                    /usr/lib/x86_64-linux-gnu/libXext.so.6.4.0
7fa934b63000-7fa934d62000 ---p 00011000 08:07 3284529                    /usr/lib/x86_64-linux-gnu/libXext.so.6.4.0
7fa934d62000-7fa934d63000 r--p 00010000 08:07 3284529                    /usr/lib/x86_64-linux-gnu/libXext.so.6.4.0
7fa934d63000-7fa934d64000 rw-p 00011000 08:07 3284529                    /usr/lib/x86_64-linux-gnu/libXext.so.6.4.0
7fa934d64000-7fa934dc3000 r-xp 00000000 08:07 3281654                    /usr/lib/jvm/java-11-openjdk-amd64/lib/libawt_xawt.so
7fa934dc3000-7fa934fc2000 ---p 0005f000 08:07 3281654                    /usr/lib/jvm/java-11-openjdk-amd64/lib/libawt_xawt.so
7fa934fc2000-7fa934fc3000 r--p 0005e000 08:07 3281654                    /usr/lib/jvm/java-11-openjdk-amd64/lib/libawt_xawt.so
7fa934fc3000-7fa934fc6000 rw-p 0005f000 08:07 3281654                    /usr/lib/jvm/java-11-openjdk-amd64/lib/libawt_xawt.so
7fa934fc6000-7fa934fc8000 rw-p 00000000 00:00 0 
7fa934fc8000-7fa935068000 r-xp 00000000 08:07 3281652                    /usr/lib/jvm/java-11-openjdk-amd64/lib/libawt.so
7fa935068000-7fa935268000 ---p 000a0000 08:07 3281652                    /usr/lib/jvm/java-11-openjdk-amd64/lib/libawt.so
7fa935268000-7fa935269000 r--p 000a0000 08:07 3281652                    /usr/lib/jvm/java-11-openjdk-amd64/lib/libawt.so
7fa935269000-7fa935274000 rw-p 000a1000 08:07 3281652                    /usr/lib/jvm/java-11-openjdk-amd64/lib/libawt.so
7fa935274000-7fa935299000 rw-p 00000000 00:00 0 
7fa935299000-7fa9352b0000 r-xp 00000000 08:07 3290743                    /usr/lib/jvm/java-11-openjdk-amd64/lib/libnet.so
7fa9352b0000-7fa9354af000 ---p 00017000 08:07 3290743                    /usr/lib/jvm/java-11-openjdk-amd64/lib/libnet.so
7fa9354af000-7fa9354b0000 r--p 00016000 08:07 3290743                    /usr/lib/jvm/java-11-openjdk-amd64/lib/libnet.so
7fa9354b0000-7fa9354b1000 rw-p 00017000 08:07 3290743                    /usr/lib/jvm/java-11-openjdk-amd64/lib/libnet.so
7fa9354b1000-7fa9354c2000 r-xp 00000000 08:07 3290744                    /usr/lib/jvm/java-11-openjdk-amd64/lib/libnio.so
7fa9354c2000-7fa9356c1000 ---p 00011000 08:07 3290744                    /usr/lib/jvm/java-11-openjdk-amd64/lib/libnio.so
7fa9356c1000-7fa9356c2000 r--p 00010000 08:07 3290744                    /usr/lib/jvm/java-11-openjdk-amd64/lib/libnio.so
7fa9356c2000-7fa9356c3000 rw-p 00011000 08:07 3290744                    /usr/lib/jvm/java-11-openjdk-amd64/lib/libnio.so
7fa9356c3000-7fa9356c7000 ---p 00000000 00:00 0 
7fa9356c7000-7fa9357c4000 rw-p 00000000 00:00 0 
7fa9357c4000-7fa9357c5000 ---p 00000000 00:00 0 
7fa9357c5000-7fa9358c6000 rw-p 00000000 00:00 0 
7fa9358c6000-7fa9358ca000 ---p 00000000 00:00 0 
7fa9358ca000-7fa9359c7000 rw-p 00000000 00:00 0 
7fa9359c7000-7fa9359cb000 ---p 00000000 00:00 0 
7fa9359cb000-7fa935ac8000 rw-p 00000000 00:00 0 
7fa935ac8000-7fa935acc000 ---p 00000000 00:00 0 
7fa935acc000-7fa935bc9000 rw-p 00000000 00:00 0 
7fa935bc9000-7fa935bcd000 ---p 00000000 00:00 0 
7fa935bcd000-7fa935cca000 rw-p 00000000 00:00 0 
7fa935cca000-7fa936000000 r--p 00000000 08:07 3283381                    /usr/lib/locale/locale-archive
7fa936000000-7fa938000000 rw-p 00000000 00:00 0 
7fa938000000-7fa938021000 rw-p 00000000 00:00 0 
7fa938021000-7fa93c000000 ---p 00000000 00:00 0 
7fa93c000000-7fa93c021000 rw-p 00000000 00:00 0 
7fa93c021000-7fa940000000 ---p 00000000 00:00 0 
7fa940000000-7fa940021000 rw-p 00000000 00:00 0 
7fa940021000-7fa944000000 ---p 00000000 00:00 0 
7fa944000000-7fa94404c000 r--s 00000000 08:07 789900                     /var/cache/fontconfig/0bd3dc0958fa2205aaaa8ebb13e2872b-le64.cache-7
7fa94404c000-7fa944053000 r--s 00000000 08:07 786526                     /var/cache/fontconfig/8801497958630a81b71ace7c5f9b32a8-le64.cache-7
7fa944053000-7fa944058000 r--s 00000000 08:07 786549                     /var/cache/fontconfig/def309198bfa603429122923fa2bb2d4-le64.cache-7
7fa944058000-7fa944059000 r--s 00000000 08:07 786536                     /var/cache/fontconfig/b872e6e592da6075ffa4ab0a1fcc0c75-le64.cache-7
7fa944059000-7fa94405a000 r--s 00000000 08:07 786554                     /var/cache/fontconfig/f6d4eedfaab2589bde49f7a3ff831d22-le64.cache-7
7fa94405a000-7fa94405b000 r--s 00000000 08:07 786516                     /var/cache/fontconfig/589f83ef4c36d296ce6e1c846f468f08-le64.cache-7
7fa94405b000-7fa94405c000 r--s 00000000 08:07 786538                     /var/cache/fontconfig/bab58bb527bb656aaa9f116d68a48d89-le64.cache-7
7fa94405c000-7fa94405d000 r--s 00000000 08:07 786495                     /var/cache/fontconfig/2171a34dccabdb6bcbbc728186263178-le64.cache-7
7fa94405d000-7fa94405e000 r--s 00000000 08:07 786539                     /var/cache/fontconfig/c5c45a61289222e0d30b1a26ef4effbe-le64.cache-7
7fa94405e000-7fa94405f000 r--s 00000000 08:07 786534                     /var/cache/fontconfig/aec30016f93e1b46d1a973dce0d74068-le64.cache-7
7fa94405f000-7fa944060000 r--s 00000000 08:07 786503                     /var/cache/fontconfig/3f589640d34b7dc9042c8d453f7c8b9c-le64.cache-7
7fa944060000-7fa944061000 r--s 00000000 08:07 786492                     /var/cache/fontconfig/16c2fda60d1b4b719f4b3d06fd951d25-le64.cache-7
7fa944061000-7fa944062000 r--s 00000000 08:07 786533                     /var/cache/fontconfig/a48eab177a16e4f3713381162db2f3e9-le64.cache-7
7fa944062000-7fa944063000 r--s 00000000 08:07 786512                     /var/cache/fontconfig/564b2e68ac9bc4e36a6f7f6d6125ec1c-le64.cache-7
7fa944063000-7fa944068000 r--s 00000000 08:07 789886                     /var/cache/fontconfig/9d2451b1fd30e5bffe8383fd27c35478-le64.cache-7
7fa944068000-7fa94406e000 r--s 00000000 08:07 789885                     /var/cache/fontconfig/3047814df9a2f067bd2d96a2b9c36e5a-le64.cache-7
7fa94406e000-7fa94406f000 r--s 00000000 08:07 786513                     /var/cache/fontconfig/56cf4f4769d0f4abc89a4895d7bd3ae1-le64.cache-7
7fa94406f000-7fa944070000 r--s 00000000 08:07 786537                     /var/cache/fontconfig/b9d506c9ac06c20b433354fa67a72993-le64.cache-7
7fa944070000-7fa944076000 r--s 00000000 08:07 786535                     /var/cache/fontconfig/b47c4e1ecd0709278f4910c18777a504-le64.cache-7
7fa944076000-7fa944089000 r--s 00000000 08:07 786545                     /var/cache/fontconfig/d52a8644073d54c13679302ca1180695-le64.cache-7
7fa944089000-7fa94408a000 r--s 00000000 08:07 786500                     /var/cache/fontconfig/370e5b74bf5dafc30834de68e24a87a4-le64.cache-7
7fa94408a000-7fa94408b000 r--s 00000000 08:07 789884                     /var/cache/fontconfig/6b2c5944714ca7831b25bed9e85cb5c8-le64.cache-7
7fa94408b000-7fa9440d4000 r--p 00000000 08:07 3820125                    /usr/share/glib-2.0/schemas/gschemas.compiled
7fa9440d4000-7fa9440d8000 ---p 00000000 00:00 0 
7fa9440d8000-7fa9441d5000 rw-p 00000000 00:00 0 
7fa9441d5000-7fa9441d9000 ---p 00000000 00:00 0 
7fa9441d9000-7fa9442d6000 rw-p 00000000 00:00 0 
7fa9442d6000-7fa9442da000 ---p 00000000 00:00 0 
7fa9442da000-7fa9443d7000 rw-p 00000000 00:00 0 
7fa9443d7000-7fa9443d8000 ---p 00000000 00:00 0 
7fa9443d8000-7fa944d4f000 rw-p 00000000 00:00 0 
7fa944d4f000-7fa944d50000 ---p 00000000 00:00 0 
7fa944d50000-7fa944e51000 rw-p 00000000 00:00 0 
7fa944e51000-7fa944e52000 ---p 00000000 00:00 0 
7fa944e52000-7fa944f53000 rw-p 00000000 00:00 0 
7fa944f53000-7fa944f54000 ---p 00000000 00:00 0 
7fa944f54000-7fa945257000 rw-p 00000000 00:00 0 
7fa945257000-7fa945258000 ---p 00000000 00:00 0 
7fa945258000-7fa945359000 rw-p 00000000 00:00 0 
7fa945359000-7fa94535a000 ---p 00000000 00:00 0 
7fa94535a000-7fa945553000 rw-p 00000000 00:00 0 
7fa945553000-7fa94636b000 ---p 00000000 00:00 0 
7fa94636b000-7fa946463000 rw-p 00000000 00:00 0 
7fa946463000-7fa94727b000 ---p 00000000 00:00 0 
7fa94727b000-7fa94729a000 rw-p 00000000 00:00 0 
7fa94729a000-7fa94745d000 ---p 00000000 00:00 0 
7fa94745d000-7fa94747c000 rw-p 00000000 00:00 0 
7fa94747c000-7fa94763f000 ---p 00000000 00:00 0 
7fa94763f000-7fa94765e000 rw-p 00000000 00:00 0 
7fa94765e000-7fa947821000 ---p 00000000 00:00 0 
7fa947821000-7fa947a23000 rw-p 00000000 00:00 0 
7fa947a23000-7fa947a24000 ---p 00000000 00:00 0 
7fa947a24000-7fa947b25000 rw-p 00000000 00:00 0 
7fa947b25000-7fa947d95000 rwxp 00000000 00:00 0 
7fa947d95000-7fa9480b4000 ---p 00000000 00:00 0 
7fa9480b4000-7fa948374000 rwxp 00000000 00:00 0 
7fa948374000-7fa94f5ec000 ---p 00000000 00:00 0 
7fa94f5ec000-7fa94f85c000 rwxp 00000000 00:00 0 
7fa94f85c000-7fa956b25000 ---p 00000000 00:00 0 
7fa956b25000-7fa960000000 r--s 00000000 08:07 3290753                    /usr/lib/jvm/java-11-openjdk-amd64/lib/modules
7fa960000000-7fa9604ad000 rw-p 00000000 00:00 0 
7fa9604ad000-7fa964000000 ---p 00000000 00:00 0 
7fa964000000-7fa964003000 r--s 00000000 08:07 789843                     /var/cache/fontconfig/f259c2cffa685e28062317905db73c4a-le64.cache-7
7fa964003000-7fa96400f000 r--s 00000000 08:07 786546                     /var/cache/fontconfig/d589a48862398ed80a3d6066f4f56f4c-le64.cache-7
7fa96400f000-7fa96401d000 r--s 00000000 08:07 786530                     /var/cache/fontconfig/9b89f8e3dae116d678bbf48e5f21f69b-le64.cache-7
7fa96401d000-7fa96403d000 r--p 00000000 08:07 3939603                    /usr/share/locale-langpack/de/LC_MESSAGES/glib20.mo
7fa96403d000-7fa964063000 r--p 00000000 08:07 3939447                    /usr/share/locale-langpack/de/LC_MESSAGES/libc.mo
7fa964063000-7fa9640be000 rw-p 00000000 00:00 0 
7fa9640be000-7fa9640bf000 ---p 00000000 00:00 0 
7fa9640bf000-7fa9641c5000 rw-p 00000000 00:00 0 
7fa9641c5000-7fa9642ab000 ---p 00000000 00:00 0 
7fa9642ab000-7fa9642b1000 rw-p 00000000 00:00 0 
7fa9642b1000-7fa964396000 ---p 00000000 00:00 0 
7fa964396000-7fa96439b000 r-xp 00000000 08:07 3290735                    /usr/lib/jvm/java-11-openjdk-amd64/lib/libjimage.so
7fa96439b000-7fa96459a000 ---p 00005000 08:07 3290735                    /usr/lib/jvm/java-11-openjdk-amd64/lib/libjimage.so
7fa96459a000-7fa96459b000 r--p 00004000 08:07 3290735                    /usr/lib/jvm/java-11-openjdk-amd64/lib/libjimage.so
7fa96459b000-7fa96459c000 rw-p 00005000 08:07 3290735                    /usr/lib/jvm/java-11-openjdk-amd64/lib/libjimage.so
7fa96459c000-7fa9645a3000 r-xp 00000000 08:07 3290752                    /usr/lib/jvm/java-11-openjdk-amd64/lib/libzip.so
7fa9645a3000-7fa9647a2000 ---p 00007000 08:07 3290752                    /usr/lib/jvm/java-11-openjdk-amd64/lib/libzip.so
7fa9647a2000-7fa9647a3000 r--p 00006000 08:07 3290752                    /usr/lib/jvm/java-11-openjdk-amd64/lib/libzip.so
7fa9647a3000-7fa9647a4000 rw-p 00007000 08:07 3290752                    /usr/lib/jvm/java-11-openjdk-amd64/lib/libzip.so
7fa9647a4000-7fa9647af000 r-xp 00000000 08:07 1970923                    /lib/x86_64-linux-gnu/libnss_files-2.27.so
7fa9647af000-7fa9649ae000 ---p 0000b000 08:07 1970923                    /lib/x86_64-linux-gnu/libnss_files-2.27.so
7fa9649ae000-7fa9649af000 r--p 0000a000 08:07 1970923                    /lib/x86_64-linux-gnu/libnss_files-2.27.so
7fa9649af000-7fa9649b0000 rw-p 0000b000 08:07 1970923                    /lib/x86_64-linux-gnu/libnss_files-2.27.so
7fa9649b0000-7fa9649b6000 rw-p 00000000 00:00 0 
7fa9649b6000-7fa9649cd000 r-xp 00000000 08:07 1970917                    /lib/x86_64-linux-gnu/libnsl-2.27.so
7fa9649cd000-7fa964bcc000 ---p 00017000 08:07 1970917                    /lib/x86_64-linux-gnu/libnsl-2.27.so
7fa964bcc000-7fa964bcd000 r--p 00016000 08:07 1970917                    /lib/x86_64-linux-gnu/libnsl-2.27.so
7fa964bcd000-7fa964bce000 rw-p 00017000 08:07 1970917                    /lib/x86_64-linux-gnu/libnsl-2.27.so
7fa964bce000-7fa964bd0000 rw-p 00000000 00:00 0 
7fa964bd0000-7fa964bdb000 r-xp 00000000 08:07 1970934                    /lib/x86_64-linux-gnu/libnss_nis-2.27.so
7fa964bdb000-7fa964dda000 ---p 0000b000 08:07 1970934                    /lib/x86_64-linux-gnu/libnss_nis-2.27.so
7fa964dda000-7fa964ddb000 r--p 0000a000 08:07 1970934                    /lib/x86_64-linux-gnu/libnss_nis-2.27.so
7fa964ddb000-7fa964ddc000 rw-p 0000b000 08:07 1970934                    /lib/x86_64-linux-gnu/libnss_nis-2.27.so
7fa964ddc000-7fa964de4000 r-xp 00000000 08:07 1970919                    /lib/x86_64-linux-gnu/libnss_compat-2.27.so
7fa964de4000-7fa964fe4000 ---p 00008000 08:07 1970919                    /lib/x86_64-linux-gnu/libnss_compat-2.27.so
7fa964fe4000-7fa964fe5000 r--p 00008000 08:07 1970919                    /lib/x86_64-linux-gnu/libnss_compat-2.27.so
7fa964fe5000-7fa964fe6000 rw-p 00009000 08:07 1970919                    /lib/x86_64-linux-gnu/libnss_compat-2.27.so
7fa964fe6000-7fa965012000 r-xp 00000000 08:07 3282326                    /usr/lib/jvm/java-11-openjdk-amd64/lib/libjava.so
7fa965012000-7fa965211000 ---p 0002c000 08:07 3282326                    /usr/lib/jvm/java-11-openjdk-amd64/lib/libjava.so
7fa965211000-7fa965212000 r--p 0002b000 08:07 3282326                    /usr/lib/jvm/java-11-openjdk-amd64/lib/libjava.so
7fa965212000-7fa965214000 rw-p 0002c000 08:07 3282326                    /usr/lib/jvm/java-11-openjdk-amd64/lib/libjava.so
7fa965214000-7fa965221000 r-xp 00000000 08:07 3290751                    /usr/lib/jvm/java-11-openjdk-amd64/lib/libverify.so
7fa965221000-7fa965420000 ---p 0000d000 08:07 3290751                    /usr/lib/jvm/java-11-openjdk-amd64/lib/libverify.so
7fa965420000-7fa965422000 r--p 0000c000 08:07 3290751                    /usr/lib/jvm/java-11-openjdk-amd64/lib/libverify.so
7fa965422000-7fa965423000 rw-p 0000e000 08:07 3290751                    /usr/lib/jvm/java-11-openjdk-amd64/lib/libverify.so
7fa965423000-7fa96542a000 r-xp 00000000 08:07 1970974                    /lib/x86_64-linux-gnu/librt-2.27.so
7fa96542a000-7fa965629000 ---p 00007000 08:07 1970974                    /lib/x86_64-linux-gnu/librt-2.27.so
7fa965629000-7fa96562a000 r--p 00006000 08:07 1970974                    /lib/x86_64-linux-gnu/librt-2.27.so
7fa96562a000-7fa96562b000 rw-p 00007000 08:07 1970974                    /lib/x86_64-linux-gnu/librt-2.27.so
7fa96562b000-7fa965642000 r-xp 00000000 08:07 1966116                    /lib/x86_64-linux-gnu/libgcc_s.so.1
7fa965642000-7fa965841000 ---p 00017000 08:07 1966116                    /lib/x86_64-linux-gnu/libgcc_s.so.1
7fa965841000-7fa965842000 r--p 00016000 08:07 1966116                    /lib/x86_64-linux-gnu/libgcc_s.so.1
7fa965842000-7fa965843000 rw-p 00017000 08:07 1966116                    /lib/x86_64-linux-gnu/libgcc_s.so.1
7fa965843000-7fa9659e0000 r-xp 00000000 08:07 1970896                    /lib/x86_64-linux-gnu/libm-2.27.so
7fa9659e0000-7fa965bdf000 ---p 0019d000 08:07 1970896                    /lib/x86_64-linux-gnu/libm-2.27.so
7fa965bdf000-7fa965be0000 r--p 0019c000 08:07 1970896                    /lib/x86_64-linux-gnu/libm-2.27.so
7fa965be0000-7fa965be1000 rw-p 0019d000 08:07 1970896                    /lib/x86_64-linux-gnu/libm-2.27.so
7fa965be1000-7fa965d5a000 r-xp 00000000 08:07 3297157                    /usr/lib/x86_64-linux-gnu/libstdc++.so.6.0.25
7fa965d5a000-7fa965f5a000 ---p 00179000 08:07 3297157                    /usr/lib/x86_64-linux-gnu/libstdc++.so.6.0.25
7fa965f5a000-7fa965f64000 r--p 00179000 08:07 3297157                    /usr/lib/x86_64-linux-gnu/libstdc++.so.6.0.25
7fa965f64000-7fa965f66000 rw-p 00183000 08:07 3297157                    /usr/lib/x86_64-linux-gnu/libstdc++.so.6.0.25
7fa965f66000-7fa965f6a000 rw-p 00000000 00:00 0 
7fa965f6a000-7fa966f07000 r-xp 00000000 08:07 3290756                    /usr/lib/jvm/java-11-openjdk-amd64/lib/server/libjvm.so
7fa966f07000-7fa967107000 ---p 00f9d000 08:07 3290756                    /usr/lib/jvm/java-11-openjdk-amd64/lib/server/libjvm.so
7fa967107000-7fa9671cb000 r--p 00f9d000 08:07 3290756                    /usr/lib/jvm/java-11-openjdk-amd64/lib/server/libjvm.so
7fa9671cb000-7fa967203000 rw-p 01061000 08:07 3290756                    /usr/lib/jvm/java-11-openjdk-amd64/lib/server/libjvm.so
7fa967203000-7fa96724c000 rw-p 00000000 00:00 0 
7fa96724c000-7fa967266000 r-xp 00000000 08:07 1970966                    /lib/x86_64-linux-gnu/libpthread-2.27.so
7fa967266000-7fa967465000 ---p 0001a000 08:07 1970966                    /lib/x86_64-linux-gnu/libpthread-2.27.so
7fa967465000-7fa967466000 r--p 00019000 08:07 1970966                    /lib/x86_64-linux-gnu/libpthread-2.27.so
7fa967466000-7fa967467000 rw-p 0001a000 08:07 1970966                    /lib/x86_64-linux-gnu/libpthread-2.27.so
7fa967467000-7fa96746b000 rw-p 00000000 00:00 0 
7fa96746b000-7fa96746e000 r-xp 00000000 08:07 1970856                    /lib/x86_64-linux-gnu/libdl-2.27.so
7fa96746e000-7fa96766d000 ---p 00003000 08:07 1970856                    /lib/x86_64-linux-gnu/libdl-2.27.so
7fa96766d000-7fa96766e000 r--p 00002000 08:07 1970856                    /lib/x86_64-linux-gnu/libdl-2.27.so
7fa96766e000-7fa96766f000 rw-p 00003000 08:07 1970856                    /lib/x86_64-linux-gnu/libdl-2.27.so
7fa96766f000-7fa96768b000 r-xp 00000000 08:07 1971007                    /lib/x86_64-linux-gnu/libz.so.1.2.11
7fa96768b000-7fa96788a000 ---p 0001c000 08:07 1971007                    /lib/x86_64-linux-gnu/libz.so.1.2.11
7fa96788a000-7fa96788b000 r--p 0001b000 08:07 1971007                    /lib/x86_64-linux-gnu/libz.so.1.2.11
7fa96788b000-7fa96788c000 rw-p 0001c000 08:07 1971007                    /lib/x86_64-linux-gnu/libz.so.1.2.11
7fa96788c000-7fa967a73000 r-xp 00000000 08:07 1970833                    /lib/x86_64-linux-gnu/libc-2.27.so
7fa967a73000-7fa967c73000 ---p 001e7000 08:07 1970833                    /lib/x86_64-linux-gnu/libc-2.27.so
7fa967c73000-7fa967c77000 r--p 001e7000 08:07 1970833                    /lib/x86_64-linux-gnu/libc-2.27.so
7fa967c77000-7fa967c79000 rw-p 001eb000 08:07 1970833                    /lib/x86_64-linux-gnu/libc-2.27.so
7fa967c79000-7fa967c7d000 rw-p 00000000 00:00 0 
7fa967c7d000-7fa967c8c000 r-xp 00000000 08:07 3281648                    /usr/lib/jvm/java-11-openjdk-amd64/lib/jli/libjli.so
7fa967c8c000-7fa967e8b000 ---p 0000f000 08:07 3281648                    /usr/lib/jvm/java-11-openjdk-amd64/lib/jli/libjli.so
7fa967e8b000-7fa967e8c000 r--p 0000e000 08:07 3281648                    /usr/lib/jvm/java-11-openjdk-amd64/lib/jli/libjli.so
7fa967e8c000-7fa967e8d000 rw-p 0000f000 08:07 3281648                    /usr/lib/jvm/java-11-openjdk-amd64/lib/jli/libjli.so
7fa967e8d000-7fa967eb4000 r-xp 00000000 08:07 1970805                    /lib/x86_64-linux-gnu/ld-2.27.so
7fa967eb4000-7fa967eb5000 r--s 00000000 08:07 786544                     /var/cache/fontconfig/d5178ab6d91b49bf20a416737dcea9e8-le64.cache-7
7fa967eb5000-7fa967eb6000 r--s 00000000 08:07 789883                     /var/cache/fontconfig/551ecf3b0e8b0bca0f25c0944f561853-le64.cache-7
7fa967eb6000-7fa967eb8000 r--s 00000000 08:07 789842                     /var/cache/fontconfig/550f3886151c940c12a5ed35f6a00586-le64.cache-7
7fa967eb8000-7fa967ebb000 r--s 00000000 08:07 789841                     /var/cache/fontconfig/674d1711f2d1d2a09646eb0bdcadee49-le64.cache-7
7fa967ebb000-7fa967ebc000 r--s 00000000 08:07 786504                     /var/cache/fontconfig/3f7329c5293ffd510edef78f73874cfd-le64.cache-7
7fa967ebc000-7fa967ebd000 r--s 00000000 08:07 786498                     /var/cache/fontconfig/30829fa25452a46451e813d634d7f916-le64.cache-7
7fa967ebd000-7fa967ebe000 r--s 00000000 08:07 786489                     /var/cache/fontconfig/0c9eb80ebd1c36541ebe2852d3bb0c49-le64.cache-7
7fa967ebe000-7fa967ebf000 r--s 00000000 08:07 786508                     /var/cache/fontconfig/4d9c95eba1cb85bbcf2878543262124a-le64.cache-7
7fa967ebf000-7fa967ec0000 r--s 00000000 08:07 786525                     /var/cache/fontconfig/85e0a52ce643a7ba2ae53e5d6949cead-le64.cache-7
7fa967ec0000-7fa967ec9000 r--s 00000000 08:07 786542                     /var/cache/fontconfig/d0972c3d32f097851eb916381fc38920-le64.cache-7
7fa967ec9000-7fa967f80000 rw-p 00000000 00:00 0 
7fa967f80000-7fa967f84000 ---p 00000000 00:00 0 
7fa967f84000-7fa968083000 rw-p 00000000 00:00 0 
7fa968083000-7fa968084000 r--s 00000000 08:07 786506                     /var/cache/fontconfig/49f0de54bdd920fe4f0dfd4cbac43e6b-le64.cache-7
7fa968084000-7fa968085000 r--s 00000000 08:07 786555                     /var/cache/fontconfig/f6e6e0a5c3d2f6ae0c0c2e0ecd42a997-le64.cache-7
7fa968085000-7fa968087000 r--s 00000000 08:07 786520                     /var/cache/fontconfig/6afa1bb216ce958c1589e297e8008489-le64.cache-7
7fa968087000-7fa96808a000 r--s 00000000 08:07 795646                     /var/cache/fontconfig/e13b20fdb08344e0e664864cc2ede53d-le64.cache-7
7fa96808a000-7fa96808e000 r--s 00000000 08:07 786524                     /var/cache/fontconfig/7ef2298fde41cc6eeb7af42e48b7d293-le64.cache-7
7fa96808e000-7fa968093000 r--p 00000000 08:07 7767277                    /home/peter/.config/dconf/user
7fa968093000-7fa968094000 r--s 00000000 00:33 32                         /run/user/1000/dconf/user
7fa968094000-7fa96809b000 r--s 00000000 08:07 3671694                    /usr/lib/x86_64-linux-gnu/gconv/gconv-modules.cache
7fa96809b000-7fa9680a1000 rw-p 00000000 00:00 0 
7fa9680a1000-7fa9680a8000 ---p 00000000 00:00 0 
7fa9680a8000-7fa9680b0000 rw-s 00000000 08:07 5905041                    /tmp/hsperfdata_peter/4493
7fa9680b0000-7fa9680b1000 ---p 00000000 00:00 0 
7fa9680b1000-7fa9680b2000 r--p 00000000 00:00 0 
7fa9680b2000-7fa9680b4000 rw-p 00000000 00:00 0 
7fa9680b4000-7fa9680b5000 r--p 00027000 08:07 1970805                    /lib/x86_64-linux-gnu/ld-2.27.so
7fa9680b5000-7fa9680b6000 rw-p 00028000 08:07 1970805                    /lib/x86_64-linux-gnu/ld-2.27.so
7fa9680b6000-7fa9680b7000 rw-p 00000000 00:00 0 
7ffd14fcb000-7ffd14fec000 rw-p 00000000 00:00 0                          [stack]
7ffd14ff3000-7ffd14ff6000 r--p 00000000 00:00 0                          [vvar]
7ffd14ff6000-7ffd14ff8000 r-xp 00000000 00:00 0                          [vdso]
ffffffffff600000-ffffffffff601000 r-xp 00000000 00:00 0                  [vsyscall]


VM Arguments:
java_command: com.humer.peter.jna_libusb_project.Main
java_class_path (initial): /home/peter/NetBeansProjects/Linux_LibUsb_over_JNA/target/classes:/home/peter/.m2/repository/net/java/dev/jna/jna/5.3.0/jna-5.3.0.jar:/home/peter/.m2/repository/org/slf4j/slf4j-api/2.0.0-alpha0/slf4j-api-2.0.0-alpha0.jar
Launcher Type: SUN_STANDARD

Logging:
Log output configuration:
#0: stdout all=warning uptime,level,tags
#1: stderr all=off uptime,level,tags

Environment Variables:
JAVA_HOME=/usr/lib/jvm/java-11-openjdk-amd64
PATH=/usr/local/sbin:/usr/local/bin:/usr/sbin:/usr/bin:/sbin:/bin:/usr/games:/usr/local/games:/usr/lib/jvm/java-8-oracle/bin:/usr/lib/jvm/java-8-oracle/db/bin:/usr/lib/jvm/java-8-oracle/jre/bin
SHELL=/bin/bash
DISPLAY=:0

Signal Handlers:
SIGSEGV: [libjvm.so+0xd28b70], sa_mask[0]=11111111011111111101111111111110, sa_flags=SA_RESTART|SA_SIGINFO
SIGBUS: [libjvm.so+0xd28b70], sa_mask[0]=11111111011111111101111111111110, sa_flags=SA_RESTART|SA_SIGINFO
SIGFPE: [libjvm.so+0xd28b70], sa_mask[0]=11111111011111111101111111111110, sa_flags=SA_RESTART|SA_SIGINFO
SIGPIPE: SIG_IGN, sa_mask[0]=00000000000010000000000000000000, sa_flags=SA_RESTART
SIGXFSZ: [libjvm.so+0xb2a1f0], sa_mask[0]=11111111011111111101111111111110, sa_flags=SA_RESTART|SA_SIGINFO
SIGILL: [libjvm.so+0xd28b70], sa_mask[0]=11111111011111111101111111111110, sa_flags=SA_RESTART|SA_SIGINFO
SIGUSR2: [libjvm.so+0xb2a030], sa_mask[0]=00100000000000000000000000000000, sa_flags=SA_RESTART|SA_SIGINFO
SIGHUP: [libjvm.so+0xb2a180], sa_mask[0]=11111111011111111101111111111110, sa_flags=SA_RESTART|SA_SIGINFO
SIGINT: SIG_IGN, sa_mask[0]=00000000000000000000000000000000, sa_flags=none
SIGTERM: [libjvm.so+0xb2a180], sa_mask[0]=11111111011111111101111111111110, sa_flags=SA_RESTART|SA_SIGINFO
SIGQUIT: [libjvm.so+0xb2a180], sa_mask[0]=11111111011111111101111111111110, sa_flags=SA_RESTART|SA_SIGINFO


---------------  S Y S T E M  ---------------

OS:DISTRIB_ID=LinuxMint
DISTRIB_RELEASE=19
DISTRIB_CODENAME=tara
DISTRIB_DESCRIPTION="Linux Mint 19 Tara"
uname:Linux 4.15.0-43-generic #46-Ubuntu SMP Thu Dec 6 14:45:28 UTC 2018 x86_64
libc:glibc 2.27 NPTL 2.27 
rlimit: STACK 8192k, CORE 0k, NPROC 14935, NOFILE 1048576, AS infinity, DATA infinity, FSIZE infinity
load average:1,57 1,31 1,24

/proc/meminfo:
MemTotal:        3943428 kB
MemFree:          156880 kB
MemAvailable:     581384 kB
Buffers:           44864 kB
Cached:           750396 kB
SwapCached:          300 kB
Active:          2660680 kB
Inactive:         909364 kB
Active(anon):    2365628 kB
Inactive(anon):   604916 kB
Active(file):     295052 kB
Inactive(file):   304448 kB
Unevictable:           0 kB
Mlocked:               0 kB
SwapTotal:       2929660 kB
SwapFree:        2907388 kB
Dirty:               284 kB
Writeback:             0 kB
AnonPages:       2774648 kB
Mapped:           511240 kB
Shmem:            195636 kB
Slab:             109040 kB
SReclaimable:      67492 kB
SUnreclaim:        41548 kB
KernelStack:       11696 kB
PageTables:        44148 kB
NFS_Unstable:          0 kB
Bounce:                0 kB
WritebackTmp:          0 kB
CommitLimit:     4901372 kB
Committed_AS:    6915320 kB
VmallocTotal:   34359738367 kB
VmallocUsed:           0 kB
VmallocChunk:          0 kB
HardwareCorrupted:     0 kB
AnonHugePages:         0 kB
ShmemHugePages:        0 kB
ShmemPmdMapped:        0 kB
CmaTotal:              0 kB
CmaFree:               0 kB
HugePages_Total:       0
HugePages_Free:        0
HugePages_Rsvd:        0
HugePages_Surp:        0
Hugepagesize:       2048 kB
DirectMap4k:      143424 kB
DirectMap2M:     3954688 kB

container (cgroup) information:
container_type: cgroupv1
cpu_cpuset_cpus: 0-1
cpu_memory_nodes: 0
active_processor_count: 2
cpu_quota: -1
cpu_period: 100000
cpu_shares: -1
memory_limit_in_bytes: -1
memory_and_swap_limit_in_bytes: -2
memory_soft_limit_in_bytes: -1
memory_usage_in_bytes: 3655847936
memory_max_usage_in_bytes: 0


CPU:total 2 (initial active 2) (2 cores per cpu, 1 threads per core) family 6 model 76 stepping 4, cmov, cx8, fxsr, mmx, sse, sse2, sse3, ssse3, sse4.1, sse4.2, popcnt, aes, clmul, erms, 3dnowpref, tsc, tscinvbit
CPU Model and flags from /proc/cpuinfo:
model name	: Intel(R) Celeron(R) CPU  N3060  @ 1.60GHz
flags		: fpu vme de pse tsc msr pae mce cx8 apic sep mtrr pge mca cmov pat pse36 clflush dts acpi mmx fxsr sse sse2 ss ht tm pbe syscall nx rdtscp lm constant_tsc arch_perfmon pebs bts rep_good nopl xtopology tsc_reliable nonstop_tsc cpuid aperfmperf tsc_known_freq pni pclmulqdq dtes64 monitor ds_cpl vmx est tm2 ssse3 cx16 xtpr pdcm sse4_1 sse4_2 movbe popcnt tsc_deadline_timer aes rdrand lahf_lm 3dnowprefetch epb pti ibrs ibpb stibp tpr_shadow vnmi flexpriority ept vpid tsc_adjust smep erms dtherm ida arat

Memory: 4k page, physical 3943428k(156880k free), swap 2929660k(2907388k free)

vm_info: OpenJDK 64-Bit Server VM (10.0.2+13-Ubuntu-1ubuntu0.18.04.4) for linux-amd64 JRE (10.0.2+13-Ubuntu-1ubuntu0.18.04.4), built on Nov 13 2018 12:53:39 by "buildd" with gcc 7.3.0

END.
