#
# A fatal error has been detected by the Java Runtime Environment:
#
#  SIGSEGV (0xb) at pc=0x00007f7853df0914, pid=16745, tid=16774
#
# JRE version: OpenJDK Runtime Environment (10.0.2+13) (build 10.0.2+13-Ubuntu-1ubuntu0.18.04.4)
# Java VM: OpenJDK 64-Bit Server VM (10.0.2+13-Ubuntu-1ubuntu0.18.04.4, mixed mode, tiered, compressed oops, g1 gc, linux-amd64)
# Problematic frame:
# C  [libusb-1.0.so+0x8914]  libusb_submit_transfer+0x44
#
# Core dump will be written. Default location: Core dumps may be processed with "/usr/share/apport/apport %p %s %c %d %P" (or dumping to /home/peter/NetBeansProjects/Linux_LibUsb_over_JNA/core.16745)
#
# If you would like to submit a bug report, please visit:
#   http://bugreport.java.com/bugreport/crash.jsp
# The crash happened outside the Java Virtual Machine in native code.
# See problematic frame for where to report the bug.
#

---------------  S U M M A R Y ------------

Command Line: humer.peter.jna_libusb_project.Main

Host: Intel(R) Celeron(R) CPU  N3060  @ 1.60GHz, 2 cores, 3G, Linux Mint 19 Tara
Time: Tue Nov  5 17:03:48 2019 CET elapsed time: 21 seconds (0d 0h 0m 21s)

---------------  T H R E A D  ---------------

Current thread (0x00007f78b063f000):  JavaThread "AWT-EventQueue-0" [_thread_in_native, id=16774, stack(0x00007f7858b1c000,0x00007f7858c1d000)]

Stack: [0x00007f7858b1c000,0x00007f7858c1d000],  sp=0x00007f7858c16d80,  free space=1003k
Native frames: (J=compiled Java code, A=aot compiled Java code, j=interpreted, Vv=VM code, C=native code)
C  [libusb-1.0.so+0x8914]  libusb_submit_transfer+0x44

Java frames: (J=compiled Java code, j=interpreted, Vv=VM code)
j  com.sun.jna.Native.invokeInt(Lcom/sun/jna/Function;JI[Ljava/lang/Object;)I+0
j  com.sun.jna.Function.invoke([Ljava/lang/Object;Ljava/lang/Class;ZI)Ljava/lang/Object;+211
j  com.sun.jna.Function.invoke(Ljava/lang/reflect/Method;[Ljava/lang/Class;Ljava/lang/Class;[Ljava/lang/Object;Ljava/util/Map;)Ljava/lang/Object;+271
j  com.sun.jna.Library$Handler.invoke(Ljava/lang/Object;Ljava/lang/reflect/Method;[Ljava/lang/Object;)Ljava/lang/Object;+390
j  com.sun.proxy.$Proxy0.libusb_submit_transfer(Lcom/sun/jna/Pointer;)I+16
j  com.grack.javausb.USBNative.submitTransfer(Lcom/sun/jna/Pointer;)I+4
j  com.grack.javausb.USBOpenDevice.submitTransfer(Lcom/sun/jna/Pointer;)I+1
j  humer.peter.jna_libusb_project.Main.startIsoTransferActionPerformed(Ljava/awt/event/ActionEvent;)V+132
j  humer.peter.jna_libusb_project.Main.access$300(Lhumer/peter/jna_libusb_project/Main;Ljava/awt/event/ActionEvent;)V+2
j  humer.peter.jna_libusb_project.Main$4.actionPerformed(Ljava/awt/event/ActionEvent;)V+5
j  javax.swing.AbstractButton.fireActionPerformed(Ljava/awt/event/ActionEvent;)V+83 java.desktop@10.0.2
j  javax.swing.AbstractButton$Handler.actionPerformed(Ljava/awt/event/ActionEvent;)V+5 java.desktop@10.0.2
j  javax.swing.DefaultButtonModel.fireActionPerformed(Ljava/awt/event/ActionEvent;)V+34 java.desktop@10.0.2
j  javax.swing.DefaultButtonModel.setPressed(Z)V+117 java.desktop@10.0.2
j  javax.swing.plaf.basic.BasicButtonListener.mouseReleased(Ljava/awt/event/MouseEvent;)V+35 java.desktop@10.0.2
j  java.awt.Component.processMouseEvent(Ljava/awt/event/MouseEvent;)V+64 java.desktop@10.0.2
j  javax.swing.JComponent.processMouseEvent(Ljava/awt/event/MouseEvent;)V+23 java.desktop@10.0.2
j  java.awt.Component.processEvent(Ljava/awt/AWTEvent;)V+81 java.desktop@10.0.2
j  java.awt.Container.processEvent(Ljava/awt/AWTEvent;)V+18 java.desktop@10.0.2
j  java.awt.Component.dispatchEventImpl(Ljava/awt/AWTEvent;)V+496 java.desktop@10.0.2
j  java.awt.Container.dispatchEventImpl(Ljava/awt/AWTEvent;)V+42 java.desktop@10.0.2
j  java.awt.Component.dispatchEvent(Ljava/awt/AWTEvent;)V+2 java.desktop@10.0.2
j  java.awt.LightweightDispatcher.retargetMouseEvent(Ljava/awt/Component;ILjava/awt/event/MouseEvent;)V+349 java.desktop@10.0.2
j  java.awt.LightweightDispatcher.processMouseEvent(Ljava/awt/event/MouseEvent;)Z+155 java.desktop@10.0.2
j  java.awt.LightweightDispatcher.dispatchEvent(Ljava/awt/AWTEvent;)Z+50 java.desktop@10.0.2
j  java.awt.Container.dispatchEventImpl(Ljava/awt/AWTEvent;)V+12 java.desktop@10.0.2
j  java.awt.Window.dispatchEventImpl(Ljava/awt/AWTEvent;)V+19 java.desktop@10.0.2
j  java.awt.Component.dispatchEvent(Ljava/awt/AWTEvent;)V+2 java.desktop@10.0.2
j  java.awt.EventQueue.dispatchEventImpl(Ljava/awt/AWTEvent;Ljava/lang/Object;)V+41 java.desktop@10.0.2
j  java.awt.EventQueue.access$600(Ljava/awt/EventQueue;Ljava/awt/AWTEvent;Ljava/lang/Object;)V+3 java.desktop@10.0.2
j  java.awt.EventQueue$4.run()Ljava/lang/Void;+32 java.desktop@10.0.2
j  java.awt.EventQueue$4.run()Ljava/lang/Object;+1 java.desktop@10.0.2
v  ~StubRoutines::call_stub
J 1679  java.security.AccessController.doPrivileged(Ljava/security/PrivilegedAction;Ljava/security/AccessControlContext;)Ljava/lang/Object; java.base@10.0.2 (0 bytes) @ 0x00007f789f68cea3 [0x00007f789f68ce40+0x0000000000000063]
J 1694 c1 java.security.ProtectionDomain$JavaSecurityAccessImpl.doIntersectionPrivilege(Ljava/security/PrivilegedAction;Ljava/security/AccessControlContext;Ljava/security/AccessControlContext;)Ljava/lang/Object; java.base@10.0.2 (22 bytes) @ 0x00007f78983c532c [0x00007f78983c5020+0x000000000000030c]
j  java.security.ProtectionDomain$JavaSecurityAccessImpl.doIntersectionPrivilege(Ljava/security/PrivilegedAction;Ljava/security/AccessControlContext;)Ljava/lang/Object;+6 java.base@10.0.2
j  java.awt.EventQueue$5.run()Ljava/lang/Void;+11 java.desktop@10.0.2
j  java.awt.EventQueue$5.run()Ljava/lang/Object;+1 java.desktop@10.0.2
v  ~StubRoutines::call_stub
J 1679  java.security.AccessController.doPrivileged(Ljava/security/PrivilegedAction;Ljava/security/AccessControlContext;)Ljava/lang/Object; java.base@10.0.2 (0 bytes) @ 0x00007f789f68cea3 [0x00007f789f68ce40+0x0000000000000063]
J 1694 c1 java.security.ProtectionDomain$JavaSecurityAccessImpl.doIntersectionPrivilege(Ljava/security/PrivilegedAction;Ljava/security/AccessControlContext;Ljava/security/AccessControlContext;)Ljava/lang/Object; java.base@10.0.2 (22 bytes) @ 0x00007f78983c532c [0x00007f78983c5020+0x000000000000030c]
j  java.awt.EventQueue.dispatchEvent(Ljava/awt/AWTEvent;)V+73 java.desktop@10.0.2
j  java.awt.EventDispatchThread.pumpOneEventForFilters(I)V+78 java.desktop@10.0.2
j  java.awt.EventDispatchThread.pumpEventsForFilter(ILjava/awt/Conditional;Ljava/awt/EventFilter;)V+35 java.desktop@10.0.2
j  java.awt.EventDispatchThread.pumpEventsForHierarchy(ILjava/awt/Conditional;Ljava/awt/Component;)V+11 java.desktop@10.0.2
j  java.awt.EventDispatchThread.pumpEvents(ILjava/awt/Conditional;)V+4 java.desktop@10.0.2
j  java.awt.EventDispatchThread.pumpEvents(Ljava/awt/Conditional;)V+3 java.desktop@10.0.2
j  java.awt.EventDispatchThread.run()V+9 java.desktop@10.0.2
v  ~StubRoutines::call_stub

siginfo: si_signo: 11 (SIGSEGV), si_code: 1 (SEGV_MAPERR), si_addr: 0x0000000000000040

Register to memory mapping:

RAX=0x0000000000000000 is an unknown value
RBX=0x0000000000000008 is an unknown value
RCX=0x00007f7853df9097: <offset 0x0000000000011097> in /usr/lib/x86_64-linux-gnu/libusb-1.0.so at 0x00007f7853de8000
RDX=0x00007f7853df97f0: <offset 0x00000000000117f0> in /usr/lib/x86_64-linux-gnu/libusb-1.0.so at 0x00007f7853de8000
RSP=0x00007f7858c16d80 is pointing into the stack for thread: 0x00007f78b063f000
RBP=0x00007f7878121280 is an unknown value
RSI=0x0000000000000004 is an unknown value
RDI=0x0000000000000000 is an unknown value
R8 =0x00007f78781212f0 is an unknown value
R9 =0x00007f7897b2e9c0 is at code_begin+1664 in an Interpreter codelet
invoke return entry points  [0x00007f7897b2e340, 0x00007f7897b2ed20]  2528 bytes
R10=0x00007f7858c16d50 is pointing into the stack for thread: 0x00007f78b063f000
R11=0x00007f7853df08d0: libusb_submit_transfer+0x0000000000000000 in /usr/lib/x86_64-linux-gnu/libusb-1.0.so at 0x00007f7853de8000
R12=0x00007f78781212c8 is an unknown value
R13=0x00007f78781212f0 is an unknown value
R14=0x0000000000000001 is an unknown value
R15=0x00007f7858c16f20 is pointing into the stack for thread: 0x00007f78b063f000


Registers:
RAX=0x0000000000000000, RBX=0x0000000000000008, RCX=0x00007f7853df9097, RDX=0x00007f7853df97f0
RSP=0x00007f7858c16d80, RBP=0x00007f7878121280, RSI=0x0000000000000004, RDI=0x0000000000000000
R8 =0x00007f78781212f0, R9 =0x00007f7897b2e9c0, R10=0x00007f7858c16d50, R11=0x00007f7853df08d0
R12=0x00007f78781212c8, R13=0x00007f78781212f0, R14=0x0000000000000001, R15=0x00007f7858c16f20
RIP=0x00007f7853df0914, EFLAGS=0x0000000000010246, CSGSFS=0x002b000000000033, ERR=0x0000000000000004
  TRAPNO=0x000000000000000e

Top of Stack: (sp=0x00007f7858c16d80)
0x00007f7858c16d80:   00007f7897b2e9c0 0000000000000016
0x00007f7858c16d90:   00000000c7986150 00007f7858c16d98
0x00007f7858c16da0:   00007f78946daff0 00007f7858c16e20
0x00007f7858c16db0:   00007f78946db820 70a636b534646100 

Instructions: (pc=0x00007f7853df0914)
0x00007f7853df08f4:   8d 6d 90 48 83 ec 48 64 48 8b 04 25 28 00 00 00
0x00007f7853df0904:   48 89 44 24 38 31 c0 48 8b 07 31 ff 4c 8d 65 48
0x00007f7853df0914:   48 8b 40 40 48 8b 58 30 31 c0 e8 cd bd ff ff 48
0x00007f7853df0924:   8d 83 c8 00 00 00 48 89 c7 48 89 44 24 08 e8 39 


---------------  P R O C E S S  ---------------

Threads class SMR info:
_java_thread_list=0x00007f7878194490, length=16, elements={
0x00007f78b00e2000, 0x00007f78b00e4000, 0x00007f78b00f7800, 0x00007f78b00f9800,
0x00007f78b00fb800, 0x00007f78b00fd800, 0x00007f78b019a000, 0x00007f78b01a8000,
0x00007f78b037f000, 0x00007f78b0380800, 0x00007f78b05e6000, 0x00007f78b063f000,
0x00007f78b0011800, 0x00007f7878047000, 0x00007f7878156000, 0x00007f7878199000
}

Java Threads: ( => current thread )
  0x00007f78b00e2000 JavaThread "Reference Handler" daemon [_thread_blocked, id=16759, stack(0x00007f7894141000,0x00007f7894242000)]
  0x00007f78b00e4000 JavaThread "Finalizer" daemon [_thread_blocked, id=16760, stack(0x00007f7894040000,0x00007f7894141000)]
  0x00007f78b00f7800 JavaThread "Signal Dispatcher" daemon [_thread_blocked, id=16761, stack(0x00007f786fbc9000,0x00007f786fcca000)]
  0x00007f78b00f9800 JavaThread "C2 CompilerThread0" daemon [_thread_in_native, id=16762, stack(0x00007f786fac8000,0x00007f786fbc9000)]
  0x00007f78b00fb800 JavaThread "C1 CompilerThread1" daemon [_thread_blocked, id=16763, stack(0x00007f786f9c7000,0x00007f786fac8000)]
  0x00007f78b00fd800 JavaThread "Sweeper thread" daemon [_thread_blocked, id=16764, stack(0x00007f786f8c6000,0x00007f786f9c7000)]
  0x00007f78b019a000 JavaThread "Service Thread" daemon [_thread_blocked, id=16765, stack(0x00007f786f7c5000,0x00007f786f8c6000)]
  0x00007f78b01a8000 JavaThread "Common-Cleaner" daemon [_thread_blocked, id=16767, stack(0x00007f786f5c2000,0x00007f786f6c3000)]
  0x00007f78b037f000 JavaThread "Java2D Disposer" daemon [_thread_blocked, id=16771, stack(0x00007f785931d000,0x00007f785941e000)]
  0x00007f78b0380800 JavaThread "AWT-XAWT" daemon [_thread_in_native, id=16772, stack(0x00007f785921c000,0x00007f785931d000)]
  0x00007f78b05e6000 JavaThread "AWT-Shutdown" [_thread_blocked, id=16773, stack(0x00007f7858c1d000,0x00007f7858d1e000)]
=>0x00007f78b063f000 JavaThread "AWT-EventQueue-0" [_thread_in_native, id=16774, stack(0x00007f7858b1c000,0x00007f7858c1d000)]
  0x00007f78b0011800 JavaThread "DestroyJavaVM" [_thread_blocked, id=16746, stack(0x00007f78b9dc2000,0x00007f78b9ec3000)]
  0x00007f7878047000 JavaThread "TimerQueue" daemon [_thread_blocked, id=16775, stack(0x00007f785881b000,0x00007f785891c000)]
  0x00007f7878156000 JavaThread "libusb native finalization thread" daemon [_thread_blocked, id=16776, stack(0x00007f785851a000,0x00007f785861b000)]
  0x00007f7878199000 JavaThread "process reaper" daemon [_thread_blocked, id=16778, stack(0x00007f7858ffa000,0x00007f785901c000)]

Other Threads:
  0x00007f78b00d8800 VMThread "VM Thread" [stack: 0x00007f7894244000,0x00007f7894344000] [id=16758]
  0x00007f78b019c000 WatcherThread [stack: 0x00007f786f6c5000,0x00007f786f7c5000] [id=16766]
  0x00007f78b0028000 GCTaskThread "GC Thread#0" [stack: 0x00007f78b5f02000,0x00007f78b6002000] [id=16747]
  0x00007f78b0029800 GCTaskThread "GC Thread#1" [stack: 0x00007f78b5e00000,0x00007f78b5f00000] [id=16748]
  0x00007f78b0040000 ConcurrentGCThread "G1 Main Marker" [stack: 0x00007f78b4646000,0x00007f78b4746000] [id=16750]
  0x00007f78b0042000 ConcurrentGCThread "G1 Conc#0" [stack: 0x00007f78b4544000,0x00007f78b4644000] [id=16751]
  0x00007f78b0075000 ConcurrentGCThread "G1 Refine#0" [stack: 0x00007f78b4240000,0x00007f78b4340000] [id=16755]
  0x00007f78b0077000 ConcurrentGCThread "G1 Refine#1" [stack: 0x00007f78b413e000,0x00007f78b423e000] [id=16756]
  0x00007f78b0078800 ConcurrentGCThread "G1 Young RemSet Sampling" [stack: 0x00007f78b403c000,0x00007f78b413c000] [id=16757]

Threads with active compile tasks:
C2 CompilerThread01838 %     4       sun.java2d.marlin.MarlinTileGenerator::getAlphaRLE @ 1372 (1749 bytes)

VM state:not at safepoint (normal execution)

VM Mutex/Monitor currently owned by a thread: None

Heap address: 0x00000000c3c00000, size: 964 MB, Compressed Oops mode: 32-bit
Narrow klass base: 0x0000000000000000, Narrow klass shift: 3
Compressed class space size: 1073741824 Address: 0x0000000100000000

Heap:
 garbage-first heap   total 63488K, used 7258K [0x00000000c3c00000, 0x0000000100000000)
  region size 1024K, 6 young (6144K), 2 survivors (2048K)
 Metaspace       used 22922K, capacity 23467K, committed 23936K, reserved 1071104K
  class space    used 2392K, capacity 2654K, committed 2688K, reserved 1048576K
Heap Regions: E=young(eden), S=young(survivor), O=old, HS=humongous(starts), HC=humongous(continues), CS=collection set, F=free, A=archive, TS=gc time stamp, AC=allocation context, TAMS=top-at-mark-start (previous, next)
|   0|0x00000000c3c00000, 0x00000000c3d00000, 0x00000000c3d00000|100%| O|  |TS  0|AC  0|TAMS 0x00000000c3d00000, 0x00000000c3d00000|
|   1|0x00000000c3d00000, 0x00000000c3e00000, 0x00000000c3e00000|100%| O|  |TS  0|AC  0|TAMS 0x00000000c3e00000, 0x00000000c3e00000|
|   2|0x00000000c3e00000, 0x00000000c3e16800, 0x00000000c3f00000|  8%| O|  |TS  0|AC  0|TAMS 0x00000000c3e16800, 0x00000000c3e16800|
|   3|0x00000000c3f00000, 0x00000000c3f00000, 0x00000000c4000000|  0%| F|  |TS  0|AC  0|TAMS 0x00000000c3f00000, 0x00000000c3f00000|
|   4|0x00000000c4000000, 0x00000000c4000000, 0x00000000c4100000|  0%| F|  |TS  0|AC  0|TAMS 0x00000000c4000000, 0x00000000c4000000|
|   5|0x00000000c4100000, 0x00000000c4100000, 0x00000000c4200000|  0%| F|  |TS  0|AC  0|TAMS 0x00000000c4100000, 0x00000000c4100000|
|   6|0x00000000c4200000, 0x00000000c4200000, 0x00000000c4300000|  0%| F|  |TS  0|AC  0|TAMS 0x00000000c4200000, 0x00000000c4200000|
|   7|0x00000000c4300000, 0x00000000c4300000, 0x00000000c4400000|  0%| F|  |TS  0|AC  0|TAMS 0x00000000c4300000, 0x00000000c4300000|
|   8|0x00000000c4400000, 0x00000000c4400000, 0x00000000c4500000|  0%| F|  |TS  0|AC  0|TAMS 0x00000000c4400000, 0x00000000c4400000|
|   9|0x00000000c4500000, 0x00000000c4500000, 0x00000000c4600000|  0%| F|  |TS  0|AC  0|TAMS 0x00000000c4500000, 0x00000000c4500000|
|  10|0x00000000c4600000, 0x00000000c4600000, 0x00000000c4700000|  0%| F|  |TS  0|AC  0|TAMS 0x00000000c4600000, 0x00000000c4600000|
|  11|0x00000000c4700000, 0x00000000c4700000, 0x00000000c4800000|  0%| F|  |TS  0|AC  0|TAMS 0x00000000c4700000, 0x00000000c4700000|
|  12|0x00000000c4800000, 0x00000000c4800000, 0x00000000c4900000|  0%| F|  |TS  0|AC  0|TAMS 0x00000000c4800000, 0x00000000c4800000|
|  13|0x00000000c4900000, 0x00000000c4900000, 0x00000000c4a00000|  0%| F|  |TS  0|AC  0|TAMS 0x00000000c4900000, 0x00000000c4900000|
|  14|0x00000000c4a00000, 0x00000000c4a00000, 0x00000000c4b00000|  0%| F|  |TS  0|AC  0|TAMS 0x00000000c4a00000, 0x00000000c4a00000|
|  15|0x00000000c4b00000, 0x00000000c4b00000, 0x00000000c4c00000|  0%| F|  |TS  0|AC  0|TAMS 0x00000000c4b00000, 0x00000000c4b00000|
|  16|0x00000000c4c00000, 0x00000000c4c00000, 0x00000000c4d00000|  0%| F|  |TS  0|AC  0|TAMS 0x00000000c4c00000, 0x00000000c4c00000|
|  17|0x00000000c4d00000, 0x00000000c4d00000, 0x00000000c4e00000|  0%| F|  |TS  0|AC  0|TAMS 0x00000000c4d00000, 0x00000000c4d00000|
|  18|0x00000000c4e00000, 0x00000000c4e00000, 0x00000000c4f00000|  0%| F|  |TS  0|AC  0|TAMS 0x00000000c4e00000, 0x00000000c4e00000|
|  19|0x00000000c4f00000, 0x00000000c4f00000, 0x00000000c5000000|  0%| F|  |TS  0|AC  0|TAMS 0x00000000c4f00000, 0x00000000c4f00000|
|  20|0x00000000c5000000, 0x00000000c5000000, 0x00000000c5100000|  0%| F|  |TS  0|AC  0|TAMS 0x00000000c5000000, 0x00000000c5000000|
|  21|0x00000000c5100000, 0x00000000c5100000, 0x00000000c5200000|  0%| F|  |TS  0|AC  0|TAMS 0x00000000c5100000, 0x00000000c5100000|
|  22|0x00000000c5200000, 0x00000000c5200000, 0x00000000c5300000|  0%| F|  |TS  0|AC  0|TAMS 0x00000000c5200000, 0x00000000c5200000|
|  23|0x00000000c5300000, 0x00000000c5300000, 0x00000000c5400000|  0%| F|  |TS  0|AC  0|TAMS 0x00000000c5300000, 0x00000000c5300000|
|  24|0x00000000c5400000, 0x00000000c5400000, 0x00000000c5500000|  0%| F|  |TS  0|AC  0|TAMS 0x00000000c5400000, 0x00000000c5400000|
|  25|0x00000000c5500000, 0x00000000c5500000, 0x00000000c5600000|  0%| F|  |TS  0|AC  0|TAMS 0x00000000c5500000, 0x00000000c5500000|
|  26|0x00000000c5600000, 0x00000000c5600000, 0x00000000c5700000|  0%| F|  |TS  0|AC  0|TAMS 0x00000000c5600000, 0x00000000c5600000|
|  27|0x00000000c5700000, 0x00000000c5700000, 0x00000000c5800000|  0%| F|  |TS  0|AC  0|TAMS 0x00000000c5700000, 0x00000000c5700000|
|  28|0x00000000c5800000, 0x00000000c5800000, 0x00000000c5900000|  0%| F|  |TS  0|AC  0|TAMS 0x00000000c5800000, 0x00000000c5800000|
|  29|0x00000000c5900000, 0x00000000c5900000, 0x00000000c5a00000|  0%| F|  |TS  0|AC  0|TAMS 0x00000000c5900000, 0x00000000c5900000|
|  30|0x00000000c5a00000, 0x00000000c5a00000, 0x00000000c5b00000|  0%| F|  |TS  0|AC  0|TAMS 0x00000000c5a00000, 0x00000000c5a00000|
|  31|0x00000000c5b00000, 0x00000000c5b00000, 0x00000000c5c00000|  0%| F|  |TS  0|AC  0|TAMS 0x00000000c5b00000, 0x00000000c5b00000|
|  32|0x00000000c5c00000, 0x00000000c5c00000, 0x00000000c5d00000|  0%| F|  |TS  0|AC  0|TAMS 0x00000000c5c00000, 0x00000000c5c00000|
|  33|0x00000000c5d00000, 0x00000000c5d00000, 0x00000000c5e00000|  0%| F|  |TS  0|AC  0|TAMS 0x00000000c5d00000, 0x00000000c5d00000|
|  34|0x00000000c5e00000, 0x00000000c5e00000, 0x00000000c5f00000|  0%| F|  |TS  0|AC  0|TAMS 0x00000000c5e00000, 0x00000000c5e00000|
|  35|0x00000000c5f00000, 0x00000000c5f00000, 0x00000000c6000000|  0%| F|  |TS  0|AC  0|TAMS 0x00000000c5f00000, 0x00000000c5f00000|
|  36|0x00000000c6000000, 0x00000000c6000000, 0x00000000c6100000|  0%| F|  |TS  0|AC  0|TAMS 0x00000000c6000000, 0x00000000c6000000|
|  37|0x00000000c6100000, 0x00000000c6100000, 0x00000000c6200000|  0%| F|  |TS  0|AC  0|TAMS 0x00000000c6100000, 0x00000000c6100000|
|  38|0x00000000c6200000, 0x00000000c6200000, 0x00000000c6300000|  0%| F|  |TS  0|AC  0|TAMS 0x00000000c6200000, 0x00000000c6200000|
|  39|0x00000000c6300000, 0x00000000c6300000, 0x00000000c6400000|  0%| F|  |TS  0|AC  0|TAMS 0x00000000c6300000, 0x00000000c6300000|
|  40|0x00000000c6400000, 0x00000000c6400000, 0x00000000c6500000|  0%| F|  |TS  0|AC  0|TAMS 0x00000000c6400000, 0x00000000c6400000|
|  41|0x00000000c6500000, 0x00000000c6500000, 0x00000000c6600000|  0%| F|  |TS  0|AC  0|TAMS 0x00000000c6500000, 0x00000000c6500000|
|  42|0x00000000c6600000, 0x00000000c6600000, 0x00000000c6700000|  0%| F|  |TS  0|AC  0|TAMS 0x00000000c6600000, 0x00000000c6600000|
|  43|0x00000000c6700000, 0x00000000c6700000, 0x00000000c6800000|  0%| F|  |TS  0|AC  0|TAMS 0x00000000c6700000, 0x00000000c6700000|
|  44|0x00000000c6800000, 0x00000000c6800000, 0x00000000c6900000|  0%| F|  |TS  0|AC  0|TAMS 0x00000000c6800000, 0x00000000c6800000|
|  45|0x00000000c6900000, 0x00000000c6900000, 0x00000000c6a00000|  0%| F|  |TS  0|AC  0|TAMS 0x00000000c6900000, 0x00000000c6900000|
|  46|0x00000000c6a00000, 0x00000000c6a00000, 0x00000000c6b00000|  0%| F|  |TS  0|AC  0|TAMS 0x00000000c6a00000, 0x00000000c6a00000|
|  47|0x00000000c6b00000, 0x00000000c6b00000, 0x00000000c6c00000|  0%| F|  |TS  0|AC  0|TAMS 0x00000000c6b00000, 0x00000000c6b00000|
|  48|0x00000000c6c00000, 0x00000000c6c00000, 0x00000000c6d00000|  0%| F|  |TS  0|AC  0|TAMS 0x00000000c6c00000, 0x00000000c6c00000|
|  49|0x00000000c6d00000, 0x00000000c6d00000, 0x00000000c6e00000|  0%| F|  |TS  0|AC  0|TAMS 0x00000000c6d00000, 0x00000000c6d00000|
|  50|0x00000000c6e00000, 0x00000000c6e00000, 0x00000000c6f00000|  0%| F|  |TS  0|AC  0|TAMS 0x00000000c6e00000, 0x00000000c6e00000|
|  51|0x00000000c6f00000, 0x00000000c6f00000, 0x00000000c7000000|  0%| F|  |TS  0|AC  0|TAMS 0x00000000c6f00000, 0x00000000c6f00000|
|  52|0x00000000c7000000, 0x00000000c7100000, 0x00000000c7100000|100%| S|CS|TS  0|AC  0|TAMS 0x00000000c7000000, 0x00000000c7000000|
|  53|0x00000000c7100000, 0x00000000c7200000, 0x00000000c7200000|100%| S|CS|TS  0|AC  0|TAMS 0x00000000c7100000, 0x00000000c7100000|
|  54|0x00000000c7200000, 0x00000000c7200000, 0x00000000c7300000|  0%| F|  |TS  0|AC  0|TAMS 0x00000000c7200000, 0x00000000c7200000|
|  55|0x00000000c7300000, 0x00000000c7300000, 0x00000000c7400000|  0%| F|  |TS  0|AC  0|TAMS 0x00000000c7300000, 0x00000000c7300000|
|  56|0x00000000c7400000, 0x00000000c7400000, 0x00000000c7500000|  0%| F|  |TS  0|AC  0|TAMS 0x00000000c7400000, 0x00000000c7400000|
|  57|0x00000000c7500000, 0x00000000c7500000, 0x00000000c7600000|  0%| F|  |TS  0|AC  0|TAMS 0x00000000c7500000, 0x00000000c7500000|
|  58|0x00000000c7600000, 0x00000000c7700000, 0x00000000c7700000|100%| E|  |TS  0|AC  0|TAMS 0x00000000c7600000, 0x00000000c7600000|
|  59|0x00000000c7700000, 0x00000000c7800000, 0x00000000c7800000|100%| E|CS|TS  0|AC  0|TAMS 0x00000000c7700000, 0x00000000c7700000|
|  60|0x00000000c7800000, 0x00000000c7900000, 0x00000000c7900000|100%| E|CS|TS  0|AC  0|TAMS 0x00000000c7800000, 0x00000000c7800000|
|  61|0x00000000c7900000, 0x00000000c7a00000, 0x00000000c7a00000|100%| E|CS|TS  0|AC  0|TAMS 0x00000000c7900000, 0x00000000c7900000|

Card table byte_map: [0x00007f78b5838000,0x00007f78b5a1a000] byte_map_base: 0x00007f78b521a000

Marking Bits (Prev, Next): (CMBitMap*) 0x00007f78b003f738, (CMBitMap*) 0x00007f78b003f700
 Prev Bits: [0x00007f7896c15000, 0x00007f7897b25000)
 Next Bits: [0x00007f78b4746000, 0x00007f78b5656000)

Polling page: 0x00007f78b9ef2000

CodeHeap 'non-profiled nmethods': size=120036Kb used=744Kb max_used=744Kb free=119291Kb
 bounds [0x00007f789f5ec000, 0x00007f789f85c000, 0x00007f78a6b25000]
CodeHeap 'profiled nmethods': size=120032Kb used=3461Kb max_used=3461Kb free=116570Kb
 bounds [0x00007f78980b4000, 0x00007f7898424000, 0x00007f789f5ec000]
CodeHeap 'non-nmethods': size=5692Kb used=1275Kb max_used=1296Kb free=4416Kb
 bounds [0x00007f7897b25000, 0x00007f7897d95000, 0x00007f78980b4000]
 total_blobs=2895 nmethods=1845 adapters=639
 compilation: enabled

Compilation events (10 events):
Event: 21,150 Thread 0x00007f78b00fb800 1842       3       java.lang.Class::searchFields (43 bytes)
Event: 21,151 Thread 0x00007f78b00fb800 nmethod 1842 0x00007f7898410490 code [0x00007f7898410660, 0x00007f7898410928]
Event: 21,151 Thread 0x00007f78b00fb800 1843   !   3       com.sun.jna.Native::getNativeSize (139 bytes)
Event: 21,155 Thread 0x00007f78b00fb800 nmethod 1843 0x00007f7898410a90 code [0x00007f7898410ec0, 0x00007f7898412768]
Event: 21,155 Thread 0x00007f78b00fb800 1844       3       java.lang.reflect.Field::get (29 bytes)
Event: 21,159 Thread 0x00007f78b00fb800 nmethod 1844 0x00007f7898412f90 code [0x00007f78984131a0, 0x00007f7898413778]
Event: 21,159 Thread 0x00007f78b00fb800 1845       3       java.util.ArrayList::rangeCheckForAdd (26 bytes)
Event: 21,160 Thread 0x00007f78b00fb800 nmethod 1845 0x00007f7898413990 code [0x00007f7898413be0, 0x00007f78984142a8]
Event: 21,160 Thread 0x00007f78b00fb800 1846       1       java.lang.reflect.Constructor::getSharedParameterTypes (5 bytes)
Event: 21,161 Thread 0x00007f78b00fb800 nmethod 1846 0x00007f789f6a5e90 code [0x00007f789f6a6040, 0x00007f789f6a6150]

GC Heap History (6 events):
Event: 1,449 GC heap before
{Heap before GC invocations=0 (full 0):
 garbage-first heap   total 63488K, used 7168K [0x00000000c3c00000, 0x0000000100000000)
  region size 1024K, 7 young (7168K), 0 survivors (0K)
 Metaspace       used 11342K, capacity 11661K, committed 11776K, reserved 1060864K
  class space    used 1066K, capacity 1230K, committed 1280K, reserved 1048576K
}
Event: 1,465 GC heap after
{Heap after GC invocations=1 (full 0):
 garbage-first heap   total 63488K, used 1948K [0x00000000c3c00000, 0x0000000100000000)
  region size 1024K, 1 young (1024K), 1 survivors (1024K)
 Metaspace       used 11342K, capacity 11661K, committed 11776K, reserved 1060864K
  class space    used 1066K, capacity 1230K, committed 1280K, reserved 1048576K
}
Event: 1,856 GC heap before
{Heap before GC invocations=1 (full 0):
 garbage-first heap   total 63488K, used 6044K [0x00000000c3c00000, 0x0000000100000000)
  region size 1024K, 5 young (5120K), 1 survivors (1024K)
 Metaspace       used 12214K, capacity 12706K, committed 13056K, reserved 1060864K
  class space    used 1185K, capacity 1433K, committed 1536K, reserved 1048576K
}
Event: 1,866 GC heap after
{Heap after GC invocations=2 (full 0):
 garbage-first heap   total 63488K, used 2762K [0x00000000c3c00000, 0x0000000100000000)
  region size 1024K, 1 young (1024K), 1 survivors (1024K)
 Metaspace       used 12214K, capacity 12706K, committed 13056K, reserved 1060864K
  class space    used 1185K, capacity 1433K, committed 1536K, reserved 1048576K
}
Event: 17,458 GC heap before
{Heap before GC invocations=2 (full 0):
 garbage-first heap   total 63488K, used 8906K [0x00000000c3c00000, 0x0000000100000000)
  region size 1024K, 8 young (8192K), 1 survivors (1024K)
 Metaspace       used 20564K, capacity 21074K, committed 21296K, reserved 1069056K
  class space    used 2165K, capacity 2432K, committed 2432K, reserved 1048576K
}
Event: 17,471 GC heap after
{Heap after GC invocations=3 (full 0):
 garbage-first heap   total 63488K, used 4186K [0x00000000c3c00000, 0x0000000100000000)
  region size 1024K, 2 young (2048K), 2 survivors (2048K)
 Metaspace       used 20564K, capacity 21074K, committed 21296K, reserved 1069056K
  class space    used 2165K, capacity 2432K, committed 2432K, reserved 1048576K
}

Deoptimization events (8 events):
Event: 0,220 Thread 0x00007f78b0011800 Uncommon trap: reason=unstable_if action=reinterpret pc=0x00007f789f5f0ee8 method=java.lang.String.hashCode()I @ 14 c2
Event: 2,839 Thread 0x00007f78b063f000 Uncommon trap: reason=unstable_if action=reinterpret pc=0x00007f789f62e8a0 method=java.util.Arrays.equals([Ljava/lang/Object;[Ljava/lang/Object;)Z @ 44 c2
Event: 3,157 Thread 0x00007f78b063f000 Uncommon trap: reason=unstable_if action=reinterpret pc=0x00007f789f656e34 method=sun.java2d.marlin.MarlinCache.copyAARowRLE_WithBlockFlags([I[IIII)V @ 462 c2
Event: 17,357 Thread 0x00007f78b063f000 Uncommon trap: reason=unstable_if action=reinterpret pc=0x00007f789f6077a0 method=java.lang.StringLatin1.replace([BCC)Ljava/lang/String; @ 19 c2
Event: 17,358 Thread 0x00007f78b063f000 Uncommon trap: reason=unstable_if action=reinterpret pc=0x00007f789f625ca4 method=jdk.internal.org.objectweb.asm.Type.getArgumentsAndReturnSizes(Ljava/lang/String;)I @ 88 c2
Event: 17,440 Thread 0x00007f78b063f000 Uncommon trap: reason=unstable_if action=reinterpret pc=0x00007f789f665070 method=java.lang.AbstractStringBuilder.append(Ljava/lang/String;)Ljava/lang/AbstractStringBuilder; @ 1 c2
Event: 17,536 Thread 0x00007f78b063f000 Uncommon trap: reason=unstable_if action=reinterpret pc=0x00007f789f62094c method=jdk.internal.org.objectweb.asm.Frame.execute(IILjdk/internal/org/objectweb/asm/ClassWriter;Ljdk/internal/org/objectweb/asm/Item;)V @ 2219 c2
Event: 17,790 Thread 0x00007f78b063f000 Uncommon trap: reason=unstable_if action=reinterpret pc=0x00007f789f5f4f0c method=java.lang.String.isLatin1()Z @ 10 c2

Classes redefined (0 events):
No events

Internal exceptions (10 events):
Event: 17,352 Thread 0x00007f78b063f000 Exception <a 'java/lang/NoSuchMethodError'{0x00000000c7227a10}: java.lang.invoke.DirectMethodHandle$Holder.invokeStatic(Ljava/lang/Object;Ljava/lang/Object;J)Ljava/lang/Object;> (0x00000000c7227a10) thrown at [/build/openjdk-lts-Ae5PRQ/openjdk-lts-10.0.2+
Event: 17,353 Thread 0x00007f78b063f000 Exception <a 'java/lang/NoSuchMethodError'{0x00000000c722b298}: method resolution failed> (0x00000000c722b298) thrown at [/build/openjdk-lts-Ae5PRQ/openjdk-lts-10.0.2+13/src/hotspot/share/prims/methodHandles.cpp, line 1226]
Event: 17,359 Thread 0x00007f78b063f000 Exception <a 'java/lang/NoSuchMethodError'{0x00000000c72350f8}: java.lang.invoke.DirectMethodHandle$Holder.invokeStatic(Ljava/lang/Object;Ljava/lang/Object;Ljava/lang/Object;I)Ljava/lang/Object;> (0x00000000c72350f8) thrown at [/build/openjdk-lts-Ae5PRQ/o
Event: 17,362 Thread 0x00007f78b063f000 Exception <a 'java/lang/NoSuchMethodError'{0x00000000c72391a8}: java.lang.invoke.DirectMethodHandle$Holder.invokeSpecial(Ljava/lang/Object;Ljava/lang/Object;Ljava/lang/Object;Ljava/lang/Object;I)Ljava/lang/Object;> (0x00000000c72391a8) thrown at [/build/o
Event: 17,440 Thread 0x00007f78b063f000 Implicit null exception at 0x00007f789f664b73 to 0x00007f789f66505a
Event: 17,456 Thread 0x00007f78b063f000 Exception <a 'java/lang/NoSuchMethodError'{0x00000000c72df0f0}: method resolution failed> (0x00000000c72df0f0) thrown at [/build/openjdk-lts-Ae5PRQ/openjdk-lts-10.0.2+13/src/hotspot/share/prims/methodHandles.cpp, line 1226]
Event: 17,512 Thread 0x00007f78b063f000 Exception <a 'java/lang/NoSuchMethodError'{0x00000000c7988670}: java.lang.invoke.DirectMethodHandle$Holder.invokeStatic(Ljava/lang/Object;Ljava/lang/Object;)I> (0x00000000c7988670) thrown at [/build/openjdk-lts-Ae5PRQ/openjdk-lts-10.0.2+13/src/hotspot/sha
Event: 17,523 Thread 0x00007f78b063f000 Exception <a 'java/lang/NoSuchMethodError'{0x00000000c7995830}: java.lang.Object.of([Ljava/lang/Object;)Ljava/util/stream/Stream;> (0x00000000c7995830) thrown at [/build/openjdk-lts-Ae5PRQ/openjdk-lts-10.0.2+13/src/hotspot/share/interpreter/linkResolver.c
Event: 17,719 Thread 0x00007f78b063f000 Exception <a 'java/lang/ClassNotFoundException'{0x00000000c78cee00}: sun/util/logging/resources/spi/loggingProvider> (0x00000000c78cee00) thrown at [/build/openjdk-lts-Ae5PRQ/openjdk-lts-10.0.2+13/src/hotspot/share/classfile/systemDictionary.cpp, line 233
Event: 17,735 Thread 0x00007f78b063f000 Exception <a 'java/lang/NoSuchMethodError'{0x00000000c78e1528}: java.lang.Object.lambda$union$2(Ljava/util/regex/Pattern$CharPredicate;I)Z> (0x00000000c78e1528) thrown at [/build/openjdk-lts-Ae5PRQ/openjdk-lts-10.0.2+13/src/hotspot/share/interpreter/linkR

Events (10 events):
Event: 20,635 Thread 0x00007f78b063f000 DEOPT PACKING pc=0x00007f78982f953c sp=0x00007f7858c16f60
Event: 20,636 Thread 0x00007f78b063f000 DEOPT UNPACKING pc=0x00007f7897b4c1ab sp=0x00007f7858c16360 mode 0
Event: 21,074 Thread 0x00007f78b063f000 DEOPT PACKING pc=0x00007f78982a7352 sp=0x00007f7858c17080
Event: 21,074 Thread 0x00007f78b063f000 DEOPT UNPACKING pc=0x00007f7897b4c1ab sp=0x00007f7858c16530 mode 0
Event: 21,142 loading class com/grack/javausb/jna/libusb_transfer
Event: 21,142 loading class com/grack/javausb/jna/libusb_transfer done
Event: 21,144 loading class com/grack/javausb/jna/libusb_iso_packet_descriptor_structure
Event: 21,144 loading class com/grack/javausb/jna/libusb_iso_packet_descriptor_structure done
Event: 21,148 loading class com/sun/jna/Native$Buffers
Event: 21,148 loading class com/sun/jna/Native$Buffers done


Dynamic libraries:
c3c00000-c7a00000 rw-p 00000000 00:00 0 
c7a00000-100000000 ---p 00000000 00:00 0 
100000000-1002a0000 rw-p 00000000 00:00 0 
1002a0000-140000000 ---p 00000000 00:00 0 
5630dc8cd000-5630dc8ce000 r-xp 00000000 08:07 3281594                    /usr/lib/jvm/java-11-openjdk-amd64/bin/java
5630dcace000-5630dcacf000 r--p 00001000 08:07 3281594                    /usr/lib/jvm/java-11-openjdk-amd64/bin/java
5630dcacf000-5630dcad0000 rw-p 00002000 08:07 3281594                    /usr/lib/jvm/java-11-openjdk-amd64/bin/java
5630dd50c000-5630dd52d000 rw-p 00000000 00:00 0                          [heap]
7f78531c9000-7f7853289000 rw-p 00000000 00:00 0 
7f7853289000-7f78533c9000 ---p 00000000 00:00 0 
7f78533c9000-7f78533ca000 ---p 00000000 00:00 0 
7f78533ca000-7f7853bca000 rw-p 00000000 00:00 0 
7f7853bca000-7f7853be7000 r-xp 00000000 08:07 1973216                    /lib/x86_64-linux-gnu/libudev.so.1.6.9
7f7853be7000-7f7853de6000 ---p 0001d000 08:07 1973216                    /lib/x86_64-linux-gnu/libudev.so.1.6.9
7f7853de6000-7f7853de7000 r--p 0001c000 08:07 1973216                    /lib/x86_64-linux-gnu/libudev.so.1.6.9
7f7853de7000-7f7853de8000 rw-p 0001d000 08:07 1973216                    /lib/x86_64-linux-gnu/libudev.so.1.6.9
7f7853de8000-7f7853dff000 r-xp 00000000 08:07 1970999                    /lib/x86_64-linux-gnu/libusb-1.0.so.0.1.0
7f7853dff000-7f7853ffe000 ---p 00017000 08:07 1970999                    /lib/x86_64-linux-gnu/libusb-1.0.so.0.1.0
7f7853ffe000-7f7853fff000 r--p 00016000 08:07 1970999                    /lib/x86_64-linux-gnu/libusb-1.0.so.0.1.0
7f7853fff000-7f7854000000 rw-p 00017000 08:07 1970999                    /lib/x86_64-linux-gnu/libusb-1.0.so.0.1.0
7f7854000000-7f7854021000 rw-p 00000000 00:00 0 
7f7854021000-7f7858000000 ---p 00000000 00:00 0 
7f7858101000-7f7858301000 rw-p 00000000 00:00 0 
7f7858301000-7f7858319000 r-xp 00000000 08:07 7735579                    /home/peter/.cache/JNA/temp/jna13316810187922727842.tmp (deleted)
7f7858319000-7f7858519000 ---p 00018000 08:07 7735579                    /home/peter/.cache/JNA/temp/jna13316810187922727842.tmp (deleted)
7f7858519000-7f785851a000 rw-p 00018000 08:07 7735579                    /home/peter/.cache/JNA/temp/jna13316810187922727842.tmp (deleted)
7f785851a000-7f785851e000 ---p 00000000 00:00 0 
7f785851e000-7f785881b000 rw-p 00000000 00:00 0 
7f785881b000-7f785881f000 ---p 00000000 00:00 0 
7f785881f000-7f7858b1c000 rw-p 00000000 00:00 0 
7f7858b1c000-7f7858b20000 ---p 00000000 00:00 0 
7f7858b20000-7f7858c1d000 rw-p 00000000 00:00 0 
7f7858c1d000-7f7858c21000 ---p 00000000 00:00 0 
7f7858c21000-7f7858f1e000 rw-p 00000000 00:00 0 
7f7858f5d000-7f7858f68000 r--s 00000000 08:07 786527                     /var/cache/fontconfig/945677eb7aeaf62f1d50efc3fb3ec7d8-le64.cache-7
7f7858f68000-7f7858f6a000 r--s 00000000 08:07 786529                     /var/cache/fontconfig/99e8ed0e538f840c565b6ed5dad60d56-le64.cache-7
7f7858f6a000-7f7858f6f000 r--s 00000000 08:07 786496                     /var/cache/fontconfig/2300eef321c393bfd76478a5c0e95b23-le64.cache-7
7f7858f6f000-7f7858f70000 r--s 00000000 08:07 786490                     /var/cache/fontconfig/0d8c3b2ac0904cb8a57a757ad11a4a08-le64.cache-7
7f7858f70000-7f7858f85000 r--s 00000000 08:07 786487                     /var/cache/fontconfig/04aabc0a78ac019cf9454389977116d2-le64.cache-7
7f7858f85000-7f7858f86000 r--s 00000000 08:07 786494                     /var/cache/fontconfig/1ac9eb803944fde146138c791f5cc56a-le64.cache-7
7f7858f86000-7f7858f8a000 r--s 00000000 08:07 786502                     /var/cache/fontconfig/385c0604a188198f04d133e54aba7fe7-le64.cache-7
7f7858f8a000-7f7858f8b000 r--s 00000000 08:07 786548                     /var/cache/fontconfig/dc05db6664285cc2f12bf69c139ae4c3-le64.cache-7
7f7858f8b000-7f7858fd7000 r--s 00000000 08:07 789900                     /var/cache/fontconfig/0bd3dc0958fa2205aaaa8ebb13e2872b-le64.cache-7
7f7858ffa000-7f7858ffe000 ---p 00000000 00:00 0 
7f7858ffe000-7f785921c000 rw-p 00000000 00:00 0 
7f785921c000-7f7859220000 ---p 00000000 00:00 0 
7f7859220000-7f785931d000 rw-p 00000000 00:00 0 
7f785931d000-7f7859321000 ---p 00000000 00:00 0 
7f7859321000-7f785941e000 rw-p 00000000 00:00 0 
7f785941e000-7f7859423000 r-xp 00000000 08:07 3284531                    /usr/lib/x86_64-linux-gnu/libXfixes.so.3.1.0
7f7859423000-7f7859622000 ---p 00005000 08:07 3284531                    /usr/lib/x86_64-linux-gnu/libXfixes.so.3.1.0
7f7859622000-7f7859623000 r--p 00004000 08:07 3284531                    /usr/lib/x86_64-linux-gnu/libXfixes.so.3.1.0
7f7859623000-7f7859624000 rw-p 00005000 08:07 3284531                    /usr/lib/x86_64-linux-gnu/libXfixes.so.3.1.0
7f7859624000-7f785962d000 r-xp 00000000 08:07 3284523                    /usr/lib/x86_64-linux-gnu/libXcursor.so.1.0.2
7f785962d000-7f785982c000 ---p 00009000 08:07 3284523                    /usr/lib/x86_64-linux-gnu/libXcursor.so.1.0.2
7f785982c000-7f785982d000 r--p 00008000 08:07 3284523                    /usr/lib/x86_64-linux-gnu/libXcursor.so.1.0.2
7f785982d000-7f785982e000 rw-p 00009000 08:07 3284523                    /usr/lib/x86_64-linux-gnu/libXcursor.so.1.0.2
7f785982e000-7f7859830000 r--s 00000000 08:07 786491                     /var/cache/fontconfig/14a5e22175779b556eaa434240950366-le64.cache-7
7f7859830000-7f7859831000 r--s 00000000 08:07 786518                     /var/cache/fontconfig/660208299946a285a940457d1287da33-le64.cache-7
7f7859831000-7f7859833000 r--s 00000000 08:07 786509                     /var/cache/fontconfig/4f3e3037c9980c83b53a9351efadef62-le64.cache-7
7f7859833000-7f7859835000 r--s 00000000 08:07 786523                     /var/cache/fontconfig/767a8244fc0220cfb567a839d0392e0b-le64.cache-7
7f7859835000-7f7859836000 r--s 00000000 08:07 789903                     /var/cache/fontconfig/4794a0821666d79190d59a36cb4f44b5-le64.cache-7
7f7859836000-7f785983d000 r--s 00000000 08:07 786526                     /var/cache/fontconfig/8801497958630a81b71ace7c5f9b32a8-le64.cache-7
7f785983d000-7f7859842000 r--s 00000000 08:07 786549                     /var/cache/fontconfig/def309198bfa603429122923fa2bb2d4-le64.cache-7
7f7859842000-7f7859843000 r--s 00000000 08:07 786536                     /var/cache/fontconfig/b872e6e592da6075ffa4ab0a1fcc0c75-le64.cache-7
7f7859843000-7f7859844000 r--s 00000000 08:07 786554                     /var/cache/fontconfig/f6d4eedfaab2589bde49f7a3ff831d22-le64.cache-7
7f7859844000-7f7859845000 r--s 00000000 08:07 786516                     /var/cache/fontconfig/589f83ef4c36d296ce6e1c846f468f08-le64.cache-7
7f7859845000-7f7859846000 r--s 00000000 08:07 786538                     /var/cache/fontconfig/bab58bb527bb656aaa9f116d68a48d89-le64.cache-7
7f7859846000-7f7859847000 r--s 00000000 08:07 786495                     /var/cache/fontconfig/2171a34dccabdb6bcbbc728186263178-le64.cache-7
7f7859847000-7f7859848000 r--s 00000000 08:07 786539                     /var/cache/fontconfig/c5c45a61289222e0d30b1a26ef4effbe-le64.cache-7
7f7859848000-7f7859849000 r--s 00000000 08:07 786534                     /var/cache/fontconfig/aec30016f93e1b46d1a973dce0d74068-le64.cache-7
7f7859849000-7f785984a000 r--s 00000000 08:07 786503                     /var/cache/fontconfig/3f589640d34b7dc9042c8d453f7c8b9c-le64.cache-7
7f785984a000-7f785984b000 r--s 00000000 08:07 786492                     /var/cache/fontconfig/16c2fda60d1b4b719f4b3d06fd951d25-le64.cache-7
7f785984b000-7f785984c000 r--s 00000000 08:07 786533                     /var/cache/fontconfig/a48eab177a16e4f3713381162db2f3e9-le64.cache-7
7f785984c000-7f7859851000 r--s 00000000 08:07 789886                     /var/cache/fontconfig/9d2451b1fd30e5bffe8383fd27c35478-le64.cache-7
7f7859851000-7f7859857000 r--s 00000000 08:07 789885                     /var/cache/fontconfig/3047814df9a2f067bd2d96a2b9c36e5a-le64.cache-7
7f7859857000-7f785985d000 r--s 00000000 08:07 786535                     /var/cache/fontconfig/b47c4e1ecd0709278f4910c18777a504-le64.cache-7
7f785985d000-7f785985e000 ---p 00000000 00:00 0 
7f785985e000-7f785a05e000 rw-p 00000000 00:00 0 
7f785a05e000-7f785a05f000 ---p 00000000 00:00 0 
7f785a05f000-7f785a85f000 rw-p 00000000 00:00 0 
7f785a85f000-7f785a860000 ---p 00000000 00:00 0 
7f785a860000-7f785b060000 rw-p 00000000 00:00 0 
7f785b060000-7f785b06c000 r-xp 00000000 08:07 3671758                    /usr/lib/x86_64-linux-gnu/gio/modules/libdconfsettings.so
7f785b06c000-7f785b26b000 ---p 0000c000 08:07 3671758                    /usr/lib/x86_64-linux-gnu/gio/modules/libdconfsettings.so
7f785b26b000-7f785b26c000 r--p 0000b000 08:07 3671758                    /usr/lib/x86_64-linux-gnu/gio/modules/libdconfsettings.so
7f785b26c000-7f785b26d000 rw-p 0000c000 08:07 3671758                    /usr/lib/x86_64-linux-gnu/gio/modules/libdconfsettings.so
7f785b26d000-7f785b2b6000 r--p 00000000 08:07 3820125                    /usr/share/glib-2.0/schemas/gschemas.compiled
7f785b2b6000-7f785b2bc000 r-xp 00000000 08:07 1979063                    /lib/x86_64-linux-gnu/libuuid.so.1.3.0
7f785b2bc000-7f785b4bb000 ---p 00006000 08:07 1979063                    /lib/x86_64-linux-gnu/libuuid.so.1.3.0
7f785b4bb000-7f785b4bc000 r--p 00005000 08:07 1979063                    /lib/x86_64-linux-gnu/libuuid.so.1.3.0
7f785b4bc000-7f785b4bd000 rw-p 00006000 08:07 1979063                    /lib/x86_64-linux-gnu/libuuid.so.1.3.0
7f785b4bd000-7f785b504000 r-xp 00000000 08:07 1971002                    /lib/x86_64-linux-gnu/libblkid.so.1.1.0
7f785b504000-7f785b704000 ---p 00047000 08:07 1971002                    /lib/x86_64-linux-gnu/libblkid.so.1.1.0
7f785b704000-7f785b708000 r--p 00047000 08:07 1971002                    /lib/x86_64-linux-gnu/libblkid.so.1.1.0
7f785b708000-7f785b709000 rw-p 0004b000 08:07 1971002                    /lib/x86_64-linux-gnu/libblkid.so.1.1.0
7f785b709000-7f785b70a000 rw-p 00000000 00:00 0 
7f785b70a000-7f785b77a000 r-xp 00000000 08:07 1970955                    /lib/x86_64-linux-gnu/libpcre.so.3.13.3
7f785b77a000-7f785b97a000 ---p 00070000 08:07 1970955                    /lib/x86_64-linux-gnu/libpcre.so.3.13.3
7f785b97a000-7f785b97b000 r--p 00070000 08:07 1970955                    /lib/x86_64-linux-gnu/libpcre.so.3.13.3
7f785b97b000-7f785b97c000 rw-p 00071000 08:07 1970955                    /lib/x86_64-linux-gnu/libpcre.so.3.13.3
7f785b97c000-7f785b983000 r-xp 00000000 08:07 3284907                    /usr/lib/x86_64-linux-gnu/libffi.so.6.0.4
7f785b983000-7f785bb82000 ---p 00007000 08:07 3284907                    /usr/lib/x86_64-linux-gnu/libffi.so.6.0.4
7f785bb82000-7f785bb83000 r--p 00006000 08:07 3284907                    /usr/lib/x86_64-linux-gnu/libffi.so.6.0.4
7f785bb83000-7f785bb84000 rw-p 00007000 08:07 3284907                    /usr/lib/x86_64-linux-gnu/libffi.so.6.0.4
7f785bb84000-7f785bbd5000 r-xp 00000000 08:07 1970866                    /lib/x86_64-linux-gnu/libmount.so.1.1.0
7f785bbd5000-7f785bdd4000 ---p 00051000 08:07 1970866                    /lib/x86_64-linux-gnu/libmount.so.1.1.0
7f785bdd4000-7f785bdd6000 r--p 00050000 08:07 1970866                    /lib/x86_64-linux-gnu/libmount.so.1.1.0
7f785bdd6000-7f785bdd7000 rw-p 00052000 08:07 1970866                    /lib/x86_64-linux-gnu/libmount.so.1.1.0
7f785bdd7000-7f785bdd8000 rw-p 00000000 00:00 0 
7f785bdd8000-7f785bdfd000 r-xp 00000000 08:07 1970978                    /lib/x86_64-linux-gnu/libselinux.so.1
7f785bdfd000-7f785bffc000 ---p 00025000 08:07 1970978                    /lib/x86_64-linux-gnu/libselinux.so.1
7f785bffc000-7f785bffd000 r--p 00024000 08:07 1970978                    /lib/x86_64-linux-gnu/libselinux.so.1
7f785bffd000-7f785bffe000 rw-p 00025000 08:07 1970978                    /lib/x86_64-linux-gnu/libselinux.so.1
7f785bffe000-7f785c000000 rw-p 00000000 00:00 0 
7f785c000000-7f785cd57000 rw-p 00000000 00:00 0 
7f785cd57000-7f7860000000 ---p 00000000 00:00 0 
7f7860000000-7f7860751000 rw-p 00000000 00:00 0 
7f7860751000-7f7864000000 ---p 00000000 00:00 0 
7f7864000000-7f7864021000 rw-p 00000000 00:00 0 
7f7864021000-7f7868000000 ---p 00000000 00:00 0 
7f7868000000-7f7868021000 rw-p 00000000 00:00 0 
7f7868021000-7f786c000000 ---p 00000000 00:00 0 
7f786c000000-7f786c001000 r--s 00000000 08:07 786512                     /var/cache/fontconfig/564b2e68ac9bc4e36a6f7f6d6125ec1c-le64.cache-7
7f786c001000-7f786c018000 r-xp 00000000 08:07 1970972                    /lib/x86_64-linux-gnu/libresolv-2.27.so
7f786c018000-7f786c218000 ---p 00017000 08:07 1970972                    /lib/x86_64-linux-gnu/libresolv-2.27.so
7f786c218000-7f786c219000 r--p 00017000 08:07 1970972                    /lib/x86_64-linux-gnu/libresolv-2.27.so
7f786c219000-7f786c21a000 rw-p 00018000 08:07 1970972                    /lib/x86_64-linux-gnu/libresolv-2.27.so
7f786c21a000-7f786c21c000 rw-p 00000000 00:00 0 
7f786c21c000-7f786c32f000 r-xp 00000000 08:07 3277285                    /usr/lib/x86_64-linux-gnu/libglib-2.0.so.0.5600.3
7f786c32f000-7f786c52f000 ---p 00113000 08:07 3277285                    /usr/lib/x86_64-linux-gnu/libglib-2.0.so.0.5600.3
7f786c52f000-7f786c530000 r--p 00113000 08:07 3277285                    /usr/lib/x86_64-linux-gnu/libglib-2.0.so.0.5600.3
7f786c530000-7f786c531000 rw-p 00114000 08:07 3277285                    /usr/lib/x86_64-linux-gnu/libglib-2.0.so.0.5600.3
7f786c531000-7f786c532000 rw-p 00000000 00:00 0 
7f786c532000-7f786c535000 r-xp 00000000 08:07 3277315                    /usr/lib/x86_64-linux-gnu/libgmodule-2.0.so.0.5600.3
7f786c535000-7f786c734000 ---p 00003000 08:07 3277315                    /usr/lib/x86_64-linux-gnu/libgmodule-2.0.so.0.5600.3
7f786c734000-7f786c735000 r--p 00002000 08:07 3277315                    /usr/lib/x86_64-linux-gnu/libgmodule-2.0.so.0.5600.3
7f786c735000-7f786c736000 rw-p 00003000 08:07 3277315                    /usr/lib/x86_64-linux-gnu/libgmodule-2.0.so.0.5600.3
7f786c736000-7f786c788000 r-xp 00000000 08:07 3277316                    /usr/lib/x86_64-linux-gnu/libgobject-2.0.so.0.5600.3
7f786c788000-7f786c988000 ---p 00052000 08:07 3277316                    /usr/lib/x86_64-linux-gnu/libgobject-2.0.so.0.5600.3
7f786c988000-7f786c989000 r--p 00052000 08:07 3277316                    /usr/lib/x86_64-linux-gnu/libgobject-2.0.so.0.5600.3
7f786c989000-7f786c98a000 rw-p 00053000 08:07 3277316                    /usr/lib/x86_64-linux-gnu/libgobject-2.0.so.0.5600.3
7f786c98a000-7f786cb1f000 r-xp 00000000 08:07 3277258                    /usr/lib/x86_64-linux-gnu/libgio-2.0.so.0.5600.3
7f786cb1f000-7f786cd1f000 ---p 00195000 08:07 3277258                    /usr/lib/x86_64-linux-gnu/libgio-2.0.so.0.5600.3
7f786cd1f000-7f786cd26000 r--p 00195000 08:07 3277258                    /usr/lib/x86_64-linux-gnu/libgio-2.0.so.0.5600.3
7f786cd26000-7f786cd27000 rw-p 0019c000 08:07 3277258                    /usr/lib/x86_64-linux-gnu/libgio-2.0.so.0.5600.3
7f786cd27000-7f786cd29000 rw-p 00000000 00:00 0 
7f786cd29000-7f786cd33000 r-xp 00000000 08:07 3284547                    /usr/lib/x86_64-linux-gnu/libXrandr.so.2.2.0
7f786cd33000-7f786cf32000 ---p 0000a000 08:07 3284547                    /usr/lib/x86_64-linux-gnu/libXrandr.so.2.2.0
7f786cf32000-7f786cf33000 r--p 00009000 08:07 3284547                    /usr/lib/x86_64-linux-gnu/libXrandr.so.2.2.0
7f786cf33000-7f786cf34000 rw-p 0000a000 08:07 3284547                    /usr/lib/x86_64-linux-gnu/libXrandr.so.2.2.0
7f786cf34000-7f786cf65000 r-xp 00000000 08:07 3285257                    /usr/lib/x86_64-linux-gnu/libpng16.so.16.34.0
7f786cf65000-7f786d164000 ---p 00031000 08:07 3285257                    /usr/lib/x86_64-linux-gnu/libpng16.so.16.34.0
7f786d164000-7f786d165000 r--p 00030000 08:07 3285257                    /usr/lib/x86_64-linux-gnu/libpng16.so.16.34.0
7f786d165000-7f786d166000 rw-p 00031000 08:07 3285257                    /usr/lib/x86_64-linux-gnu/libpng16.so.16.34.0
7f786d166000-7f786d213000 r-xp 00000000 08:07 3284937                    /usr/lib/x86_64-linux-gnu/libfreetype.so.6.15.0
7f786d213000-7f786d412000 ---p 000ad000 08:07 3284937                    /usr/lib/x86_64-linux-gnu/libfreetype.so.6.15.0
7f786d412000-7f786d419000 r--p 000ac000 08:07 3284937                    /usr/lib/x86_64-linux-gnu/libfreetype.so.6.15.0
7f786d419000-7f786d41a000 rw-p 000b3000 08:07 3284937                    /usr/lib/x86_64-linux-gnu/libfreetype.so.6.15.0
7f786d41a000-7f786d4af000 r-xp 00000000 08:07 3281657                    /usr/lib/jvm/java-11-openjdk-amd64/lib/libfontmanager.so
7f786d4af000-7f786d6af000 ---p 00095000 08:07 3281657                    /usr/lib/jvm/java-11-openjdk-amd64/lib/libfontmanager.so
7f786d6af000-7f786d6b0000 r--p 00095000 08:07 3281657                    /usr/lib/jvm/java-11-openjdk-amd64/lib/libfontmanager.so
7f786d6b0000-7f786d6b1000 rw-p 00096000 08:07 3281657                    /usr/lib/jvm/java-11-openjdk-amd64/lib/libfontmanager.so
7f786d6b1000-7f786d8b2000 rw-p 00000000 00:00 0 
7f786d8b2000-7f786d8c5000 r-xp 00000000 08:07 1970829                    /lib/x86_64-linux-gnu/libbsd.so.0.8.7
7f786d8c5000-7f786dac4000 ---p 00013000 08:07 1970829                    /lib/x86_64-linux-gnu/libbsd.so.0.8.7
7f786dac4000-7f786dac5000 r--p 00012000 08:07 1970829                    /lib/x86_64-linux-gnu/libbsd.so.0.8.7
7f786dac5000-7f786dac6000 rw-p 00013000 08:07 1970829                    /lib/x86_64-linux-gnu/libbsd.so.0.8.7
7f786dac6000-7f786dac7000 rw-p 00000000 00:00 0 
7f786dac7000-7f786dacc000 r-xp 00000000 08:07 3284527                    /usr/lib/x86_64-linux-gnu/libXdmcp.so.6.0.0
7f786dacc000-7f786dccb000 ---p 00005000 08:07 3284527                    /usr/lib/x86_64-linux-gnu/libXdmcp.so.6.0.0
7f786dccb000-7f786dccc000 r--p 00004000 08:07 3284527                    /usr/lib/x86_64-linux-gnu/libXdmcp.so.6.0.0
7f786dccc000-7f786dccd000 rw-p 00005000 08:07 3284527                    /usr/lib/x86_64-linux-gnu/libXdmcp.so.6.0.0
7f786dccd000-7f786dccf000 r-xp 00000000 08:07 3284516                    /usr/lib/x86_64-linux-gnu/libXau.so.6.0.0
7f786dccf000-7f786decf000 ---p 00002000 08:07 3284516                    /usr/lib/x86_64-linux-gnu/libXau.so.6.0.0
7f786decf000-7f786ded0000 r--p 00002000 08:07 3284516                    /usr/lib/x86_64-linux-gnu/libXau.so.6.0.0
7f786ded0000-7f786ded1000 rw-p 00003000 08:07 3284516                    /usr/lib/x86_64-linux-gnu/libXau.so.6.0.0
7f786ded1000-7f786def7000 r-xp 00000000 08:07 3285855                    /usr/lib/x86_64-linux-gnu/libxcb.so.1.1.0
7f786def7000-7f786e0f7000 ---p 00026000 08:07 3285855                    /usr/lib/x86_64-linux-gnu/libxcb.so.1.1.0
7f786e0f7000-7f786e0f8000 r--p 00026000 08:07 3285855                    /usr/lib/x86_64-linux-gnu/libxcb.so.1.1.0
7f786e0f8000-7f786e0f9000 rw-p 00027000 08:07 3285855                    /usr/lib/x86_64-linux-gnu/libxcb.so.1.1.0
7f786e0f9000-7f786e108000 r-xp 00000000 08:07 3284537                    /usr/lib/x86_64-linux-gnu/libXi.so.6.1.0
7f786e108000-7f786e307000 ---p 0000f000 08:07 3284537                    /usr/lib/x86_64-linux-gnu/libXi.so.6.1.0
7f786e307000-7f786e308000 r--p 0000e000 08:07 3284537                    /usr/lib/x86_64-linux-gnu/libXi.so.6.1.0
7f786e308000-7f786e309000 rw-p 0000f000 08:07 3284537                    /usr/lib/x86_64-linux-gnu/libXi.so.6.1.0
7f786e309000-7f786e30e000 r-xp 00000000 08:07 3284555                    /usr/lib/x86_64-linux-gnu/libXtst.so.6.1.0
7f786e30e000-7f786e50d000 ---p 00005000 08:07 3284555                    /usr/lib/x86_64-linux-gnu/libXtst.so.6.1.0
7f786e50d000-7f786e50e000 r--p 00004000 08:07 3284555                    /usr/lib/x86_64-linux-gnu/libXtst.so.6.1.0
7f786e50e000-7f786e50f000 rw-p 00005000 08:07 3284555                    /usr/lib/x86_64-linux-gnu/libXtst.so.6.1.0
7f786e50f000-7f786e518000 r-xp 00000000 08:07 3284549                    /usr/lib/x86_64-linux-gnu/libXrender.so.1.3.0
7f786e518000-7f786e717000 ---p 00009000 08:07 3284549                    /usr/lib/x86_64-linux-gnu/libXrender.so.1.3.0
7f786e717000-7f786e718000 r--p 00008000 08:07 3284549                    /usr/lib/x86_64-linux-gnu/libXrender.so.1.3.0
7f786e718000-7f786e719000 rw-p 00009000 08:07 3284549                    /usr/lib/x86_64-linux-gnu/libXrender.so.1.3.0
7f786e719000-7f786e84c000 r-xp 00000000 08:07 3276918                    /usr/lib/x86_64-linux-gnu/libX11.so.6.3.0
7f786e84c000-7f786ea4c000 ---p 00133000 08:07 3276918                    /usr/lib/x86_64-linux-gnu/libX11.so.6.3.0
7f786ea4c000-7f786ea4d000 r--p 00133000 08:07 3276918                    /usr/lib/x86_64-linux-gnu/libX11.so.6.3.0
7f786ea4d000-7f786ea51000 rw-p 00134000 08:07 3276918                    /usr/lib/x86_64-linux-gnu/libX11.so.6.3.0
7f786ea51000-7f786ea62000 r-xp 00000000 08:07 3284529                    /usr/lib/x86_64-linux-gnu/libXext.so.6.4.0
7f786ea62000-7f786ec61000 ---p 00011000 08:07 3284529                    /usr/lib/x86_64-linux-gnu/libXext.so.6.4.0
7f786ec61000-7f786ec62000 r--p 00010000 08:07 3284529                    /usr/lib/x86_64-linux-gnu/libXext.so.6.4.0
7f786ec62000-7f786ec63000 rw-p 00011000 08:07 3284529                    /usr/lib/x86_64-linux-gnu/libXext.so.6.4.0
7f786ec63000-7f786ecc2000 r-xp 00000000 08:07 3281654                    /usr/lib/jvm/java-11-openjdk-amd64/lib/libawt_xawt.so
7f786ecc2000-7f786eec1000 ---p 0005f000 08:07 3281654                    /usr/lib/jvm/java-11-openjdk-amd64/lib/libawt_xawt.so
7f786eec1000-7f786eec2000 r--p 0005e000 08:07 3281654                    /usr/lib/jvm/java-11-openjdk-amd64/lib/libawt_xawt.so
7f786eec2000-7f786eec5000 rw-p 0005f000 08:07 3281654                    /usr/lib/jvm/java-11-openjdk-amd64/lib/libawt_xawt.so
7f786eec5000-7f786eec7000 rw-p 00000000 00:00 0 
7f786eec7000-7f786ef67000 r-xp 00000000 08:07 3281652                    /usr/lib/jvm/java-11-openjdk-amd64/lib/libawt.so
7f786ef67000-7f786f167000 ---p 000a0000 08:07 3281652                    /usr/lib/jvm/java-11-openjdk-amd64/lib/libawt.so
7f786f167000-7f786f168000 r--p 000a0000 08:07 3281652                    /usr/lib/jvm/java-11-openjdk-amd64/lib/libawt.so
7f786f168000-7f786f173000 rw-p 000a1000 08:07 3281652                    /usr/lib/jvm/java-11-openjdk-amd64/lib/libawt.so
7f786f173000-7f786f198000 rw-p 00000000 00:00 0 
7f786f198000-7f786f1af000 r-xp 00000000 08:07 3290743                    /usr/lib/jvm/java-11-openjdk-amd64/lib/libnet.so
7f786f1af000-7f786f3ae000 ---p 00017000 08:07 3290743                    /usr/lib/jvm/java-11-openjdk-amd64/lib/libnet.so
7f786f3ae000-7f786f3af000 r--p 00016000 08:07 3290743                    /usr/lib/jvm/java-11-openjdk-amd64/lib/libnet.so
7f786f3af000-7f786f3b0000 rw-p 00017000 08:07 3290743                    /usr/lib/jvm/java-11-openjdk-amd64/lib/libnet.so
7f786f3b0000-7f786f3c1000 r-xp 00000000 08:07 3290744                    /usr/lib/jvm/java-11-openjdk-amd64/lib/libnio.so
7f786f3c1000-7f786f5c0000 ---p 00011000 08:07 3290744                    /usr/lib/jvm/java-11-openjdk-amd64/lib/libnio.so
7f786f5c0000-7f786f5c1000 r--p 00010000 08:07 3290744                    /usr/lib/jvm/java-11-openjdk-amd64/lib/libnio.so
7f786f5c1000-7f786f5c2000 rw-p 00011000 08:07 3290744                    /usr/lib/jvm/java-11-openjdk-amd64/lib/libnio.so
7f786f5c2000-7f786f5c6000 ---p 00000000 00:00 0 
7f786f5c6000-7f786f6c3000 rw-p 00000000 00:00 0 
7f786f6c3000-7f786f6c4000 ---p 00000000 00:00 0 
7f786f6c4000-7f786f7c5000 rw-p 00000000 00:00 0 
7f786f7c5000-7f786f7c9000 ---p 00000000 00:00 0 
7f786f7c9000-7f786f8c6000 rw-p 00000000 00:00 0 
7f786f8c6000-7f786f8ca000 ---p 00000000 00:00 0 
7f786f8ca000-7f786f9c7000 rw-p 00000000 00:00 0 
7f786f9c7000-7f786f9cb000 ---p 00000000 00:00 0 
7f786f9cb000-7f786fac8000 rw-p 00000000 00:00 0 
7f786fac8000-7f786facc000 ---p 00000000 00:00 0 
7f786facc000-7f786fbc9000 rw-p 00000000 00:00 0 
7f786fbc9000-7f786fbcd000 ---p 00000000 00:00 0 
7f786fbcd000-7f786fcca000 rw-p 00000000 00:00 0 
7f786fcca000-7f7870000000 r--p 00000000 08:07 3283381                    /usr/lib/locale/locale-archive
7f7870000000-7f7870021000 rw-p 00000000 00:00 0 
7f7870021000-7f7874000000 ---p 00000000 00:00 0 
7f7874000000-7f7874021000 rw-p 00000000 00:00 0 
7f7874021000-7f7878000000 ---p 00000000 00:00 0 
7f7878000000-7f7878244000 rw-p 00000000 00:00 0 
7f7878244000-7f787c000000 ---p 00000000 00:00 0 
7f787c000000-7f787c021000 rw-p 00000000 00:00 0 
7f787c021000-7f7880000000 ---p 00000000 00:00 0 
7f7880000000-7f7880021000 rw-p 00000000 00:00 0 
7f7880021000-7f7884000000 ---p 00000000 00:00 0 
7f7884000000-7f7884021000 rw-p 00000000 00:00 0 
7f7884021000-7f7888000000 ---p 00000000 00:00 0 
7f7888000000-7f7888021000 rw-p 00000000 00:00 0 
7f7888021000-7f788c000000 ---p 00000000 00:00 0 
7f788c000000-7f788c021000 rw-p 00000000 00:00 0 
7f788c021000-7f7890000000 ---p 00000000 00:00 0 
7f7890000000-7f7890021000 rw-p 00000000 00:00 0 
7f7890021000-7f7894000000 ---p 00000000 00:00 0 
7f7894000000-7f7894001000 r--s 00000000 08:07 786513                     /var/cache/fontconfig/56cf4f4769d0f4abc89a4895d7bd3ae1-le64.cache-7
7f7894001000-7f7894014000 r--s 00000000 08:07 786545                     /var/cache/fontconfig/d52a8644073d54c13679302ca1180695-le64.cache-7
7f7894014000-7f7894020000 r--s 00000000 08:07 786546                     /var/cache/fontconfig/d589a48862398ed80a3d6066f4f56f4c-le64.cache-7
7f7894020000-7f7894040000 r--p 00000000 08:07 3939603                    /usr/share/locale-langpack/de/LC_MESSAGES/glib20.mo
7f7894040000-7f7894044000 ---p 00000000 00:00 0 
7f7894044000-7f7894141000 rw-p 00000000 00:00 0 
7f7894141000-7f7894145000 ---p 00000000 00:00 0 
7f7894145000-7f7894242000 rw-p 00000000 00:00 0 
7f7894242000-7f7894243000 ---p 00000000 00:00 0 
7f7894243000-7f7896d0d000 rw-p 00000000 00:00 0 
7f7896d0d000-7f7897b25000 ---p 00000000 00:00 0 
7f7897b25000-7f7897d95000 rwxp 00000000 00:00 0 
7f7897d95000-7f78980b4000 ---p 00000000 00:00 0 
7f78980b4000-7f7898424000 rwxp 00000000 00:00 0 
7f7898424000-7f789f5ec000 ---p 00000000 00:00 0 
7f789f5ec000-7f789f85c000 rwxp 00000000 00:00 0 
7f789f85c000-7f78a6b25000 ---p 00000000 00:00 0 
7f78a6b25000-7f78b0000000 r--s 00000000 08:07 3290753                    /usr/lib/jvm/java-11-openjdk-amd64/lib/modules
7f78b0000000-7f78b064c000 rw-p 00000000 00:00 0 
7f78b064c000-7f78b4000000 ---p 00000000 00:00 0 
7f78b4000000-7f78b4001000 r--s 00000000 08:07 786537                     /var/cache/fontconfig/b9d506c9ac06c20b433354fa67a72993-le64.cache-7
7f78b4001000-7f78b4002000 r--s 00000000 08:07 786500                     /var/cache/fontconfig/370e5b74bf5dafc30834de68e24a87a4-le64.cache-7
7f78b4002000-7f78b4003000 r--s 00000000 08:07 789884                     /var/cache/fontconfig/6b2c5944714ca7831b25bed9e85cb5c8-le64.cache-7
7f78b4003000-7f78b4006000 r--s 00000000 08:07 789843                     /var/cache/fontconfig/f259c2cffa685e28062317905db73c4a-le64.cache-7
7f78b4006000-7f78b4014000 r--s 00000000 08:07 786530                     /var/cache/fontconfig/9b89f8e3dae116d678bbf48e5f21f69b-le64.cache-7
7f78b4014000-7f78b403a000 r--p 00000000 08:07 3939447                    /usr/share/locale-langpack/de/LC_MESSAGES/libc.mo
7f78b403a000-7f78b403b000 ---p 00000000 00:00 0 
7f78b403b000-7f78b413c000 rw-p 00000000 00:00 0 
7f78b413c000-7f78b413d000 ---p 00000000 00:00 0 
7f78b413d000-7f78b423e000 rw-p 00000000 00:00 0 
7f78b423e000-7f78b423f000 ---p 00000000 00:00 0 
7f78b423f000-7f78b4542000 rw-p 00000000 00:00 0 
7f78b4542000-7f78b4543000 ---p 00000000 00:00 0 
7f78b4543000-7f78b4644000 rw-p 00000000 00:00 0 
7f78b4644000-7f78b4645000 ---p 00000000 00:00 0 
7f78b4645000-7f78b483e000 rw-p 00000000 00:00 0 
7f78b483e000-7f78b5656000 ---p 00000000 00:00 0 
7f78b5656000-7f78b5675000 rw-p 00000000 00:00 0 
7f78b5675000-7f78b5838000 ---p 00000000 00:00 0 
7f78b5838000-7f78b5857000 rw-p 00000000 00:00 0 
7f78b5857000-7f78b5a1a000 ---p 00000000 00:00 0 
7f78b5a1a000-7f78b5a39000 rw-p 00000000 00:00 0 
7f78b5a39000-7f78b5bfc000 ---p 00000000 00:00 0 
7f78b5bfc000-7f78b5dfe000 rw-p 00000000 00:00 0 
7f78b5dfe000-7f78b5dff000 ---p 00000000 00:00 0 
7f78b5dff000-7f78b5f00000 rw-p 00000000 00:00 0 
7f78b5f00000-7f78b5f01000 ---p 00000000 00:00 0 
7f78b5f01000-7f78b6007000 rw-p 00000000 00:00 0 
7f78b6007000-7f78b60ed000 ---p 00000000 00:00 0 
7f78b60ed000-7f78b60f4000 rw-p 00000000 00:00 0 
7f78b60f4000-7f78b61d8000 ---p 00000000 00:00 0 
7f78b61d8000-7f78b61dd000 r-xp 00000000 08:07 3290735                    /usr/lib/jvm/java-11-openjdk-amd64/lib/libjimage.so
7f78b61dd000-7f78b63dc000 ---p 00005000 08:07 3290735                    /usr/lib/jvm/java-11-openjdk-amd64/lib/libjimage.so
7f78b63dc000-7f78b63dd000 r--p 00004000 08:07 3290735                    /usr/lib/jvm/java-11-openjdk-amd64/lib/libjimage.so
7f78b63dd000-7f78b63de000 rw-p 00005000 08:07 3290735                    /usr/lib/jvm/java-11-openjdk-amd64/lib/libjimage.so
7f78b63de000-7f78b63e5000 r-xp 00000000 08:07 3290752                    /usr/lib/jvm/java-11-openjdk-amd64/lib/libzip.so
7f78b63e5000-7f78b65e4000 ---p 00007000 08:07 3290752                    /usr/lib/jvm/java-11-openjdk-amd64/lib/libzip.so
7f78b65e4000-7f78b65e5000 r--p 00006000 08:07 3290752                    /usr/lib/jvm/java-11-openjdk-amd64/lib/libzip.so
7f78b65e5000-7f78b65e6000 rw-p 00007000 08:07 3290752                    /usr/lib/jvm/java-11-openjdk-amd64/lib/libzip.so
7f78b65e6000-7f78b65f1000 r-xp 00000000 08:07 1970923                    /lib/x86_64-linux-gnu/libnss_files-2.27.so
7f78b65f1000-7f78b67f0000 ---p 0000b000 08:07 1970923                    /lib/x86_64-linux-gnu/libnss_files-2.27.so
7f78b67f0000-7f78b67f1000 r--p 0000a000 08:07 1970923                    /lib/x86_64-linux-gnu/libnss_files-2.27.so
7f78b67f1000-7f78b67f2000 rw-p 0000b000 08:07 1970923                    /lib/x86_64-linux-gnu/libnss_files-2.27.so
7f78b67f2000-7f78b67f8000 rw-p 00000000 00:00 0 
7f78b67f8000-7f78b680f000 r-xp 00000000 08:07 1970917                    /lib/x86_64-linux-gnu/libnsl-2.27.so
7f78b680f000-7f78b6a0e000 ---p 00017000 08:07 1970917                    /lib/x86_64-linux-gnu/libnsl-2.27.so
7f78b6a0e000-7f78b6a0f000 r--p 00016000 08:07 1970917                    /lib/x86_64-linux-gnu/libnsl-2.27.so
7f78b6a0f000-7f78b6a10000 rw-p 00017000 08:07 1970917                    /lib/x86_64-linux-gnu/libnsl-2.27.so
7f78b6a10000-7f78b6a12000 rw-p 00000000 00:00 0 
7f78b6a12000-7f78b6a1d000 r-xp 00000000 08:07 1970934                    /lib/x86_64-linux-gnu/libnss_nis-2.27.so
7f78b6a1d000-7f78b6c1c000 ---p 0000b000 08:07 1970934                    /lib/x86_64-linux-gnu/libnss_nis-2.27.so
7f78b6c1c000-7f78b6c1d000 r--p 0000a000 08:07 1970934                    /lib/x86_64-linux-gnu/libnss_nis-2.27.so
7f78b6c1d000-7f78b6c1e000 rw-p 0000b000 08:07 1970934                    /lib/x86_64-linux-gnu/libnss_nis-2.27.so
7f78b6c1e000-7f78b6c26000 r-xp 00000000 08:07 1970919                    /lib/x86_64-linux-gnu/libnss_compat-2.27.so
7f78b6c26000-7f78b6e26000 ---p 00008000 08:07 1970919                    /lib/x86_64-linux-gnu/libnss_compat-2.27.so
7f78b6e26000-7f78b6e27000 r--p 00008000 08:07 1970919                    /lib/x86_64-linux-gnu/libnss_compat-2.27.so
7f78b6e27000-7f78b6e28000 rw-p 00009000 08:07 1970919                    /lib/x86_64-linux-gnu/libnss_compat-2.27.so
7f78b6e28000-7f78b6e54000 r-xp 00000000 08:07 3282326                    /usr/lib/jvm/java-11-openjdk-amd64/lib/libjava.so
7f78b6e54000-7f78b7053000 ---p 0002c000 08:07 3282326                    /usr/lib/jvm/java-11-openjdk-amd64/lib/libjava.so
7f78b7053000-7f78b7054000 r--p 0002b000 08:07 3282326                    /usr/lib/jvm/java-11-openjdk-amd64/lib/libjava.so
7f78b7054000-7f78b7056000 rw-p 0002c000 08:07 3282326                    /usr/lib/jvm/java-11-openjdk-amd64/lib/libjava.so
7f78b7056000-7f78b7063000 r-xp 00000000 08:07 3290751                    /usr/lib/jvm/java-11-openjdk-amd64/lib/libverify.so
7f78b7063000-7f78b7262000 ---p 0000d000 08:07 3290751                    /usr/lib/jvm/java-11-openjdk-amd64/lib/libverify.so
7f78b7262000-7f78b7264000 r--p 0000c000 08:07 3290751                    /usr/lib/jvm/java-11-openjdk-amd64/lib/libverify.so
7f78b7264000-7f78b7265000 rw-p 0000e000 08:07 3290751                    /usr/lib/jvm/java-11-openjdk-amd64/lib/libverify.so
7f78b7265000-7f78b726c000 r-xp 00000000 08:07 1970974                    /lib/x86_64-linux-gnu/librt-2.27.so
7f78b726c000-7f78b746b000 ---p 00007000 08:07 1970974                    /lib/x86_64-linux-gnu/librt-2.27.so
7f78b746b000-7f78b746c000 r--p 00006000 08:07 1970974                    /lib/x86_64-linux-gnu/librt-2.27.so
7f78b746c000-7f78b746d000 rw-p 00007000 08:07 1970974                    /lib/x86_64-linux-gnu/librt-2.27.so
7f78b746d000-7f78b7484000 r-xp 00000000 08:07 1966116                    /lib/x86_64-linux-gnu/libgcc_s.so.1
7f78b7484000-7f78b7683000 ---p 00017000 08:07 1966116                    /lib/x86_64-linux-gnu/libgcc_s.so.1
7f78b7683000-7f78b7684000 r--p 00016000 08:07 1966116                    /lib/x86_64-linux-gnu/libgcc_s.so.1
7f78b7684000-7f78b7685000 rw-p 00017000 08:07 1966116                    /lib/x86_64-linux-gnu/libgcc_s.so.1
7f78b7685000-7f78b7822000 r-xp 00000000 08:07 1970896                    /lib/x86_64-linux-gnu/libm-2.27.so
7f78b7822000-7f78b7a21000 ---p 0019d000 08:07 1970896                    /lib/x86_64-linux-gnu/libm-2.27.so
7f78b7a21000-7f78b7a22000 r--p 0019c000 08:07 1970896                    /lib/x86_64-linux-gnu/libm-2.27.so
7f78b7a22000-7f78b7a23000 rw-p 0019d000 08:07 1970896                    /lib/x86_64-linux-gnu/libm-2.27.so
7f78b7a23000-7f78b7b9c000 r-xp 00000000 08:07 3297157                    /usr/lib/x86_64-linux-gnu/libstdc++.so.6.0.25
7f78b7b9c000-7f78b7d9c000 ---p 00179000 08:07 3297157                    /usr/lib/x86_64-linux-gnu/libstdc++.so.6.0.25
7f78b7d9c000-7f78b7da6000 r--p 00179000 08:07 3297157                    /usr/lib/x86_64-linux-gnu/libstdc++.so.6.0.25
7f78b7da6000-7f78b7da8000 rw-p 00183000 08:07 3297157                    /usr/lib/x86_64-linux-gnu/libstdc++.so.6.0.25
7f78b7da8000-7f78b7dac000 rw-p 00000000 00:00 0 
7f78b7dac000-7f78b8d49000 r-xp 00000000 08:07 3290756                    /usr/lib/jvm/java-11-openjdk-amd64/lib/server/libjvm.so
7f78b8d49000-7f78b8f49000 ---p 00f9d000 08:07 3290756                    /usr/lib/jvm/java-11-openjdk-amd64/lib/server/libjvm.so
7f78b8f49000-7f78b900d000 r--p 00f9d000 08:07 3290756                    /usr/lib/jvm/java-11-openjdk-amd64/lib/server/libjvm.so
7f78b900d000-7f78b9045000 rw-p 01061000 08:07 3290756                    /usr/lib/jvm/java-11-openjdk-amd64/lib/server/libjvm.so
7f78b9045000-7f78b908e000 rw-p 00000000 00:00 0 
7f78b908e000-7f78b90a8000 r-xp 00000000 08:07 1970966                    /lib/x86_64-linux-gnu/libpthread-2.27.so
7f78b90a8000-7f78b92a7000 ---p 0001a000 08:07 1970966                    /lib/x86_64-linux-gnu/libpthread-2.27.so
7f78b92a7000-7f78b92a8000 r--p 00019000 08:07 1970966                    /lib/x86_64-linux-gnu/libpthread-2.27.so
7f78b92a8000-7f78b92a9000 rw-p 0001a000 08:07 1970966                    /lib/x86_64-linux-gnu/libpthread-2.27.so
7f78b92a9000-7f78b92ad000 rw-p 00000000 00:00 0 
7f78b92ad000-7f78b92b0000 r-xp 00000000 08:07 1970856                    /lib/x86_64-linux-gnu/libdl-2.27.so
7f78b92b0000-7f78b94af000 ---p 00003000 08:07 1970856                    /lib/x86_64-linux-gnu/libdl-2.27.so
7f78b94af000-7f78b94b0000 r--p 00002000 08:07 1970856                    /lib/x86_64-linux-gnu/libdl-2.27.so
7f78b94b0000-7f78b94b1000 rw-p 00003000 08:07 1970856                    /lib/x86_64-linux-gnu/libdl-2.27.so
7f78b94b1000-7f78b94cd000 r-xp 00000000 08:07 1971007                    /lib/x86_64-linux-gnu/libz.so.1.2.11
7f78b94cd000-7f78b96cc000 ---p 0001c000 08:07 1971007                    /lib/x86_64-linux-gnu/libz.so.1.2.11
7f78b96cc000-7f78b96cd000 r--p 0001b000 08:07 1971007                    /lib/x86_64-linux-gnu/libz.so.1.2.11
7f78b96cd000-7f78b96ce000 rw-p 0001c000 08:07 1971007                    /lib/x86_64-linux-gnu/libz.so.1.2.11
7f78b96ce000-7f78b98b5000 r-xp 00000000 08:07 1970833                    /lib/x86_64-linux-gnu/libc-2.27.so
7f78b98b5000-7f78b9ab5000 ---p 001e7000 08:07 1970833                    /lib/x86_64-linux-gnu/libc-2.27.so
7f78b9ab5000-7f78b9ab9000 r--p 001e7000 08:07 1970833                    /lib/x86_64-linux-gnu/libc-2.27.so
7f78b9ab9000-7f78b9abb000 rw-p 001eb000 08:07 1970833                    /lib/x86_64-linux-gnu/libc-2.27.so
7f78b9abb000-7f78b9abf000 rw-p 00000000 00:00 0 
7f78b9abf000-7f78b9ace000 r-xp 00000000 08:07 3281648                    /usr/lib/jvm/java-11-openjdk-amd64/lib/jli/libjli.so
7f78b9ace000-7f78b9ccd000 ---p 0000f000 08:07 3281648                    /usr/lib/jvm/java-11-openjdk-amd64/lib/jli/libjli.so
7f78b9ccd000-7f78b9cce000 r--p 0000e000 08:07 3281648                    /usr/lib/jvm/java-11-openjdk-amd64/lib/jli/libjli.so
7f78b9cce000-7f78b9ccf000 rw-p 0000f000 08:07 3281648                    /usr/lib/jvm/java-11-openjdk-amd64/lib/jli/libjli.so
7f78b9ccf000-7f78b9cf6000 r-xp 00000000 08:07 1970805                    /lib/x86_64-linux-gnu/ld-2.27.so
7f78b9cf6000-7f78b9cf7000 r--s 00000000 08:07 786544                     /var/cache/fontconfig/d5178ab6d91b49bf20a416737dcea9e8-le64.cache-7
7f78b9cf7000-7f78b9cf8000 r--s 00000000 08:07 789883                     /var/cache/fontconfig/551ecf3b0e8b0bca0f25c0944f561853-le64.cache-7
7f78b9cf8000-7f78b9cfa000 r--s 00000000 08:07 789842                     /var/cache/fontconfig/550f3886151c940c12a5ed35f6a00586-le64.cache-7
7f78b9cfa000-7f78b9cfd000 r--s 00000000 08:07 789841                     /var/cache/fontconfig/674d1711f2d1d2a09646eb0bdcadee49-le64.cache-7
7f78b9cfd000-7f78b9cfe000 r--s 00000000 08:07 786504                     /var/cache/fontconfig/3f7329c5293ffd510edef78f73874cfd-le64.cache-7
7f78b9cfe000-7f78b9cff000 r--s 00000000 08:07 786498                     /var/cache/fontconfig/30829fa25452a46451e813d634d7f916-le64.cache-7
7f78b9cff000-7f78b9d00000 r--s 00000000 08:07 786489                     /var/cache/fontconfig/0c9eb80ebd1c36541ebe2852d3bb0c49-le64.cache-7
7f78b9d00000-7f78b9d01000 r--s 00000000 08:07 786508                     /var/cache/fontconfig/4d9c95eba1cb85bbcf2878543262124a-le64.cache-7
7f78b9d01000-7f78b9d02000 r--s 00000000 08:07 786525                     /var/cache/fontconfig/85e0a52ce643a7ba2ae53e5d6949cead-le64.cache-7
7f78b9d02000-7f78b9d0b000 r--s 00000000 08:07 786542                     /var/cache/fontconfig/d0972c3d32f097851eb916381fc38920-le64.cache-7
7f78b9d0b000-7f78b9dc2000 rw-p 00000000 00:00 0 
7f78b9dc2000-7f78b9dc6000 ---p 00000000 00:00 0 
7f78b9dc6000-7f78b9ec5000 rw-p 00000000 00:00 0 
7f78b9ec5000-7f78b9ec6000 r--s 00000000 08:07 786506                     /var/cache/fontconfig/49f0de54bdd920fe4f0dfd4cbac43e6b-le64.cache-7
7f78b9ec6000-7f78b9ec7000 r--s 00000000 08:07 786555                     /var/cache/fontconfig/f6e6e0a5c3d2f6ae0c0c2e0ecd42a997-le64.cache-7
7f78b9ec7000-7f78b9ec9000 r--s 00000000 08:07 786520                     /var/cache/fontconfig/6afa1bb216ce958c1589e297e8008489-le64.cache-7
7f78b9ec9000-7f78b9ecc000 r--s 00000000 08:07 795646                     /var/cache/fontconfig/e13b20fdb08344e0e664864cc2ede53d-le64.cache-7
7f78b9ecc000-7f78b9ed0000 r--s 00000000 08:07 786524                     /var/cache/fontconfig/7ef2298fde41cc6eeb7af42e48b7d293-le64.cache-7
7f78b9ed0000-7f78b9ed5000 r--p 00000000 08:07 7817627                    /home/peter/.config/dconf/user
7f78b9ed5000-7f78b9ed6000 r--s 00000000 00:33 36                         /run/user/1000/dconf/user
7f78b9ed6000-7f78b9edd000 r--s 00000000 08:07 3671694                    /usr/lib/x86_64-linux-gnu/gconv/gconv-modules.cache
7f78b9edd000-7f78b9ee3000 rw-p 00000000 00:00 0 
7f78b9ee3000-7f78b9eea000 ---p 00000000 00:00 0 
7f78b9eea000-7f78b9ef2000 rw-s 00000000 08:07 5903407                    /tmp/hsperfdata_peter/16745
7f78b9ef2000-7f78b9ef3000 ---p 00000000 00:00 0 
7f78b9ef3000-7f78b9ef4000 r--p 00000000 00:00 0 
7f78b9ef4000-7f78b9ef6000 rw-p 00000000 00:00 0 
7f78b9ef6000-7f78b9ef7000 r--p 00027000 08:07 1970805                    /lib/x86_64-linux-gnu/ld-2.27.so
7f78b9ef7000-7f78b9ef8000 rw-p 00028000 08:07 1970805                    /lib/x86_64-linux-gnu/ld-2.27.so
7f78b9ef8000-7f78b9ef9000 rw-p 00000000 00:00 0 
7ffe87755000-7ffe87776000 rw-p 00000000 00:00 0                          [stack]
7ffe877ef000-7ffe877f2000 r--p 00000000 00:00 0                          [vvar]
7ffe877f2000-7ffe877f4000 r-xp 00000000 00:00 0                          [vdso]
ffffffffff600000-ffffffffff601000 r-xp 00000000 00:00 0                  [vsyscall]


VM Arguments:
java_command: humer.peter.jna_libusb_project.Main
java_class_path (initial): /home/peter/NetBeansProjects/Linux_LibUsb_over_JNA/target/classes:/home/peter/.m2/repository/net/java/dev/jna/jna/5.3.0/jna-5.3.0.jar:/home/peter/.m2/repository/com/google/guava/guava/21.0/guava-21.0.jar:/home/peter/.m2/repository/org/slf4j/slf4j-api/2.0.0-alpha0/slf4j-api-2.0.0-alpha0.jar
Launcher Type: SUN_STANDARD

Logging:
Log output configuration:
#0: stdout all=warning uptime,level,tags
#1: stderr all=off uptime,level,tags

Environment Variables:
JAVA_HOME=/usr/lib/jvm/java-11-openjdk-amd64
PATH=/usr/local/sbin:/usr/local/bin:/usr/sbin:/usr/bin:/sbin:/bin:/usr/games:/usr/local/games:/usr/lib/jvm/java-8-oracle/bin:/usr/lib/jvm/java-8-oracle/db/bin:/usr/lib/jvm/java-8-oracle/jre/bin
SHELL=/bin/bash
DISPLAY=:0

Signal Handlers:
SIGSEGV: [libjvm.so+0xd28b70], sa_mask[0]=11111111011111111101111111111110, sa_flags=SA_RESTART|SA_SIGINFO
SIGBUS: [libjvm.so+0xd28b70], sa_mask[0]=11111111011111111101111111111110, sa_flags=SA_RESTART|SA_SIGINFO
SIGFPE: [libjvm.so+0xd28b70], sa_mask[0]=11111111011111111101111111111110, sa_flags=SA_RESTART|SA_SIGINFO
SIGPIPE: SIG_IGN, sa_mask[0]=00000000000010000000000000000000, sa_flags=SA_RESTART
SIGXFSZ: [libjvm.so+0xb2a1f0], sa_mask[0]=11111111011111111101111111111110, sa_flags=SA_RESTART|SA_SIGINFO
SIGILL: [libjvm.so+0xd28b70], sa_mask[0]=11111111011111111101111111111110, sa_flags=SA_RESTART|SA_SIGINFO
SIGUSR2: [libjvm.so+0xb2a030], sa_mask[0]=00100000000000000000000000000000, sa_flags=SA_RESTART|SA_SIGINFO
SIGHUP: [libjvm.so+0xb2a180], sa_mask[0]=11111111011111111101111111111110, sa_flags=SA_RESTART|SA_SIGINFO
SIGINT: SIG_IGN, sa_mask[0]=00000000000000000000000000000000, sa_flags=none
SIGTERM: [libjvm.so+0xb2a180], sa_mask[0]=11111111011111111101111111111110, sa_flags=SA_RESTART|SA_SIGINFO
SIGQUIT: [libjvm.so+0xb2a180], sa_mask[0]=11111111011111111101111111111110, sa_flags=SA_RESTART|SA_SIGINFO


---------------  S Y S T E M  ---------------

OS:DISTRIB_ID=LinuxMint
DISTRIB_RELEASE=19
DISTRIB_CODENAME=tara
DISTRIB_DESCRIPTION="Linux Mint 19 Tara"
uname:Linux 4.15.0-43-generic #46-Ubuntu SMP Thu Dec 6 14:45:28 UTC 2018 x86_64
libc:glibc 2.27 NPTL 2.27 
rlimit: STACK 8192k, CORE 0k, NPROC 14935, NOFILE 1048576, AS infinity, DATA infinity, FSIZE infinity
load average:1,35 1,54 1,55

/proc/meminfo:
MemTotal:        3943432 kB
MemFree:          280448 kB
MemAvailable:     939760 kB
Buffers:           84956 kB
Cached:           960316 kB
SwapCached:        35096 kB
Active:          2862560 kB
Inactive:         579880 kB
Active(anon):    2387544 kB
Inactive(anon):   218396 kB
Active(file):     475016 kB
Inactive(file):   361484 kB
Unevictable:           0 kB
Mlocked:               0 kB
SwapTotal:       2929660 kB
SwapFree:        2505452 kB
Dirty:               524 kB
Writeback:             0 kB
AnonPages:       2389304 kB
Mapped:           344848 kB
Shmem:            208768 kB
Slab:             109572 kB
SReclaimable:      63112 kB
SUnreclaim:        46460 kB
KernelStack:       12016 kB
PageTables:        46160 kB
NFS_Unstable:          0 kB
Bounce:                0 kB
WritebackTmp:          0 kB
CommitLimit:     4901376 kB
Committed_AS:    6929696 kB
VmallocTotal:   34359738367 kB
VmallocUsed:           0 kB
VmallocChunk:          0 kB
HardwareCorrupted:     0 kB
AnonHugePages:         0 kB
ShmemHugePages:        0 kB
ShmemPmdMapped:        0 kB
CmaTotal:              0 kB
CmaFree:               0 kB
HugePages_Total:       0
HugePages_Free:        0
HugePages_Rsvd:        0
HugePages_Surp:        0
Hugepagesize:       2048 kB
DirectMap4k:      172096 kB
DirectMap2M:     3926016 kB

container (cgroup) information:
container_type: cgroupv1
cpu_cpuset_cpus: 0-1
cpu_memory_nodes: 0
active_processor_count: 2
cpu_quota: -1
cpu_period: 100000
cpu_shares: -1
memory_limit_in_bytes: -1
memory_and_swap_limit_in_bytes: -2
memory_soft_limit_in_bytes: -1
memory_usage_in_bytes: 3517816832
memory_max_usage_in_bytes: 0


CPU:total 2 (initial active 2) (2 cores per cpu, 1 threads per core) family 6 model 76 stepping 4, cmov, cx8, fxsr, mmx, sse, sse2, sse3, ssse3, sse4.1, sse4.2, popcnt, aes, clmul, erms, 3dnowpref, tsc, tscinvbit
CPU Model and flags from /proc/cpuinfo:
model name	: Intel(R) Celeron(R) CPU  N3060  @ 1.60GHz
flags		: fpu vme de pse tsc msr pae mce cx8 apic sep mtrr pge mca cmov pat pse36 clflush dts acpi mmx fxsr sse sse2 ss ht tm pbe syscall nx rdtscp lm constant_tsc arch_perfmon pebs bts rep_good nopl xtopology tsc_reliable nonstop_tsc cpuid aperfmperf tsc_known_freq pni pclmulqdq dtes64 monitor ds_cpl vmx est tm2 ssse3 cx16 xtpr pdcm sse4_1 sse4_2 movbe popcnt tsc_deadline_timer aes rdrand lahf_lm 3dnowprefetch epb pti ibrs ibpb stibp tpr_shadow vnmi flexpriority ept vpid tsc_adjust smep erms dtherm ida arat

Memory: 4k page, physical 3943432k(280448k free), swap 2929660k(2505452k free)

vm_info: OpenJDK 64-Bit Server VM (10.0.2+13-Ubuntu-1ubuntu0.18.04.4) for linux-amd64 JRE (10.0.2+13-Ubuntu-1ubuntu0.18.04.4), built on Nov 13 2018 12:53:39 by "buildd" with gcc 7.3.0

END.
