#
# A fatal error has been detected by the Java Runtime Environment:
#
#  SIGSEGV (0xb) at pc=0x00007f9b893e9daa, pid=5894, tid=5923
#
# JRE version: OpenJDK Runtime Environment (10.0.2+13) (build 10.0.2+13-Ubuntu-1ubuntu0.18.04.4)
# Java VM: OpenJDK 64-Bit Server VM (10.0.2+13-Ubuntu-1ubuntu0.18.04.4, mixed mode, tiered, compressed oops, g1 gc, linux-amd64)
# Problematic frame:
# C  [libusb-1.0.so.0.1.0+0xadaa]  libusb_control_transfer+0x1a
#
# Core dump will be written. Default location: Core dumps may be processed with "/usr/share/apport/apport %p %s %c %d %P" (or dumping to /home/peter/NetBeansProjects/Linux_LibUsb_over_JNA/core.5894)
#
# If you would like to submit a bug report, please visit:
#   http://bugreport.java.com/bugreport/crash.jsp
# The crash happened outside the Java Virtual Machine in native code.
# See problematic frame for where to report the bug.
#

---------------  S U M M A R Y ------------

Command Line: humer.peter.jna_libusb_project.Main

Host: Intel(R) Celeron(R) CPU  N3060  @ 1.60GHz, 2 cores, 3G, Linux Mint 19 Tara
Time: Sat Nov  2 15:40:44 2019 CET elapsed time: 54 seconds (0d 0h 0m 54s)

---------------  T H R E A D  ---------------

Current thread (0x00007f9be84b1800):  JavaThread "AWT-EventQueue-0" [_thread_in_native, id=5923, stack(0x00007f9b89ff9000,0x00007f9b8a0fa000)]

Stack: [0x00007f9b89ff9000,0x00007f9b8a0fa000],  sp=0x00007f9b8a0f3bc0,  free space=1002k
Native frames: (J=compiled Java code, A=aot compiled Java code, j=interpreted, Vv=VM code, C=native code)
C  [libusb-1.0.so.0.1.0+0xadaa]  libusb_control_transfer+0x1a

Java frames: (J=compiled Java code, j=interpreted, Vv=VM code)
j  com.sun.jna.Native.invokeInt(Lcom/sun/jna/Function;JI[Ljava/lang/Object;)I+0
j  com.sun.jna.Function.invoke([Ljava/lang/Object;Ljava/lang/Class;ZI)Ljava/lang/Object;+211
j  com.sun.jna.Function.invoke(Ljava/lang/reflect/Method;[Ljava/lang/Class;Ljava/lang/Class;[Ljava/lang/Object;Ljava/util/Map;)Ljava/lang/Object;+271
j  com.sun.jna.Library$Handler.invoke(Ljava/lang/Object;Ljava/lang/reflect/Method;[Ljava/lang/Object;)Ljava/lang/Object;+390
j  com.sun.proxy.$Proxy0.libusb_get_string_descriptor_ascii(Llibusbone/LibusboneLibrary$libusb_device_handle;B[BI)I+35
j  libusbone.UsbDevice.get_string_ascii(B)Ljava/lang/String;+17
j  libusbone.UsbDevice.getProduct()Ljava/lang/String;+8
j  humer.peter.jna_libusb_project.Main.usb_searchActionPerformed(Ljava/awt/event/ActionEvent;)V+169
j  humer.peter.jna_libusb_project.Main.access$000(Lhumer/peter/jna_libusb_project/Main;Ljava/awt/event/ActionEvent;)V+2
j  humer.peter.jna_libusb_project.Main$1.actionPerformed(Ljava/awt/event/ActionEvent;)V+5
j  javax.swing.AbstractButton.fireActionPerformed(Ljava/awt/event/ActionEvent;)V+83 java.desktop@10.0.2
j  javax.swing.AbstractButton$Handler.actionPerformed(Ljava/awt/event/ActionEvent;)V+5 java.desktop@10.0.2
j  javax.swing.DefaultButtonModel.fireActionPerformed(Ljava/awt/event/ActionEvent;)V+34 java.desktop@10.0.2
j  javax.swing.DefaultButtonModel.setPressed(Z)V+117 java.desktop@10.0.2
j  javax.swing.plaf.basic.BasicButtonListener.mouseReleased(Ljava/awt/event/MouseEvent;)V+35 java.desktop@10.0.2
j  java.awt.Component.processMouseEvent(Ljava/awt/event/MouseEvent;)V+64 java.desktop@10.0.2
j  javax.swing.JComponent.processMouseEvent(Ljava/awt/event/MouseEvent;)V+23 java.desktop@10.0.2
j  java.awt.Component.processEvent(Ljava/awt/AWTEvent;)V+81 java.desktop@10.0.2
j  java.awt.Container.processEvent(Ljava/awt/AWTEvent;)V+18 java.desktop@10.0.2
j  java.awt.Component.dispatchEventImpl(Ljava/awt/AWTEvent;)V+496 java.desktop@10.0.2
j  java.awt.Container.dispatchEventImpl(Ljava/awt/AWTEvent;)V+42 java.desktop@10.0.2
j  java.awt.Component.dispatchEvent(Ljava/awt/AWTEvent;)V+2 java.desktop@10.0.2
j  java.awt.LightweightDispatcher.retargetMouseEvent(Ljava/awt/Component;ILjava/awt/event/MouseEvent;)V+349 java.desktop@10.0.2
j  java.awt.LightweightDispatcher.processMouseEvent(Ljava/awt/event/MouseEvent;)Z+155 java.desktop@10.0.2
j  java.awt.LightweightDispatcher.dispatchEvent(Ljava/awt/AWTEvent;)Z+50 java.desktop@10.0.2
j  java.awt.Container.dispatchEventImpl(Ljava/awt/AWTEvent;)V+12 java.desktop@10.0.2
j  java.awt.Window.dispatchEventImpl(Ljava/awt/AWTEvent;)V+19 java.desktop@10.0.2
j  java.awt.Component.dispatchEvent(Ljava/awt/AWTEvent;)V+2 java.desktop@10.0.2
j  java.awt.EventQueue.dispatchEventImpl(Ljava/awt/AWTEvent;Ljava/lang/Object;)V+41 java.desktop@10.0.2
j  java.awt.EventQueue.access$600(Ljava/awt/EventQueue;Ljava/awt/AWTEvent;Ljava/lang/Object;)V+3 java.desktop@10.0.2
j  java.awt.EventQueue$4.run()Ljava/lang/Void;+32 java.desktop@10.0.2
j  java.awt.EventQueue$4.run()Ljava/lang/Object;+1 java.desktop@10.0.2
v  ~StubRoutines::call_stub
j  java.security.AccessController.doPrivileged(Ljava/security/PrivilegedAction;Ljava/security/AccessControlContext;)Ljava/lang/Object;+0 java.base@10.0.2
j  java.security.ProtectionDomain$JavaSecurityAccessImpl.doIntersectionPrivilege(Ljava/security/PrivilegedAction;Ljava/security/AccessControlContext;Ljava/security/AccessControlContext;)Ljava/lang/Object;+18 java.base@10.0.2
j  java.security.ProtectionDomain$JavaSecurityAccessImpl.doIntersectionPrivilege(Ljava/security/PrivilegedAction;Ljava/security/AccessControlContext;)Ljava/lang/Object;+6 java.base@10.0.2
j  java.awt.EventQueue$5.run()Ljava/lang/Void;+11 java.desktop@10.0.2
j  java.awt.EventQueue$5.run()Ljava/lang/Object;+1 java.desktop@10.0.2
v  ~StubRoutines::call_stub
j  java.security.AccessController.doPrivileged(Ljava/security/PrivilegedAction;Ljava/security/AccessControlContext;)Ljava/lang/Object;+0 java.base@10.0.2
j  java.security.ProtectionDomain$JavaSecurityAccessImpl.doIntersectionPrivilege(Ljava/security/PrivilegedAction;Ljava/security/AccessControlContext;Ljava/security/AccessControlContext;)Ljava/lang/Object;+18 java.base@10.0.2
j  java.awt.EventQueue.dispatchEvent(Ljava/awt/AWTEvent;)V+73 java.desktop@10.0.2
j  java.awt.EventDispatchThread.pumpOneEventForFilters(I)V+78 java.desktop@10.0.2
j  java.awt.EventDispatchThread.pumpEventsForFilter(ILjava/awt/Conditional;Ljava/awt/EventFilter;)V+35 java.desktop@10.0.2
j  java.awt.EventDispatchThread.pumpEventsForHierarchy(ILjava/awt/Conditional;Ljava/awt/Component;)V+11 java.desktop@10.0.2
j  java.awt.EventDispatchThread.pumpEvents(ILjava/awt/Conditional;)V+4 java.desktop@10.0.2
j  java.awt.EventDispatchThread.pumpEvents(Ljava/awt/Conditional;)V+3 java.desktop@10.0.2
j  java.awt.EventDispatchThread.run()V+9 java.desktop@10.0.2
v  ~StubRoutines::call_stub

siginfo: si_signo: 11 (SIGSEGV), si_code: 1 (SEGV_MAPERR), si_addr: 0x0000000000000040

Register to memory mapping:

RAX=
[error occurred during error reporting (printing register info), id 0xb]

Registers:
RAX=0x00000000fffffffe, RBX=0x00007f9b8a0f3c40, RCX=0x0000000000000300, RDX=0x0000000000000006
RSP=0x00007f9b8a0f3bc0, RBP=0x0000000000000000, RSI=0x0000000000000080, RDI=0x0000000000000000
R8 =0x0000000000000000, R9 =0x00007f9b8a0f3c40, R10=0x00007f9b8a0f3cd0, R11=0x00007f9b893e6e50
R12=0x0000000000000300, R13=0x0000000000000080, R14=0x0000000000000000, R15=0x00007f9b8a0f3ea0
RIP=0x00007f9b893e9daa, EFLAGS=0x0000000000010206, CSGSFS=0x002b000000000033, ERR=0x0000000000000004
  TRAPNO=0x000000000000000e

Top of Stack: (sp=0x00007f9b8a0f3bc0)
0x00007f9b8a0f3bc0:   0000000000000003 00007f9be84d25c8
0x00007f9b8a0f3bd0:   00007f9bbd810978 00007f9be84b1800
0x00007f9b8a0f3be0:   00007f9be8514450 00007f9b94009cc0
0x00007f9b8a0f3bf0:   00007f9b94009cd0 00007f9b8a0f3c40 

Instructions: (pc=0x00007f9b893e9daa)
0x00007f9b893e9d8a:   e8 c1 8c ff ff 90 41 57 41 56 49 89 fe 41 55 41
0x00007f9b893e9d9a:   54 41 89 f5 55 53 41 89 cc 44 89 c5 48 83 ec 38
0x00007f9b893e9daa:   48 8b 47 40 8b 5c 24 70 89 54 24 08 64 48 8b 34
0x00007f9b893e9dba:   25 28 00 00 00 48 89 74 24 28 31 f6 48 8b 40 30 


---------------  P R O C E S S  ---------------

Threads class SMR info:
_java_thread_list=0x00007f9bac18d110, length=15, elements={
0x00007f9be80e2000, 0x00007f9be80e4000, 0x00007f9be80ed000, 0x00007f9be80f7800,
0x00007f9be80f9800, 0x00007f9be80fb800, 0x00007f9be81c8000, 0x00007f9be81fe800,
0x00007f9be83d0000, 0x00007f9be83d2000, 0x00007f9be84b1000, 0x00007f9be84b1800,
0x00007f9be8011800, 0x00007f9bac050000, 0x00007f9bac199000
}

Java Threads: ( => current thread )
  0x00007f9be80e2000 JavaThread "Reference Handler" daemon [_thread_blocked, id=5908, stack(0x00007f9bbd52c000,0x00007f9bbd62d000)]
  0x00007f9be80e4000 JavaThread "Finalizer" daemon [_thread_blocked, id=5909, stack(0x00007f9bbd42b000,0x00007f9bbd52c000)]
  0x00007f9be80ed000 JavaThread "Signal Dispatcher" daemon [_thread_blocked, id=5910, stack(0x00007f9bbcff4000,0x00007f9bbd0f5000)]
  0x00007f9be80f7800 JavaThread "C2 CompilerThread0" daemon [_thread_blocked, id=5911, stack(0x00007f9bbcef3000,0x00007f9bbcff4000)]
  0x00007f9be80f9800 JavaThread "C1 CompilerThread1" daemon [_thread_blocked, id=5912, stack(0x00007f9bbcdf2000,0x00007f9bbcef3000)]
  0x00007f9be80fb800 JavaThread "Sweeper thread" daemon [_thread_blocked, id=5913, stack(0x00007f9bbccf1000,0x00007f9bbcdf2000)]
  0x00007f9be81c8000 JavaThread "Service Thread" daemon [_thread_blocked, id=5914, stack(0x00007f9bbcbf0000,0x00007f9bbccf1000)]
  0x00007f9be81fe800 JavaThread "Common-Cleaner" daemon [_thread_blocked, id=5916, stack(0x00007f9bbc9ed000,0x00007f9bbcaee000)]
  0x00007f9be83d0000 JavaThread "Java2D Disposer" daemon [_thread_blocked, id=5920, stack(0x00007f9b8a6fc000,0x00007f9b8a7fd000)]
  0x00007f9be83d2000 JavaThread "AWT-XAWT" daemon [_thread_in_native, id=5921, stack(0x00007f9b8a5fb000,0x00007f9b8a6fc000)]
  0x00007f9be84b1000 JavaThread "AWT-Shutdown" [_thread_blocked, id=5922, stack(0x00007f9b8a0fa000,0x00007f9b8a1fb000)]
=>0x00007f9be84b1800 JavaThread "AWT-EventQueue-0" [_thread_in_native, id=5923, stack(0x00007f9b89ff9000,0x00007f9b8a0fa000)]
  0x00007f9be8011800 JavaThread "DestroyJavaVM" [_thread_blocked, id=5895, stack(0x00007f9bef1a8000,0x00007f9bef2a9000)]
  0x00007f9bac050000 JavaThread "TimerQueue" daemon [_thread_blocked, id=5924, stack(0x00007f9b89c10000,0x00007f9b89d11000)]
  0x00007f9bac199000 JavaThread "process reaper" daemon [_thread_blocked, id=5946, stack(0x00007f9b89fd7000,0x00007f9b89ff9000)]

Other Threads:
  0x00007f9be80d8800 VMThread "VM Thread" [stack: 0x00007f9bbd62f000,0x00007f9bbd72f000] [id=5907]
  0x00007f9be81ca000 WatcherThread [stack: 0x00007f9bbcaf0000,0x00007f9bbcbf0000] [id=5915]
  0x00007f9be8028000 GCTaskThread "GC Thread#0" [stack: 0x00007f9bcee09000,0x00007f9bcef09000] [id=5898]
  0x00007f9be8029800 GCTaskThread "GC Thread#1" [stack: 0x00007f9bced07000,0x00007f9bcee07000] [id=5900]
  0x00007f9be8040000 ConcurrentGCThread "G1 Main Marker" [stack: 0x00007f9bcc63d000,0x00007f9bcc73d000] [id=5902]
  0x00007f9be8042000 ConcurrentGCThread "G1 Conc#0" [stack: 0x00007f9bcc53b000,0x00007f9bcc63b000] [id=5903]
  0x00007f9be8075000 ConcurrentGCThread "G1 Refine#0" [stack: 0x00007f9bcc237000,0x00007f9bcc337000] [id=5904]
  0x00007f9be8077000 ConcurrentGCThread "G1 Refine#1" [stack: 0x00007f9bcc135000,0x00007f9bcc235000] [id=5905]
  0x00007f9be8078800 ConcurrentGCThread "G1 Young RemSet Sampling" [stack: 0x00007f9bcc033000,0x00007f9bcc133000] [id=5906]

Threads with active compile tasks:

VM state:not at safepoint (normal execution)

VM Mutex/Monitor currently owned by a thread: None

Heap address: 0x00000000c3c00000, size: 964 MB, Compressed Oops mode: 32-bit
Narrow klass base: 0x0000000000000000, Narrow klass shift: 3
Compressed class space size: 1073741824 Address: 0x0000000100000000

Heap:
 garbage-first heap   total 63488K, used 4996K [0x00000000c3c00000, 0x0000000100000000)
  region size 1024K, 4 young (4096K), 2 survivors (2048K)
 Metaspace       used 21524K, capacity 22120K, committed 22576K, reserved 1069056K
  class space    used 2291K, capacity 2584K, committed 2688K, reserved 1048576K
Heap Regions: E=young(eden), S=young(survivor), O=old, HS=humongous(starts), HC=humongous(continues), CS=collection set, F=free, A=archive, TS=gc time stamp, AC=allocation context, TAMS=top-at-mark-start (previous, next)
|   0|0x00000000c3c00000, 0x00000000c3d00000, 0x00000000c3d00000|100%| O|  |TS  0|AC  0|TAMS 0x00000000c3d00000, 0x00000000c3d00000|
|   1|0x00000000c3d00000, 0x00000000c3de1200, 0x00000000c3e00000| 87%| O|  |TS  0|AC  0|TAMS 0x00000000c3de1200, 0x00000000c3de1200|
|   2|0x00000000c3e00000, 0x00000000c3e00000, 0x00000000c3f00000|  0%| F|  |TS  0|AC  0|TAMS 0x00000000c3e00000, 0x00000000c3e00000|
|   3|0x00000000c3f00000, 0x00000000c3f00000, 0x00000000c4000000|  0%| F|  |TS  0|AC  0|TAMS 0x00000000c3f00000, 0x00000000c3f00000|
|   4|0x00000000c4000000, 0x00000000c4000000, 0x00000000c4100000|  0%| F|  |TS  0|AC  0|TAMS 0x00000000c4000000, 0x00000000c4000000|
|   5|0x00000000c4100000, 0x00000000c4100000, 0x00000000c4200000|  0%| F|  |TS  0|AC  0|TAMS 0x00000000c4100000, 0x00000000c4100000|
|   6|0x00000000c4200000, 0x00000000c4200000, 0x00000000c4300000|  0%| F|  |TS  0|AC  0|TAMS 0x00000000c4200000, 0x00000000c4200000|
|   7|0x00000000c4300000, 0x00000000c4300000, 0x00000000c4400000|  0%| F|  |TS  0|AC  0|TAMS 0x00000000c4300000, 0x00000000c4300000|
|   8|0x00000000c4400000, 0x00000000c4400000, 0x00000000c4500000|  0%| F|  |TS  0|AC  0|TAMS 0x00000000c4400000, 0x00000000c4400000|
|   9|0x00000000c4500000, 0x00000000c4500000, 0x00000000c4600000|  0%| F|  |TS  0|AC  0|TAMS 0x00000000c4500000, 0x00000000c4500000|
|  10|0x00000000c4600000, 0x00000000c4600000, 0x00000000c4700000|  0%| F|  |TS  0|AC  0|TAMS 0x00000000c4600000, 0x00000000c4600000|
|  11|0x00000000c4700000, 0x00000000c4700000, 0x00000000c4800000|  0%| F|  |TS  0|AC  0|TAMS 0x00000000c4700000, 0x00000000c4700000|
|  12|0x00000000c4800000, 0x00000000c4800000, 0x00000000c4900000|  0%| F|  |TS  0|AC  0|TAMS 0x00000000c4800000, 0x00000000c4800000|
|  13|0x00000000c4900000, 0x00000000c4900000, 0x00000000c4a00000|  0%| F|  |TS  0|AC  0|TAMS 0x00000000c4900000, 0x00000000c4900000|
|  14|0x00000000c4a00000, 0x00000000c4a00000, 0x00000000c4b00000|  0%| F|  |TS  0|AC  0|TAMS 0x00000000c4a00000, 0x00000000c4a00000|
|  15|0x00000000c4b00000, 0x00000000c4b00000, 0x00000000c4c00000|  0%| F|  |TS  0|AC  0|TAMS 0x00000000c4b00000, 0x00000000c4b00000|
|  16|0x00000000c4c00000, 0x00000000c4c00000, 0x00000000c4d00000|  0%| F|  |TS  0|AC  0|TAMS 0x00000000c4c00000, 0x00000000c4c00000|
|  17|0x00000000c4d00000, 0x00000000c4d00000, 0x00000000c4e00000|  0%| F|  |TS  0|AC  0|TAMS 0x00000000c4d00000, 0x00000000c4d00000|
|  18|0x00000000c4e00000, 0x00000000c4e00000, 0x00000000c4f00000|  0%| F|  |TS  0|AC  0|TAMS 0x00000000c4e00000, 0x00000000c4e00000|
|  19|0x00000000c4f00000, 0x00000000c4f00000, 0x00000000c5000000|  0%| F|  |TS  0|AC  0|TAMS 0x00000000c4f00000, 0x00000000c4f00000|
|  20|0x00000000c5000000, 0x00000000c5000000, 0x00000000c5100000|  0%| F|  |TS  0|AC  0|TAMS 0x00000000c5000000, 0x00000000c5000000|
|  21|0x00000000c5100000, 0x00000000c5100000, 0x00000000c5200000|  0%| F|  |TS  0|AC  0|TAMS 0x00000000c5100000, 0x00000000c5100000|
|  22|0x00000000c5200000, 0x00000000c5200000, 0x00000000c5300000|  0%| F|  |TS  0|AC  0|TAMS 0x00000000c5200000, 0x00000000c5200000|
|  23|0x00000000c5300000, 0x00000000c5300000, 0x00000000c5400000|  0%| F|  |TS  0|AC  0|TAMS 0x00000000c5300000, 0x00000000c5300000|
|  24|0x00000000c5400000, 0x00000000c5400000, 0x00000000c5500000|  0%| F|  |TS  0|AC  0|TAMS 0x00000000c5400000, 0x00000000c5400000|
|  25|0x00000000c5500000, 0x00000000c5500000, 0x00000000c5600000|  0%| F|  |TS  0|AC  0|TAMS 0x00000000c5500000, 0x00000000c5500000|
|  26|0x00000000c5600000, 0x00000000c5600000, 0x00000000c5700000|  0%| F|  |TS  0|AC  0|TAMS 0x00000000c5600000, 0x00000000c5600000|
|  27|0x00000000c5700000, 0x00000000c5700000, 0x00000000c5800000|  0%| F|  |TS  0|AC  0|TAMS 0x00000000c5700000, 0x00000000c5700000|
|  28|0x00000000c5800000, 0x00000000c5800000, 0x00000000c5900000|  0%| F|  |TS  0|AC  0|TAMS 0x00000000c5800000, 0x00000000c5800000|
|  29|0x00000000c5900000, 0x00000000c5900000, 0x00000000c5a00000|  0%| F|  |TS  0|AC  0|TAMS 0x00000000c5900000, 0x00000000c5900000|
|  30|0x00000000c5a00000, 0x00000000c5a00000, 0x00000000c5b00000|  0%| F|  |TS  0|AC  0|TAMS 0x00000000c5a00000, 0x00000000c5a00000|
|  31|0x00000000c5b00000, 0x00000000c5b00000, 0x00000000c5c00000|  0%| F|  |TS  0|AC  0|TAMS 0x00000000c5b00000, 0x00000000c5b00000|
|  32|0x00000000c5c00000, 0x00000000c5c00000, 0x00000000c5d00000|  0%| F|  |TS  0|AC  0|TAMS 0x00000000c5c00000, 0x00000000c5c00000|
|  33|0x00000000c5d00000, 0x00000000c5d00000, 0x00000000c5e00000|  0%| F|  |TS  0|AC  0|TAMS 0x00000000c5d00000, 0x00000000c5d00000|
|  34|0x00000000c5e00000, 0x00000000c5e00000, 0x00000000c5f00000|  0%| F|  |TS  0|AC  0|TAMS 0x00000000c5e00000, 0x00000000c5e00000|
|  35|0x00000000c5f00000, 0x00000000c5f00000, 0x00000000c6000000|  0%| F|  |TS  0|AC  0|TAMS 0x00000000c5f00000, 0x00000000c5f00000|
|  36|0x00000000c6000000, 0x00000000c6000000, 0x00000000c6100000|  0%| F|  |TS  0|AC  0|TAMS 0x00000000c6000000, 0x00000000c6000000|
|  37|0x00000000c6100000, 0x00000000c6100000, 0x00000000c6200000|  0%| F|  |TS  0|AC  0|TAMS 0x00000000c6100000, 0x00000000c6100000|
|  38|0x00000000c6200000, 0x00000000c6200000, 0x00000000c6300000|  0%| F|  |TS  0|AC  0|TAMS 0x00000000c6200000, 0x00000000c6200000|
|  39|0x00000000c6300000, 0x00000000c6300000, 0x00000000c6400000|  0%| F|  |TS  0|AC  0|TAMS 0x00000000c6300000, 0x00000000c6300000|
|  40|0x00000000c6400000, 0x00000000c6400000, 0x00000000c6500000|  0%| F|  |TS  0|AC  0|TAMS 0x00000000c6400000, 0x00000000c6400000|
|  41|0x00000000c6500000, 0x00000000c6500000, 0x00000000c6600000|  0%| F|  |TS  0|AC  0|TAMS 0x00000000c6500000, 0x00000000c6500000|
|  42|0x00000000c6600000, 0x00000000c6600000, 0x00000000c6700000|  0%| F|  |TS  0|AC  0|TAMS 0x00000000c6600000, 0x00000000c6600000|
|  43|0x00000000c6700000, 0x00000000c6700000, 0x00000000c6800000|  0%| F|  |TS  0|AC  0|TAMS 0x00000000c6700000, 0x00000000c6700000|
|  44|0x00000000c6800000, 0x00000000c6800000, 0x00000000c6900000|  0%| F|  |TS  0|AC  0|TAMS 0x00000000c6800000, 0x00000000c6800000|
|  45|0x00000000c6900000, 0x00000000c6900000, 0x00000000c6a00000|  0%| F|  |TS  0|AC  0|TAMS 0x00000000c6900000, 0x00000000c6900000|
|  46|0x00000000c6a00000, 0x00000000c6a00000, 0x00000000c6b00000|  0%| F|  |TS  0|AC  0|TAMS 0x00000000c6a00000, 0x00000000c6a00000|
|  47|0x00000000c6b00000, 0x00000000c6b00000, 0x00000000c6c00000|  0%| F|  |TS  0|AC  0|TAMS 0x00000000c6b00000, 0x00000000c6b00000|
|  48|0x00000000c6c00000, 0x00000000c6c00000, 0x00000000c6d00000|  0%| F|  |TS  0|AC  0|TAMS 0x00000000c6c00000, 0x00000000c6c00000|
|  49|0x00000000c6d00000, 0x00000000c6d00000, 0x00000000c6e00000|  0%| F|  |TS  0|AC  0|TAMS 0x00000000c6d00000, 0x00000000c6d00000|
|  50|0x00000000c6e00000, 0x00000000c6e00000, 0x00000000c6f00000|  0%| F|  |TS  0|AC  0|TAMS 0x00000000c6e00000, 0x00000000c6e00000|
|  51|0x00000000c6f00000, 0x00000000c6f00000, 0x00000000c7000000|  0%| F|  |TS  0|AC  0|TAMS 0x00000000c6f00000, 0x00000000c6f00000|
|  52|0x00000000c7000000, 0x00000000c7100000, 0x00000000c7100000|100%| S|CS|TS  0|AC  0|TAMS 0x00000000c7000000, 0x00000000c7000000|
|  53|0x00000000c7100000, 0x00000000c7200000, 0x00000000c7200000|100%| S|CS|TS  0|AC  0|TAMS 0x00000000c7100000, 0x00000000c7100000|
|  54|0x00000000c7200000, 0x00000000c7200000, 0x00000000c7300000|  0%| F|  |TS  0|AC  0|TAMS 0x00000000c7200000, 0x00000000c7200000|
|  55|0x00000000c7300000, 0x00000000c7300000, 0x00000000c7400000|  0%| F|  |TS  0|AC  0|TAMS 0x00000000c7300000, 0x00000000c7300000|
|  56|0x00000000c7400000, 0x00000000c7400000, 0x00000000c7500000|  0%| F|  |TS  0|AC  0|TAMS 0x00000000c7400000, 0x00000000c7400000|
|  57|0x00000000c7500000, 0x00000000c7500000, 0x00000000c7600000|  0%| F|  |TS  0|AC  0|TAMS 0x00000000c7500000, 0x00000000c7500000|
|  58|0x00000000c7600000, 0x00000000c7600000, 0x00000000c7700000|  0%| F|  |TS  0|AC  0|TAMS 0x00000000c7600000, 0x00000000c7600000|
|  59|0x00000000c7700000, 0x00000000c7700000, 0x00000000c7800000|  0%| F|  |TS  0|AC  0|TAMS 0x00000000c7700000, 0x00000000c7700000|
|  60|0x00000000c7800000, 0x00000000c78eb340, 0x00000000c7900000| 91%| E|  |TS  0|AC  0|TAMS 0x00000000c7800000, 0x00000000c7800000|
|  61|0x00000000c7900000, 0x00000000c7a00000, 0x00000000c7a00000|100%| E|CS|TS  0|AC  0|TAMS 0x00000000c7900000, 0x00000000c7900000|

Card table byte_map: [0x00007f9bce73f000,0x00007f9bce921000] byte_map_base: 0x00007f9bce121000

Marking Bits (Prev, Next): (CMBitMap*) 0x00007f9be803f6f8, (CMBitMap*) 0x00007f9be803f6c0
 Prev Bits: [0x00007f9bcc73d000, 0x00007f9bcd64d000)
 Next Bits: [0x00007f9bcd64d000, 0x00007f9bce55d000)

Polling page: 0x00007f9bef2d8000

CodeHeap 'non-profiled nmethods': size=120036Kb used=590Kb max_used=590Kb free=119446Kb
 bounds [0x00007f9bd6ba6000, 0x00007f9bd6e16000, 0x00007f9bde0df000]
CodeHeap 'profiled nmethods': size=120032Kb used=2914Kb max_used=2914Kb free=117117Kb
 bounds [0x00007f9bcf66e000, 0x00007f9bcf94e000, 0x00007f9bd6ba6000]
CodeHeap 'non-nmethods': size=5692Kb used=1261Kb max_used=1275Kb free=4430Kb
 bounds [0x00007f9bcf0df000, 0x00007f9bcf34f000, 0x00007f9bcf66e000]
 total_blobs=2520 nmethods=1551 adapters=617
 compilation: enabled

Compilation events (10 events):
Event: 54,037 Thread 0x00007f9be80f9800 1547       3       java.lang.reflect.ProxyGenerator::codeLocalLoadStore (90 bytes)
Event: 54,039 Thread 0x00007f9be80f9800 nmethod 1547 0x00007f9bcf944f10 code [0x00007f9bcf9451c0, 0x00007f9bcf945fe8]
Event: 54,039 Thread 0x00007f9be80f9800 1545       3       java.util.Spliterators$ArraySpliterator::<init> (33 bytes)
Event: 54,046 Thread 0x00007f9be80f9800 nmethod 1545 0x00007f9bcf946490 code [0x00007f9bcf946640, 0x00007f9bcf946870]
Event: 54,046 Thread 0x00007f9be80f9800 1549       1       java.lang.reflect.ProxyGenerator::access$800 (5 bytes)
Event: 54,046 Thread 0x00007f9be80f9800 nmethod 1549 0x00007f9bd6c37a90 code [0x00007f9bd6c37c40, 0x00007f9bd6c37d30]
Event: 54,046 Thread 0x00007f9be80f9800 1552       1       jdk.internal.loader.URLClassPath$JarLoader::access$800 (5 bytes)
Event: 54,046 Thread 0x00007f9be80f9800 nmethod 1552 0x00007f9bd6c37e10 code [0x00007f9bd6c37fc0, 0x00007f9bd6c380b0]
Event: 54,046 Thread 0x00007f9be80f7800 nmethod 1455 0x00007f9bd6c38190 code [0x00007f9bd6c38320, 0x00007f9bd6c38538]
Event: 54,046 Thread 0x00007f9be80f7800 1502  s    4       java.io.ByteArrayOutputStream::write (32 bytes)

GC Heap History (6 events):
Event: 1,540 GC heap before
{Heap before GC invocations=0 (full 0):
 garbage-first heap   total 63488K, used 7168K [0x00000000c3c00000, 0x0000000100000000)
  region size 1024K, 7 young (7168K), 0 survivors (0K)
 Metaspace       used 11393K, capacity 11789K, committed 12032K, reserved 1060864K
  class space    used 1072K, capacity 1268K, committed 1280K, reserved 1048576K
}
Event: 1,558 GC heap after
{Heap after GC invocations=1 (full 0):
 garbage-first heap   total 63488K, used 1734K [0x00000000c3c00000, 0x0000000100000000)
  region size 1024K, 1 young (1024K), 1 survivors (1024K)
 Metaspace       used 11393K, capacity 11789K, committed 12032K, reserved 1060864K
  class space    used 1072K, capacity 1268K, committed 1280K, reserved 1048576K
}
Event: 2,177 GC heap before
{Heap before GC invocations=1 (full 0):
 garbage-first heap   total 63488K, used 6854K [0x00000000c3c00000, 0x0000000100000000)
  region size 1024K, 6 young (6144K), 1 survivors (1024K)
 Metaspace       used 12229K, capacity 12700K, committed 13056K, reserved 1060864K
  class space    used 1192K, capacity 1448K, committed 1536K, reserved 1048576K
}
Event: 2,190 GC heap after
{Heap after GC invocations=2 (full 0):
 garbage-first heap   total 63488K, used 2370K [0x00000000c3c00000, 0x0000000100000000)
  region size 1024K, 1 young (1024K), 1 survivors (1024K)
 Metaspace       used 12229K, capacity 12700K, committed 13056K, reserved 1060864K
  class space    used 1192K, capacity 1448K, committed 1536K, reserved 1048576K
}
Event: 53,836 GC heap before
{Heap before GC invocations=2 (full 0):
 garbage-first heap   total 63488K, used 8514K [0x00000000c3c00000, 0x0000000100000000)
  region size 1024K, 8 young (8192K), 1 survivors (1024K)
 Metaspace       used 20524K, capacity 21028K, committed 21296K, reserved 1069056K
  class space    used 2161K, capacity 2432K, committed 2432K, reserved 1048576K
}
Event: 53,848 GC heap after
{Heap after GC invocations=3 (full 0):
 garbage-first heap   total 63488K, used 3972K [0x00000000c3c00000, 0x0000000100000000)
  region size 1024K, 2 young (2048K), 2 survivors (2048K)
 Metaspace       used 20524K, capacity 21028K, committed 21296K, reserved 1069056K
  class space    used 2161K, capacity 2432K, committed 2432K, reserved 1048576K
}

Deoptimization events (10 events):
Event: 53,582 Thread 0x00007f9be83d2000 Uncommon trap: reason=class_check action=maybe_recompile pc=0x00007f9bd6c1e2f0 method=jdk.internal.logger.AbstractLoggerWrapper.log(Lsun/util/logging/PlatformLogger$Level;Ljava/lang/String;[Ljava/lang/Object;)V @ 34 c2
Event: 53,582 Thread 0x00007f9be83d2000 Uncommon trap: reason=class_check action=maybe_recompile pc=0x00007f9bd6c1e2f0 method=jdk.internal.logger.AbstractLoggerWrapper.log(Lsun/util/logging/PlatformLogger$Level;Ljava/lang/String;[Ljava/lang/Object;)V @ 34 c2
Event: 53,582 Thread 0x00007f9be83d2000 Uncommon trap: reason=class_check action=maybe_recompile pc=0x00007f9bd6c1e2f0 method=jdk.internal.logger.AbstractLoggerWrapper.log(Lsun/util/logging/PlatformLogger$Level;Ljava/lang/String;[Ljava/lang/Object;)V @ 34 c2
Event: 53,582 Thread 0x00007f9be83d2000 Uncommon trap: reason=class_check action=maybe_recompile pc=0x00007f9bd6c1e2f0 method=jdk.internal.logger.AbstractLoggerWrapper.log(Lsun/util/logging/PlatformLogger$Level;Ljava/lang/String;[Ljava/lang/Object;)V @ 34 c2
Event: 53,703 Thread 0x00007f9be84b1800 Uncommon trap: reason=unstable_if action=reinterpret pc=0x00007f9bd6bc0d20 method=java.lang.StringLatin1.replace([BCC)Ljava/lang/String; @ 19 c2
Event: 53,703 Thread 0x00007f9be84b1800 Uncommon trap: reason=unstable_if action=reinterpret pc=0x00007f9bd6bdad98 method=jdk.internal.org.objectweb.asm.Type.getArgumentsAndReturnSizes(Ljava/lang/String;)I @ 88 c2
Event: 53,799 Thread 0x00007f9be84b1800 Uncommon trap: reason=unstable_if action=reinterpret pc=0x00007f9bd6c29070 method=java.lang.AbstractStringBuilder.append(Ljava/lang/String;)Ljava/lang/AbstractStringBuilder; @ 1 c2
Event: 53,901 Thread 0x00007f9be84b1800 Uncommon trap: reason=unstable_if action=reinterpret pc=0x00007f9bd6be5e80 method=java.lang.invoke.InvokerBytecodeGenerator.isStaticallyNameable(Ljava/lang/Class;)Z @ 12 c2
Event: 53,902 Thread 0x00007f9be84b1800 Uncommon trap: reason=unstable_if action=reinterpret pc=0x00007f9bd6bd5b88 method=jdk.internal.org.objectweb.asm.Frame.execute(IILjdk/internal/org/objectweb/asm/ClassWriter;Ljdk/internal/org/objectweb/asm/Item;)V @ 2219 c2
Event: 54,012 Thread 0x00007f9be84b1800 Uncommon trap: reason=unstable_if action=reinterpret pc=0x00007f9bd6baf70c method=java.lang.String.isLatin1()Z @ 10 c2

Classes redefined (0 events):
No events

Internal exceptions (10 events):
Event: 53,698 Thread 0x00007f9be84b1800 Exception <a 'java/lang/NoSuchMethodError'{0x00000000c75fa330}: method resolution failed> (0x00000000c75fa330) thrown at [/build/openjdk-lts-Ae5PRQ/openjdk-lts-10.0.2+13/src/hotspot/share/prims/methodHandles.cpp, line 1226]
Event: 53,704 Thread 0x00007f9be84b1800 Exception <a 'java/lang/NoSuchMethodError'{0x00000000c7304668}: java.lang.invoke.DirectMethodHandle$Holder.invokeStatic(Ljava/lang/Object;Ljava/lang/Object;Ljava/lang/Object;I)Ljava/lang/Object;> (0x00000000c7304668) thrown at [/build/openjdk-lts-Ae5PRQ/o
Event: 53,707 Thread 0x00007f9be84b1800 Exception <a 'java/lang/NoSuchMethodError'{0x00000000c73084c0}: java.lang.invoke.DirectMethodHandle$Holder.invokeSpecial(Ljava/lang/Object;Ljava/lang/Object;Ljava/lang/Object;Ljava/lang/Object;I)Ljava/lang/Object;> (0x00000000c73084c0) thrown at [/build/o
Event: 53,799 Thread 0x00007f9be84b1800 Implicit null exception at 0x00007f9bd6c28b73 to 0x00007f9bd6c2905a
Event: 53,800 Thread 0x00007f9be84b1800 Exception <a 'java/lang/UnsatisfiedLinkError'{0x00000000c73a0680}: liblibusb-1.0.so: Kann die Shared-Object-Datei nicht öffnen: Datei oder Verzeichnis nicht gefunden> (0x00000000c73a0680) thrown at [/build/openjdk-lts-Ae5PRQ/openjdk-lts-10.0.2+13/src/hot
Event: 53,800 Thread 0x00007f9be84b1800 Exception <a 'java/lang/UnsatisfiedLinkError'{0x00000000c73a2588}: liblibusb-1.0.so: Kann die Shared-Object-Datei nicht öffnen: Datei oder Verzeichnis nicht gefunden> (0x00000000c73a2588) thrown at [/build/openjdk-lts-Ae5PRQ/openjdk-lts-10.0.2+13/src/hot
Event: 53,834 Thread 0x00007f9be84b1800 Exception <a 'java/lang/NoSuchMethodError'{0x00000000c72dbd78}: method resolution failed> (0x00000000c72dbd78) thrown at [/build/openjdk-lts-Ae5PRQ/openjdk-lts-10.0.2+13/src/hotspot/share/prims/methodHandles.cpp, line 1226]
Event: 53,891 Thread 0x00007f9be84b1800 Exception <a 'java/lang/NoSuchMethodError'{0x00000000c791da88}: java.lang.invoke.DirectMethodHandle$Holder.invokeStatic(Ljava/lang/Object;Ljava/lang/Object;)I> (0x00000000c791da88) thrown at [/build/openjdk-lts-Ae5PRQ/openjdk-lts-10.0.2+13/src/hotspot/sha
Event: 53,900 Thread 0x00007f9be84b1800 Exception <a 'java/lang/NoSuchMethodError'{0x00000000c792ac50}: java.lang.Object.of([Ljava/lang/Object;)Ljava/util/stream/Stream;> (0x00000000c792ac50) thrown at [/build/openjdk-lts-Ae5PRQ/openjdk-lts-10.0.2+13/src/hotspot/share/interpreter/linkResolver.c
Event: 53,986 Thread 0x00007f9be84b1800 Exception <a 'java/lang/NoSuchMethodError'{0x00000000c787daf0}: java.lang.Object.lambda$union$2(Ljava/util/regex/Pattern$CharPredicate;I)Z> (0x00000000c787daf0) thrown at [/build/openjdk-lts-Ae5PRQ/openjdk-lts-10.0.2+13/src/hotspot/share/interpreter/linkR

Events (10 events):
Event: 54,037 loading class com/sun/jna/Structure$StructField
Event: 54,037 loading class com/sun/jna/Structure$StructField done
Event: 54,038 loading class jdk/internal/reflect/UnsafeByteFieldAccessorImpl
Event: 54,038 loading class jdk/internal/reflect/UnsafeByteFieldAccessorImpl done
Event: 54,038 loading class com/sun/jna/Union
Event: 54,038 loading class com/sun/jna/Union done
Event: 54,039 loading class jdk/internal/reflect/UnsafeShortFieldAccessorImpl
Event: 54,040 loading class jdk/internal/reflect/UnsafeShortFieldAccessorImpl done
Event: 54,041 loading class com/sun/jna/Structure$StructureSet
Event: 54,041 loading class com/sun/jna/Structure$StructureSet done


Dynamic libraries:
c3c00000-c7a00000 rw-p 00000000 00:00 0 
c7a00000-100000000 ---p 00000000 00:00 0 
100000000-1002a0000 rw-p 00000000 00:00 0 
1002a0000-140000000 ---p 00000000 00:00 0 
55fc09fcd000-55fc09fce000 r-xp 00000000 08:07 3281594                    /usr/lib/jvm/java-11-openjdk-amd64/bin/java
55fc0a1ce000-55fc0a1cf000 r--p 00001000 08:07 3281594                    /usr/lib/jvm/java-11-openjdk-amd64/bin/java
55fc0a1cf000-55fc0a1d0000 rw-p 00002000 08:07 3281594                    /usr/lib/jvm/java-11-openjdk-amd64/bin/java
55fc0afc1000-55fc0afe2000 rw-p 00000000 00:00 0                          [heap]
7f9b889c0000-7f9b889c1000 ---p 00000000 00:00 0 
7f9b889c1000-7f9b891c1000 rw-p 00000000 00:00 0 
7f9b891c1000-7f9b891de000 r-xp 00000000 08:07 1973216                    /lib/x86_64-linux-gnu/libudev.so.1.6.9
7f9b891de000-7f9b893dd000 ---p 0001d000 08:07 1973216                    /lib/x86_64-linux-gnu/libudev.so.1.6.9
7f9b893dd000-7f9b893de000 r--p 0001c000 08:07 1973216                    /lib/x86_64-linux-gnu/libudev.so.1.6.9
7f9b893de000-7f9b893df000 rw-p 0001d000 08:07 1973216                    /lib/x86_64-linux-gnu/libudev.so.1.6.9
7f9b893df000-7f9b893f6000 r-xp 00000000 08:07 1970999                    /lib/x86_64-linux-gnu/libusb-1.0.so.0.1.0
7f9b893f6000-7f9b895f5000 ---p 00017000 08:07 1970999                    /lib/x86_64-linux-gnu/libusb-1.0.so.0.1.0
7f9b895f5000-7f9b895f6000 r--p 00016000 08:07 1970999                    /lib/x86_64-linux-gnu/libusb-1.0.so.0.1.0
7f9b895f6000-7f9b895f7000 rw-p 00017000 08:07 1970999                    /lib/x86_64-linux-gnu/libusb-1.0.so.0.1.0
7f9b895f7000-7f9b89763000 rw-p 00000000 00:00 0 
7f9b89763000-7f9b897f7000 ---p 00000000 00:00 0 
7f9b897f7000-7f9b8980f000 r-xp 00000000 08:07 7816763                    /home/peter/.cache/JNA/temp/jna8855982907710648368.tmp (deleted)
7f9b8980f000-7f9b89a0f000 ---p 00018000 08:07 7816763                    /home/peter/.cache/JNA/temp/jna8855982907710648368.tmp (deleted)
7f9b89a0f000-7f9b89a10000 rw-p 00018000 08:07 7816763                    /home/peter/.cache/JNA/temp/jna8855982907710648368.tmp (deleted)
7f9b89a10000-7f9b89c10000 rw-p 00000000 00:00 0 
7f9b89c10000-7f9b89c14000 ---p 00000000 00:00 0 
7f9b89c14000-7f9b89f11000 rw-p 00000000 00:00 0 
7f9b89f11000-7f9b89f1c000 r--s 00000000 08:07 786527                     /var/cache/fontconfig/945677eb7aeaf62f1d50efc3fb3ec7d8-le64.cache-7
7f9b89f1c000-7f9b89f1e000 r--s 00000000 08:07 786529                     /var/cache/fontconfig/99e8ed0e538f840c565b6ed5dad60d56-le64.cache-7
7f9b89f1e000-7f9b89f23000 r--s 00000000 08:07 786496                     /var/cache/fontconfig/2300eef321c393bfd76478a5c0e95b23-le64.cache-7
7f9b89f23000-7f9b89f38000 r--s 00000000 08:07 786487                     /var/cache/fontconfig/04aabc0a78ac019cf9454389977116d2-le64.cache-7
7f9b89f38000-7f9b89f84000 r--s 00000000 08:07 789900                     /var/cache/fontconfig/0bd3dc0958fa2205aaaa8ebb13e2872b-le64.cache-7
7f9b89fd7000-7f9b89fdb000 ---p 00000000 00:00 0 
7f9b89fdb000-7f9b89ff9000 rw-p 00000000 00:00 0 
7f9b89ff9000-7f9b89ffd000 ---p 00000000 00:00 0 
7f9b89ffd000-7f9b8a0fa000 rw-p 00000000 00:00 0 
7f9b8a0fa000-7f9b8a0fe000 ---p 00000000 00:00 0 
7f9b8a0fe000-7f9b8a3fb000 rw-p 00000000 00:00 0 
7f9b8a3fb000-7f9b8a5fb000 rw-p 00000000 00:00 0 
7f9b8a5fb000-7f9b8a5ff000 ---p 00000000 00:00 0 
7f9b8a5ff000-7f9b8a6fc000 rw-p 00000000 00:00 0 
7f9b8a6fc000-7f9b8a700000 ---p 00000000 00:00 0 
7f9b8a700000-7f9b8a7fd000 rw-p 00000000 00:00 0 
7f9b8a7fd000-7f9b8a7fe000 ---p 00000000 00:00 0 
7f9b8a7fe000-7f9b8affe000 rw-p 00000000 00:00 0 
7f9b8affe000-7f9b8afff000 ---p 00000000 00:00 0 
7f9b8afff000-7f9b8b7ff000 rw-p 00000000 00:00 0 
7f9b8b7ff000-7f9b8b800000 ---p 00000000 00:00 0 
7f9b8b800000-7f9b8c000000 rw-p 00000000 00:00 0 
7f9b8c000000-7f9b8c021000 rw-p 00000000 00:00 0 
7f9b8c021000-7f9b90000000 ---p 00000000 00:00 0 
7f9b90000000-7f9b90001000 r--s 00000000 08:07 786490                     /var/cache/fontconfig/0d8c3b2ac0904cb8a57a757ad11a4a08-le64.cache-7
7f9b90001000-7f9b90002000 r--s 00000000 08:07 786494                     /var/cache/fontconfig/1ac9eb803944fde146138c791f5cc56a-le64.cache-7
7f9b90002000-7f9b90006000 r--s 00000000 08:07 786502                     /var/cache/fontconfig/385c0604a188198f04d133e54aba7fe7-le64.cache-7
7f9b90006000-7f9b90008000 r--s 00000000 08:07 786491                     /var/cache/fontconfig/14a5e22175779b556eaa434240950366-le64.cache-7
7f9b90008000-7f9b9000d000 r-xp 00000000 08:07 3284531                    /usr/lib/x86_64-linux-gnu/libXfixes.so.3.1.0
7f9b9000d000-7f9b9020c000 ---p 00005000 08:07 3284531                    /usr/lib/x86_64-linux-gnu/libXfixes.so.3.1.0
7f9b9020c000-7f9b9020d000 r--p 00004000 08:07 3284531                    /usr/lib/x86_64-linux-gnu/libXfixes.so.3.1.0
7f9b9020d000-7f9b9020e000 rw-p 00005000 08:07 3284531                    /usr/lib/x86_64-linux-gnu/libXfixes.so.3.1.0
7f9b9020e000-7f9b90217000 r-xp 00000000 08:07 3284523                    /usr/lib/x86_64-linux-gnu/libXcursor.so.1.0.2
7f9b90217000-7f9b90416000 ---p 00009000 08:07 3284523                    /usr/lib/x86_64-linux-gnu/libXcursor.so.1.0.2
7f9b90416000-7f9b90417000 r--p 00008000 08:07 3284523                    /usr/lib/x86_64-linux-gnu/libXcursor.so.1.0.2
7f9b90417000-7f9b90418000 rw-p 00009000 08:07 3284523                    /usr/lib/x86_64-linux-gnu/libXcursor.so.1.0.2
7f9b90418000-7f9b90419000 r--s 00000000 08:07 786548                     /var/cache/fontconfig/dc05db6664285cc2f12bf69c139ae4c3-le64.cache-7
7f9b90419000-7f9b9041a000 r--s 00000000 08:07 786518                     /var/cache/fontconfig/660208299946a285a940457d1287da33-le64.cache-7
7f9b9041a000-7f9b9041c000 r--s 00000000 08:07 786509                     /var/cache/fontconfig/4f3e3037c9980c83b53a9351efadef62-le64.cache-7
7f9b9041c000-7f9b9041e000 r--s 00000000 08:07 786523                     /var/cache/fontconfig/767a8244fc0220cfb567a839d0392e0b-le64.cache-7
7f9b9041e000-7f9b9041f000 r--s 00000000 08:07 789903                     /var/cache/fontconfig/4794a0821666d79190d59a36cb4f44b5-le64.cache-7
7f9b9041f000-7f9b90426000 r--s 00000000 08:07 786526                     /var/cache/fontconfig/8801497958630a81b71ace7c5f9b32a8-le64.cache-7
7f9b90426000-7f9b9042b000 r--s 00000000 08:07 786549                     /var/cache/fontconfig/def309198bfa603429122923fa2bb2d4-le64.cache-7
7f9b9042b000-7f9b9042c000 r--s 00000000 08:07 786536                     /var/cache/fontconfig/b872e6e592da6075ffa4ab0a1fcc0c75-le64.cache-7
7f9b9042c000-7f9b9042d000 r--s 00000000 08:07 786554                     /var/cache/fontconfig/f6d4eedfaab2589bde49f7a3ff831d22-le64.cache-7
7f9b9042d000-7f9b9042e000 r--s 00000000 08:07 786516                     /var/cache/fontconfig/589f83ef4c36d296ce6e1c846f468f08-le64.cache-7
7f9b9042e000-7f9b9042f000 r--s 00000000 08:07 786538                     /var/cache/fontconfig/bab58bb527bb656aaa9f116d68a48d89-le64.cache-7
7f9b9042f000-7f9b90430000 r--s 00000000 08:07 786495                     /var/cache/fontconfig/2171a34dccabdb6bcbbc728186263178-le64.cache-7
7f9b90430000-7f9b90431000 r--s 00000000 08:07 786539                     /var/cache/fontconfig/c5c45a61289222e0d30b1a26ef4effbe-le64.cache-7
7f9b90431000-7f9b90432000 r--s 00000000 08:07 786534                     /var/cache/fontconfig/aec30016f93e1b46d1a973dce0d74068-le64.cache-7
7f9b90432000-7f9b90433000 r--s 00000000 08:07 786503                     /var/cache/fontconfig/3f589640d34b7dc9042c8d453f7c8b9c-le64.cache-7
7f9b90433000-7f9b90434000 r--s 00000000 08:07 786492                     /var/cache/fontconfig/16c2fda60d1b4b719f4b3d06fd951d25-le64.cache-7
7f9b90434000-7f9b90447000 r--s 00000000 08:07 786545                     /var/cache/fontconfig/d52a8644073d54c13679302ca1180695-le64.cache-7
7f9b90447000-7f9b90453000 r-xp 00000000 08:07 3671758                    /usr/lib/x86_64-linux-gnu/gio/modules/libdconfsettings.so
7f9b90453000-7f9b90652000 ---p 0000c000 08:07 3671758                    /usr/lib/x86_64-linux-gnu/gio/modules/libdconfsettings.so
7f9b90652000-7f9b90653000 r--p 0000b000 08:07 3671758                    /usr/lib/x86_64-linux-gnu/gio/modules/libdconfsettings.so
7f9b90653000-7f9b90654000 rw-p 0000c000 08:07 3671758                    /usr/lib/x86_64-linux-gnu/gio/modules/libdconfsettings.so
7f9b90654000-7f9b9065a000 r-xp 00000000 08:07 1979063                    /lib/x86_64-linux-gnu/libuuid.so.1.3.0
7f9b9065a000-7f9b90859000 ---p 00006000 08:07 1979063                    /lib/x86_64-linux-gnu/libuuid.so.1.3.0
7f9b90859000-7f9b9085a000 r--p 00005000 08:07 1979063                    /lib/x86_64-linux-gnu/libuuid.so.1.3.0
7f9b9085a000-7f9b9085b000 rw-p 00006000 08:07 1979063                    /lib/x86_64-linux-gnu/libuuid.so.1.3.0
7f9b9085b000-7f9b908a2000 r-xp 00000000 08:07 1971002                    /lib/x86_64-linux-gnu/libblkid.so.1.1.0
7f9b908a2000-7f9b90aa2000 ---p 00047000 08:07 1971002                    /lib/x86_64-linux-gnu/libblkid.so.1.1.0
7f9b90aa2000-7f9b90aa6000 r--p 00047000 08:07 1971002                    /lib/x86_64-linux-gnu/libblkid.so.1.1.0
7f9b90aa6000-7f9b90aa7000 rw-p 0004b000 08:07 1971002                    /lib/x86_64-linux-gnu/libblkid.so.1.1.0
7f9b90aa7000-7f9b90aa8000 rw-p 00000000 00:00 0 
7f9b90aa8000-7f9b90b18000 r-xp 00000000 08:07 1970955                    /lib/x86_64-linux-gnu/libpcre.so.3.13.3
7f9b90b18000-7f9b90d18000 ---p 00070000 08:07 1970955                    /lib/x86_64-linux-gnu/libpcre.so.3.13.3
7f9b90d18000-7f9b90d19000 r--p 00070000 08:07 1970955                    /lib/x86_64-linux-gnu/libpcre.so.3.13.3
7f9b90d19000-7f9b90d1a000 rw-p 00071000 08:07 1970955                    /lib/x86_64-linux-gnu/libpcre.so.3.13.3
7f9b90d1a000-7f9b90d21000 r-xp 00000000 08:07 3284907                    /usr/lib/x86_64-linux-gnu/libffi.so.6.0.4
7f9b90d21000-7f9b90f20000 ---p 00007000 08:07 3284907                    /usr/lib/x86_64-linux-gnu/libffi.so.6.0.4
7f9b90f20000-7f9b90f21000 r--p 00006000 08:07 3284907                    /usr/lib/x86_64-linux-gnu/libffi.so.6.0.4
7f9b90f21000-7f9b90f22000 rw-p 00007000 08:07 3284907                    /usr/lib/x86_64-linux-gnu/libffi.so.6.0.4
7f9b90f22000-7f9b90f73000 r-xp 00000000 08:07 1970866                    /lib/x86_64-linux-gnu/libmount.so.1.1.0
7f9b90f73000-7f9b91172000 ---p 00051000 08:07 1970866                    /lib/x86_64-linux-gnu/libmount.so.1.1.0
7f9b91172000-7f9b91174000 r--p 00050000 08:07 1970866                    /lib/x86_64-linux-gnu/libmount.so.1.1.0
7f9b91174000-7f9b91175000 rw-p 00052000 08:07 1970866                    /lib/x86_64-linux-gnu/libmount.so.1.1.0
7f9b91175000-7f9b91176000 rw-p 00000000 00:00 0 
7f9b91176000-7f9b9118d000 r-xp 00000000 08:07 1970972                    /lib/x86_64-linux-gnu/libresolv-2.27.so
7f9b9118d000-7f9b9138d000 ---p 00017000 08:07 1970972                    /lib/x86_64-linux-gnu/libresolv-2.27.so
7f9b9138d000-7f9b9138e000 r--p 00017000 08:07 1970972                    /lib/x86_64-linux-gnu/libresolv-2.27.so
7f9b9138e000-7f9b9138f000 rw-p 00018000 08:07 1970972                    /lib/x86_64-linux-gnu/libresolv-2.27.so
7f9b9138f000-7f9b91391000 rw-p 00000000 00:00 0 
7f9b91391000-7f9b913b6000 r-xp 00000000 08:07 1970978                    /lib/x86_64-linux-gnu/libselinux.so.1
7f9b913b6000-7f9b915b5000 ---p 00025000 08:07 1970978                    /lib/x86_64-linux-gnu/libselinux.so.1
7f9b915b5000-7f9b915b6000 r--p 00024000 08:07 1970978                    /lib/x86_64-linux-gnu/libselinux.so.1
7f9b915b6000-7f9b915b7000 rw-p 00025000 08:07 1970978                    /lib/x86_64-linux-gnu/libselinux.so.1
7f9b915b7000-7f9b915b9000 rw-p 00000000 00:00 0 
7f9b915b9000-7f9b916cc000 r-xp 00000000 08:07 3277285                    /usr/lib/x86_64-linux-gnu/libglib-2.0.so.0.5600.3
7f9b916cc000-7f9b918cc000 ---p 00113000 08:07 3277285                    /usr/lib/x86_64-linux-gnu/libglib-2.0.so.0.5600.3
7f9b918cc000-7f9b918cd000 r--p 00113000 08:07 3277285                    /usr/lib/x86_64-linux-gnu/libglib-2.0.so.0.5600.3
7f9b918cd000-7f9b918ce000 rw-p 00114000 08:07 3277285                    /usr/lib/x86_64-linux-gnu/libglib-2.0.so.0.5600.3
7f9b918ce000-7f9b918cf000 rw-p 00000000 00:00 0 
7f9b918cf000-7f9b918d2000 r-xp 00000000 08:07 3277315                    /usr/lib/x86_64-linux-gnu/libgmodule-2.0.so.0.5600.3
7f9b918d2000-7f9b91ad1000 ---p 00003000 08:07 3277315                    /usr/lib/x86_64-linux-gnu/libgmodule-2.0.so.0.5600.3
7f9b91ad1000-7f9b91ad2000 r--p 00002000 08:07 3277315                    /usr/lib/x86_64-linux-gnu/libgmodule-2.0.so.0.5600.3
7f9b91ad2000-7f9b91ad3000 rw-p 00003000 08:07 3277315                    /usr/lib/x86_64-linux-gnu/libgmodule-2.0.so.0.5600.3
7f9b91ad3000-7f9b91b25000 r-xp 00000000 08:07 3277316                    /usr/lib/x86_64-linux-gnu/libgobject-2.0.so.0.5600.3
7f9b91b25000-7f9b91d25000 ---p 00052000 08:07 3277316                    /usr/lib/x86_64-linux-gnu/libgobject-2.0.so.0.5600.3
7f9b91d25000-7f9b91d26000 r--p 00052000 08:07 3277316                    /usr/lib/x86_64-linux-gnu/libgobject-2.0.so.0.5600.3
7f9b91d26000-7f9b91d27000 rw-p 00053000 08:07 3277316                    /usr/lib/x86_64-linux-gnu/libgobject-2.0.so.0.5600.3
7f9b91d27000-7f9b91ebc000 r-xp 00000000 08:07 3277258                    /usr/lib/x86_64-linux-gnu/libgio-2.0.so.0.5600.3
7f9b91ebc000-7f9b920bc000 ---p 00195000 08:07 3277258                    /usr/lib/x86_64-linux-gnu/libgio-2.0.so.0.5600.3
7f9b920bc000-7f9b920c3000 r--p 00195000 08:07 3277258                    /usr/lib/x86_64-linux-gnu/libgio-2.0.so.0.5600.3
7f9b920c3000-7f9b920c4000 rw-p 0019c000 08:07 3277258                    /usr/lib/x86_64-linux-gnu/libgio-2.0.so.0.5600.3
7f9b920c4000-7f9b920c6000 rw-p 00000000 00:00 0 
7f9b920c6000-7f9b920d0000 r-xp 00000000 08:07 3284547                    /usr/lib/x86_64-linux-gnu/libXrandr.so.2.2.0
7f9b920d0000-7f9b922cf000 ---p 0000a000 08:07 3284547                    /usr/lib/x86_64-linux-gnu/libXrandr.so.2.2.0
7f9b922cf000-7f9b922d0000 r--p 00009000 08:07 3284547                    /usr/lib/x86_64-linux-gnu/libXrandr.so.2.2.0
7f9b922d0000-7f9b922d1000 rw-p 0000a000 08:07 3284547                    /usr/lib/x86_64-linux-gnu/libXrandr.so.2.2.0
7f9b922d1000-7f9b92302000 r-xp 00000000 08:07 3285257                    /usr/lib/x86_64-linux-gnu/libpng16.so.16.34.0
7f9b92302000-7f9b92501000 ---p 00031000 08:07 3285257                    /usr/lib/x86_64-linux-gnu/libpng16.so.16.34.0
7f9b92501000-7f9b92502000 r--p 00030000 08:07 3285257                    /usr/lib/x86_64-linux-gnu/libpng16.so.16.34.0
7f9b92502000-7f9b92503000 rw-p 00031000 08:07 3285257                    /usr/lib/x86_64-linux-gnu/libpng16.so.16.34.0
7f9b92503000-7f9b925b0000 r-xp 00000000 08:07 3284937                    /usr/lib/x86_64-linux-gnu/libfreetype.so.6.15.0
7f9b925b0000-7f9b927af000 ---p 000ad000 08:07 3284937                    /usr/lib/x86_64-linux-gnu/libfreetype.so.6.15.0
7f9b927af000-7f9b927b6000 r--p 000ac000 08:07 3284937                    /usr/lib/x86_64-linux-gnu/libfreetype.so.6.15.0
7f9b927b6000-7f9b927b7000 rw-p 000b3000 08:07 3284937                    /usr/lib/x86_64-linux-gnu/libfreetype.so.6.15.0
7f9b927b7000-7f9b9284c000 r-xp 00000000 08:07 3281657                    /usr/lib/jvm/java-11-openjdk-amd64/lib/libfontmanager.so
7f9b9284c000-7f9b92a4c000 ---p 00095000 08:07 3281657                    /usr/lib/jvm/java-11-openjdk-amd64/lib/libfontmanager.so
7f9b92a4c000-7f9b92a4d000 r--p 00095000 08:07 3281657                    /usr/lib/jvm/java-11-openjdk-amd64/lib/libfontmanager.so
7f9b92a4d000-7f9b92a4e000 rw-p 00096000 08:07 3281657                    /usr/lib/jvm/java-11-openjdk-amd64/lib/libfontmanager.so
7f9b92a4e000-7f9b92c4f000 rw-p 00000000 00:00 0 
7f9b92c4f000-7f9b92c62000 r-xp 00000000 08:07 1970829                    /lib/x86_64-linux-gnu/libbsd.so.0.8.7
7f9b92c62000-7f9b92e61000 ---p 00013000 08:07 1970829                    /lib/x86_64-linux-gnu/libbsd.so.0.8.7
7f9b92e61000-7f9b92e62000 r--p 00012000 08:07 1970829                    /lib/x86_64-linux-gnu/libbsd.so.0.8.7
7f9b92e62000-7f9b92e63000 rw-p 00013000 08:07 1970829                    /lib/x86_64-linux-gnu/libbsd.so.0.8.7
7f9b92e63000-7f9b92e64000 rw-p 00000000 00:00 0 
7f9b92e64000-7f9b92e69000 r-xp 00000000 08:07 3284527                    /usr/lib/x86_64-linux-gnu/libXdmcp.so.6.0.0
7f9b92e69000-7f9b93068000 ---p 00005000 08:07 3284527                    /usr/lib/x86_64-linux-gnu/libXdmcp.so.6.0.0
7f9b93068000-7f9b93069000 r--p 00004000 08:07 3284527                    /usr/lib/x86_64-linux-gnu/libXdmcp.so.6.0.0
7f9b93069000-7f9b9306a000 rw-p 00005000 08:07 3284527                    /usr/lib/x86_64-linux-gnu/libXdmcp.so.6.0.0
7f9b9306a000-7f9b9306c000 r-xp 00000000 08:07 3284516                    /usr/lib/x86_64-linux-gnu/libXau.so.6.0.0
7f9b9306c000-7f9b9326c000 ---p 00002000 08:07 3284516                    /usr/lib/x86_64-linux-gnu/libXau.so.6.0.0
7f9b9326c000-7f9b9326d000 r--p 00002000 08:07 3284516                    /usr/lib/x86_64-linux-gnu/libXau.so.6.0.0
7f9b9326d000-7f9b9326e000 rw-p 00003000 08:07 3284516                    /usr/lib/x86_64-linux-gnu/libXau.so.6.0.0
7f9b9326e000-7f9b93294000 r-xp 00000000 08:07 3285855                    /usr/lib/x86_64-linux-gnu/libxcb.so.1.1.0
7f9b93294000-7f9b93494000 ---p 00026000 08:07 3285855                    /usr/lib/x86_64-linux-gnu/libxcb.so.1.1.0
7f9b93494000-7f9b93495000 r--p 00026000 08:07 3285855                    /usr/lib/x86_64-linux-gnu/libxcb.so.1.1.0
7f9b93495000-7f9b93496000 rw-p 00027000 08:07 3285855                    /usr/lib/x86_64-linux-gnu/libxcb.so.1.1.0
7f9b93496000-7f9b934a5000 r-xp 00000000 08:07 3284537                    /usr/lib/x86_64-linux-gnu/libXi.so.6.1.0
7f9b934a5000-7f9b936a4000 ---p 0000f000 08:07 3284537                    /usr/lib/x86_64-linux-gnu/libXi.so.6.1.0
7f9b936a4000-7f9b936a5000 r--p 0000e000 08:07 3284537                    /usr/lib/x86_64-linux-gnu/libXi.so.6.1.0
7f9b936a5000-7f9b936a6000 rw-p 0000f000 08:07 3284537                    /usr/lib/x86_64-linux-gnu/libXi.so.6.1.0
7f9b936a6000-7f9b936ab000 r-xp 00000000 08:07 3284555                    /usr/lib/x86_64-linux-gnu/libXtst.so.6.1.0
7f9b936ab000-7f9b938aa000 ---p 00005000 08:07 3284555                    /usr/lib/x86_64-linux-gnu/libXtst.so.6.1.0
7f9b938aa000-7f9b938ab000 r--p 00004000 08:07 3284555                    /usr/lib/x86_64-linux-gnu/libXtst.so.6.1.0
7f9b938ab000-7f9b938ac000 rw-p 00005000 08:07 3284555                    /usr/lib/x86_64-linux-gnu/libXtst.so.6.1.0
7f9b938ac000-7f9b938b5000 r-xp 00000000 08:07 3284549                    /usr/lib/x86_64-linux-gnu/libXrender.so.1.3.0
7f9b938b5000-7f9b93ab4000 ---p 00009000 08:07 3284549                    /usr/lib/x86_64-linux-gnu/libXrender.so.1.3.0
7f9b93ab4000-7f9b93ab5000 r--p 00008000 08:07 3284549                    /usr/lib/x86_64-linux-gnu/libXrender.so.1.3.0
7f9b93ab5000-7f9b93ab6000 rw-p 00009000 08:07 3284549                    /usr/lib/x86_64-linux-gnu/libXrender.so.1.3.0
7f9b93ab6000-7f9b93be9000 r-xp 00000000 08:07 3276918                    /usr/lib/x86_64-linux-gnu/libX11.so.6.3.0
7f9b93be9000-7f9b93de9000 ---p 00133000 08:07 3276918                    /usr/lib/x86_64-linux-gnu/libX11.so.6.3.0
7f9b93de9000-7f9b93dea000 r--p 00133000 08:07 3276918                    /usr/lib/x86_64-linux-gnu/libX11.so.6.3.0
7f9b93dea000-7f9b93dee000 rw-p 00134000 08:07 3276918                    /usr/lib/x86_64-linux-gnu/libX11.so.6.3.0
7f9b93dee000-7f9b93dff000 r-xp 00000000 08:07 3284529                    /usr/lib/x86_64-linux-gnu/libXext.so.6.4.0
7f9b93dff000-7f9b93ffe000 ---p 00011000 08:07 3284529                    /usr/lib/x86_64-linux-gnu/libXext.so.6.4.0
7f9b93ffe000-7f9b93fff000 r--p 00010000 08:07 3284529                    /usr/lib/x86_64-linux-gnu/libXext.so.6.4.0
7f9b93fff000-7f9b94000000 rw-p 00011000 08:07 3284529                    /usr/lib/x86_64-linux-gnu/libXext.so.6.4.0
7f9b94000000-7f9b94d5b000 rw-p 00000000 00:00 0 
7f9b94d5b000-7f9b98000000 ---p 00000000 00:00 0 
7f9b98000000-7f9b984eb000 rw-p 00000000 00:00 0 
7f9b984eb000-7f9b9c000000 ---p 00000000 00:00 0 
7f9b9c000000-7f9b9c021000 rw-p 00000000 00:00 0 
7f9b9c021000-7f9ba0000000 ---p 00000000 00:00 0 
7f9ba0000000-7f9ba0021000 rw-p 00000000 00:00 0 
7f9ba0021000-7f9ba4000000 ---p 00000000 00:00 0 
7f9ba4000000-7f9ba4021000 rw-p 00000000 00:00 0 
7f9ba4021000-7f9ba8000000 ---p 00000000 00:00 0 
7f9ba8000000-7f9ba8021000 rw-p 00000000 00:00 0 
7f9ba8021000-7f9bac000000 ---p 00000000 00:00 0 
7f9bac000000-7f9bac249000 rw-p 00000000 00:00 0 
7f9bac249000-7f9bb0000000 ---p 00000000 00:00 0 
7f9bb0000000-7f9bb0021000 rw-p 00000000 00:00 0 
7f9bb0021000-7f9bb4000000 ---p 00000000 00:00 0 
7f9bb4000000-7f9bb4021000 rw-p 00000000 00:00 0 
7f9bb4021000-7f9bb8000000 ---p 00000000 00:00 0 
7f9bb8000000-7f9bb8021000 rw-p 00000000 00:00 0 
7f9bb8021000-7f9bbc000000 ---p 00000000 00:00 0 
7f9bbc000000-7f9bbc005000 r--s 00000000 08:07 789886                     /var/cache/fontconfig/9d2451b1fd30e5bffe8383fd27c35478-le64.cache-7
7f9bbc005000-7f9bbc00b000 r--s 00000000 08:07 789885                     /var/cache/fontconfig/3047814df9a2f067bd2d96a2b9c36e5a-le64.cache-7
7f9bbc00b000-7f9bbc017000 r--s 00000000 08:07 786546                     /var/cache/fontconfig/d589a48862398ed80a3d6066f4f56f4c-le64.cache-7
7f9bbc017000-7f9bbc025000 r--s 00000000 08:07 786530                     /var/cache/fontconfig/9b89f8e3dae116d678bbf48e5f21f69b-le64.cache-7
7f9bbc025000-7f9bbc045000 r--p 00000000 08:07 3939603                    /usr/share/locale-langpack/de/LC_MESSAGES/glib20.mo
7f9bbc045000-7f9bbc08e000 r--p 00000000 08:07 3820125                    /usr/share/glib-2.0/schemas/gschemas.compiled
7f9bbc08e000-7f9bbc0ed000 r-xp 00000000 08:07 3281654                    /usr/lib/jvm/java-11-openjdk-amd64/lib/libawt_xawt.so
7f9bbc0ed000-7f9bbc2ec000 ---p 0005f000 08:07 3281654                    /usr/lib/jvm/java-11-openjdk-amd64/lib/libawt_xawt.so
7f9bbc2ec000-7f9bbc2ed000 r--p 0005e000 08:07 3281654                    /usr/lib/jvm/java-11-openjdk-amd64/lib/libawt_xawt.so
7f9bbc2ed000-7f9bbc2f0000 rw-p 0005f000 08:07 3281654                    /usr/lib/jvm/java-11-openjdk-amd64/lib/libawt_xawt.so
7f9bbc2f0000-7f9bbc2f2000 rw-p 00000000 00:00 0 
7f9bbc2f2000-7f9bbc392000 r-xp 00000000 08:07 3281652                    /usr/lib/jvm/java-11-openjdk-amd64/lib/libawt.so
7f9bbc392000-7f9bbc592000 ---p 000a0000 08:07 3281652                    /usr/lib/jvm/java-11-openjdk-amd64/lib/libawt.so
7f9bbc592000-7f9bbc593000 r--p 000a0000 08:07 3281652                    /usr/lib/jvm/java-11-openjdk-amd64/lib/libawt.so
7f9bbc593000-7f9bbc59e000 rw-p 000a1000 08:07 3281652                    /usr/lib/jvm/java-11-openjdk-amd64/lib/libawt.so
7f9bbc59e000-7f9bbc5c3000 rw-p 00000000 00:00 0 
7f9bbc5c3000-7f9bbc5da000 r-xp 00000000 08:07 3290743                    /usr/lib/jvm/java-11-openjdk-amd64/lib/libnet.so
7f9bbc5da000-7f9bbc7d9000 ---p 00017000 08:07 3290743                    /usr/lib/jvm/java-11-openjdk-amd64/lib/libnet.so
7f9bbc7d9000-7f9bbc7da000 r--p 00016000 08:07 3290743                    /usr/lib/jvm/java-11-openjdk-amd64/lib/libnet.so
7f9bbc7da000-7f9bbc7db000 rw-p 00017000 08:07 3290743                    /usr/lib/jvm/java-11-openjdk-amd64/lib/libnet.so
7f9bbc7db000-7f9bbc7ec000 r-xp 00000000 08:07 3290744                    /usr/lib/jvm/java-11-openjdk-amd64/lib/libnio.so
7f9bbc7ec000-7f9bbc9eb000 ---p 00011000 08:07 3290744                    /usr/lib/jvm/java-11-openjdk-amd64/lib/libnio.so
7f9bbc9eb000-7f9bbc9ec000 r--p 00010000 08:07 3290744                    /usr/lib/jvm/java-11-openjdk-amd64/lib/libnio.so
7f9bbc9ec000-7f9bbc9ed000 rw-p 00011000 08:07 3290744                    /usr/lib/jvm/java-11-openjdk-amd64/lib/libnio.so
7f9bbc9ed000-7f9bbc9f1000 ---p 00000000 00:00 0 
7f9bbc9f1000-7f9bbcaee000 rw-p 00000000 00:00 0 
7f9bbcaee000-7f9bbcaef000 ---p 00000000 00:00 0 
7f9bbcaef000-7f9bbcbf0000 rw-p 00000000 00:00 0 
7f9bbcbf0000-7f9bbcbf4000 ---p 00000000 00:00 0 
7f9bbcbf4000-7f9bbccf1000 rw-p 00000000 00:00 0 
7f9bbccf1000-7f9bbccf5000 ---p 00000000 00:00 0 
7f9bbccf5000-7f9bbcdf2000 rw-p 00000000 00:00 0 
7f9bbcdf2000-7f9bbcdf6000 ---p 00000000 00:00 0 
7f9bbcdf6000-7f9bbcef3000 rw-p 00000000 00:00 0 
7f9bbcef3000-7f9bbcef7000 ---p 00000000 00:00 0 
7f9bbcef7000-7f9bbcff4000 rw-p 00000000 00:00 0 
7f9bbcff4000-7f9bbcff8000 ---p 00000000 00:00 0 
7f9bbcff8000-7f9bbd0f5000 rw-p 00000000 00:00 0 
7f9bbd0f5000-7f9bbd42b000 r--p 00000000 08:07 3283381                    /usr/lib/locale/locale-archive
7f9bbd42b000-7f9bbd42f000 ---p 00000000 00:00 0 
7f9bbd42f000-7f9bbd52c000 rw-p 00000000 00:00 0 
7f9bbd52c000-7f9bbd530000 ---p 00000000 00:00 0 
7f9bbd530000-7f9bbd62d000 rw-p 00000000 00:00 0 
7f9bbd62d000-7f9bbd62e000 ---p 00000000 00:00 0 
7f9bbd62e000-7f9bc0000000 rw-p 00000000 00:00 0 
7f9bc0000000-7f9bc0021000 rw-p 00000000 00:00 0 
7f9bc0021000-7f9bc4000000 ---p 00000000 00:00 0 
7f9bc4000000-7f9bc4021000 rw-p 00000000 00:00 0 
7f9bc4021000-7f9bc8000000 ---p 00000000 00:00 0 
7f9bc8000000-7f9bc8021000 rw-p 00000000 00:00 0 
7f9bc8021000-7f9bcc000000 ---p 00000000 00:00 0 
7f9bcc000000-7f9bcc001000 r--s 00000000 08:07 786533                     /var/cache/fontconfig/a48eab177a16e4f3713381162db2f3e9-le64.cache-7
7f9bcc001000-7f9bcc002000 r--s 00000000 08:07 786512                     /var/cache/fontconfig/564b2e68ac9bc4e36a6f7f6d6125ec1c-le64.cache-7
7f9bcc002000-7f9bcc003000 r--s 00000000 08:07 786513                     /var/cache/fontconfig/56cf4f4769d0f4abc89a4895d7bd3ae1-le64.cache-7
7f9bcc003000-7f9bcc004000 r--s 00000000 08:07 786537                     /var/cache/fontconfig/b9d506c9ac06c20b433354fa67a72993-le64.cache-7
7f9bcc004000-7f9bcc00a000 r--s 00000000 08:07 786535                     /var/cache/fontconfig/b47c4e1ecd0709278f4910c18777a504-le64.cache-7
7f9bcc00a000-7f9bcc00b000 r--s 00000000 08:07 786500                     /var/cache/fontconfig/370e5b74bf5dafc30834de68e24a87a4-le64.cache-7
7f9bcc00b000-7f9bcc031000 r--p 00000000 08:07 3939447                    /usr/share/locale-langpack/de/LC_MESSAGES/libc.mo
7f9bcc031000-7f9bcc032000 ---p 00000000 00:00 0 
7f9bcc032000-7f9bcc133000 rw-p 00000000 00:00 0 
7f9bcc133000-7f9bcc134000 ---p 00000000 00:00 0 
7f9bcc134000-7f9bcc235000 rw-p 00000000 00:00 0 
7f9bcc235000-7f9bcc236000 ---p 00000000 00:00 0 
7f9bcc236000-7f9bcc539000 rw-p 00000000 00:00 0 
7f9bcc539000-7f9bcc53a000 ---p 00000000 00:00 0 
7f9bcc53a000-7f9bcc63b000 rw-p 00000000 00:00 0 
7f9bcc63b000-7f9bcc63c000 ---p 00000000 00:00 0 
7f9bcc63c000-7f9bcc835000 rw-p 00000000 00:00 0 
7f9bcc835000-7f9bcd64d000 ---p 00000000 00:00 0 
7f9bcd64d000-7f9bcd745000 rw-p 00000000 00:00 0 
7f9bcd745000-7f9bce55d000 ---p 00000000 00:00 0 
7f9bce55d000-7f9bce57c000 rw-p 00000000 00:00 0 
7f9bce57c000-7f9bce73f000 ---p 00000000 00:00 0 
7f9bce73f000-7f9bce75e000 rw-p 00000000 00:00 0 
7f9bce75e000-7f9bce921000 ---p 00000000 00:00 0 
7f9bce921000-7f9bce940000 rw-p 00000000 00:00 0 
7f9bce940000-7f9bceb03000 ---p 00000000 00:00 0 
7f9bceb03000-7f9bced05000 rw-p 00000000 00:00 0 
7f9bced05000-7f9bced06000 ---p 00000000 00:00 0 
7f9bced06000-7f9bcee07000 rw-p 00000000 00:00 0 
7f9bcee07000-7f9bcee08000 ---p 00000000 00:00 0 
7f9bcee08000-7f9bcef0e000 rw-p 00000000 00:00 0 
7f9bcef0e000-7f9bceff4000 ---p 00000000 00:00 0 
7f9bceff4000-7f9bceffa000 rw-p 00000000 00:00 0 
7f9bceffa000-7f9bcf0df000 ---p 00000000 00:00 0 
7f9bcf0df000-7f9bcf34f000 rwxp 00000000 00:00 0 
7f9bcf34f000-7f9bcf66e000 ---p 00000000 00:00 0 
7f9bcf66e000-7f9bcf94e000 rwxp 00000000 00:00 0 
7f9bcf94e000-7f9bd6ba6000 ---p 00000000 00:00 0 
7f9bd6ba6000-7f9bd6e16000 rwxp 00000000 00:00 0 
7f9bd6e16000-7f9bde0df000 ---p 00000000 00:00 0 
7f9bde0df000-7f9be75ba000 r--s 00000000 08:07 3290753                    /usr/lib/jvm/java-11-openjdk-amd64/lib/modules
7f9be75ba000-7f9be75bf000 r-xp 00000000 08:07 3290735                    /usr/lib/jvm/java-11-openjdk-amd64/lib/libjimage.so
7f9be75bf000-7f9be77be000 ---p 00005000 08:07 3290735                    /usr/lib/jvm/java-11-openjdk-amd64/lib/libjimage.so
7f9be77be000-7f9be77bf000 r--p 00004000 08:07 3290735                    /usr/lib/jvm/java-11-openjdk-amd64/lib/libjimage.so
7f9be77bf000-7f9be77c0000 rw-p 00005000 08:07 3290735                    /usr/lib/jvm/java-11-openjdk-amd64/lib/libjimage.so
7f9be77c0000-7f9be77c7000 r-xp 00000000 08:07 3290752                    /usr/lib/jvm/java-11-openjdk-amd64/lib/libzip.so
7f9be77c7000-7f9be79c6000 ---p 00007000 08:07 3290752                    /usr/lib/jvm/java-11-openjdk-amd64/lib/libzip.so
7f9be79c6000-7f9be79c7000 r--p 00006000 08:07 3290752                    /usr/lib/jvm/java-11-openjdk-amd64/lib/libzip.so
7f9be79c7000-7f9be79c8000 rw-p 00007000 08:07 3290752                    /usr/lib/jvm/java-11-openjdk-amd64/lib/libzip.so
7f9be79c8000-7f9be79d3000 r-xp 00000000 08:07 1970923                    /lib/x86_64-linux-gnu/libnss_files-2.27.so
7f9be79d3000-7f9be7bd2000 ---p 0000b000 08:07 1970923                    /lib/x86_64-linux-gnu/libnss_files-2.27.so
7f9be7bd2000-7f9be7bd3000 r--p 0000a000 08:07 1970923                    /lib/x86_64-linux-gnu/libnss_files-2.27.so
7f9be7bd3000-7f9be7bd4000 rw-p 0000b000 08:07 1970923                    /lib/x86_64-linux-gnu/libnss_files-2.27.so
7f9be7bd4000-7f9be7bda000 rw-p 00000000 00:00 0 
7f9be7bda000-7f9be7bf1000 r-xp 00000000 08:07 1970917                    /lib/x86_64-linux-gnu/libnsl-2.27.so
7f9be7bf1000-7f9be7df0000 ---p 00017000 08:07 1970917                    /lib/x86_64-linux-gnu/libnsl-2.27.so
7f9be7df0000-7f9be7df1000 r--p 00016000 08:07 1970917                    /lib/x86_64-linux-gnu/libnsl-2.27.so
7f9be7df1000-7f9be7df2000 rw-p 00017000 08:07 1970917                    /lib/x86_64-linux-gnu/libnsl-2.27.so
7f9be7df2000-7f9be7df4000 rw-p 00000000 00:00 0 
7f9be7df4000-7f9be7dff000 r-xp 00000000 08:07 1970934                    /lib/x86_64-linux-gnu/libnss_nis-2.27.so
7f9be7dff000-7f9be7ffe000 ---p 0000b000 08:07 1970934                    /lib/x86_64-linux-gnu/libnss_nis-2.27.so
7f9be7ffe000-7f9be7fff000 r--p 0000a000 08:07 1970934                    /lib/x86_64-linux-gnu/libnss_nis-2.27.so
7f9be7fff000-7f9be8000000 rw-p 0000b000 08:07 1970934                    /lib/x86_64-linux-gnu/libnss_nis-2.27.so
7f9be8000000-7f9be8523000 rw-p 00000000 00:00 0 
7f9be8523000-7f9bec000000 ---p 00000000 00:00 0 
7f9bec000000-7f9bec001000 r--s 00000000 08:07 789884                     /var/cache/fontconfig/6b2c5944714ca7831b25bed9e85cb5c8-le64.cache-7
7f9bec001000-7f9bec004000 r--s 00000000 08:07 789843                     /var/cache/fontconfig/f259c2cffa685e28062317905db73c4a-le64.cache-7
7f9bec004000-7f9bec00c000 r-xp 00000000 08:07 1970919                    /lib/x86_64-linux-gnu/libnss_compat-2.27.so
7f9bec00c000-7f9bec20c000 ---p 00008000 08:07 1970919                    /lib/x86_64-linux-gnu/libnss_compat-2.27.so
7f9bec20c000-7f9bec20d000 r--p 00008000 08:07 1970919                    /lib/x86_64-linux-gnu/libnss_compat-2.27.so
7f9bec20d000-7f9bec20e000 rw-p 00009000 08:07 1970919                    /lib/x86_64-linux-gnu/libnss_compat-2.27.so
7f9bec20e000-7f9bec23a000 r-xp 00000000 08:07 3282326                    /usr/lib/jvm/java-11-openjdk-amd64/lib/libjava.so
7f9bec23a000-7f9bec439000 ---p 0002c000 08:07 3282326                    /usr/lib/jvm/java-11-openjdk-amd64/lib/libjava.so
7f9bec439000-7f9bec43a000 r--p 0002b000 08:07 3282326                    /usr/lib/jvm/java-11-openjdk-amd64/lib/libjava.so
7f9bec43a000-7f9bec43c000 rw-p 0002c000 08:07 3282326                    /usr/lib/jvm/java-11-openjdk-amd64/lib/libjava.so
7f9bec43c000-7f9bec449000 r-xp 00000000 08:07 3290751                    /usr/lib/jvm/java-11-openjdk-amd64/lib/libverify.so
7f9bec449000-7f9bec648000 ---p 0000d000 08:07 3290751                    /usr/lib/jvm/java-11-openjdk-amd64/lib/libverify.so
7f9bec648000-7f9bec64a000 r--p 0000c000 08:07 3290751                    /usr/lib/jvm/java-11-openjdk-amd64/lib/libverify.so
7f9bec64a000-7f9bec64b000 rw-p 0000e000 08:07 3290751                    /usr/lib/jvm/java-11-openjdk-amd64/lib/libverify.so
7f9bec64b000-7f9bec652000 r-xp 00000000 08:07 1970974                    /lib/x86_64-linux-gnu/librt-2.27.so
7f9bec652000-7f9bec851000 ---p 00007000 08:07 1970974                    /lib/x86_64-linux-gnu/librt-2.27.so
7f9bec851000-7f9bec852000 r--p 00006000 08:07 1970974                    /lib/x86_64-linux-gnu/librt-2.27.so
7f9bec852000-7f9bec853000 rw-p 00007000 08:07 1970974                    /lib/x86_64-linux-gnu/librt-2.27.so
7f9bec853000-7f9bec86a000 r-xp 00000000 08:07 1966116                    /lib/x86_64-linux-gnu/libgcc_s.so.1
7f9bec86a000-7f9beca69000 ---p 00017000 08:07 1966116                    /lib/x86_64-linux-gnu/libgcc_s.so.1
7f9beca69000-7f9beca6a000 r--p 00016000 08:07 1966116                    /lib/x86_64-linux-gnu/libgcc_s.so.1
7f9beca6a000-7f9beca6b000 rw-p 00017000 08:07 1966116                    /lib/x86_64-linux-gnu/libgcc_s.so.1
7f9beca6b000-7f9becc08000 r-xp 00000000 08:07 1970896                    /lib/x86_64-linux-gnu/libm-2.27.so
7f9becc08000-7f9bece07000 ---p 0019d000 08:07 1970896                    /lib/x86_64-linux-gnu/libm-2.27.so
7f9bece07000-7f9bece08000 r--p 0019c000 08:07 1970896                    /lib/x86_64-linux-gnu/libm-2.27.so
7f9bece08000-7f9bece09000 rw-p 0019d000 08:07 1970896                    /lib/x86_64-linux-gnu/libm-2.27.so
7f9bece09000-7f9becf82000 r-xp 00000000 08:07 3297157                    /usr/lib/x86_64-linux-gnu/libstdc++.so.6.0.25
7f9becf82000-7f9bed182000 ---p 00179000 08:07 3297157                    /usr/lib/x86_64-linux-gnu/libstdc++.so.6.0.25
7f9bed182000-7f9bed18c000 r--p 00179000 08:07 3297157                    /usr/lib/x86_64-linux-gnu/libstdc++.so.6.0.25
7f9bed18c000-7f9bed18e000 rw-p 00183000 08:07 3297157                    /usr/lib/x86_64-linux-gnu/libstdc++.so.6.0.25
7f9bed18e000-7f9bed192000 rw-p 00000000 00:00 0 
7f9bed192000-7f9bee12f000 r-xp 00000000 08:07 3290756                    /usr/lib/jvm/java-11-openjdk-amd64/lib/server/libjvm.so
7f9bee12f000-7f9bee32f000 ---p 00f9d000 08:07 3290756                    /usr/lib/jvm/java-11-openjdk-amd64/lib/server/libjvm.so
7f9bee32f000-7f9bee3f3000 r--p 00f9d000 08:07 3290756                    /usr/lib/jvm/java-11-openjdk-amd64/lib/server/libjvm.so
7f9bee3f3000-7f9bee42b000 rw-p 01061000 08:07 3290756                    /usr/lib/jvm/java-11-openjdk-amd64/lib/server/libjvm.so
7f9bee42b000-7f9bee474000 rw-p 00000000 00:00 0 
7f9bee474000-7f9bee48e000 r-xp 00000000 08:07 1970966                    /lib/x86_64-linux-gnu/libpthread-2.27.so
7f9bee48e000-7f9bee68d000 ---p 0001a000 08:07 1970966                    /lib/x86_64-linux-gnu/libpthread-2.27.so
7f9bee68d000-7f9bee68e000 r--p 00019000 08:07 1970966                    /lib/x86_64-linux-gnu/libpthread-2.27.so
7f9bee68e000-7f9bee68f000 rw-p 0001a000 08:07 1970966                    /lib/x86_64-linux-gnu/libpthread-2.27.so
7f9bee68f000-7f9bee693000 rw-p 00000000 00:00 0 
7f9bee693000-7f9bee696000 r-xp 00000000 08:07 1970856                    /lib/x86_64-linux-gnu/libdl-2.27.so
7f9bee696000-7f9bee895000 ---p 00003000 08:07 1970856                    /lib/x86_64-linux-gnu/libdl-2.27.so
7f9bee895000-7f9bee896000 r--p 00002000 08:07 1970856                    /lib/x86_64-linux-gnu/libdl-2.27.so
7f9bee896000-7f9bee897000 rw-p 00003000 08:07 1970856                    /lib/x86_64-linux-gnu/libdl-2.27.so
7f9bee897000-7f9bee8b3000 r-xp 00000000 08:07 1971007                    /lib/x86_64-linux-gnu/libz.so.1.2.11
7f9bee8b3000-7f9beeab2000 ---p 0001c000 08:07 1971007                    /lib/x86_64-linux-gnu/libz.so.1.2.11
7f9beeab2000-7f9beeab3000 r--p 0001b000 08:07 1971007                    /lib/x86_64-linux-gnu/libz.so.1.2.11
7f9beeab3000-7f9beeab4000 rw-p 0001c000 08:07 1971007                    /lib/x86_64-linux-gnu/libz.so.1.2.11
7f9beeab4000-7f9beec9b000 r-xp 00000000 08:07 1970833                    /lib/x86_64-linux-gnu/libc-2.27.so
7f9beec9b000-7f9beee9b000 ---p 001e7000 08:07 1970833                    /lib/x86_64-linux-gnu/libc-2.27.so
7f9beee9b000-7f9beee9f000 r--p 001e7000 08:07 1970833                    /lib/x86_64-linux-gnu/libc-2.27.so
7f9beee9f000-7f9beeea1000 rw-p 001eb000 08:07 1970833                    /lib/x86_64-linux-gnu/libc-2.27.so
7f9beeea1000-7f9beeea5000 rw-p 00000000 00:00 0 
7f9beeea5000-7f9beeeb4000 r-xp 00000000 08:07 3281648                    /usr/lib/jvm/java-11-openjdk-amd64/lib/jli/libjli.so
7f9beeeb4000-7f9bef0b3000 ---p 0000f000 08:07 3281648                    /usr/lib/jvm/java-11-openjdk-amd64/lib/jli/libjli.so
7f9bef0b3000-7f9bef0b4000 r--p 0000e000 08:07 3281648                    /usr/lib/jvm/java-11-openjdk-amd64/lib/jli/libjli.so
7f9bef0b4000-7f9bef0b5000 rw-p 0000f000 08:07 3281648                    /usr/lib/jvm/java-11-openjdk-amd64/lib/jli/libjli.so
7f9bef0b5000-7f9bef0dc000 r-xp 00000000 08:07 1970805                    /lib/x86_64-linux-gnu/ld-2.27.so
7f9bef0dc000-7f9bef0dd000 r--s 00000000 08:07 786544                     /var/cache/fontconfig/d5178ab6d91b49bf20a416737dcea9e8-le64.cache-7
7f9bef0dd000-7f9bef0de000 r--s 00000000 08:07 789883                     /var/cache/fontconfig/551ecf3b0e8b0bca0f25c0944f561853-le64.cache-7
7f9bef0de000-7f9bef0e0000 r--s 00000000 08:07 789842                     /var/cache/fontconfig/550f3886151c940c12a5ed35f6a00586-le64.cache-7
7f9bef0e0000-7f9bef0e3000 r--s 00000000 08:07 789841                     /var/cache/fontconfig/674d1711f2d1d2a09646eb0bdcadee49-le64.cache-7
7f9bef0e3000-7f9bef0e4000 r--s 00000000 08:07 786504                     /var/cache/fontconfig/3f7329c5293ffd510edef78f73874cfd-le64.cache-7
7f9bef0e4000-7f9bef0e5000 r--s 00000000 08:07 786498                     /var/cache/fontconfig/30829fa25452a46451e813d634d7f916-le64.cache-7
7f9bef0e5000-7f9bef0e6000 r--s 00000000 08:07 786489                     /var/cache/fontconfig/0c9eb80ebd1c36541ebe2852d3bb0c49-le64.cache-7
7f9bef0e6000-7f9bef0e7000 r--s 00000000 08:07 786508                     /var/cache/fontconfig/4d9c95eba1cb85bbcf2878543262124a-le64.cache-7
7f9bef0e7000-7f9bef0e8000 r--s 00000000 08:07 786525                     /var/cache/fontconfig/85e0a52ce643a7ba2ae53e5d6949cead-le64.cache-7
7f9bef0e8000-7f9bef0f1000 r--s 00000000 08:07 786542                     /var/cache/fontconfig/d0972c3d32f097851eb916381fc38920-le64.cache-7
7f9bef0f1000-7f9bef1a8000 rw-p 00000000 00:00 0 
7f9bef1a8000-7f9bef1ac000 ---p 00000000 00:00 0 
7f9bef1ac000-7f9bef2ab000 rw-p 00000000 00:00 0 
7f9bef2ab000-7f9bef2ac000 r--s 00000000 08:07 786506                     /var/cache/fontconfig/49f0de54bdd920fe4f0dfd4cbac43e6b-le64.cache-7
7f9bef2ac000-7f9bef2ad000 r--s 00000000 08:07 786555                     /var/cache/fontconfig/f6e6e0a5c3d2f6ae0c0c2e0ecd42a997-le64.cache-7
7f9bef2ad000-7f9bef2af000 r--s 00000000 08:07 786520                     /var/cache/fontconfig/6afa1bb216ce958c1589e297e8008489-le64.cache-7
7f9bef2af000-7f9bef2b2000 r--s 00000000 08:07 795646                     /var/cache/fontconfig/e13b20fdb08344e0e664864cc2ede53d-le64.cache-7
7f9bef2b2000-7f9bef2b6000 r--s 00000000 08:07 786524                     /var/cache/fontconfig/7ef2298fde41cc6eeb7af42e48b7d293-le64.cache-7
7f9bef2b6000-7f9bef2bb000 r--p 00000000 08:07 7762883                    /home/peter/.config/dconf/user
7f9bef2bb000-7f9bef2bc000 r--s 00000000 00:33 33                         /run/user/1000/dconf/user
7f9bef2bc000-7f9bef2c3000 r--s 00000000 08:07 3671694                    /usr/lib/x86_64-linux-gnu/gconv/gconv-modules.cache
7f9bef2c3000-7f9bef2c9000 rw-p 00000000 00:00 0 
7f9bef2c9000-7f9bef2d0000 ---p 00000000 00:00 0 
7f9bef2d0000-7f9bef2d8000 rw-s 00000000 08:07 5903464                    /tmp/hsperfdata_peter/5894
7f9bef2d8000-7f9bef2d9000 ---p 00000000 00:00 0 
7f9bef2d9000-7f9bef2da000 r--p 00000000 00:00 0 
7f9bef2da000-7f9bef2dc000 rw-p 00000000 00:00 0 
7f9bef2dc000-7f9bef2dd000 r--p 00027000 08:07 1970805                    /lib/x86_64-linux-gnu/ld-2.27.so
7f9bef2dd000-7f9bef2de000 rw-p 00028000 08:07 1970805                    /lib/x86_64-linux-gnu/ld-2.27.so
7f9bef2de000-7f9bef2df000 rw-p 00000000 00:00 0 
7fffe2cdd000-7fffe2cfe000 rw-p 00000000 00:00 0                          [stack]
7fffe2d5a000-7fffe2d5d000 r--p 00000000 00:00 0                          [vvar]
7fffe2d5d000-7fffe2d5f000 r-xp 00000000 00:00 0                          [vdso]
ffffffffff600000-ffffffffff601000 r-xp 00000000 00:00 0                  [vsyscall]


VM Arguments:
java_command: humer.peter.jna_libusb_project.Main
java_class_path (initial): /home/peter/NetBeansProjects/Linux_LibUsb_over_JNA/target/classes:/home/peter/.m2/repository/net/java/dev/jna/jna/5.3.0/jna-5.3.0.jar:/home/peter/.m2/repository/org/slf4j/slf4j-api/2.0.0-alpha0/slf4j-api-2.0.0-alpha0.jar
Launcher Type: SUN_STANDARD

Logging:
Log output configuration:
#0: stdout all=warning uptime,level,tags
#1: stderr all=off uptime,level,tags

Environment Variables:
JAVA_HOME=/usr/lib/jvm/java-11-openjdk-amd64
PATH=/usr/local/sbin:/usr/local/bin:/usr/sbin:/usr/bin:/sbin:/bin:/usr/games:/usr/local/games:/usr/lib/jvm/java-8-oracle/bin:/usr/lib/jvm/java-8-oracle/db/bin:/usr/lib/jvm/java-8-oracle/jre/bin
SHELL=/bin/bash
DISPLAY=:0

Signal Handlers:
SIGSEGV: [libjvm.so+0xd28b70], sa_mask[0]=11111111011111111101111111111110, sa_flags=SA_RESTART|SA_SIGINFO
SIGBUS: [libjvm.so+0xd28b70], sa_mask[0]=11111111011111111101111111111110, sa_flags=SA_RESTART|SA_SIGINFO
SIGFPE: [libjvm.so+0xd28b70], sa_mask[0]=11111111011111111101111111111110, sa_flags=SA_RESTART|SA_SIGINFO
SIGPIPE: SIG_IGN, sa_mask[0]=00000000000010000000000000000000, sa_flags=SA_RESTART
SIGXFSZ: [libjvm.so+0xb2a1f0], sa_mask[0]=11111111011111111101111111111110, sa_flags=SA_RESTART|SA_SIGINFO
SIGILL: [libjvm.so+0xd28b70], sa_mask[0]=11111111011111111101111111111110, sa_flags=SA_RESTART|SA_SIGINFO
SIGUSR2: [libjvm.so+0xb2a030], sa_mask[0]=00100000000000000000000000000000, sa_flags=SA_RESTART|SA_SIGINFO
SIGHUP: [libjvm.so+0xb2a180], sa_mask[0]=11111111011111111101111111111110, sa_flags=SA_RESTART|SA_SIGINFO
SIGINT: SIG_IGN, sa_mask[0]=00000000000000000000000000000000, sa_flags=none
SIGTERM: [libjvm.so+0xb2a180], sa_mask[0]=11111111011111111101111111111110, sa_flags=SA_RESTART|SA_SIGINFO
SIGQUIT: [libjvm.so+0xb2a180], sa_mask[0]=11111111011111111101111111111110, sa_flags=SA_RESTART|SA_SIGINFO


---------------  S Y S T E M  ---------------

OS:DISTRIB_ID=LinuxMint
DISTRIB_RELEASE=19
DISTRIB_CODENAME=tara
DISTRIB_DESCRIPTION="Linux Mint 19 Tara"
uname:Linux 4.15.0-43-generic #46-Ubuntu SMP Thu Dec 6 14:45:28 UTC 2018 x86_64
libc:glibc 2.27 NPTL 2.27 
rlimit: STACK 8192k, CORE 0k, NPROC 14935, NOFILE 1048576, AS infinity, DATA infinity, FSIZE infinity
load average:1,16 1,16 1,13

/proc/meminfo:
MemTotal:        3943428 kB
MemFree:          231144 kB
MemAvailable:     405528 kB
Buffers:           47200 kB
Cached:           504076 kB
SwapCached:         1268 kB
Active:          2770512 kB
Inactive:         728380 kB
Active(anon):    2553296 kB
Inactive(anon):   594140 kB
Active(file):     217216 kB
Inactive(file):   134240 kB
Unevictable:           0 kB
Mlocked:               0 kB
SwapTotal:       2929660 kB
SwapFree:        2838780 kB
Dirty:               100 kB
Writeback:             0 kB
AnonPages:       2947032 kB
Mapped:           292976 kB
Shmem:            199820 kB
Slab:             105228 kB
SReclaimable:      63340 kB
SUnreclaim:        41888 kB
KernelStack:       11648 kB
PageTables:        44756 kB
NFS_Unstable:          0 kB
Bounce:                0 kB
WritebackTmp:          0 kB
CommitLimit:     4901372 kB
Committed_AS:    7132576 kB
VmallocTotal:   34359738367 kB
VmallocUsed:           0 kB
VmallocChunk:          0 kB
HardwareCorrupted:     0 kB
AnonHugePages:         0 kB
ShmemHugePages:        0 kB
ShmemPmdMapped:        0 kB
CmaTotal:              0 kB
CmaFree:               0 kB
HugePages_Total:       0
HugePages_Free:        0
HugePages_Rsvd:        0
HugePages_Surp:        0
Hugepagesize:       2048 kB
DirectMap4k:      147520 kB
DirectMap2M:     3950592 kB

container (cgroup) information:
container_type: cgroupv1
cpu_cpuset_cpus: 0-1
cpu_memory_nodes: 0
active_processor_count: 2
cpu_quota: -1
cpu_period: 100000
cpu_shares: -1
memory_limit_in_bytes: -1
memory_and_swap_limit_in_bytes: -2
memory_soft_limit_in_bytes: -1
memory_usage_in_bytes: 3582939136
memory_max_usage_in_bytes: 0


CPU:total 2 (initial active 2) (2 cores per cpu, 1 threads per core) family 6 model 76 stepping 4, cmov, cx8, fxsr, mmx, sse, sse2, sse3, ssse3, sse4.1, sse4.2, popcnt, aes, clmul, erms, 3dnowpref, tsc, tscinvbit
CPU Model and flags from /proc/cpuinfo:
model name	: Intel(R) Celeron(R) CPU  N3060  @ 1.60GHz
flags		: fpu vme de pse tsc msr pae mce cx8 apic sep mtrr pge mca cmov pat pse36 clflush dts acpi mmx fxsr sse sse2 ss ht tm pbe syscall nx rdtscp lm constant_tsc arch_perfmon pebs bts rep_good nopl xtopology tsc_reliable nonstop_tsc cpuid aperfmperf tsc_known_freq pni pclmulqdq dtes64 monitor ds_cpl vmx est tm2 ssse3 cx16 xtpr pdcm sse4_1 sse4_2 movbe popcnt tsc_deadline_timer aes rdrand lahf_lm 3dnowprefetch epb pti ibrs ibpb stibp tpr_shadow vnmi flexpriority ept vpid tsc_adjust smep erms dtherm ida arat

Memory: 4k page, physical 3943428k(231144k free), swap 2929660k(2838780k free)

vm_info: OpenJDK 64-Bit Server VM (10.0.2+13-Ubuntu-1ubuntu0.18.04.4) for linux-amd64 JRE (10.0.2+13-Ubuntu-1ubuntu0.18.04.4), built on Nov 13 2018 12:53:39 by "buildd" with gcc 7.3.0

END.
